Organ: liver
GPU:
Mon Feb 23 12:44:28 2026       
+-----------------------------------------------------------------------------------------+
| NVIDIA-SMI 575.51.03              Driver Version: 575.51.03      CUDA Version: 12.9     |
|-----------------------------------------+------------------------+----------------------+
| GPU  Name                 Persistence-M | Bus-Id          Disp.A | Volatile Uncorr. ECC |
| Fan  Temp   Perf          Pwr:Usage/Cap |           Memory-Usage | GPU-Util  Compute M. |
|                                         |                        |               MIG M. |
|=========================================+========================+======================|
|   0  NVIDIA L40S                    Off |   00000001:0B:00.0 Off |                    0 |
| N/A   23C    P8             32W /  350W |       0MiB /  46068MiB |      0%      Default |
|                                         |                        |                  N/A |
+-----------------------------------------+------------------------+----------------------+
                                                                                         
+-----------------------------------------------------------------------------------------+
| Processes:                                                                              |
|  GPU   GI   CI              PID   Type   Process name                        GPU Memory |
|        ID   ID                                                               Usage      |
|=========================================================================================|
|  No running processes found                                                             |
+-----------------------------------------------------------------------------------------+
Model params: 30.76M
[epoch 1] train_loss=0.9421 val_loss=1.5227 mIoU=0.0795 mDice~=0.1358 MASD=93.4636 NSD=0.0658
** New best mIoU: 0.0795. Saved to /home/rmosad/surgical-video-segmentation-/experiments/set3UNet/UNet_256_liverE80/best_TriPath.ckpt
[epoch 2] train_loss=0.6001 val_loss=0.7175 mIoU=0.2615 mDice~=0.3408 MASD=66.0304 NSD=0.1728
** New best mIoU: 0.2615. Saved to /home/rmosad/surgical-video-segmentation-/experiments/set3UNet/UNet_256_liverE80/best_TriPath.ckpt
[epoch 3] train_loss=0.5029 val_loss=0.6715 mIoU=0.3133 mDice~=0.4067 MASD=41.6861 NSD=0.1968
** New best mIoU: 0.3133. Saved to /home/rmosad/surgical-video-segmentation-/experiments/set3UNet/UNet_256_liverE80/best_TriPath.ckpt
[epoch 4] train_loss=0.4674 val_loss=0.7508 mIoU=0.3166 mDice~=0.4191 MASD=56.2772 NSD=0.2215
** New best mIoU: 0.3166. Saved to /home/rmosad/surgical-video-segmentation-/experiments/set3UNet/UNet_256_liverE80/best_TriPath.ckpt
[epoch 5] train_loss=0.3893 val_loss=0.5774 mIoU=0.2921 mDice~=0.3537 MASD=58.8978 NSD=0.1982
[epoch 6] train_loss=0.3526 val_loss=0.5534 mIoU=0.3610 mDice~=0.4495 MASD=52.9603 NSD=0.2766
** New best mIoU: 0.3610. Saved to /home/rmosad/surgical-video-segmentation-/experiments/set3UNet/UNet_256_liverE80/best_TriPath.ckpt
[epoch 7] train_loss=0.3154 val_loss=0.4944 mIoU=0.4327 mDice~=0.5342 MASD=37.9427 NSD=0.3189
** New best mIoU: 0.4327. Saved to /home/rmosad/surgical-video-segmentation-/experiments/set3UNet/UNet_256_liverE80/best_TriPath.ckpt
[epoch 8] train_loss=0.3018 val_loss=0.5150 mIoU=0.4371 mDice~=0.5455 MASD=40.0585 NSD=0.3191
** New best mIoU: 0.4371. Saved to /home/rmosad/surgical-video-segmentation-/experiments/set3UNet/UNet_256_liverE80/best_TriPath.ckpt
[epoch 9] train_loss=0.2640 val_loss=0.4979 mIoU=0.4406 mDice~=0.5386 MASD=40.3314 NSD=0.3373
** New best mIoU: 0.4406. Saved to /home/rmosad/surgical-video-segmentation-/experiments/set3UNet/UNet_256_liverE80/best_TriPath.ckpt
[epoch 10] train_loss=0.2495 val_loss=0.4795 mIoU=0.4418 mDice~=0.5404 MASD=48.9622 NSD=0.3392
** New best mIoU: 0.4418. Saved to /home/rmosad/surgical-video-segmentation-/experiments/set3UNet/UNet_256_liverE80/best_TriPath.ckpt
[epoch 11] train_loss=0.2231 val_loss=0.4661 mIoU=0.4520 mDice~=0.5528 MASD=42.9408 NSD=0.3699
** New best mIoU: 0.4520. Saved to /home/rmosad/surgical-video-segmentation-/experiments/set3UNet/UNet_256_liverE80/best_TriPath.ckpt
[epoch 12] train_loss=0.1998 val_loss=0.4661 mIoU=0.4758 mDice~=0.5803 MASD=40.1446 NSD=0.3773
** New best mIoU: 0.4758. Saved to /home/rmosad/surgical-video-segmentation-/experiments/set3UNet/UNet_256_liverE80/best_TriPath.ckpt
[epoch 13] train_loss=0.1987 val_loss=0.4229 mIoU=0.4605 mDice~=0.5563 MASD=28.7226 NSD=0.3759
[epoch 14] train_loss=0.1888 val_loss=0.4253 mIoU=0.4236 mDice~=0.5009 MASD=35.0428 NSD=0.3222
[epoch 15] train_loss=0.1832 val_loss=0.4071 mIoU=0.4488 mDice~=0.5387 MASD=47.2824 NSD=0.3617
[epoch 16] train_loss=0.1760 val_loss=0.4037 mIoU=0.4554 mDice~=0.5478 MASD=36.5545 NSD=0.3734
[epoch 17] train_loss=0.1625 val_loss=0.3981 mIoU=0.4727 mDice~=0.5742 MASD=35.9151 NSD=0.3842
[epoch 18] train_loss=0.1533 val_loss=0.3764 mIoU=0.5089 mDice~=0.6037 MASD=29.9998 NSD=0.4163
** New best mIoU: 0.5089. Saved to /home/rmosad/surgical-video-segmentation-/experiments/set3UNet/UNet_256_liverE80/best_TriPath.ckpt
[epoch 19] train_loss=0.1331 val_loss=0.3851 mIoU=0.4607 mDice~=0.5493 MASD=33.2994 NSD=0.3839
[epoch 20] train_loss=0.1322 val_loss=0.4286 mIoU=0.4661 mDice~=0.5667 MASD=45.5213 NSD=0.3962
[epoch 21] train_loss=0.1308 val_loss=0.3868 mIoU=0.4309 mDice~=0.5082 MASD=26.7377 NSD=0.3569
[epoch 22] train_loss=0.1194 val_loss=0.3786 mIoU=0.4499 mDice~=0.5323 MASD=36.7942 NSD=0.3711
[epoch 23] train_loss=0.1157 val_loss=0.3890 mIoU=0.4461 mDice~=0.5260 MASD=36.0656 NSD=0.3756
[epoch 24] train_loss=0.1195 val_loss=0.3644 mIoU=0.5334 mDice~=0.6338 MASD=33.5919 NSD=0.4616
** New best mIoU: 0.5334. Saved to /home/rmosad/surgical-video-segmentation-/experiments/set3UNet/UNet_256_liverE80/best_TriPath.ckpt
[epoch 25] train_loss=0.1032 val_loss=0.3800 mIoU=0.4668 mDice~=0.5536 MASD=35.9795 NSD=0.3910
[epoch 26] train_loss=0.1011 val_loss=0.3690 mIoU=0.5140 mDice~=0.6138 MASD=35.4436 NSD=0.4462
[epoch 27] train_loss=0.0980 val_loss=0.3693 mIoU=0.4927 mDice~=0.5883 MASD=35.6270 NSD=0.4368
[epoch 28] train_loss=0.0936 val_loss=0.3467 mIoU=0.5155 mDice~=0.6066 MASD=28.8078 NSD=0.4357
[epoch 29] train_loss=0.0872 val_loss=0.3553 mIoU=0.4786 mDice~=0.5618 MASD=39.1926 NSD=0.4134
[epoch 30] train_loss=0.0879 val_loss=0.3732 mIoU=0.4992 mDice~=0.5945 MASD=45.2453 NSD=0.4407
[epoch 31] train_loss=0.0893 val_loss=0.3643 mIoU=0.5242 mDice~=0.6216 MASD=30.7425 NSD=0.4631
[epoch 32] train_loss=0.0892 val_loss=0.3991 mIoU=0.4686 mDice~=0.5583 MASD=37.4881 NSD=0.4124
[epoch 33] train_loss=0.0904 val_loss=0.3381 mIoU=0.5114 mDice~=0.6027 MASD=25.1454 NSD=0.4474
[epoch 34] train_loss=0.0766 val_loss=0.3412 mIoU=0.5120 mDice~=0.6035 MASD=36.1373 NSD=0.4387
[epoch 35] train_loss=0.0744 val_loss=0.3115 mIoU=0.5196 mDice~=0.5992 MASD=21.9306 NSD=0.4584
[epoch 36] train_loss=0.0738 val_loss=0.3597 mIoU=0.4974 mDice~=0.5853 MASD=37.0360 NSD=0.4410
[epoch 37] train_loss=0.0713 val_loss=0.3622 mIoU=0.4919 mDice~=0.5864 MASD=31.6720 NSD=0.4294
[epoch 38] train_loss=0.0737 val_loss=0.3208 mIoU=0.5337 mDice~=0.6186 MASD=35.6848 NSD=0.4692
** New best mIoU: 0.5337. Saved to /home/rmosad/surgical-video-segmentation-/experiments/set3UNet/UNet_256_liverE80/best_TriPath.ckpt
[epoch 39] train_loss=0.0694 val_loss=0.3153 mIoU=0.5628 mDice~=0.6589 MASD=25.7455 NSD=0.5039
** New best mIoU: 0.5628. Saved to /home/rmosad/surgical-video-segmentation-/experiments/set3UNet/UNet_256_liverE80/best_TriPath.ckpt
[epoch 40] train_loss=0.0634 val_loss=0.3185 mIoU=0.5313 mDice~=0.6174 MASD=39.2465 NSD=0.4689
[epoch 41] train_loss=0.0603 val_loss=0.3090 mIoU=0.5526 mDice~=0.6467 MASD=26.4200 NSD=0.4870
[epoch 42] train_loss=0.0596 val_loss=0.3539 mIoU=0.5183 mDice~=0.6141 MASD=38.7193 NSD=0.4601
[epoch 43] train_loss=0.0578 val_loss=0.3343 mIoU=0.5086 mDice~=0.5956 MASD=33.6309 NSD=0.4407
[epoch 44] train_loss=0.0562 val_loss=0.3337 mIoU=0.5318 mDice~=0.6214 MASD=38.3003 NSD=0.4598
[epoch 45] train_loss=0.0542 val_loss=0.3076 mIoU=0.5446 mDice~=0.6321 MASD=29.2124 NSD=0.4727
[epoch 46] train_loss=0.0520 val_loss=0.3184 mIoU=0.5410 mDice~=0.6328 MASD=38.5258 NSD=0.4748
[epoch 47] train_loss=0.0504 val_loss=0.3144 mIoU=0.5290 mDice~=0.6194 MASD=29.2127 NSD=0.4580
[epoch 48] train_loss=0.0512 val_loss=0.3269 mIoU=0.5225 mDice~=0.6112 MASD=31.1059 NSD=0.4588
[epoch 49] train_loss=0.0490 val_loss=0.3339 mIoU=0.5143 mDice~=0.6054 MASD=30.6880 NSD=0.4451
[epoch 50] train_loss=0.0496 val_loss=0.3211 mIoU=0.5456 mDice~=0.6366 MASD=31.3944 NSD=0.4747
[epoch 51] train_loss=0.0471 val_loss=0.3326 mIoU=0.5233 mDice~=0.6110 MASD=34.5966 NSD=0.4592
[epoch 52] train_loss=0.0470 val_loss=0.3169 mIoU=0.5402 mDice~=0.6293 MASD=28.2694 NSD=0.4769
[epoch 53] train_loss=0.0464 val_loss=0.3133 mIoU=0.5505 mDice~=0.6422 MASD=28.3667 NSD=0.4833
[epoch 54] train_loss=0.0459 val_loss=0.3145 mIoU=0.5593 mDice~=0.6491 MASD=29.4728 NSD=0.4935
[epoch 55] train_loss=0.0456 val_loss=0.3091 mIoU=0.5498 mDice~=0.6409 MASD=25.5722 NSD=0.4824
[epoch 56] train_loss=0.0435 val_loss=0.3097 mIoU=0.5475 mDice~=0.6332 MASD=30.3111 NSD=0.4801
[epoch 57] train_loss=0.0428 val_loss=0.3298 mIoU=0.5374 mDice~=0.6268 MASD=34.0571 NSD=0.4676
[epoch 58] train_loss=0.0426 val_loss=0.3132 mIoU=0.5421 mDice~=0.6313 MASD=29.7980 NSD=0.4760
[epoch 59] train_loss=0.0434 val_loss=0.3390 mIoU=0.5224 mDice~=0.6112 MASD=37.0502 NSD=0.4635
[epoch 60] train_loss=0.0432 val_loss=0.3273 mIoU=0.5305 mDice~=0.6201 MASD=34.3611 NSD=0.4618
[epoch 61] train_loss=0.0415 val_loss=0.3296 mIoU=0.5357 mDice~=0.6266 MASD=33.5929 NSD=0.4709
[epoch 62] train_loss=0.0411 val_loss=0.3248 mIoU=0.5426 mDice~=0.6346 MASD=32.0772 NSD=0.4742
[epoch 63] train_loss=0.0402 val_loss=0.3175 mIoU=0.5460 mDice~=0.6351 MASD=30.7645 NSD=0.4820
[epoch 64] train_loss=0.0398 val_loss=0.3223 mIoU=0.5418 mDice~=0.6317 MASD=30.9396 NSD=0.4772
[epoch 65] train_loss=0.0403 val_loss=0.3258 mIoU=0.5424 mDice~=0.6319 MASD=30.3145 NSD=0.4777
[epoch 66] train_loss=0.0393 val_loss=0.3219 mIoU=0.5485 mDice~=0.6383 MASD=31.9087 NSD=0.4804
[epoch 67] train_loss=0.0388 val_loss=0.3235 mIoU=0.5391 mDice~=0.6281 MASD=31.0536 NSD=0.4752
[epoch 68] train_loss=0.0384 val_loss=0.3228 mIoU=0.5461 mDice~=0.6359 MASD=32.1593 NSD=0.4764
[epoch 69] train_loss=0.0383 val_loss=0.3257 mIoU=0.5425 mDice~=0.6318 MASD=31.4108 NSD=0.4760
[epoch 70] train_loss=0.0384 val_loss=0.3218 mIoU=0.5446 mDice~=0.6349 MASD=30.6771 NSD=0.4782
[epoch 71] train_loss=0.0381 val_loss=0.3271 mIoU=0.5347 mDice~=0.6231 MASD=30.7480 NSD=0.4699
[epoch 72] train_loss=0.0376 val_loss=0.3287 mIoU=0.5346 mDice~=0.6239 MASD=31.7493 NSD=0.4715
[epoch 73] train_loss=0.0374 val_loss=0.3261 mIoU=0.5422 mDice~=0.6325 MASD=32.5644 NSD=0.4766
[epoch 74] train_loss=0.0370 val_loss=0.3247 mIoU=0.5368 mDice~=0.6255 MASD=30.5959 NSD=0.4734
[epoch 75] train_loss=0.0374 val_loss=0.3299 mIoU=0.5375 mDice~=0.6269 MASD=31.8680 NSD=0.4746
[epoch 76] train_loss=0.0373 val_loss=0.3308 mIoU=0.5363 mDice~=0.6263 MASD=32.1467 NSD=0.4721
[epoch 77] train_loss=0.0370 val_loss=0.3242 mIoU=0.5380 mDice~=0.6278 MASD=30.2398 NSD=0.4736
[epoch 78] train_loss=0.0375 val_loss=0.3372 mIoU=0.5338 mDice~=0.6237 MASD=32.4395 NSD=0.4706
[epoch 79] train_loss=0.0373 val_loss=0.3249 mIoU=0.5459 mDice~=0.6365 MASD=31.4931 NSD=0.4801
[epoch 80] train_loss=0.0366 val_loss=0.3168 mIoU=0.5444 mDice~=0.6340 MASD=29.9517 NSD=0.4788
Training done. Best mIoU=0.5628. Best ckpt: /home/rmosad/surgical-video-segmentation-/experiments/set3UNet/UNet_256_liverE80/best_TriPath.ckpt
Logs saved to /home/rmosad/surgical-video-segmentation-/experiments/set3UNet/UNet_256_liverE80/20260223-124430
