Organ: small_intestine
GPU:
Mon Feb 23 12:59:11 2026       
+-----------------------------------------------------------------------------------------+
| NVIDIA-SMI 575.51.03              Driver Version: 575.51.03      CUDA Version: 12.9     |
|-----------------------------------------+------------------------+----------------------+
| GPU  Name                 Persistence-M | Bus-Id          Disp.A | Volatile Uncorr. ECC |
| Fan  Temp   Perf          Pwr:Usage/Cap |           Memory-Usage | GPU-Util  Compute M. |
|                                         |                        |               MIG M. |
|=========================================+========================+======================|
|   0  NVIDIA L40S                    Off |   00000000:0B:00.0 Off |                    0 |
| N/A   40C    P0             63W /  350W |       0MiB /  46068MiB |      0%      Default |
|                                         |                        |                  N/A |
+-----------------------------------------+------------------------+----------------------+
                                                                                         
+-----------------------------------------------------------------------------------------+
| Processes:                                                                              |
|  GPU   GI   CI              PID   Type   Process name                        GPU Memory |
|        ID   ID                                                               Usage      |
|=========================================================================================|
|  No running processes found                                                             |
+-----------------------------------------------------------------------------------------+
Model params: 30.76M
[epoch 1] train_loss=0.9171 val_loss=1.5308 mIoU=0.3131 mDice~=0.4570 MASD=43.8330 NSD=0.1644
** New best mIoU: 0.3131. Saved to /home/rmosad/surgical-video-segmentation-/experiments/set3UNet/UNet_256_small_intestineE80/best_TriPath.ckpt
[epoch 2] train_loss=0.6244 val_loss=0.6672 mIoU=0.4638 mDice~=0.5887 MASD=24.5748 NSD=0.3647
** New best mIoU: 0.4638. Saved to /home/rmosad/surgical-video-segmentation-/experiments/set3UNet/UNet_256_small_intestineE80/best_TriPath.ckpt
[epoch 3] train_loss=0.5496 val_loss=0.6167 mIoU=0.5551 mDice~=0.6763 MASD=22.0353 NSD=0.4195
** New best mIoU: 0.5551. Saved to /home/rmosad/surgical-video-segmentation-/experiments/set3UNet/UNet_256_small_intestineE80/best_TriPath.ckpt
[epoch 4] train_loss=0.4814 val_loss=0.5439 mIoU=0.6302 mDice~=0.7513 MASD=15.5366 NSD=0.4912
** New best mIoU: 0.6302. Saved to /home/rmosad/surgical-video-segmentation-/experiments/set3UNet/UNet_256_small_intestineE80/best_TriPath.ckpt
[epoch 5] train_loss=0.4279 val_loss=0.6420 mIoU=0.5443 mDice~=0.6811 MASD=25.0714 NSD=0.3955
[epoch 6] train_loss=0.3931 val_loss=0.5304 mIoU=0.5943 mDice~=0.7167 MASD=18.4989 NSD=0.4532
[epoch 7] train_loss=0.3467 val_loss=0.4503 mIoU=0.6244 mDice~=0.7346 MASD=15.9307 NSD=0.5299
[epoch 8] train_loss=0.3159 val_loss=0.3849 mIoU=0.6592 mDice~=0.7647 MASD=11.6780 NSD=0.5789
** New best mIoU: 0.6592. Saved to /home/rmosad/surgical-video-segmentation-/experiments/set3UNet/UNet_256_small_intestineE80/best_TriPath.ckpt
[epoch 9] train_loss=0.2948 val_loss=0.3786 mIoU=0.6565 mDice~=0.7585 MASD=14.3014 NSD=0.5684
[epoch 10] train_loss=0.2741 val_loss=0.3939 mIoU=0.6367 mDice~=0.7389 MASD=13.2149 NSD=0.5584
[epoch 11] train_loss=0.2671 val_loss=0.3428 mIoU=0.6979 mDice~=0.8027 MASD=12.0130 NSD=0.6102
** New best mIoU: 0.6979. Saved to /home/rmosad/surgical-video-segmentation-/experiments/set3UNet/UNet_256_small_intestineE80/best_TriPath.ckpt
[epoch 12] train_loss=0.2414 val_loss=0.3830 mIoU=0.6082 mDice~=0.7013 MASD=17.6245 NSD=0.5538
[epoch 13] train_loss=0.2197 val_loss=0.3417 mIoU=0.6726 mDice~=0.7762 MASD=12.6817 NSD=0.5920
[epoch 14] train_loss=0.1994 val_loss=0.4224 mIoU=0.6340 mDice~=0.7507 MASD=16.7337 NSD=0.5529
[epoch 15] train_loss=0.1970 val_loss=0.3319 mIoU=0.6726 mDice~=0.7804 MASD=14.7546 NSD=0.6045
[epoch 16] train_loss=0.1981 val_loss=0.2779 mIoU=0.7207 mDice~=0.8187 MASD=10.8591 NSD=0.6575
** New best mIoU: 0.7207. Saved to /home/rmosad/surgical-video-segmentation-/experiments/set3UNet/UNet_256_small_intestineE80/best_TriPath.ckpt
[epoch 17] train_loss=0.1764 val_loss=0.2981 mIoU=0.6947 mDice~=0.7956 MASD=11.7673 NSD=0.6392
[epoch 18] train_loss=0.1704 val_loss=0.3110 mIoU=0.6738 mDice~=0.7810 MASD=14.3232 NSD=0.6013
[epoch 19] train_loss=0.1589 val_loss=0.3560 mIoU=0.6232 mDice~=0.7101 MASD=12.6705 NSD=0.5960
[epoch 20] train_loss=0.1589 val_loss=0.2789 mIoU=0.7026 mDice~=0.7961 MASD=11.8180 NSD=0.6582
[epoch 21] train_loss=0.1456 val_loss=0.3042 mIoU=0.7030 mDice~=0.8028 MASD=12.4063 NSD=0.6488
[epoch 22] train_loss=0.1447 val_loss=0.2880 mIoU=0.6949 mDice~=0.7960 MASD=11.9926 NSD=0.6425
[epoch 23] train_loss=0.1302 val_loss=0.3744 mIoU=0.6065 mDice~=0.6940 MASD=14.2136 NSD=0.5941
[epoch 24] train_loss=0.1229 val_loss=0.3288 mIoU=0.6613 mDice~=0.7539 MASD=11.2134 NSD=0.6369
[epoch 25] train_loss=0.1177 val_loss=0.2652 mIoU=0.7174 mDice~=0.8102 MASD=10.0173 NSD=0.6715
[epoch 26] train_loss=0.1195 val_loss=0.2385 mIoU=0.7386 mDice~=0.8309 MASD=8.7838 NSD=0.6838
** New best mIoU: 0.7386. Saved to /home/rmosad/surgical-video-segmentation-/experiments/set3UNet/UNet_256_small_intestineE80/best_TriPath.ckpt
[epoch 27] train_loss=0.1163 val_loss=0.2527 mIoU=0.7258 mDice~=0.8121 MASD=8.9057 NSD=0.6822
[epoch 28] train_loss=0.1042 val_loss=0.2485 mIoU=0.7328 mDice~=0.8254 MASD=9.3938 NSD=0.6932
[epoch 29] train_loss=0.1038 val_loss=0.2666 mIoU=0.7080 mDice~=0.7993 MASD=8.9012 NSD=0.6801
[epoch 30] train_loss=0.0950 val_loss=0.3031 mIoU=0.6759 mDice~=0.7646 MASD=10.3611 NSD=0.6607
[epoch 31] train_loss=0.0953 val_loss=0.2712 mIoU=0.7164 mDice~=0.8118 MASD=11.7209 NSD=0.6775
[epoch 32] train_loss=0.0934 val_loss=0.2664 mIoU=0.7360 mDice~=0.8294 MASD=10.8792 NSD=0.6941
[epoch 33] train_loss=0.0893 val_loss=0.2931 mIoU=0.6889 mDice~=0.7749 MASD=9.8048 NSD=0.6662
[epoch 34] train_loss=0.0892 val_loss=0.2606 mIoU=0.7186 mDice~=0.8106 MASD=9.4080 NSD=0.6889
[epoch 35] train_loss=0.0895 val_loss=0.2589 mIoU=0.7244 mDice~=0.8198 MASD=10.8627 NSD=0.6898
[epoch 36] train_loss=0.0842 val_loss=0.3247 mIoU=0.6545 mDice~=0.7417 MASD=10.7051 NSD=0.6412
[epoch 37] train_loss=0.0819 val_loss=0.2454 mIoU=0.7455 mDice~=0.8344 MASD=9.1690 NSD=0.7153
** New best mIoU: 0.7455. Saved to /home/rmosad/surgical-video-segmentation-/experiments/set3UNet/UNet_256_small_intestineE80/best_TriPath.ckpt
[epoch 38] train_loss=0.0778 val_loss=0.2649 mIoU=0.7198 mDice~=0.8083 MASD=9.7727 NSD=0.6887
[epoch 39] train_loss=0.0725 val_loss=0.2641 mIoU=0.7131 mDice~=0.8010 MASD=9.8839 NSD=0.6893
[epoch 40] train_loss=0.0731 val_loss=0.2494 mIoU=0.7429 mDice~=0.8351 MASD=10.2898 NSD=0.7053
[epoch 41] train_loss=0.0674 val_loss=0.2511 mIoU=0.7379 mDice~=0.8285 MASD=8.9797 NSD=0.7076
[epoch 42] train_loss=0.0649 val_loss=0.2516 mIoU=0.7407 mDice~=0.8276 MASD=8.6948 NSD=0.7125
[epoch 43] train_loss=0.0642 val_loss=0.2447 mIoU=0.7515 mDice~=0.8384 MASD=9.0754 NSD=0.7187
** New best mIoU: 0.7515. Saved to /home/rmosad/surgical-video-segmentation-/experiments/set3UNet/UNet_256_small_intestineE80/best_TriPath.ckpt
[epoch 44] train_loss=0.0637 val_loss=0.2484 mIoU=0.7474 mDice~=0.8348 MASD=8.9976 NSD=0.7182
[epoch 45] train_loss=0.0630 val_loss=0.2675 mIoU=0.7408 mDice~=0.8309 MASD=10.0735 NSD=0.7165
[epoch 46] train_loss=0.0610 val_loss=0.2686 mIoU=0.7205 mDice~=0.8115 MASD=10.1046 NSD=0.6965
[epoch 47] train_loss=0.0606 val_loss=0.2526 mIoU=0.7413 mDice~=0.8314 MASD=9.1784 NSD=0.7145
[epoch 48] train_loss=0.0578 val_loss=0.2553 mIoU=0.7401 mDice~=0.8268 MASD=8.7465 NSD=0.7187
[epoch 49] train_loss=0.0565 val_loss=0.2491 mIoU=0.7419 mDice~=0.8269 MASD=7.8028 NSD=0.7172
[epoch 50] train_loss=0.0559 val_loss=0.2810 mIoU=0.7193 mDice~=0.8043 MASD=8.5037 NSD=0.7012
[epoch 51] train_loss=0.0556 val_loss=0.2555 mIoU=0.7350 mDice~=0.8216 MASD=8.9706 NSD=0.7141
[epoch 52] train_loss=0.0544 val_loss=0.2500 mIoU=0.7471 mDice~=0.8321 MASD=8.0957 NSD=0.7244
[epoch 53] train_loss=0.0523 val_loss=0.2638 mIoU=0.7341 mDice~=0.8200 MASD=8.8387 NSD=0.7142
[epoch 54] train_loss=0.0525 val_loss=0.2742 mIoU=0.7336 mDice~=0.8213 MASD=9.4208 NSD=0.7111
[epoch 55] train_loss=0.0525 val_loss=0.2529 mIoU=0.7472 mDice~=0.8328 MASD=8.6877 NSD=0.7246
[epoch 56] train_loss=0.0509 val_loss=0.2565 mIoU=0.7476 mDice~=0.8343 MASD=8.5615 NSD=0.7227
[epoch 57] train_loss=0.0505 val_loss=0.2644 mIoU=0.7505 mDice~=0.8364 MASD=9.0607 NSD=0.7273
[epoch 58] train_loss=0.0490 val_loss=0.2656 mIoU=0.7437 mDice~=0.8300 MASD=8.9252 NSD=0.7207
[epoch 59] train_loss=0.0494 val_loss=0.2628 mIoU=0.7439 mDice~=0.8300 MASD=8.6761 NSD=0.7243
[epoch 60] train_loss=0.0484 val_loss=0.2621 mIoU=0.7458 mDice~=0.8325 MASD=8.7870 NSD=0.7230
[epoch 61] train_loss=0.0484 val_loss=0.2999 mIoU=0.7078 mDice~=0.7951 MASD=10.1282 NSD=0.6931
[epoch 62] train_loss=0.0474 val_loss=0.2747 mIoU=0.7334 mDice~=0.8198 MASD=8.7315 NSD=0.7154
[epoch 63] train_loss=0.0470 val_loss=0.2689 mIoU=0.7417 mDice~=0.8273 MASD=8.8041 NSD=0.7204
[epoch 64] train_loss=0.0461 val_loss=0.2732 mIoU=0.7377 mDice~=0.8233 MASD=8.7134 NSD=0.7199
[epoch 65] train_loss=0.0463 val_loss=0.2745 mIoU=0.7355 mDice~=0.8213 MASD=8.9132 NSD=0.7173
[epoch 66] train_loss=0.0459 val_loss=0.2716 mIoU=0.7415 mDice~=0.8274 MASD=9.1074 NSD=0.7215
[epoch 67] train_loss=0.0456 val_loss=0.2706 mIoU=0.7429 mDice~=0.8288 MASD=8.8289 NSD=0.7239
[epoch 68] train_loss=0.0455 val_loss=0.2816 mIoU=0.7326 mDice~=0.8188 MASD=9.0128 NSD=0.7146
[epoch 69] train_loss=0.0451 val_loss=0.2727 mIoU=0.7401 mDice~=0.8266 MASD=8.9637 NSD=0.7201
[epoch 70] train_loss=0.0449 val_loss=0.2761 mIoU=0.7359 mDice~=0.8221 MASD=8.9638 NSD=0.7156
[epoch 71] train_loss=0.0445 val_loss=0.2710 mIoU=0.7399 mDice~=0.8257 MASD=8.6496 NSD=0.7202
[epoch 72] train_loss=0.0447 val_loss=0.2748 mIoU=0.7388 mDice~=0.8255 MASD=8.9554 NSD=0.7190
[epoch 73] train_loss=0.0443 val_loss=0.2757 mIoU=0.7379 mDice~=0.8242 MASD=8.8794 NSD=0.7191
[epoch 74] train_loss=0.0445 val_loss=0.2735 mIoU=0.7390 mDice~=0.8256 MASD=8.9269 NSD=0.7186
[epoch 75] train_loss=0.0447 val_loss=0.2745 mIoU=0.7399 mDice~=0.8265 MASD=8.9873 NSD=0.7192
[epoch 76] train_loss=0.0445 val_loss=0.2769 mIoU=0.7374 mDice~=0.8243 MASD=8.9717 NSD=0.7184
[epoch 77] train_loss=0.0440 val_loss=0.2761 mIoU=0.7366 mDice~=0.8228 MASD=8.8998 NSD=0.7156
[epoch 78] train_loss=0.0437 val_loss=0.2748 mIoU=0.7385 mDice~=0.8245 MASD=8.8363 NSD=0.7183
[epoch 79] train_loss=0.0445 val_loss=0.2756 mIoU=0.7351 mDice~=0.8210 MASD=8.8165 NSD=0.7144
[epoch 80] train_loss=0.0439 val_loss=0.2709 mIoU=0.7446 mDice~=0.8312 MASD=8.7503 NSD=0.7221
Training done. Best mIoU=0.7515. Best ckpt: /home/rmosad/surgical-video-segmentation-/experiments/set3UNet/UNet_256_small_intestineE80/best_TriPath.ckpt
Logs saved to /home/rmosad/surgical-video-segmentation-/experiments/set3UNet/UNet_256_small_intestineE80/20260223-125914
