Organ: spleen
GPU:
Mon Feb 23 12:59:11 2026       
+-----------------------------------------------------------------------------------------+
| NVIDIA-SMI 575.51.03              Driver Version: 575.51.03      CUDA Version: 12.9     |
|-----------------------------------------+------------------------+----------------------+
| GPU  Name                 Persistence-M | Bus-Id          Disp.A | Volatile Uncorr. ECC |
| Fan  Temp   Perf          Pwr:Usage/Cap |           Memory-Usage | GPU-Util  Compute M. |
|                                         |                        |               MIG M. |
|=========================================+========================+======================|
|   0  NVIDIA L40S                    Off |   00000001:0B:00.0 Off |                    0 |
| N/A   34C    P8             33W /  350W |       0MiB /  46068MiB |      0%      Default |
|                                         |                        |                  N/A |
+-----------------------------------------+------------------------+----------------------+
                                                                                         
+-----------------------------------------------------------------------------------------+
| Processes:                                                                              |
|  GPU   GI   CI              PID   Type   Process name                        GPU Memory |
|        ID   ID                                                               Usage      |
|=========================================================================================|
|  No running processes found                                                             |
+-----------------------------------------------------------------------------------------+
Model params: 30.76M
[epoch 1] train_loss=1.1037 val_loss=0.9692 mIoU=0.0701 mDice~=0.1107 MASD=75.4947 NSD=0.0620
** New best mIoU: 0.0701. Saved to /home/rmosad/surgical-video-segmentation-/experiments/set3UNet/UNet_256_spleenE80/best_TriPath.ckpt
[epoch 2] train_loss=0.8123 val_loss=0.9102 mIoU=0.2093 mDice~=0.3054 MASD=53.4275 NSD=0.1174
** New best mIoU: 0.2093. Saved to /home/rmosad/surgical-video-segmentation-/experiments/set3UNet/UNet_256_spleenE80/best_TriPath.ckpt
[epoch 3] train_loss=0.7327 val_loss=0.7359 mIoU=0.3950 mDice~=0.5049 MASD=25.4352 NSD=0.3278
** New best mIoU: 0.3950. Saved to /home/rmosad/surgical-video-segmentation-/experiments/set3UNet/UNet_256_spleenE80/best_TriPath.ckpt
[epoch 4] train_loss=0.6709 val_loss=0.7252 mIoU=0.3257 mDice~=0.4407 MASD=36.0428 NSD=0.2617
[epoch 5] train_loss=0.6356 val_loss=0.6742 mIoU=0.4154 mDice~=0.5288 MASD=26.8667 NSD=0.3306
** New best mIoU: 0.4154. Saved to /home/rmosad/surgical-video-segmentation-/experiments/set3UNet/UNet_256_spleenE80/best_TriPath.ckpt
[epoch 6] train_loss=0.5972 val_loss=0.6189 mIoU=0.4255 mDice~=0.5285 MASD=22.1295 NSD=0.3529
** New best mIoU: 0.4255. Saved to /home/rmosad/surgical-video-segmentation-/experiments/set3UNet/UNet_256_spleenE80/best_TriPath.ckpt
[epoch 7] train_loss=0.5550 val_loss=0.5860 mIoU=0.4345 mDice~=0.5278 MASD=19.9033 NSD=0.3632
** New best mIoU: 0.4345. Saved to /home/rmosad/surgical-video-segmentation-/experiments/set3UNet/UNet_256_spleenE80/best_TriPath.ckpt
[epoch 8] train_loss=0.5209 val_loss=0.5740 mIoU=0.4619 mDice~=0.5706 MASD=19.2741 NSD=0.4104
** New best mIoU: 0.4619. Saved to /home/rmosad/surgical-video-segmentation-/experiments/set3UNet/UNet_256_spleenE80/best_TriPath.ckpt
[epoch 9] train_loss=0.4902 val_loss=0.5649 mIoU=0.4110 mDice~=0.5216 MASD=20.5689 NSD=0.3922
[epoch 10] train_loss=0.4550 val_loss=0.5067 mIoU=0.5237 mDice~=0.6227 MASD=16.2585 NSD=0.4892
** New best mIoU: 0.5237. Saved to /home/rmosad/surgical-video-segmentation-/experiments/set3UNet/UNet_256_spleenE80/best_TriPath.ckpt
[epoch 11] train_loss=0.4221 val_loss=0.5177 mIoU=0.4205 mDice~=0.5143 MASD=23.9886 NSD=0.4056
[epoch 12] train_loss=0.3989 val_loss=0.5047 mIoU=0.4053 mDice~=0.5209 MASD=22.4066 NSD=0.3592
[epoch 13] train_loss=0.3673 val_loss=0.5135 mIoU=0.4271 mDice~=0.5353 MASD=24.6795 NSD=0.3902
[epoch 14] train_loss=0.3564 val_loss=0.4516 mIoU=0.4428 mDice~=0.5534 MASD=21.6282 NSD=0.3928
[epoch 15] train_loss=0.3338 val_loss=0.4564 mIoU=0.4417 mDice~=0.5515 MASD=22.6700 NSD=0.4462
[epoch 16] train_loss=0.2988 val_loss=0.3943 mIoU=0.5436 mDice~=0.6478 MASD=14.6480 NSD=0.5126
** New best mIoU: 0.5436. Saved to /home/rmosad/surgical-video-segmentation-/experiments/set3UNet/UNet_256_spleenE80/best_TriPath.ckpt
[epoch 17] train_loss=0.2867 val_loss=0.3923 mIoU=0.5107 mDice~=0.6106 MASD=12.9065 NSD=0.5098
[epoch 18] train_loss=0.2686 val_loss=0.3915 mIoU=0.5118 mDice~=0.6181 MASD=15.7510 NSD=0.5312
[epoch 19] train_loss=0.2455 val_loss=0.3786 mIoU=0.5005 mDice~=0.5927 MASD=15.1169 NSD=0.4898
[epoch 20] train_loss=0.2375 val_loss=0.3598 mIoU=0.5153 mDice~=0.6041 MASD=17.5544 NSD=0.4970
[epoch 21] train_loss=0.2209 val_loss=0.3275 mIoU=0.5400 mDice~=0.6349 MASD=14.2680 NSD=0.5440
[epoch 22] train_loss=0.2075 val_loss=0.3448 mIoU=0.4997 mDice~=0.5938 MASD=14.1099 NSD=0.5112
[epoch 23] train_loss=0.1903 val_loss=0.3123 mIoU=0.5561 mDice~=0.6427 MASD=7.4601 NSD=0.5581
** New best mIoU: 0.5561. Saved to /home/rmosad/surgical-video-segmentation-/experiments/set3UNet/UNet_256_spleenE80/best_TriPath.ckpt
[epoch 24] train_loss=0.1781 val_loss=0.3289 mIoU=0.4913 mDice~=0.5737 MASD=13.3464 NSD=0.5020
[epoch 25] train_loss=0.1614 val_loss=0.2975 mIoU=0.5689 mDice~=0.6596 MASD=14.8551 NSD=0.5861
** New best mIoU: 0.5689. Saved to /home/rmosad/surgical-video-segmentation-/experiments/set3UNet/UNet_256_spleenE80/best_TriPath.ckpt
[epoch 26] train_loss=0.1536 val_loss=0.2801 mIoU=0.5683 mDice~=0.6469 MASD=10.0908 NSD=0.5729
[epoch 27] train_loss=0.1471 val_loss=0.2662 mIoU=0.5990 mDice~=0.6816 MASD=8.6905 NSD=0.6163
** New best mIoU: 0.5990. Saved to /home/rmosad/surgical-video-segmentation-/experiments/set3UNet/UNet_256_spleenE80/best_TriPath.ckpt
[epoch 28] train_loss=0.1425 val_loss=0.2876 mIoU=0.5241 mDice~=0.6034 MASD=14.1852 NSD=0.5413
[epoch 29] train_loss=0.1343 val_loss=0.2904 mIoU=0.5326 mDice~=0.6200 MASD=15.8513 NSD=0.5604
[epoch 30] train_loss=0.1286 val_loss=0.2608 mIoU=0.5620 mDice~=0.6378 MASD=8.1558 NSD=0.5728
[epoch 31] train_loss=0.1184 val_loss=0.2835 mIoU=0.5298 mDice~=0.6073 MASD=16.6666 NSD=0.5526
[epoch 32] train_loss=0.1199 val_loss=0.2675 mIoU=0.5576 mDice~=0.6464 MASD=12.7556 NSD=0.5718
[epoch 33] train_loss=0.1177 val_loss=0.2573 mIoU=0.5618 mDice~=0.6436 MASD=12.3896 NSD=0.5725
[epoch 34] train_loss=0.1072 val_loss=0.2491 mIoU=0.5708 mDice~=0.6499 MASD=12.3111 NSD=0.5946
[epoch 35] train_loss=0.0994 val_loss=0.2316 mIoU=0.6133 mDice~=0.6975 MASD=12.5740 NSD=0.6328
** New best mIoU: 0.6133. Saved to /home/rmosad/surgical-video-segmentation-/experiments/set3UNet/UNet_256_spleenE80/best_TriPath.ckpt
[epoch 36] train_loss=0.0946 val_loss=0.2246 mIoU=0.6019 mDice~=0.6790 MASD=8.3796 NSD=0.6245
[epoch 37] train_loss=0.0953 val_loss=0.2170 mIoU=0.6363 mDice~=0.7166 MASD=9.2207 NSD=0.6604
** New best mIoU: 0.6363. Saved to /home/rmosad/surgical-video-segmentation-/experiments/set3UNet/UNet_256_spleenE80/best_TriPath.ckpt
[epoch 38] train_loss=0.0902 val_loss=0.2289 mIoU=0.5889 mDice~=0.6612 MASD=8.8974 NSD=0.6049
[epoch 39] train_loss=0.0831 val_loss=0.2170 mIoU=0.6100 mDice~=0.6865 MASD=9.0442 NSD=0.6282
[epoch 40] train_loss=0.0812 val_loss=0.2207 mIoU=0.5956 mDice~=0.6729 MASD=10.8431 NSD=0.6127
[epoch 41] train_loss=0.0769 val_loss=0.2287 mIoU=0.5657 mDice~=0.6395 MASD=9.1890 NSD=0.5849
[epoch 42] train_loss=0.0856 val_loss=0.2155 mIoU=0.6036 mDice~=0.6790 MASD=10.2336 NSD=0.6266
[epoch 43] train_loss=0.0843 val_loss=0.2230 mIoU=0.5816 mDice~=0.6537 MASD=9.1429 NSD=0.6055
[epoch 44] train_loss=0.0843 val_loss=0.2048 mIoU=0.6065 mDice~=0.6774 MASD=10.7325 NSD=0.6281
[epoch 45] train_loss=0.0787 val_loss=0.2009 mIoU=0.6118 mDice~=0.6863 MASD=9.4906 NSD=0.6240
[epoch 46] train_loss=0.0734 val_loss=0.2156 mIoU=0.5835 mDice~=0.6705 MASD=14.0744 NSD=0.6019
[epoch 47] train_loss=0.0728 val_loss=0.1985 mIoU=0.6176 mDice~=0.6890 MASD=7.4033 NSD=0.6334
[epoch 48] train_loss=0.0710 val_loss=0.2066 mIoU=0.6054 mDice~=0.6872 MASD=10.3309 NSD=0.6256
[epoch 49] train_loss=0.0712 val_loss=0.1988 mIoU=0.6352 mDice~=0.7073 MASD=11.8935 NSD=0.6606
[epoch 50] train_loss=0.0642 val_loss=0.1920 mIoU=0.6277 mDice~=0.7011 MASD=11.0308 NSD=0.6484
[epoch 51] train_loss=0.0642 val_loss=0.2059 mIoU=0.6052 mDice~=0.6825 MASD=11.7116 NSD=0.6242
[epoch 52] train_loss=0.0643 val_loss=0.1910 mIoU=0.6196 mDice~=0.6905 MASD=7.9380 NSD=0.6402
[epoch 53] train_loss=0.0616 val_loss=0.1962 mIoU=0.6277 mDice~=0.7030 MASD=9.0243 NSD=0.6524
[epoch 54] train_loss=0.0623 val_loss=0.2021 mIoU=0.6042 mDice~=0.6803 MASD=12.2310 NSD=0.6238
[epoch 55] train_loss=0.0601 val_loss=0.1823 mIoU=0.6394 mDice~=0.7116 MASD=10.8657 NSD=0.6630
** New best mIoU: 0.6394. Saved to /home/rmosad/surgical-video-segmentation-/experiments/set3UNet/UNet_256_spleenE80/best_TriPath.ckpt
[epoch 56] train_loss=0.0592 val_loss=0.1937 mIoU=0.6200 mDice~=0.6986 MASD=8.8502 NSD=0.6382
[epoch 57] train_loss=0.0578 val_loss=0.1941 mIoU=0.6146 mDice~=0.6864 MASD=7.9536 NSD=0.6337
[epoch 58] train_loss=0.0570 val_loss=0.1895 mIoU=0.6217 mDice~=0.6964 MASD=7.7203 NSD=0.6424
[epoch 59] train_loss=0.0551 val_loss=0.1914 mIoU=0.6174 mDice~=0.6901 MASD=7.8608 NSD=0.6369
[epoch 60] train_loss=0.0545 val_loss=0.1879 mIoU=0.6256 mDice~=0.6999 MASD=7.5968 NSD=0.6472
[epoch 61] train_loss=0.0549 val_loss=0.1843 mIoU=0.6302 mDice~=0.7043 MASD=7.6062 NSD=0.6531
[epoch 62] train_loss=0.0529 val_loss=0.1916 mIoU=0.6208 mDice~=0.6954 MASD=8.1715 NSD=0.6439
[epoch 63] train_loss=0.0537 val_loss=0.1908 mIoU=0.6180 mDice~=0.6943 MASD=9.2957 NSD=0.6354
[epoch 64] train_loss=0.0522 val_loss=0.1884 mIoU=0.6200 mDice~=0.6945 MASD=8.5683 NSD=0.6432
[epoch 65] train_loss=0.0517 val_loss=0.1847 mIoU=0.6239 mDice~=0.6986 MASD=8.5783 NSD=0.6452
[epoch 66] train_loss=0.0522 val_loss=0.1823 mIoU=0.6279 mDice~=0.7017 MASD=7.8868 NSD=0.6494
[epoch 67] train_loss=0.0508 val_loss=0.1816 mIoU=0.6352 mDice~=0.7082 MASD=9.3404 NSD=0.6589
[epoch 68] train_loss=0.0508 val_loss=0.1791 mIoU=0.6376 mDice~=0.7102 MASD=8.9828 NSD=0.6608
[epoch 69] train_loss=0.0518 val_loss=0.1821 mIoU=0.6287 mDice~=0.7014 MASD=9.1546 NSD=0.6542
[epoch 70] train_loss=0.0496 val_loss=0.1811 mIoU=0.6332 mDice~=0.7085 MASD=10.0805 NSD=0.6573
[epoch 71] train_loss=0.0501 val_loss=0.1813 mIoU=0.6313 mDice~=0.7064 MASD=11.2716 NSD=0.6543
[epoch 72] train_loss=0.0497 val_loss=0.1802 mIoU=0.6338 mDice~=0.7079 MASD=8.3237 NSD=0.6564
[epoch 73] train_loss=0.0502 val_loss=0.1796 mIoU=0.6310 mDice~=0.7034 MASD=8.2475 NSD=0.6525
[epoch 74] train_loss=0.0499 val_loss=0.1786 mIoU=0.6282 mDice~=0.7009 MASD=7.9105 NSD=0.6531
[epoch 75] train_loss=0.0493 val_loss=0.1822 mIoU=0.6336 mDice~=0.7088 MASD=9.9765 NSD=0.6575
[epoch 76] train_loss=0.0514 val_loss=0.1822 mIoU=0.6256 mDice~=0.6974 MASD=8.0919 NSD=0.6478
[epoch 77] train_loss=0.0499 val_loss=0.1832 mIoU=0.6224 mDice~=0.6942 MASD=8.4074 NSD=0.6427
[epoch 78] train_loss=0.0495 val_loss=0.1800 mIoU=0.6292 mDice~=0.7021 MASD=7.9060 NSD=0.6494
[epoch 79] train_loss=0.0496 val_loss=0.1810 mIoU=0.6214 mDice~=0.6924 MASD=7.6938 NSD=0.6422
[epoch 80] train_loss=0.0488 val_loss=0.1811 mIoU=0.6315 mDice~=0.7059 MASD=8.8270 NSD=0.6542
Training done. Best mIoU=0.6394. Best ckpt: /home/rmosad/surgical-video-segmentation-/experiments/set3UNet/UNet_256_spleenE80/best_TriPath.ckpt
Logs saved to /home/rmosad/surgical-video-segmentation-/experiments/set3UNet/UNet_256_spleenE80/20260223-125914
