Organ: intestinal_veins
GPU:
Mon Feb 23 12:44:28 2026       
+-----------------------------------------------------------------------------------------+
| NVIDIA-SMI 575.51.03              Driver Version: 575.51.03      CUDA Version: 12.9     |
|-----------------------------------------+------------------------+----------------------+
| GPU  Name                 Persistence-M | Bus-Id          Disp.A | Volatile Uncorr. ECC |
| Fan  Temp   Perf          Pwr:Usage/Cap |           Memory-Usage | GPU-Util  Compute M. |
|                                         |                        |               MIG M. |
|=========================================+========================+======================|
|   0  NVIDIA L40S                    Off |   00000000:0B:00.0 Off |                    0 |
| N/A   24C    P8             33W /  350W |       0MiB /  46068MiB |      0%      Default |
|                                         |                        |                  N/A |
+-----------------------------------------+------------------------+----------------------+
                                                                                         
+-----------------------------------------------------------------------------------------+
| Processes:                                                                              |
|  GPU   GI   CI              PID   Type   Process name                        GPU Memory |
|        ID   ID                                                               Usage      |
|=========================================================================================|
|  No running processes found                                                             |
+-----------------------------------------------------------------------------------------+
Model params: 30.76M
[epoch 1] train_loss=1.1372 val_loss=0.9770 mIoU=0.0000 mDice~=0.0001 MASD=79.7086 NSD=0.0013
** New best mIoU: 0.0000. Saved to /home/rmosad/surgical-video-segmentation-/experiments/set3UNet/UNet_256_intestinal_veinsE80/best_TriPath.ckpt
[epoch 2] train_loss=0.8525 val_loss=0.8215 mIoU=0.0187 mDice~=0.0337 MASD=49.9953 NSD=0.0246
** New best mIoU: 0.0187. Saved to /home/rmosad/surgical-video-segmentation-/experiments/set3UNet/UNet_256_intestinal_veinsE80/best_TriPath.ckpt
[epoch 3] train_loss=0.7958 val_loss=0.8363 mIoU=0.0632 mDice~=0.1005 MASD=58.7030 NSD=0.0628
** New best mIoU: 0.0632. Saved to /home/rmosad/surgical-video-segmentation-/experiments/set3UNet/UNet_256_intestinal_veinsE80/best_TriPath.ckpt
[epoch 4] train_loss=0.7633 val_loss=0.7508 mIoU=0.1586 mDice~=0.2319 MASD=42.6852 NSD=0.1777
** New best mIoU: 0.1586. Saved to /home/rmosad/surgical-video-segmentation-/experiments/set3UNet/UNet_256_intestinal_veinsE80/best_TriPath.ckpt
[epoch 5] train_loss=0.7240 val_loss=0.7030 mIoU=0.2066 mDice~=0.2880 MASD=36.4600 NSD=0.2272
** New best mIoU: 0.2066. Saved to /home/rmosad/surgical-video-segmentation-/experiments/set3UNet/UNet_256_intestinal_veinsE80/best_TriPath.ckpt
[epoch 6] train_loss=0.6946 val_loss=0.6751 mIoU=0.2418 mDice~=0.3466 MASD=35.9097 NSD=0.2921
** New best mIoU: 0.2418. Saved to /home/rmosad/surgical-video-segmentation-/experiments/set3UNet/UNet_256_intestinal_veinsE80/best_TriPath.ckpt
[epoch 7] train_loss=0.6647 val_loss=0.6618 mIoU=0.2615 mDice~=0.3760 MASD=33.1708 NSD=0.2943
** New best mIoU: 0.2615. Saved to /home/rmosad/surgical-video-segmentation-/experiments/set3UNet/UNet_256_intestinal_veinsE80/best_TriPath.ckpt
[epoch 8] train_loss=0.6341 val_loss=0.6281 mIoU=0.2643 mDice~=0.3709 MASD=30.8381 NSD=0.3122
** New best mIoU: 0.2643. Saved to /home/rmosad/surgical-video-segmentation-/experiments/set3UNet/UNet_256_intestinal_veinsE80/best_TriPath.ckpt
[epoch 9] train_loss=0.6094 val_loss=0.6222 mIoU=0.2722 mDice~=0.3871 MASD=30.0873 NSD=0.3043
** New best mIoU: 0.2722. Saved to /home/rmosad/surgical-video-segmentation-/experiments/set3UNet/UNet_256_intestinal_veinsE80/best_TriPath.ckpt
[epoch 10] train_loss=0.5839 val_loss=0.5943 mIoU=0.2806 mDice~=0.3993 MASD=31.0456 NSD=0.3015
** New best mIoU: 0.2806. Saved to /home/rmosad/surgical-video-segmentation-/experiments/set3UNet/UNet_256_intestinal_veinsE80/best_TriPath.ckpt
[epoch 11] train_loss=0.5628 val_loss=0.5639 mIoU=0.2816 mDice~=0.3777 MASD=35.0061 NSD=0.3086
** New best mIoU: 0.2816. Saved to /home/rmosad/surgical-video-segmentation-/experiments/set3UNet/UNet_256_intestinal_veinsE80/best_TriPath.ckpt
[epoch 12] train_loss=0.5434 val_loss=0.5520 mIoU=0.2909 mDice~=0.4014 MASD=30.2132 NSD=0.3222
** New best mIoU: 0.2909. Saved to /home/rmosad/surgical-video-segmentation-/experiments/set3UNet/UNet_256_intestinal_veinsE80/best_TriPath.ckpt
[epoch 13] train_loss=0.5220 val_loss=0.5265 mIoU=0.3513 mDice~=0.4629 MASD=19.0969 NSD=0.3980
** New best mIoU: 0.3513. Saved to /home/rmosad/surgical-video-segmentation-/experiments/set3UNet/UNet_256_intestinal_veinsE80/best_TriPath.ckpt
[epoch 14] train_loss=0.5012 val_loss=0.5319 mIoU=0.2955 mDice~=0.4140 MASD=26.2531 NSD=0.3377
[epoch 15] train_loss=0.4860 val_loss=0.4999 mIoU=0.3809 mDice~=0.4983 MASD=18.4718 NSD=0.4352
** New best mIoU: 0.3809. Saved to /home/rmosad/surgical-video-segmentation-/experiments/set3UNet/UNet_256_intestinal_veinsE80/best_TriPath.ckpt
[epoch 16] train_loss=0.4645 val_loss=0.4902 mIoU=0.3501 mDice~=0.4511 MASD=18.8189 NSD=0.3983
[epoch 17] train_loss=0.4457 val_loss=0.4819 mIoU=0.3425 mDice~=0.4554 MASD=21.9343 NSD=0.4085
[epoch 18] train_loss=0.4285 val_loss=0.4672 mIoU=0.3381 mDice~=0.4578 MASD=20.3455 NSD=0.3799
[epoch 19] train_loss=0.4154 val_loss=0.4565 mIoU=0.3514 mDice~=0.4563 MASD=22.4720 NSD=0.4018
[epoch 20] train_loss=0.3950 val_loss=0.4382 mIoU=0.3893 mDice~=0.4989 MASD=19.8609 NSD=0.4462
** New best mIoU: 0.3893. Saved to /home/rmosad/surgical-video-segmentation-/experiments/set3UNet/UNet_256_intestinal_veinsE80/best_TriPath.ckpt
[epoch 21] train_loss=0.3731 val_loss=0.4391 mIoU=0.3413 mDice~=0.4403 MASD=18.7960 NSD=0.3966
[epoch 22] train_loss=0.3602 val_loss=0.4167 mIoU=0.3835 mDice~=0.4931 MASD=20.5958 NSD=0.4430
[epoch 23] train_loss=0.3425 val_loss=0.3973 mIoU=0.4097 mDice~=0.5216 MASD=17.9369 NSD=0.4787
** New best mIoU: 0.4097. Saved to /home/rmosad/surgical-video-segmentation-/experiments/set3UNet/UNet_256_intestinal_veinsE80/best_TriPath.ckpt
[epoch 24] train_loss=0.3236 val_loss=0.3934 mIoU=0.4045 mDice~=0.5068 MASD=17.2124 NSD=0.4709
[epoch 25] train_loss=0.3099 val_loss=0.3993 mIoU=0.3603 mDice~=0.4547 MASD=17.0160 NSD=0.4255
[epoch 26] train_loss=0.2979 val_loss=0.3722 mIoU=0.3996 mDice~=0.5079 MASD=19.1537 NSD=0.4751
[epoch 27] train_loss=0.2840 val_loss=0.3794 mIoU=0.3581 mDice~=0.4439 MASD=16.4448 NSD=0.4140
[epoch 28] train_loss=0.2652 val_loss=0.3787 mIoU=0.3516 mDice~=0.4469 MASD=18.4321 NSD=0.4160
[epoch 29] train_loss=0.2516 val_loss=0.3689 mIoU=0.3746 mDice~=0.4781 MASD=15.8979 NSD=0.4554
[epoch 30] train_loss=0.2409 val_loss=0.3520 mIoU=0.3930 mDice~=0.4988 MASD=20.3956 NSD=0.4609
[epoch 31] train_loss=0.2286 val_loss=0.3739 mIoU=0.3276 mDice~=0.4232 MASD=15.9608 NSD=0.3949
[epoch 32] train_loss=0.2184 val_loss=0.3488 mIoU=0.3870 mDice~=0.4854 MASD=24.0872 NSD=0.4615
[epoch 33] train_loss=0.2091 val_loss=0.3395 mIoU=0.3811 mDice~=0.4766 MASD=18.0652 NSD=0.4520
[epoch 34] train_loss=0.1978 val_loss=0.3320 mIoU=0.3857 mDice~=0.4834 MASD=19.3085 NSD=0.4526
[epoch 35] train_loss=0.1925 val_loss=0.3296 mIoU=0.3881 mDice~=0.4845 MASD=17.8527 NSD=0.4625
[epoch 36] train_loss=0.1788 val_loss=0.3417 mIoU=0.3547 mDice~=0.4403 MASD=19.7748 NSD=0.4191
[epoch 37] train_loss=0.1751 val_loss=0.3294 mIoU=0.3739 mDice~=0.4658 MASD=20.4173 NSD=0.4425
[epoch 38] train_loss=0.1670 val_loss=0.3299 mIoU=0.3719 mDice~=0.4656 MASD=16.9073 NSD=0.4407
[epoch 39] train_loss=0.1596 val_loss=0.3516 mIoU=0.3212 mDice~=0.4020 MASD=19.2409 NSD=0.3780
[epoch 40] train_loss=0.1530 val_loss=0.3287 mIoU=0.3639 mDice~=0.4548 MASD=17.0076 NSD=0.4396
[epoch 41] train_loss=0.1510 val_loss=0.3445 mIoU=0.3298 mDice~=0.4118 MASD=20.5162 NSD=0.3908
[epoch 42] train_loss=0.1472 val_loss=0.3349 mIoU=0.3497 mDice~=0.4376 MASD=18.4518 NSD=0.4174
[epoch 43] train_loss=0.1408 val_loss=0.3331 mIoU=0.3485 mDice~=0.4318 MASD=20.6304 NSD=0.4117
[epoch 44] train_loss=0.1350 val_loss=0.3440 mIoU=0.3345 mDice~=0.4207 MASD=23.5602 NSD=0.4013
[epoch 45] train_loss=0.1329 val_loss=0.3413 mIoU=0.3320 mDice~=0.4185 MASD=20.4824 NSD=0.4024
[epoch 46] train_loss=0.1345 val_loss=0.3195 mIoU=0.3617 mDice~=0.4475 MASD=19.2487 NSD=0.4272
[epoch 47] train_loss=0.1268 val_loss=0.3124 mIoU=0.3747 mDice~=0.4607 MASD=21.9107 NSD=0.4372
[epoch 48] train_loss=0.1230 val_loss=0.3214 mIoU=0.3549 mDice~=0.4381 MASD=20.5708 NSD=0.4203
[epoch 49] train_loss=0.1199 val_loss=0.3245 mIoU=0.3479 mDice~=0.4295 MASD=16.4135 NSD=0.4086
[epoch 50] train_loss=0.1156 val_loss=0.3184 mIoU=0.3610 mDice~=0.4448 MASD=19.5244 NSD=0.4253
[epoch 51] train_loss=0.1125 val_loss=0.3235 mIoU=0.3470 mDice~=0.4326 MASD=20.1917 NSD=0.4104
[epoch 52] train_loss=0.1118 val_loss=0.3255 mIoU=0.3399 mDice~=0.4254 MASD=20.2667 NSD=0.4063
[epoch 53] train_loss=0.1098 val_loss=0.3237 mIoU=0.3448 mDice~=0.4291 MASD=20.3083 NSD=0.4104
[epoch 54] train_loss=0.1078 val_loss=0.3189 mIoU=0.3516 mDice~=0.4380 MASD=20.1223 NSD=0.4187
[epoch 55] train_loss=0.1042 val_loss=0.3243 mIoU=0.3441 mDice~=0.4284 MASD=24.0451 NSD=0.4045
[epoch 56] train_loss=0.1013 val_loss=0.3237 mIoU=0.3458 mDice~=0.4289 MASD=23.6007 NSD=0.4087
[epoch 57] train_loss=0.0998 val_loss=0.3268 mIoU=0.3394 mDice~=0.4252 MASD=20.3406 NSD=0.4041
[epoch 58] train_loss=0.0974 val_loss=0.3265 mIoU=0.3402 mDice~=0.4227 MASD=22.6578 NSD=0.4002
[epoch 59] train_loss=0.0966 val_loss=0.3291 mIoU=0.3347 mDice~=0.4183 MASD=20.1089 NSD=0.3968
[epoch 60] train_loss=0.0951 val_loss=0.3265 mIoU=0.3377 mDice~=0.4241 MASD=21.9148 NSD=0.4019
[epoch 61] train_loss=0.0948 val_loss=0.3273 mIoU=0.3362 mDice~=0.4222 MASD=21.8444 NSD=0.4008
[epoch 62] train_loss=0.0932 val_loss=0.3273 mIoU=0.3345 mDice~=0.4187 MASD=20.0888 NSD=0.3934
[epoch 63] train_loss=0.0926 val_loss=0.3210 mIoU=0.3464 mDice~=0.4340 MASD=21.0024 NSD=0.4101
[epoch 64] train_loss=0.0915 val_loss=0.3324 mIoU=0.3280 mDice~=0.4116 MASD=22.8329 NSD=0.3867
[epoch 65] train_loss=0.0901 val_loss=0.3238 mIoU=0.3412 mDice~=0.4278 MASD=20.0417 NSD=0.4039
[epoch 66] train_loss=0.0889 val_loss=0.3361 mIoU=0.3197 mDice~=0.4031 MASD=21.6776 NSD=0.3767
[epoch 67] train_loss=0.0887 val_loss=0.3247 mIoU=0.3384 mDice~=0.4231 MASD=21.2363 NSD=0.4003
[epoch 68] train_loss=0.0867 val_loss=0.3290 mIoU=0.3315 mDice~=0.4168 MASD=21.0986 NSD=0.3916
[epoch 69] train_loss=0.0871 val_loss=0.3330 mIoU=0.3241 mDice~=0.4079 MASD=20.8364 NSD=0.3837
[epoch 70] train_loss=0.0866 val_loss=0.3270 mIoU=0.3356 mDice~=0.4209 MASD=21.7008 NSD=0.3969
[epoch 71] train_loss=0.0862 val_loss=0.3290 mIoU=0.3306 mDice~=0.4146 MASD=20.9268 NSD=0.3893
[epoch 72] train_loss=0.0857 val_loss=0.3303 mIoU=0.3287 mDice~=0.4137 MASD=22.0442 NSD=0.3899
[epoch 73] train_loss=0.0860 val_loss=0.3291 mIoU=0.3286 mDice~=0.4130 MASD=20.2434 NSD=0.3893
[epoch 74] train_loss=0.0844 val_loss=0.3293 mIoU=0.3293 mDice~=0.4136 MASD=19.9961 NSD=0.3892
[epoch 75] train_loss=0.0838 val_loss=0.3295 mIoU=0.3302 mDice~=0.4137 MASD=17.1974 NSD=0.3874
[epoch 76] train_loss=0.0847 val_loss=0.3315 mIoU=0.3267 mDice~=0.4112 MASD=22.4845 NSD=0.3855
[epoch 77] train_loss=0.0834 val_loss=0.3321 mIoU=0.3248 mDice~=0.4084 MASD=19.9276 NSD=0.3837
[epoch 78] train_loss=0.0845 val_loss=0.3301 mIoU=0.3293 mDice~=0.4135 MASD=20.9300 NSD=0.3878
[epoch 79] train_loss=0.0841 val_loss=0.3303 mIoU=0.3286 mDice~=0.4128 MASD=19.6294 NSD=0.3879
[epoch 80] train_loss=0.0837 val_loss=0.3304 mIoU=0.3281 mDice~=0.4123 MASD=19.7144 NSD=0.3862
Training done. Best mIoU=0.4097. Best ckpt: /home/rmosad/surgical-video-segmentation-/experiments/set3UNet/UNet_256_intestinal_veinsE80/best_TriPath.ckpt
Logs saved to /home/rmosad/surgical-video-segmentation-/experiments/set3UNet/UNet_256_intestinal_veinsE80/20260223-124430
