Organ: inferior_mesenteric_artery
GPU:
Mon Feb 23 12:44:28 2026       
+-----------------------------------------------------------------------------------------+
| NVIDIA-SMI 575.51.03              Driver Version: 575.51.03      CUDA Version: 12.9     |
|-----------------------------------------+------------------------+----------------------+
| GPU  Name                 Persistence-M | Bus-Id          Disp.A | Volatile Uncorr. ECC |
| Fan  Temp   Perf          Pwr:Usage/Cap |           Memory-Usage | GPU-Util  Compute M. |
|                                         |                        |               MIG M. |
|=========================================+========================+======================|
|   0  NVIDIA L40S                    Off |   00000000:E1:00.0 Off |                    0 |
| N/A   23C    P8             32W /  350W |       0MiB /  46068MiB |      0%      Default |
|                                         |                        |                  N/A |
+-----------------------------------------+------------------------+----------------------+
                                                                                         
+-----------------------------------------------------------------------------------------+
| Processes:                                                                              |
|  GPU   GI   CI              PID   Type   Process name                        GPU Memory |
|        ID   ID                                                               Usage      |
|=========================================================================================|
|  No running processes found                                                             |
+-----------------------------------------------------------------------------------------+
Model params: 30.76M
[epoch 1] train_loss=1.1197 val_loss=0.9826 mIoU=0.0126 mDice~=0.0240 MASD=73.7971 NSD=0.0328
** New best mIoU: 0.0126. Saved to /home/rmosad/surgical-video-segmentation-/experiments/set3UNet/UNet_256_inferior_mesenteric_arteryE80/best_TriPath.ckpt
[epoch 2] train_loss=0.8482 val_loss=0.8325 mIoU=0.1646 mDice~=0.2503 MASD=41.5275 NSD=0.1498
** New best mIoU: 0.1646. Saved to /home/rmosad/surgical-video-segmentation-/experiments/set3UNet/UNet_256_inferior_mesenteric_arteryE80/best_TriPath.ckpt
[epoch 3] train_loss=0.7886 val_loss=0.8066 mIoU=0.1917 mDice~=0.2953 MASD=41.7452 NSD=0.1337
** New best mIoU: 0.1917. Saved to /home/rmosad/surgical-video-segmentation-/experiments/set3UNet/UNet_256_inferior_mesenteric_arteryE80/best_TriPath.ckpt
[epoch 4] train_loss=0.7267 val_loss=0.7549 mIoU=0.2116 mDice~=0.3183 MASD=41.1147 NSD=0.1441
** New best mIoU: 0.2116. Saved to /home/rmosad/surgical-video-segmentation-/experiments/set3UNet/UNet_256_inferior_mesenteric_arteryE80/best_TriPath.ckpt
[epoch 5] train_loss=0.6852 val_loss=0.7184 mIoU=0.2203 mDice~=0.3311 MASD=28.5330 NSD=0.1468
** New best mIoU: 0.2203. Saved to /home/rmosad/surgical-video-segmentation-/experiments/set3UNet/UNet_256_inferior_mesenteric_arteryE80/best_TriPath.ckpt
[epoch 6] train_loss=0.6394 val_loss=0.6522 mIoU=0.2054 mDice~=0.2959 MASD=32.5036 NSD=0.1612
[epoch 7] train_loss=0.6035 val_loss=0.6463 mIoU=0.2426 mDice~=0.3582 MASD=23.8749 NSD=0.1778
** New best mIoU: 0.2426. Saved to /home/rmosad/surgical-video-segmentation-/experiments/set3UNet/UNet_256_inferior_mesenteric_arteryE80/best_TriPath.ckpt
[epoch 8] train_loss=0.5764 val_loss=0.6095 mIoU=0.2103 mDice~=0.3032 MASD=23.3711 NSD=0.1829
[epoch 9] train_loss=0.5458 val_loss=0.6029 mIoU=0.2426 mDice~=0.3537 MASD=20.1846 NSD=0.2038
[epoch 10] train_loss=0.5217 val_loss=0.5925 mIoU=0.2332 mDice~=0.3386 MASD=35.6450 NSD=0.1793
[epoch 11] train_loss=0.4893 val_loss=0.5581 mIoU=0.2877 mDice~=0.4079 MASD=22.5648 NSD=0.2381
** New best mIoU: 0.2877. Saved to /home/rmosad/surgical-video-segmentation-/experiments/set3UNet/UNet_256_inferior_mesenteric_arteryE80/best_TriPath.ckpt
[epoch 12] train_loss=0.4611 val_loss=0.5455 mIoU=0.2461 mDice~=0.3475 MASD=28.8340 NSD=0.1925
[epoch 13] train_loss=0.4424 val_loss=0.5349 mIoU=0.2659 mDice~=0.3815 MASD=25.7440 NSD=0.2095
[epoch 14] train_loss=0.4200 val_loss=0.5284 mIoU=0.2315 mDice~=0.3301 MASD=24.6689 NSD=0.2078
[epoch 15] train_loss=0.3993 val_loss=0.4969 mIoU=0.2989 mDice~=0.4150 MASD=21.3942 NSD=0.2582
** New best mIoU: 0.2989. Saved to /home/rmosad/surgical-video-segmentation-/experiments/set3UNet/UNet_256_inferior_mesenteric_arteryE80/best_TriPath.ckpt
[epoch 16] train_loss=0.3822 val_loss=0.4754 mIoU=0.2951 mDice~=0.4049 MASD=19.8332 NSD=0.2611
[epoch 17] train_loss=0.3590 val_loss=0.4955 mIoU=0.2159 mDice~=0.3038 MASD=25.9926 NSD=0.2070
[epoch 18] train_loss=0.3436 val_loss=0.4995 mIoU=0.1865 mDice~=0.2669 MASD=25.1919 NSD=0.1683
[epoch 19] train_loss=0.3143 val_loss=0.4819 mIoU=0.2366 mDice~=0.3355 MASD=30.5925 NSD=0.2322
[epoch 20] train_loss=0.3008 val_loss=0.4542 mIoU=0.2907 mDice~=0.4062 MASD=22.4224 NSD=0.2527
[epoch 21] train_loss=0.2913 val_loss=0.4516 mIoU=0.2686 mDice~=0.3724 MASD=20.4748 NSD=0.2434
[epoch 22] train_loss=0.2709 val_loss=0.4471 mIoU=0.2556 mDice~=0.3543 MASD=19.5383 NSD=0.2427
[epoch 23] train_loss=0.2513 val_loss=0.4170 mIoU=0.3260 mDice~=0.4473 MASD=17.0137 NSD=0.3059
** New best mIoU: 0.3260. Saved to /home/rmosad/surgical-video-segmentation-/experiments/set3UNet/UNet_256_inferior_mesenteric_arteryE80/best_TriPath.ckpt
[epoch 24] train_loss=0.2362 val_loss=0.4298 mIoU=0.2762 mDice~=0.3821 MASD=20.3805 NSD=0.2599
[epoch 25] train_loss=0.2291 val_loss=0.4056 mIoU=0.3256 mDice~=0.4463 MASD=20.2480 NSD=0.2958
[epoch 26] train_loss=0.2152 val_loss=0.4251 mIoU=0.2626 mDice~=0.3565 MASD=20.3819 NSD=0.2566
[epoch 27] train_loss=0.2047 val_loss=0.4219 mIoU=0.2668 mDice~=0.3704 MASD=20.4461 NSD=0.2670
[epoch 28] train_loss=0.1941 val_loss=0.3975 mIoU=0.3089 mDice~=0.4230 MASD=17.3276 NSD=0.3163
[epoch 29] train_loss=0.1900 val_loss=0.3946 mIoU=0.2993 mDice~=0.4055 MASD=16.9308 NSD=0.3044
[epoch 30] train_loss=0.1824 val_loss=0.4131 mIoU=0.2787 mDice~=0.3841 MASD=18.3147 NSD=0.2751
[epoch 31] train_loss=0.1713 val_loss=0.3907 mIoU=0.2921 mDice~=0.4048 MASD=15.4145 NSD=0.3041
[epoch 32] train_loss=0.1637 val_loss=0.3718 mIoU=0.3343 mDice~=0.4482 MASD=16.4762 NSD=0.3224
** New best mIoU: 0.3343. Saved to /home/rmosad/surgical-video-segmentation-/experiments/set3UNet/UNet_256_inferior_mesenteric_arteryE80/best_TriPath.ckpt
[epoch 33] train_loss=0.1552 val_loss=0.4033 mIoU=0.2750 mDice~=0.3748 MASD=19.1363 NSD=0.2886
[epoch 34] train_loss=0.1459 val_loss=0.3762 mIoU=0.3165 mDice~=0.4346 MASD=18.2359 NSD=0.3177
[epoch 35] train_loss=0.1392 val_loss=0.3794 mIoU=0.3120 mDice~=0.4194 MASD=16.1314 NSD=0.3226
[epoch 36] train_loss=0.1357 val_loss=0.3674 mIoU=0.3282 mDice~=0.4385 MASD=14.1649 NSD=0.3334
[epoch 37] train_loss=0.1324 val_loss=0.3735 mIoU=0.3160 mDice~=0.4341 MASD=15.0438 NSD=0.3262
[epoch 38] train_loss=0.1239 val_loss=0.3804 mIoU=0.2936 mDice~=0.4050 MASD=17.4136 NSD=0.3098
[epoch 39] train_loss=0.1230 val_loss=0.3765 mIoU=0.3071 mDice~=0.4164 MASD=16.9100 NSD=0.3105
[epoch 40] train_loss=0.1196 val_loss=0.3597 mIoU=0.3296 mDice~=0.4458 MASD=14.6344 NSD=0.3403
[epoch 41] train_loss=0.1145 val_loss=0.3738 mIoU=0.3031 mDice~=0.4125 MASD=18.1784 NSD=0.3145
[epoch 42] train_loss=0.1086 val_loss=0.3520 mIoU=0.3439 mDice~=0.4655 MASD=15.4070 NSD=0.3530
** New best mIoU: 0.3439. Saved to /home/rmosad/surgical-video-segmentation-/experiments/set3UNet/UNet_256_inferior_mesenteric_arteryE80/best_TriPath.ckpt
[epoch 43] train_loss=0.1105 val_loss=0.3737 mIoU=0.3062 mDice~=0.4174 MASD=17.7346 NSD=0.3167
[epoch 44] train_loss=0.1058 val_loss=0.3465 mIoU=0.3458 mDice~=0.4637 MASD=14.4763 NSD=0.3586
** New best mIoU: 0.3458. Saved to /home/rmosad/surgical-video-segmentation-/experiments/set3UNet/UNet_256_inferior_mesenteric_arteryE80/best_TriPath.ckpt
[epoch 45] train_loss=0.1026 val_loss=0.3585 mIoU=0.3258 mDice~=0.4379 MASD=14.4582 NSD=0.3345
[epoch 46] train_loss=0.0979 val_loss=0.3642 mIoU=0.3174 mDice~=0.4295 MASD=16.1872 NSD=0.3330
[epoch 47] train_loss=0.0967 val_loss=0.3500 mIoU=0.3413 mDice~=0.4574 MASD=15.1105 NSD=0.3406
[epoch 48] train_loss=0.0970 val_loss=0.3636 mIoU=0.3160 mDice~=0.4275 MASD=16.4408 NSD=0.3300
[epoch 49] train_loss=0.0909 val_loss=0.3679 mIoU=0.3087 mDice~=0.4194 MASD=16.6268 NSD=0.3288
[epoch 50] train_loss=0.0871 val_loss=0.3566 mIoU=0.3228 mDice~=0.4359 MASD=15.2555 NSD=0.3374
[epoch 51] train_loss=0.0903 val_loss=0.3558 mIoU=0.3311 mDice~=0.4451 MASD=15.0923 NSD=0.3469
[epoch 52] train_loss=0.0862 val_loss=0.3625 mIoU=0.3166 mDice~=0.4330 MASD=15.6944 NSD=0.3367
[epoch 53] train_loss=0.0840 val_loss=0.3658 mIoU=0.3092 mDice~=0.4207 MASD=16.0492 NSD=0.3280
[epoch 54] train_loss=0.0801 val_loss=0.3667 mIoU=0.3071 mDice~=0.4206 MASD=14.9747 NSD=0.3242
[epoch 55] train_loss=0.0783 val_loss=0.3615 mIoU=0.3177 mDice~=0.4322 MASD=14.7831 NSD=0.3369
[epoch 56] train_loss=0.0768 val_loss=0.3567 mIoU=0.3267 mDice~=0.4411 MASD=14.5314 NSD=0.3431
[epoch 57] train_loss=0.0756 val_loss=0.3587 mIoU=0.3217 mDice~=0.4375 MASD=14.7120 NSD=0.3375
[epoch 58] train_loss=0.0759 val_loss=0.3558 mIoU=0.3230 mDice~=0.4354 MASD=16.0084 NSD=0.3360
[epoch 59] train_loss=0.0736 val_loss=0.3684 mIoU=0.3047 mDice~=0.4170 MASD=17.1993 NSD=0.3244
[epoch 60] train_loss=0.0732 val_loss=0.3695 mIoU=0.3060 mDice~=0.4170 MASD=16.4743 NSD=0.3285
[epoch 61] train_loss=0.0709 val_loss=0.3610 mIoU=0.3179 mDice~=0.4311 MASD=16.1135 NSD=0.3366
[epoch 62] train_loss=0.0700 val_loss=0.3631 mIoU=0.3157 mDice~=0.4296 MASD=15.2809 NSD=0.3381
[epoch 63] train_loss=0.0685 val_loss=0.3649 mIoU=0.3135 mDice~=0.4258 MASD=15.4803 NSD=0.3343
[epoch 64] train_loss=0.0684 val_loss=0.3650 mIoU=0.3116 mDice~=0.4217 MASD=16.2453 NSD=0.3233
[epoch 65] train_loss=0.0669 val_loss=0.3714 mIoU=0.3026 mDice~=0.4123 MASD=16.0097 NSD=0.3210
[epoch 66] train_loss=0.0667 val_loss=0.3706 mIoU=0.3034 mDice~=0.4132 MASD=16.3519 NSD=0.3265
[epoch 67] train_loss=0.0658 val_loss=0.3624 mIoU=0.3144 mDice~=0.4267 MASD=15.2021 NSD=0.3313
[epoch 68] train_loss=0.0648 val_loss=0.3606 mIoU=0.3207 mDice~=0.4349 MASD=15.7480 NSD=0.3362
[epoch 69] train_loss=0.0653 val_loss=0.3632 mIoU=0.3150 mDice~=0.4284 MASD=15.6761 NSD=0.3319
[epoch 70] train_loss=0.0642 val_loss=0.3606 mIoU=0.3223 mDice~=0.4364 MASD=15.8291 NSD=0.3399
[epoch 71] train_loss=0.0634 val_loss=0.3614 mIoU=0.3179 mDice~=0.4301 MASD=14.7494 NSD=0.3370
[epoch 72] train_loss=0.0625 val_loss=0.3660 mIoU=0.3108 mDice~=0.4225 MASD=15.3749 NSD=0.3295
[epoch 73] train_loss=0.0617 val_loss=0.3647 mIoU=0.3123 mDice~=0.4240 MASD=14.8808 NSD=0.3298
[epoch 74] train_loss=0.0622 val_loss=0.3670 mIoU=0.3082 mDice~=0.4193 MASD=15.4300 NSD=0.3258
[epoch 75] train_loss=0.0616 val_loss=0.3626 mIoU=0.3171 mDice~=0.4306 MASD=14.2347 NSD=0.3349
[epoch 76] train_loss=0.0621 val_loss=0.3673 mIoU=0.3083 mDice~=0.4191 MASD=15.4303 NSD=0.3284
[epoch 77] train_loss=0.0625 val_loss=0.3651 mIoU=0.3152 mDice~=0.4275 MASD=15.3460 NSD=0.3338
[epoch 78] train_loss=0.0613 val_loss=0.3682 mIoU=0.3064 mDice~=0.4174 MASD=15.1650 NSD=0.3257
[epoch 79] train_loss=0.0610 val_loss=0.3676 mIoU=0.3083 mDice~=0.4197 MASD=14.8036 NSD=0.3284
[epoch 80] train_loss=0.0616 val_loss=0.3667 mIoU=0.3092 mDice~=0.4208 MASD=15.6205 NSD=0.3277
Training done. Best mIoU=0.3458. Best ckpt: /home/rmosad/surgical-video-segmentation-/experiments/set3UNet/UNet_256_inferior_mesenteric_arteryE80/best_TriPath.ckpt
Logs saved to /home/rmosad/surgical-video-segmentation-/experiments/set3UNet/UNet_256_inferior_mesenteric_arteryE80/20260223-124430
