Organ: pancreas
GPU:
Mon Feb 23 12:58:46 2026       
+-----------------------------------------------------------------------------------------+
| NVIDIA-SMI 575.51.03              Driver Version: 575.51.03      CUDA Version: 12.9     |
|-----------------------------------------+------------------------+----------------------+
| GPU  Name                 Persistence-M | Bus-Id          Disp.A | Volatile Uncorr. ECC |
| Fan  Temp   Perf          Pwr:Usage/Cap |           Memory-Usage | GPU-Util  Compute M. |
|                                         |                        |               MIG M. |
|=========================================+========================+======================|
|   0  NVIDIA L40S                    Off |   00000000:E1:00.0 Off |                    0 |
| N/A   40C    P8             36W /  350W |       0MiB /  46068MiB |      0%      Default |
|                                         |                        |                  N/A |
+-----------------------------------------+------------------------+----------------------+
                                                                                         
+-----------------------------------------------------------------------------------------+
| Processes:                                                                              |
|  GPU   GI   CI              PID   Type   Process name                        GPU Memory |
|        ID   ID                                                               Usage      |
|=========================================================================================|
|  No running processes found                                                             |
+-----------------------------------------------------------------------------------------+
Model params: 30.76M
[epoch 1] train_loss=1.1120 val_loss=0.9564 mIoU=0.0004 mDice~=0.0008 MASD=74.8791 NSD=0.0026
** New best mIoU: 0.0004. Saved to /home/rmosad/surgical-video-segmentation-/experiments/set3UNet/UNet_256_pancreasE80/best_TriPath.ckpt
[epoch 2] train_loss=0.8396 val_loss=0.8382 mIoU=0.0960 mDice~=0.1502 MASD=49.5441 NSD=0.0622
** New best mIoU: 0.0960. Saved to /home/rmosad/surgical-video-segmentation-/experiments/set3UNet/UNet_256_pancreasE80/best_TriPath.ckpt
[epoch 3] train_loss=0.7816 val_loss=0.9397 mIoU=0.0501 mDice~=0.0837 MASD=50.8518 NSD=0.0274
[epoch 4] train_loss=0.7414 val_loss=0.7670 mIoU=0.1457 mDice~=0.2147 MASD=50.1406 NSD=0.1239
** New best mIoU: 0.1457. Saved to /home/rmosad/surgical-video-segmentation-/experiments/set3UNet/UNet_256_pancreasE80/best_TriPath.ckpt
[epoch 5] train_loss=0.7032 val_loss=0.7263 mIoU=0.2022 mDice~=0.2792 MASD=47.7725 NSD=0.1781
** New best mIoU: 0.2022. Saved to /home/rmosad/surgical-video-segmentation-/experiments/set3UNet/UNet_256_pancreasE80/best_TriPath.ckpt
[epoch 6] train_loss=0.6661 val_loss=0.6903 mIoU=0.1697 mDice~=0.2382 MASD=43.0581 NSD=0.1723
[epoch 7] train_loss=0.6306 val_loss=0.6693 mIoU=0.1580 mDice~=0.2195 MASD=46.1900 NSD=0.1489
[epoch 8] train_loss=0.6003 val_loss=0.6478 mIoU=0.1420 mDice~=0.1948 MASD=45.9562 NSD=0.1446
[epoch 9] train_loss=0.5737 val_loss=0.6777 mIoU=0.1724 mDice~=0.2542 MASD=43.4734 NSD=0.1310
[epoch 10] train_loss=0.5476 val_loss=0.6216 mIoU=0.1719 mDice~=0.2353 MASD=44.3524 NSD=0.1751
[epoch 11] train_loss=0.5208 val_loss=0.5935 mIoU=0.2158 mDice~=0.2971 MASD=40.3601 NSD=0.1940
** New best mIoU: 0.2158. Saved to /home/rmosad/surgical-video-segmentation-/experiments/set3UNet/UNet_256_pancreasE80/best_TriPath.ckpt
[epoch 12] train_loss=0.5085 val_loss=0.6056 mIoU=0.1520 mDice~=0.2089 MASD=40.9583 NSD=0.1777
[epoch 13] train_loss=0.4824 val_loss=0.5931 mIoU=0.2010 mDice~=0.2790 MASD=41.5958 NSD=0.1795
[epoch 14] train_loss=0.4650 val_loss=0.5968 mIoU=0.1248 mDice~=0.1666 MASD=50.8807 NSD=0.1397
[epoch 15] train_loss=0.4336 val_loss=0.5377 mIoU=0.2401 mDice~=0.3333 MASD=35.5841 NSD=0.2416
** New best mIoU: 0.2401. Saved to /home/rmosad/surgical-video-segmentation-/experiments/set3UNet/UNet_256_pancreasE80/best_TriPath.ckpt
[epoch 16] train_loss=0.4166 val_loss=0.5962 mIoU=0.0948 mDice~=0.1372 MASD=42.7692 NSD=0.1202
[epoch 17] train_loss=0.3995 val_loss=0.5679 mIoU=0.1584 mDice~=0.2141 MASD=43.7231 NSD=0.1790
[epoch 18] train_loss=0.3821 val_loss=0.5499 mIoU=0.1886 mDice~=0.2513 MASD=34.5357 NSD=0.2130
[epoch 19] train_loss=0.3638 val_loss=0.5630 mIoU=0.1760 mDice~=0.2330 MASD=35.9358 NSD=0.1986
[epoch 20] train_loss=0.3362 val_loss=0.5422 mIoU=0.1860 mDice~=0.2536 MASD=35.2491 NSD=0.2235
[epoch 21] train_loss=0.3329 val_loss=0.5562 mIoU=0.1641 mDice~=0.2218 MASD=33.7412 NSD=0.1926
[epoch 22] train_loss=0.3059 val_loss=0.5172 mIoU=0.2393 mDice~=0.3207 MASD=30.9623 NSD=0.2700
[epoch 23] train_loss=0.2902 val_loss=0.6014 mIoU=0.1014 mDice~=0.1411 MASD=38.4777 NSD=0.1298
[epoch 24] train_loss=0.2786 val_loss=0.5611 mIoU=0.1587 mDice~=0.2124 MASD=39.6954 NSD=0.1844
[epoch 25] train_loss=0.2653 val_loss=0.5473 mIoU=0.1733 mDice~=0.2333 MASD=35.0110 NSD=0.1998
[epoch 26] train_loss=0.2504 val_loss=0.5413 mIoU=0.1816 mDice~=0.2425 MASD=36.4669 NSD=0.2208
[epoch 27] train_loss=0.2394 val_loss=0.5361 mIoU=0.1936 mDice~=0.2485 MASD=36.4825 NSD=0.2149
[epoch 28] train_loss=0.2319 val_loss=0.5646 mIoU=0.1533 mDice~=0.2041 MASD=42.6810 NSD=0.1760
[epoch 29] train_loss=0.2256 val_loss=0.5178 mIoU=0.2067 mDice~=0.2783 MASD=36.8206 NSD=0.2422
[epoch 30] train_loss=0.2166 val_loss=0.5150 mIoU=0.2141 mDice~=0.2808 MASD=41.5236 NSD=0.2448
[epoch 31] train_loss=0.2069 val_loss=0.4862 mIoU=0.2403 mDice~=0.3175 MASD=34.8295 NSD=0.2686
** New best mIoU: 0.2403. Saved to /home/rmosad/surgical-video-segmentation-/experiments/set3UNet/UNet_256_pancreasE80/best_TriPath.ckpt
[epoch 32] train_loss=0.1986 val_loss=0.5313 mIoU=0.1991 mDice~=0.2603 MASD=37.9577 NSD=0.2290
[epoch 33] train_loss=0.1860 val_loss=0.5130 mIoU=0.2271 mDice~=0.2944 MASD=39.4523 NSD=0.2584
[epoch 34] train_loss=0.1797 val_loss=0.5352 mIoU=0.1855 mDice~=0.2428 MASD=42.9319 NSD=0.2069
[epoch 35] train_loss=0.1761 val_loss=0.5147 mIoU=0.2153 mDice~=0.2806 MASD=39.5337 NSD=0.2459
[epoch 36] train_loss=0.1669 val_loss=0.5108 mIoU=0.2129 mDice~=0.2785 MASD=37.5534 NSD=0.2346
[epoch 37] train_loss=0.1665 val_loss=0.4948 mIoU=0.2320 mDice~=0.3029 MASD=35.8773 NSD=0.2607
[epoch 38] train_loss=0.1605 val_loss=0.5264 mIoU=0.2003 mDice~=0.2608 MASD=38.9837 NSD=0.2236
[epoch 39] train_loss=0.1552 val_loss=0.5449 mIoU=0.1859 mDice~=0.2394 MASD=38.2605 NSD=0.2175
[epoch 40] train_loss=0.1480 val_loss=0.5208 mIoU=0.2127 mDice~=0.2764 MASD=37.7665 NSD=0.2429
[epoch 41] train_loss=0.1460 val_loss=0.5517 mIoU=0.1764 mDice~=0.2337 MASD=39.6903 NSD=0.2043
[epoch 42] train_loss=0.1410 val_loss=0.5594 mIoU=0.1783 mDice~=0.2319 MASD=38.9397 NSD=0.2093
[epoch 43] train_loss=0.1422 val_loss=0.5417 mIoU=0.1903 mDice~=0.2510 MASD=39.0233 NSD=0.2213
[epoch 44] train_loss=0.1379 val_loss=0.5049 mIoU=0.2224 mDice~=0.2927 MASD=33.6485 NSD=0.2524
[epoch 45] train_loss=0.1347 val_loss=0.5137 mIoU=0.2248 mDice~=0.2950 MASD=35.9920 NSD=0.2580
[epoch 46] train_loss=0.1289 val_loss=0.5508 mIoU=0.1847 mDice~=0.2418 MASD=37.4277 NSD=0.2147
[epoch 47] train_loss=0.1256 val_loss=0.5440 mIoU=0.1884 mDice~=0.2472 MASD=39.2236 NSD=0.2170
[epoch 48] train_loss=0.1232 val_loss=0.5349 mIoU=0.1940 mDice~=0.2611 MASD=37.1638 NSD=0.2237
[epoch 49] train_loss=0.1191 val_loss=0.5274 mIoU=0.2071 mDice~=0.2720 MASD=37.4820 NSD=0.2370
[epoch 50] train_loss=0.1167 val_loss=0.5530 mIoU=0.1822 mDice~=0.2417 MASD=40.9420 NSD=0.2161
[epoch 51] train_loss=0.1152 val_loss=0.5358 mIoU=0.1998 mDice~=0.2623 MASD=37.6248 NSD=0.2295
[epoch 52] train_loss=0.1125 val_loss=0.5613 mIoU=0.1767 mDice~=0.2337 MASD=36.1893 NSD=0.2096
[epoch 53] train_loss=0.1112 val_loss=0.5315 mIoU=0.2051 mDice~=0.2688 MASD=35.9379 NSD=0.2318
[epoch 54] train_loss=0.1111 val_loss=0.5206 mIoU=0.2163 mDice~=0.2856 MASD=37.7291 NSD=0.2468
[epoch 55] train_loss=0.1104 val_loss=0.5544 mIoU=0.1861 mDice~=0.2454 MASD=37.5554 NSD=0.2158
[epoch 56] train_loss=0.1065 val_loss=0.5529 mIoU=0.1836 mDice~=0.2456 MASD=37.3342 NSD=0.2183
[epoch 57] train_loss=0.1047 val_loss=0.5359 mIoU=0.2033 mDice~=0.2683 MASD=37.3665 NSD=0.2333
[epoch 58] train_loss=0.1029 val_loss=0.5348 mIoU=0.2075 mDice~=0.2724 MASD=37.0865 NSD=0.2370
[epoch 59] train_loss=0.1011 val_loss=0.5619 mIoU=0.1779 mDice~=0.2359 MASD=37.0151 NSD=0.2089
[epoch 60] train_loss=0.0994 val_loss=0.5465 mIoU=0.1940 mDice~=0.2561 MASD=36.9506 NSD=0.2237
[epoch 61] train_loss=0.0985 val_loss=0.5246 mIoU=0.2127 mDice~=0.2830 MASD=34.9333 NSD=0.2403
[epoch 62] train_loss=0.0983 val_loss=0.5432 mIoU=0.1958 mDice~=0.2598 MASD=36.9054 NSD=0.2281
[epoch 63] train_loss=0.0966 val_loss=0.5398 mIoU=0.2018 mDice~=0.2673 MASD=35.7941 NSD=0.2331
[epoch 64] train_loss=0.0949 val_loss=0.5469 mIoU=0.1953 mDice~=0.2586 MASD=35.0563 NSD=0.2251
[epoch 65] train_loss=0.0950 val_loss=0.5381 mIoU=0.2040 mDice~=0.2694 MASD=36.3697 NSD=0.2340
[epoch 66] train_loss=0.0936 val_loss=0.5390 mIoU=0.2029 mDice~=0.2707 MASD=35.2491 NSD=0.2369
[epoch 67] train_loss=0.0931 val_loss=0.5442 mIoU=0.1959 mDice~=0.2609 MASD=35.3631 NSD=0.2272
[epoch 68] train_loss=0.0937 val_loss=0.5485 mIoU=0.1933 mDice~=0.2568 MASD=36.5494 NSD=0.2239
[epoch 69] train_loss=0.0904 val_loss=0.5469 mIoU=0.1940 mDice~=0.2585 MASD=36.8776 NSD=0.2252
[epoch 70] train_loss=0.0899 val_loss=0.5391 mIoU=0.2033 mDice~=0.2700 MASD=35.1357 NSD=0.2331
[epoch 71] train_loss=0.0919 val_loss=0.5462 mIoU=0.1953 mDice~=0.2598 MASD=35.7792 NSD=0.2261
[epoch 72] train_loss=0.0902 val_loss=0.5422 mIoU=0.1998 mDice~=0.2656 MASD=36.1780 NSD=0.2295
[epoch 73] train_loss=0.0904 val_loss=0.5513 mIoU=0.1902 mDice~=0.2538 MASD=36.0740 NSD=0.2224
[epoch 74] train_loss=0.0894 val_loss=0.5443 mIoU=0.1979 mDice~=0.2636 MASD=36.0202 NSD=0.2285
[epoch 75] train_loss=0.0893 val_loss=0.5500 mIoU=0.1932 mDice~=0.2572 MASD=37.1591 NSD=0.2247
[epoch 76] train_loss=0.0895 val_loss=0.5459 mIoU=0.1969 mDice~=0.2619 MASD=35.3006 NSD=0.2281
[epoch 77] train_loss=0.0883 val_loss=0.5458 mIoU=0.1960 mDice~=0.2608 MASD=37.1427 NSD=0.2275
[epoch 78] train_loss=0.0890 val_loss=0.5444 mIoU=0.1973 mDice~=0.2625 MASD=36.0610 NSD=0.2276
[epoch 79] train_loss=0.0888 val_loss=0.5423 mIoU=0.2002 mDice~=0.2663 MASD=36.4561 NSD=0.2305
[epoch 80] train_loss=0.0885 val_loss=0.5471 mIoU=0.1956 mDice~=0.2602 MASD=36.7343 NSD=0.2267
Training done. Best mIoU=0.2403. Best ckpt: /home/rmosad/surgical-video-segmentation-/experiments/set3UNet/UNet_256_pancreasE80/best_TriPath.ckpt
Logs saved to /home/rmosad/surgical-video-segmentation-/experiments/set3UNet/UNet_256_pancreasE80/20260223-125847
