Organ: vesicular_glands
GPU:
Mon Feb 23 13:16:11 2026       
+-----------------------------------------------------------------------------------------+
| NVIDIA-SMI 575.51.03              Driver Version: 575.51.03      CUDA Version: 12.9     |
|-----------------------------------------+------------------------+----------------------+
| GPU  Name                 Persistence-M | Bus-Id          Disp.A | Volatile Uncorr. ECC |
| Fan  Temp   Perf          Pwr:Usage/Cap |           Memory-Usage | GPU-Util  Compute M. |
|                                         |                        |               MIG M. |
|=========================================+========================+======================|
|   0  NVIDIA L40S                    Off |   00000000:0B:00.0 Off |                    0 |
| N/A   42C    P0             91W /  350W |       0MiB /  46068MiB |      0%      Default |
|                                         |                        |                  N/A |
+-----------------------------------------+------------------------+----------------------+
                                                                                         
+-----------------------------------------------------------------------------------------+
| Processes:                                                                              |
|  GPU   GI   CI              PID   Type   Process name                        GPU Memory |
|        ID   ID                                                               Usage      |
|=========================================================================================|
|  No running processes found                                                             |
+-----------------------------------------------------------------------------------------+
Model params: 30.76M
[epoch 1] train_loss=1.1139 val_loss=0.9469 mIoU=0.0026 mDice~=0.0050 MASD=65.5903 NSD=0.0358
** New best mIoU: 0.0026. Saved to /home/rmosad/surgical-video-segmentation-/experiments/set3UNet/UNet_256_vesicular_glandsE80/best_TriPath.ckpt
[epoch 2] train_loss=0.8511 val_loss=0.8182 mIoU=0.0000 mDice~=0.0000 MASD=0.0000 NSD=0.0000
[epoch 3] train_loss=0.7963 val_loss=0.7916 mIoU=0.0018 mDice~=0.0035 MASD=102.7800 NSD=0.0042
[epoch 4] train_loss=0.7688 val_loss=0.7648 mIoU=0.0001 mDice~=0.0003 MASD=81.8380 NSD=0.0016
[epoch 5] train_loss=0.7263 val_loss=0.7150 mIoU=0.0608 mDice~=0.0957 MASD=45.1599 NSD=0.0609
** New best mIoU: 0.0608. Saved to /home/rmosad/surgical-video-segmentation-/experiments/set3UNet/UNet_256_vesicular_glandsE80/best_TriPath.ckpt
[epoch 6] train_loss=0.6917 val_loss=0.7045 mIoU=0.1391 mDice~=0.2113 MASD=38.8718 NSD=0.1348
** New best mIoU: 0.1391. Saved to /home/rmosad/surgical-video-segmentation-/experiments/set3UNet/UNet_256_vesicular_glandsE80/best_TriPath.ckpt
[epoch 7] train_loss=0.6596 val_loss=0.6883 mIoU=0.1335 mDice~=0.2049 MASD=36.9013 NSD=0.1262
[epoch 8] train_loss=0.6294 val_loss=0.6346 mIoU=0.1951 mDice~=0.2859 MASD=33.1766 NSD=0.1547
** New best mIoU: 0.1951. Saved to /home/rmosad/surgical-video-segmentation-/experiments/set3UNet/UNet_256_vesicular_glandsE80/best_TriPath.ckpt
[epoch 9] train_loss=0.6010 val_loss=0.6234 mIoU=0.1944 mDice~=0.2817 MASD=30.8459 NSD=0.1588
[epoch 10] train_loss=0.5811 val_loss=0.6382 mIoU=0.1906 mDice~=0.2842 MASD=34.5497 NSD=0.1595
[epoch 11] train_loss=0.5649 val_loss=0.6940 mIoU=0.1540 mDice~=0.2396 MASD=41.4511 NSD=0.1260
[epoch 12] train_loss=0.5326 val_loss=0.5725 mIoU=0.2146 mDice~=0.3056 MASD=27.4352 NSD=0.1818
** New best mIoU: 0.2146. Saved to /home/rmosad/surgical-video-segmentation-/experiments/set3UNet/UNet_256_vesicular_glandsE80/best_TriPath.ckpt
[epoch 13] train_loss=0.5103 val_loss=0.5706 mIoU=0.1834 mDice~=0.2671 MASD=29.5688 NSD=0.1605
[epoch 14] train_loss=0.4878 val_loss=0.5377 mIoU=0.2393 mDice~=0.3433 MASD=27.3075 NSD=0.1813
** New best mIoU: 0.2393. Saved to /home/rmosad/surgical-video-segmentation-/experiments/set3UNet/UNet_256_vesicular_glandsE80/best_TriPath.ckpt
[epoch 15] train_loss=0.4659 val_loss=0.6352 mIoU=0.1813 mDice~=0.2793 MASD=36.3854 NSD=0.1385
[epoch 16] train_loss=0.4498 val_loss=0.5209 mIoU=0.2069 mDice~=0.2980 MASD=26.6860 NSD=0.1626
[epoch 17] train_loss=0.4241 val_loss=0.5291 mIoU=0.2052 mDice~=0.3020 MASD=30.6567 NSD=0.1737
[epoch 18] train_loss=0.4201 val_loss=0.5001 mIoU=0.2106 mDice~=0.2954 MASD=25.7749 NSD=0.1865
[epoch 19] train_loss=0.3956 val_loss=0.5150 mIoU=0.2041 mDice~=0.2958 MASD=25.6515 NSD=0.1665
[epoch 20] train_loss=0.3914 val_loss=0.4969 mIoU=0.2303 mDice~=0.3286 MASD=25.3307 NSD=0.1815
[epoch 21] train_loss=0.3639 val_loss=0.5293 mIoU=0.1677 mDice~=0.2349 MASD=30.8532 NSD=0.1683
[epoch 22] train_loss=0.3524 val_loss=0.4709 mIoU=0.2564 mDice~=0.3599 MASD=25.9859 NSD=0.2169
** New best mIoU: 0.2564. Saved to /home/rmosad/surgical-video-segmentation-/experiments/set3UNet/UNet_256_vesicular_glandsE80/best_TriPath.ckpt
[epoch 23] train_loss=0.3313 val_loss=0.4564 mIoU=0.2601 mDice~=0.3616 MASD=23.0697 NSD=0.2242
** New best mIoU: 0.2601. Saved to /home/rmosad/surgical-video-segmentation-/experiments/set3UNet/UNet_256_vesicular_glandsE80/best_TriPath.ckpt
[epoch 24] train_loss=0.3172 val_loss=0.4974 mIoU=0.2023 mDice~=0.2813 MASD=27.6499 NSD=0.2051
[epoch 25] train_loss=0.2992 val_loss=0.4521 mIoU=0.2499 mDice~=0.3450 MASD=23.3666 NSD=0.2278
[epoch 26] train_loss=0.2963 val_loss=0.4450 mIoU=0.2554 mDice~=0.3483 MASD=25.7012 NSD=0.2246
[epoch 27] train_loss=0.2825 val_loss=0.4684 mIoU=0.2402 mDice~=0.3330 MASD=23.5549 NSD=0.2322
[epoch 28] train_loss=0.2658 val_loss=0.4819 mIoU=0.2102 mDice~=0.2899 MASD=25.4426 NSD=0.2151
[epoch 29] train_loss=0.2466 val_loss=0.4166 mIoU=0.2869 mDice~=0.3902 MASD=22.8607 NSD=0.2612
** New best mIoU: 0.2869. Saved to /home/rmosad/surgical-video-segmentation-/experiments/set3UNet/UNet_256_vesicular_glandsE80/best_TriPath.ckpt
[epoch 30] train_loss=0.2424 val_loss=0.4102 mIoU=0.2924 mDice~=0.3928 MASD=24.0515 NSD=0.2787
** New best mIoU: 0.2924. Saved to /home/rmosad/surgical-video-segmentation-/experiments/set3UNet/UNet_256_vesicular_glandsE80/best_TriPath.ckpt
[epoch 31] train_loss=0.2275 val_loss=0.4312 mIoU=0.2573 mDice~=0.3490 MASD=24.1177 NSD=0.2388
[epoch 32] train_loss=0.2252 val_loss=0.4092 mIoU=0.2848 mDice~=0.3895 MASD=24.2782 NSD=0.2538
[epoch 33] train_loss=0.2098 val_loss=0.4602 mIoU=0.2300 mDice~=0.3124 MASD=24.7870 NSD=0.2295
[epoch 34] train_loss=0.2011 val_loss=0.4288 mIoU=0.2589 mDice~=0.3512 MASD=30.4583 NSD=0.2489
[epoch 35] train_loss=0.2039 val_loss=0.4176 mIoU=0.2766 mDice~=0.3754 MASD=23.3220 NSD=0.2669
[epoch 36] train_loss=0.1928 val_loss=0.4597 mIoU=0.2347 mDice~=0.3203 MASD=23.8849 NSD=0.2398
[epoch 37] train_loss=0.1885 val_loss=0.4402 mIoU=0.2459 mDice~=0.3348 MASD=22.5824 NSD=0.2433
[epoch 38] train_loss=0.1765 val_loss=0.4466 mIoU=0.2457 mDice~=0.3305 MASD=23.2318 NSD=0.2483
[epoch 39] train_loss=0.1699 val_loss=0.4349 mIoU=0.2599 mDice~=0.3488 MASD=27.7359 NSD=0.2574
[epoch 40] train_loss=0.1658 val_loss=0.4108 mIoU=0.2936 mDice~=0.3987 MASD=21.0015 NSD=0.2785
** New best mIoU: 0.2936. Saved to /home/rmosad/surgical-video-segmentation-/experiments/set3UNet/UNet_256_vesicular_glandsE80/best_TriPath.ckpt
[epoch 41] train_loss=0.1655 val_loss=0.4377 mIoU=0.2384 mDice~=0.3216 MASD=24.5723 NSD=0.2328
[epoch 42] train_loss=0.1493 val_loss=0.4226 mIoU=0.2773 mDice~=0.3752 MASD=24.2168 NSD=0.2787
[epoch 43] train_loss=0.1465 val_loss=0.4269 mIoU=0.2629 mDice~=0.3551 MASD=24.2796 NSD=0.2626
[epoch 44] train_loss=0.1393 val_loss=0.4324 mIoU=0.2606 mDice~=0.3543 MASD=23.6008 NSD=0.2581
[epoch 45] train_loss=0.1304 val_loss=0.4589 mIoU=0.2349 mDice~=0.3209 MASD=25.2771 NSD=0.2435
[epoch 46] train_loss=0.1277 val_loss=0.4204 mIoU=0.2737 mDice~=0.3723 MASD=25.1321 NSD=0.2733
[epoch 47] train_loss=0.1295 val_loss=0.4238 mIoU=0.2726 mDice~=0.3666 MASD=22.3744 NSD=0.2729
[epoch 48] train_loss=0.1223 val_loss=0.4338 mIoU=0.2674 mDice~=0.3643 MASD=23.1178 NSD=0.2733
[epoch 49] train_loss=0.1207 val_loss=0.4118 mIoU=0.2869 mDice~=0.3847 MASD=23.8505 NSD=0.2836
[epoch 50] train_loss=0.1133 val_loss=0.4313 mIoU=0.2682 mDice~=0.3610 MASD=24.6179 NSD=0.2696
[epoch 51] train_loss=0.1090 val_loss=0.4448 mIoU=0.2510 mDice~=0.3409 MASD=23.9520 NSD=0.2553
[epoch 52] train_loss=0.1077 val_loss=0.4723 mIoU=0.2203 mDice~=0.3015 MASD=26.4741 NSD=0.2303
[epoch 53] train_loss=0.1086 val_loss=0.4317 mIoU=0.2609 mDice~=0.3537 MASD=22.8416 NSD=0.2637
[epoch 54] train_loss=0.1059 val_loss=0.4263 mIoU=0.2736 mDice~=0.3687 MASD=22.8925 NSD=0.2758
[epoch 55] train_loss=0.1027 val_loss=0.4423 mIoU=0.2439 mDice~=0.3311 MASD=23.7419 NSD=0.2428
[epoch 56] train_loss=0.1005 val_loss=0.4408 mIoU=0.2583 mDice~=0.3513 MASD=22.6631 NSD=0.2689
[epoch 57] train_loss=0.0985 val_loss=0.4395 mIoU=0.2577 mDice~=0.3478 MASD=23.7485 NSD=0.2612
[epoch 58] train_loss=0.0961 val_loss=0.4375 mIoU=0.2649 mDice~=0.3575 MASD=24.0052 NSD=0.2719
[epoch 59] train_loss=0.0953 val_loss=0.4381 mIoU=0.2592 mDice~=0.3498 MASD=23.5396 NSD=0.2653
[epoch 60] train_loss=0.0947 val_loss=0.4384 mIoU=0.2595 mDice~=0.3506 MASD=23.3356 NSD=0.2669
[epoch 61] train_loss=0.0899 val_loss=0.4404 mIoU=0.2580 mDice~=0.3485 MASD=23.5093 NSD=0.2638
[epoch 62] train_loss=0.0903 val_loss=0.4483 mIoU=0.2513 mDice~=0.3398 MASD=24.1664 NSD=0.2584
[epoch 63] train_loss=0.0860 val_loss=0.4428 mIoU=0.2571 mDice~=0.3476 MASD=23.4153 NSD=0.2636
[epoch 64] train_loss=0.0857 val_loss=0.4403 mIoU=0.2583 mDice~=0.3489 MASD=23.2199 NSD=0.2652
[epoch 65] train_loss=0.0862 val_loss=0.4464 mIoU=0.2524 mDice~=0.3421 MASD=23.7868 NSD=0.2593
[epoch 66] train_loss=0.0850 val_loss=0.4392 mIoU=0.2583 mDice~=0.3498 MASD=23.8024 NSD=0.2626
[epoch 67] train_loss=0.0820 val_loss=0.4452 mIoU=0.2548 mDice~=0.3450 MASD=23.6973 NSD=0.2585
[epoch 68] train_loss=0.0810 val_loss=0.4459 mIoU=0.2522 mDice~=0.3424 MASD=23.6231 NSD=0.2557
[epoch 69] train_loss=0.0830 val_loss=0.4388 mIoU=0.2601 mDice~=0.3533 MASD=23.2743 NSD=0.2634
[epoch 70] train_loss=0.0821 val_loss=0.4396 mIoU=0.2615 mDice~=0.3546 MASD=23.7240 NSD=0.2696
[epoch 71] train_loss=0.0801 val_loss=0.4478 mIoU=0.2518 mDice~=0.3416 MASD=23.4948 NSD=0.2579
[epoch 72] train_loss=0.0821 val_loss=0.4500 mIoU=0.2475 mDice~=0.3369 MASD=24.2909 NSD=0.2546
[epoch 73] train_loss=0.0809 val_loss=0.4435 mIoU=0.2577 mDice~=0.3493 MASD=23.8010 NSD=0.2635
[epoch 74] train_loss=0.0797 val_loss=0.4469 mIoU=0.2540 mDice~=0.3446 MASD=23.8400 NSD=0.2611
[epoch 75] train_loss=0.0799 val_loss=0.4478 mIoU=0.2526 mDice~=0.3432 MASD=23.4006 NSD=0.2592
[epoch 76] train_loss=0.0792 val_loss=0.4527 mIoU=0.2455 mDice~=0.3347 MASD=25.1685 NSD=0.2541
[epoch 77] train_loss=0.0794 val_loss=0.4435 mIoU=0.2556 mDice~=0.3470 MASD=23.3579 NSD=0.2600
[epoch 78] train_loss=0.0792 val_loss=0.4457 mIoU=0.2543 mDice~=0.3453 MASD=23.2463 NSD=0.2600
[epoch 79] train_loss=0.0786 val_loss=0.4519 mIoU=0.2476 mDice~=0.3363 MASD=23.8225 NSD=0.2535
[epoch 80] train_loss=0.0782 val_loss=0.4464 mIoU=0.2525 mDice~=0.3429 MASD=23.7183 NSD=0.2576
Training done. Best mIoU=0.2936. Best ckpt: /home/rmosad/surgical-video-segmentation-/experiments/set3UNet/UNet_256_vesicular_glandsE80/best_TriPath.ckpt
Logs saved to /home/rmosad/surgical-video-segmentation-/experiments/set3UNet/UNet_256_vesicular_glandsE80/20260223-131614
