Organ: ureter
GPU:
Mon Feb 23 13:15:41 2026       
+-----------------------------------------------------------------------------------------+
| NVIDIA-SMI 575.51.03              Driver Version: 575.51.03      CUDA Version: 12.9     |
|-----------------------------------------+------------------------+----------------------+
| GPU  Name                 Persistence-M | Bus-Id          Disp.A | Volatile Uncorr. ECC |
| Fan  Temp   Perf          Pwr:Usage/Cap |           Memory-Usage | GPU-Util  Compute M. |
|                                         |                        |               MIG M. |
|=========================================+========================+======================|
|   0  NVIDIA L40S                    Off |   00000001:0B:00.0 Off |                    0 |
| N/A   32C    P8             33W /  350W |       0MiB /  46068MiB |      0%      Default |
|                                         |                        |                  N/A |
+-----------------------------------------+------------------------+----------------------+
                                                                                         
+-----------------------------------------------------------------------------------------+
| Processes:                                                                              |
|  GPU   GI   CI              PID   Type   Process name                        GPU Memory |
|        ID   ID                                                               Usage      |
|=========================================================================================|
|  No running processes found                                                             |
+-----------------------------------------------------------------------------------------+
Model params: 30.76M
[epoch 1] train_loss=1.0941 val_loss=0.9108 mIoU=0.0000 mDice~=0.0000 MASD=116.0442 NSD=0.0003
** New best mIoU: 0.0000. Saved to /home/rmosad/surgical-video-segmentation-/experiments/set3UNet/UNet_256_ureterE80/best_TriPath.ckpt
[epoch 2] train_loss=0.8360 val_loss=0.8251 mIoU=0.0000 mDice~=0.0000 MASD=101.3410 NSD=0.0000
** New best mIoU: 0.0000. Saved to /home/rmosad/surgical-video-segmentation-/experiments/set3UNet/UNet_256_ureterE80/best_TriPath.ckpt
[epoch 3] train_loss=0.7826 val_loss=0.7840 mIoU=0.0000 mDice~=0.0000 MASD=120.2898 NSD=0.0000
** New best mIoU: 0.0000. Saved to /home/rmosad/surgical-video-segmentation-/experiments/set3UNet/UNet_256_ureterE80/best_TriPath.ckpt
[epoch 4] train_loss=0.7445 val_loss=1.1082 mIoU=0.0000 mDice~=0.0001 MASD=111.3129 NSD=0.0002
** New best mIoU: 0.0000. Saved to /home/rmosad/surgical-video-segmentation-/experiments/set3UNet/UNet_256_ureterE80/best_TriPath.ckpt
[epoch 5] train_loss=0.7185 val_loss=0.7282 mIoU=0.0179 mDice~=0.0308 MASD=83.7099 NSD=0.0299
** New best mIoU: 0.0179. Saved to /home/rmosad/surgical-video-segmentation-/experiments/set3UNet/UNet_256_ureterE80/best_TriPath.ckpt
[epoch 6] train_loss=0.6878 val_loss=0.7155 mIoU=0.0199 mDice~=0.0361 MASD=77.9748 NSD=0.0244
** New best mIoU: 0.0199. Saved to /home/rmosad/surgical-video-segmentation-/experiments/set3UNet/UNet_256_ureterE80/best_TriPath.ckpt
[epoch 7] train_loss=0.6646 val_loss=0.7059 mIoU=0.0688 mDice~=0.1111 MASD=66.3085 NSD=0.1115
** New best mIoU: 0.0688. Saved to /home/rmosad/surgical-video-segmentation-/experiments/set3UNet/UNet_256_ureterE80/best_TriPath.ckpt
[epoch 8] train_loss=0.6451 val_loss=0.6668 mIoU=0.0764 mDice~=0.1209 MASD=63.3527 NSD=0.1153
** New best mIoU: 0.0764. Saved to /home/rmosad/surgical-video-segmentation-/experiments/set3UNet/UNet_256_ureterE80/best_TriPath.ckpt
[epoch 9] train_loss=0.6213 val_loss=0.6480 mIoU=0.0532 mDice~=0.0874 MASD=69.1450 NSD=0.0781
[epoch 10] train_loss=0.6027 val_loss=0.6439 mIoU=0.0840 mDice~=0.1355 MASD=57.1299 NSD=0.1136
** New best mIoU: 0.0840. Saved to /home/rmosad/surgical-video-segmentation-/experiments/set3UNet/UNet_256_ureterE80/best_TriPath.ckpt
[epoch 11] train_loss=0.5833 val_loss=0.6452 mIoU=0.0779 mDice~=0.1300 MASD=56.8358 NSD=0.1016
[epoch 12] train_loss=0.5661 val_loss=0.5847 mIoU=0.0771 mDice~=0.1144 MASD=52.0787 NSD=0.0969
[epoch 13] train_loss=0.5457 val_loss=0.5836 mIoU=0.0843 mDice~=0.1269 MASD=57.1352 NSD=0.1015
** New best mIoU: 0.0843. Saved to /home/rmosad/surgical-video-segmentation-/experiments/set3UNet/UNet_256_ureterE80/best_TriPath.ckpt
[epoch 14] train_loss=0.5258 val_loss=0.5519 mIoU=0.1835 mDice~=0.2609 MASD=41.1763 NSD=0.1960
** New best mIoU: 0.1835. Saved to /home/rmosad/surgical-video-segmentation-/experiments/set3UNet/UNet_256_ureterE80/best_TriPath.ckpt
[epoch 15] train_loss=0.5119 val_loss=0.5575 mIoU=0.1500 mDice~=0.2300 MASD=49.4537 NSD=0.1669
[epoch 16] train_loss=0.4886 val_loss=0.5660 mIoU=0.1220 mDice~=0.1959 MASD=45.1315 NSD=0.1396
[epoch 17] train_loss=0.4728 val_loss=0.5146 mIoU=0.2226 mDice~=0.3079 MASD=38.8192 NSD=0.2390
** New best mIoU: 0.2226. Saved to /home/rmosad/surgical-video-segmentation-/experiments/set3UNet/UNet_256_ureterE80/best_TriPath.ckpt
[epoch 18] train_loss=0.4512 val_loss=0.5186 mIoU=0.1561 mDice~=0.2209 MASD=49.4709 NSD=0.1743
[epoch 19] train_loss=0.4317 val_loss=0.5330 mIoU=0.1719 mDice~=0.2584 MASD=46.7527 NSD=0.2081
[epoch 20] train_loss=0.4228 val_loss=0.5025 mIoU=0.1694 mDice~=0.2494 MASD=41.3670 NSD=0.1713
[epoch 21] train_loss=0.3961 val_loss=0.4971 mIoU=0.1824 mDice~=0.2692 MASD=42.7299 NSD=0.1789
[epoch 22] train_loss=0.3731 val_loss=0.5257 mIoU=0.1626 mDice~=0.2489 MASD=42.3541 NSD=0.1697
[epoch 23] train_loss=0.3529 val_loss=0.4760 mIoU=0.1713 mDice~=0.2323 MASD=48.1127 NSD=0.2030
[epoch 24] train_loss=0.3351 val_loss=0.4837 mIoU=0.1251 mDice~=0.1755 MASD=47.7391 NSD=0.1363
[epoch 25] train_loss=0.3187 val_loss=0.4620 mIoU=0.1689 mDice~=0.2362 MASD=39.2703 NSD=0.1825
[epoch 26] train_loss=0.3033 val_loss=0.4795 mIoU=0.1166 mDice~=0.1658 MASD=54.4415 NSD=0.1317
[epoch 27] train_loss=0.2877 val_loss=0.4689 mIoU=0.1233 mDice~=0.1745 MASD=37.8739 NSD=0.1477
[epoch 28] train_loss=0.2754 val_loss=0.4489 mIoU=0.1877 mDice~=0.2616 MASD=42.1064 NSD=0.2193
[epoch 29] train_loss=0.2636 val_loss=0.4295 mIoU=0.2394 mDice~=0.3253 MASD=37.7596 NSD=0.2595
** New best mIoU: 0.2394. Saved to /home/rmosad/surgical-video-segmentation-/experiments/set3UNet/UNet_256_ureterE80/best_TriPath.ckpt
[epoch 30] train_loss=0.2485 val_loss=0.4203 mIoU=0.2351 mDice~=0.3162 MASD=38.3558 NSD=0.2737
[epoch 31] train_loss=0.2352 val_loss=0.4106 mIoU=0.2190 mDice~=0.2925 MASD=34.8135 NSD=0.2559
[epoch 32] train_loss=0.2333 val_loss=0.4150 mIoU=0.2239 mDice~=0.2911 MASD=32.2847 NSD=0.2613
[epoch 33] train_loss=0.2157 val_loss=0.4774 mIoU=0.0836 mDice~=0.1129 MASD=48.1250 NSD=0.1014
[epoch 34] train_loss=0.2089 val_loss=0.4009 mIoU=0.2478 mDice~=0.3330 MASD=38.3017 NSD=0.2880
** New best mIoU: 0.2478. Saved to /home/rmosad/surgical-video-segmentation-/experiments/set3UNet/UNet_256_ureterE80/best_TriPath.ckpt
[epoch 35] train_loss=0.1957 val_loss=0.4190 mIoU=0.1817 mDice~=0.2415 MASD=34.7073 NSD=0.2087
[epoch 36] train_loss=0.1843 val_loss=0.3923 mIoU=0.2326 mDice~=0.3112 MASD=28.5379 NSD=0.2842
[epoch 37] train_loss=0.1759 val_loss=0.4292 mIoU=0.1568 mDice~=0.2111 MASD=39.9369 NSD=0.1930
[epoch 38] train_loss=0.1745 val_loss=0.3855 mIoU=0.2576 mDice~=0.3449 MASD=38.3749 NSD=0.2862
** New best mIoU: 0.2576. Saved to /home/rmosad/surgical-video-segmentation-/experiments/set3UNet/UNet_256_ureterE80/best_TriPath.ckpt
[epoch 39] train_loss=0.1697 val_loss=0.4019 mIoU=0.2187 mDice~=0.2866 MASD=34.3963 NSD=0.2608
[epoch 40] train_loss=0.1599 val_loss=0.4019 mIoU=0.2251 mDice~=0.3083 MASD=37.1045 NSD=0.2668
[epoch 41] train_loss=0.1569 val_loss=0.4067 mIoU=0.1823 mDice~=0.2447 MASD=38.4448 NSD=0.2245
[epoch 42] train_loss=0.1491 val_loss=0.3887 mIoU=0.2249 mDice~=0.2892 MASD=34.4854 NSD=0.2659
[epoch 43] train_loss=0.1490 val_loss=0.3771 mIoU=0.2436 mDice~=0.3126 MASD=35.7472 NSD=0.2852
[epoch 44] train_loss=0.1408 val_loss=0.3883 mIoU=0.2184 mDice~=0.2805 MASD=33.2850 NSD=0.2619
[epoch 45] train_loss=0.1391 val_loss=0.4059 mIoU=0.1900 mDice~=0.2550 MASD=37.2489 NSD=0.2301
[epoch 46] train_loss=0.1325 val_loss=0.3745 mIoU=0.2482 mDice~=0.3195 MASD=35.3354 NSD=0.2935
[epoch 47] train_loss=0.1292 val_loss=0.4030 mIoU=0.1874 mDice~=0.2492 MASD=36.5309 NSD=0.2292
[epoch 48] train_loss=0.1287 val_loss=0.3742 mIoU=0.2449 mDice~=0.3155 MASD=32.3364 NSD=0.2896
[epoch 49] train_loss=0.1234 val_loss=0.3696 mIoU=0.2561 mDice~=0.3291 MASD=35.1463 NSD=0.3018
[epoch 50] train_loss=0.1221 val_loss=0.3685 mIoU=0.2555 mDice~=0.3293 MASD=32.7059 NSD=0.3080
[epoch 51] train_loss=0.1205 val_loss=0.3710 mIoU=0.2485 mDice~=0.3219 MASD=35.5176 NSD=0.2990
[epoch 52] train_loss=0.1161 val_loss=0.3677 mIoU=0.2558 mDice~=0.3278 MASD=36.0915 NSD=0.3078
[epoch 53] train_loss=0.1136 val_loss=0.3630 mIoU=0.2641 mDice~=0.3397 MASD=34.2077 NSD=0.3091
** New best mIoU: 0.2641. Saved to /home/rmosad/surgical-video-segmentation-/experiments/set3UNet/UNet_256_ureterE80/best_TriPath.ckpt
[epoch 54] train_loss=0.1113 val_loss=0.3706 mIoU=0.2403 mDice~=0.3127 MASD=33.6002 NSD=0.2866
[epoch 55] train_loss=0.1093 val_loss=0.3650 mIoU=0.2535 mDice~=0.3274 MASD=33.8551 NSD=0.3062
[epoch 56] train_loss=0.1062 val_loss=0.3690 mIoU=0.2520 mDice~=0.3280 MASD=37.5039 NSD=0.3040
[epoch 57] train_loss=0.1040 val_loss=0.3743 mIoU=0.2340 mDice~=0.3047 MASD=34.9914 NSD=0.2752
[epoch 58] train_loss=0.1024 val_loss=0.3706 mIoU=0.2465 mDice~=0.3189 MASD=36.2643 NSD=0.2937
[epoch 59] train_loss=0.0990 val_loss=0.3695 mIoU=0.2447 mDice~=0.3184 MASD=35.4588 NSD=0.2901
[epoch 60] train_loss=0.0990 val_loss=0.3683 mIoU=0.2421 mDice~=0.3153 MASD=35.4625 NSD=0.2885
[epoch 61] train_loss=0.0962 val_loss=0.3733 mIoU=0.2356 mDice~=0.3092 MASD=36.6027 NSD=0.2824
[epoch 62] train_loss=0.0963 val_loss=0.3730 mIoU=0.2350 mDice~=0.3066 MASD=36.9068 NSD=0.2791
[epoch 63] train_loss=0.0942 val_loss=0.3725 mIoU=0.2363 mDice~=0.3097 MASD=35.7193 NSD=0.2815
[epoch 64] train_loss=0.0947 val_loss=0.3800 mIoU=0.2214 mDice~=0.2924 MASD=36.3578 NSD=0.2686
[epoch 65] train_loss=0.0915 val_loss=0.3817 mIoU=0.2200 mDice~=0.2906 MASD=37.9796 NSD=0.2646
[epoch 66] train_loss=0.0895 val_loss=0.3738 mIoU=0.2382 mDice~=0.3104 MASD=36.5278 NSD=0.2823
[epoch 67] train_loss=0.0896 val_loss=0.3745 mIoU=0.2346 mDice~=0.3057 MASD=36.9553 NSD=0.2775
[epoch 68] train_loss=0.0892 val_loss=0.3741 mIoU=0.2351 mDice~=0.3058 MASD=36.8911 NSD=0.2796
[epoch 69] train_loss=0.0886 val_loss=0.3762 mIoU=0.2311 mDice~=0.3023 MASD=35.9934 NSD=0.2764
[epoch 70] train_loss=0.0880 val_loss=0.3691 mIoU=0.2461 mDice~=0.3187 MASD=34.9990 NSD=0.2920
[epoch 71] train_loss=0.0879 val_loss=0.3760 mIoU=0.2291 mDice~=0.2998 MASD=36.4655 NSD=0.2728
[epoch 72] train_loss=0.0872 val_loss=0.3723 mIoU=0.2373 mDice~=0.3091 MASD=34.9274 NSD=0.2836
[epoch 73] train_loss=0.0875 val_loss=0.3734 mIoU=0.2355 mDice~=0.3070 MASD=36.7401 NSD=0.2810
[epoch 74] train_loss=0.0861 val_loss=0.3720 mIoU=0.2374 mDice~=0.3086 MASD=35.2281 NSD=0.2830
[epoch 75] train_loss=0.0846 val_loss=0.3733 mIoU=0.2365 mDice~=0.3075 MASD=36.4795 NSD=0.2825
[epoch 76] train_loss=0.0856 val_loss=0.3735 mIoU=0.2352 mDice~=0.3058 MASD=35.9520 NSD=0.2814
[epoch 77] train_loss=0.0850 val_loss=0.3738 mIoU=0.2358 mDice~=0.3071 MASD=35.8068 NSD=0.2811
[epoch 78] train_loss=0.0854 val_loss=0.3744 mIoU=0.2342 mDice~=0.3053 MASD=35.8603 NSD=0.2792
[epoch 79] train_loss=0.0851 val_loss=0.3743 mIoU=0.2341 mDice~=0.3049 MASD=36.2890 NSD=0.2796
[epoch 80] train_loss=0.0849 val_loss=0.3725 mIoU=0.2393 mDice~=0.3106 MASD=37.0441 NSD=0.2856
Training done. Best mIoU=0.2641. Best ckpt: /home/rmosad/surgical-video-segmentation-/experiments/set3UNet/UNet_256_ureterE80/best_TriPath.ckpt
Logs saved to /home/rmosad/surgical-video-segmentation-/experiments/set3UNet/UNet_256_ureterE80/20260223-131544
