Organ: stomach
GPU:
Mon Feb 23 13:14:11 2026       
+-----------------------------------------------------------------------------------------+
| NVIDIA-SMI 575.51.03              Driver Version: 575.51.03      CUDA Version: 12.9     |
|-----------------------------------------+------------------------+----------------------+
| GPU  Name                 Persistence-M | Bus-Id          Disp.A | Volatile Uncorr. ECC |
| Fan  Temp   Perf          Pwr:Usage/Cap |           Memory-Usage | GPU-Util  Compute M. |
|                                         |                        |               MIG M. |
|=========================================+========================+======================|
|   0  NVIDIA L40S                    Off |   00000000:E1:00.0 Off |                    0 |
| N/A   39C    P8             35W /  350W |       0MiB /  46068MiB |      0%      Default |
|                                         |                        |                  N/A |
+-----------------------------------------+------------------------+----------------------+
                                                                                         
+-----------------------------------------------------------------------------------------+
| Processes:                                                                              |
|  GPU   GI   CI              PID   Type   Process name                        GPU Memory |
|        ID   ID                                                               Usage      |
|=========================================================================================|
|  No running processes found                                                             |
+-----------------------------------------------------------------------------------------+
Model params: 30.76M
[epoch 1] train_loss=1.0551 val_loss=0.9014 mIoU=0.2819 mDice~=0.3929 MASD=37.1109 NSD=0.1811
** New best mIoU: 0.2819. Saved to /home/rmosad/surgical-video-segmentation-/experiments/set3UNet/UNet_256_stomachE80/best_TriPath.ckpt
[epoch 2] train_loss=0.7995 val_loss=0.9340 mIoU=0.2618 mDice~=0.3713 MASD=54.3381 NSD=0.1529
[epoch 3] train_loss=0.7372 val_loss=0.6986 mIoU=0.3527 mDice~=0.4702 MASD=28.9891 NSD=0.2246
** New best mIoU: 0.3527. Saved to /home/rmosad/surgical-video-segmentation-/experiments/set3UNet/UNet_256_stomachE80/best_TriPath.ckpt
[epoch 4] train_loss=0.6779 val_loss=0.6980 mIoU=0.3177 mDice~=0.4280 MASD=33.9012 NSD=0.1913
[epoch 5] train_loss=0.6323 val_loss=0.6382 mIoU=0.3195 mDice~=0.4364 MASD=30.7682 NSD=0.2084
[epoch 6] train_loss=0.5846 val_loss=0.5896 mIoU=0.3433 mDice~=0.4503 MASD=28.8369 NSD=0.2428
[epoch 7] train_loss=0.5471 val_loss=0.5879 mIoU=0.3480 mDice~=0.4557 MASD=29.5329 NSD=0.2367
[epoch 8] train_loss=0.5046 val_loss=0.5622 mIoU=0.2959 mDice~=0.3880 MASD=36.4928 NSD=0.2122
[epoch 9] train_loss=0.4697 val_loss=0.5215 mIoU=0.3236 mDice~=0.4163 MASD=30.1845 NSD=0.2395
[epoch 10] train_loss=0.4435 val_loss=0.4831 mIoU=0.3702 mDice~=0.4654 MASD=21.0903 NSD=0.3017
** New best mIoU: 0.3702. Saved to /home/rmosad/surgical-video-segmentation-/experiments/set3UNet/UNet_256_stomachE80/best_TriPath.ckpt
[epoch 11] train_loss=0.4065 val_loss=0.4959 mIoU=0.3237 mDice~=0.4201 MASD=31.5662 NSD=0.2223
[epoch 12] train_loss=0.3806 val_loss=0.4309 mIoU=0.4064 mDice~=0.5088 MASD=26.0204 NSD=0.3091
** New best mIoU: 0.4064. Saved to /home/rmosad/surgical-video-segmentation-/experiments/set3UNet/UNet_256_stomachE80/best_TriPath.ckpt
[epoch 13] train_loss=0.3584 val_loss=0.5307 mIoU=0.3757 mDice~=0.4840 MASD=28.6968 NSD=0.2487
[epoch 14] train_loss=0.3242 val_loss=0.4364 mIoU=0.3756 mDice~=0.4674 MASD=21.5466 NSD=0.3171
[epoch 15] train_loss=0.2932 val_loss=0.4123 mIoU=0.3885 mDice~=0.4756 MASD=23.7428 NSD=0.3100
[epoch 16] train_loss=0.2802 val_loss=0.4476 mIoU=0.3437 mDice~=0.4233 MASD=28.6313 NSD=0.2974
[epoch 17] train_loss=0.2632 val_loss=0.3755 mIoU=0.4374 mDice~=0.5387 MASD=20.6276 NSD=0.3608
** New best mIoU: 0.4374. Saved to /home/rmosad/surgical-video-segmentation-/experiments/set3UNet/UNet_256_stomachE80/best_TriPath.ckpt
[epoch 18] train_loss=0.2510 val_loss=0.3946 mIoU=0.4062 mDice~=0.5035 MASD=23.3194 NSD=0.3427
[epoch 19] train_loss=0.2278 val_loss=0.4390 mIoU=0.3442 mDice~=0.4276 MASD=21.0288 NSD=0.2936
[epoch 20] train_loss=0.2190 val_loss=0.3707 mIoU=0.4201 mDice~=0.5144 MASD=19.9690 NSD=0.3719
[epoch 21] train_loss=0.2060 val_loss=0.3910 mIoU=0.4101 mDice~=0.4967 MASD=19.6762 NSD=0.3508
[epoch 22] train_loss=0.2042 val_loss=0.4026 mIoU=0.3878 mDice~=0.4683 MASD=22.9033 NSD=0.3455
[epoch 23] train_loss=0.1820 val_loss=0.3262 mIoU=0.4900 mDice~=0.5987 MASD=20.0818 NSD=0.4304
** New best mIoU: 0.4900. Saved to /home/rmosad/surgical-video-segmentation-/experiments/set3UNet/UNet_256_stomachE80/best_TriPath.ckpt
[epoch 24] train_loss=0.1737 val_loss=0.3324 mIoU=0.4654 mDice~=0.5611 MASD=17.6926 NSD=0.4143
[epoch 25] train_loss=0.1587 val_loss=0.3163 mIoU=0.4920 mDice~=0.5931 MASD=16.8598 NSD=0.4438
** New best mIoU: 0.4920. Saved to /home/rmosad/surgical-video-segmentation-/experiments/set3UNet/UNet_256_stomachE80/best_TriPath.ckpt
[epoch 26] train_loss=0.1543 val_loss=0.3626 mIoU=0.4351 mDice~=0.5261 MASD=20.1902 NSD=0.3990
[epoch 27] train_loss=0.1408 val_loss=0.3317 mIoU=0.4694 mDice~=0.5649 MASD=21.6122 NSD=0.4281
[epoch 28] train_loss=0.1425 val_loss=0.3747 mIoU=0.4207 mDice~=0.5066 MASD=17.7192 NSD=0.4071
[epoch 29] train_loss=0.1266 val_loss=0.3159 mIoU=0.4818 mDice~=0.5744 MASD=15.7228 NSD=0.4432
[epoch 30] train_loss=0.1260 val_loss=0.3182 mIoU=0.4836 mDice~=0.5676 MASD=17.4530 NSD=0.4510
[epoch 31] train_loss=0.1234 val_loss=0.3685 mIoU=0.4338 mDice~=0.5196 MASD=20.8851 NSD=0.4197
[epoch 32] train_loss=0.1206 val_loss=0.3656 mIoU=0.4440 mDice~=0.5280 MASD=18.6992 NSD=0.4208
[epoch 33] train_loss=0.1242 val_loss=0.3992 mIoU=0.3884 mDice~=0.4675 MASD=24.7365 NSD=0.3785
[epoch 34] train_loss=0.1112 val_loss=0.3728 mIoU=0.4146 mDice~=0.4985 MASD=19.6266 NSD=0.3979
[epoch 35] train_loss=0.1052 val_loss=0.3242 mIoU=0.4832 mDice~=0.5716 MASD=17.9599 NSD=0.4541
[epoch 36] train_loss=0.0988 val_loss=0.3107 mIoU=0.5143 mDice~=0.6041 MASD=19.8027 NSD=0.4902
** New best mIoU: 0.5143. Saved to /home/rmosad/surgical-video-segmentation-/experiments/set3UNet/UNet_256_stomachE80/best_TriPath.ckpt
[epoch 37] train_loss=0.0969 val_loss=0.3247 mIoU=0.4905 mDice~=0.5766 MASD=19.3496 NSD=0.4656
[epoch 38] train_loss=0.0945 val_loss=0.2916 mIoU=0.5068 mDice~=0.6007 MASD=16.9119 NSD=0.4726
[epoch 39] train_loss=0.0908 val_loss=0.2878 mIoU=0.5366 mDice~=0.6337 MASD=16.6967 NSD=0.5039
** New best mIoU: 0.5366. Saved to /home/rmosad/surgical-video-segmentation-/experiments/set3UNet/UNet_256_stomachE80/best_TriPath.ckpt
[epoch 40] train_loss=0.0804 val_loss=0.3208 mIoU=0.4872 mDice~=0.5772 MASD=17.7123 NSD=0.4675
[epoch 41] train_loss=0.0859 val_loss=0.2961 mIoU=0.5193 mDice~=0.6238 MASD=19.1735 NSD=0.4863
[epoch 42] train_loss=0.0801 val_loss=0.2958 mIoU=0.5183 mDice~=0.6062 MASD=16.2075 NSD=0.4919
[epoch 43] train_loss=0.0756 val_loss=0.3133 mIoU=0.4921 mDice~=0.5726 MASD=16.9247 NSD=0.4623
[epoch 44] train_loss=0.0731 val_loss=0.3085 mIoU=0.5030 mDice~=0.5851 MASD=16.8304 NSD=0.4854
[epoch 45] train_loss=0.0725 val_loss=0.3089 mIoU=0.4947 mDice~=0.5747 MASD=15.8078 NSD=0.4735
[epoch 46] train_loss=0.0716 val_loss=0.3047 mIoU=0.5094 mDice~=0.5923 MASD=16.9362 NSD=0.4833
[epoch 47] train_loss=0.0665 val_loss=0.3040 mIoU=0.5087 mDice~=0.5885 MASD=16.4139 NSD=0.4849
[epoch 48] train_loss=0.0667 val_loss=0.2980 mIoU=0.5105 mDice~=0.5942 MASD=17.8077 NSD=0.4852
[epoch 49] train_loss=0.0630 val_loss=0.2849 mIoU=0.5234 mDice~=0.6108 MASD=15.9891 NSD=0.4979
[epoch 50] train_loss=0.0625 val_loss=0.2933 mIoU=0.5263 mDice~=0.6131 MASD=18.0424 NSD=0.5016
[epoch 51] train_loss=0.0624 val_loss=0.3022 mIoU=0.5162 mDice~=0.6044 MASD=19.2120 NSD=0.4887
[epoch 52] train_loss=0.0625 val_loss=0.3120 mIoU=0.5090 mDice~=0.5959 MASD=20.5427 NSD=0.4909
[epoch 53] train_loss=0.0588 val_loss=0.3153 mIoU=0.4976 mDice~=0.5768 MASD=17.3126 NSD=0.4806
[epoch 54] train_loss=0.0584 val_loss=0.3052 mIoU=0.5165 mDice~=0.5993 MASD=18.1872 NSD=0.4943
[epoch 55] train_loss=0.0562 val_loss=0.3140 mIoU=0.5050 mDice~=0.5842 MASD=19.2074 NSD=0.4819
[epoch 56] train_loss=0.0586 val_loss=0.2838 mIoU=0.5341 mDice~=0.6215 MASD=15.1426 NSD=0.5063
[epoch 57] train_loss=0.0561 val_loss=0.3053 mIoU=0.5125 mDice~=0.5939 MASD=16.0083 NSD=0.4832
[epoch 58] train_loss=0.0535 val_loss=0.3087 mIoU=0.5047 mDice~=0.5855 MASD=16.1227 NSD=0.4778
[epoch 59] train_loss=0.0519 val_loss=0.3045 mIoU=0.5146 mDice~=0.5981 MASD=17.6869 NSD=0.4907
[epoch 60] train_loss=0.0530 val_loss=0.3105 mIoU=0.5089 mDice~=0.5937 MASD=17.6007 NSD=0.4895
[epoch 61] train_loss=0.0519 val_loss=0.3107 mIoU=0.5124 mDice~=0.5973 MASD=18.4978 NSD=0.4894
[epoch 62] train_loss=0.0508 val_loss=0.3060 mIoU=0.5148 mDice~=0.6004 MASD=17.1726 NSD=0.4887
[epoch 63] train_loss=0.0494 val_loss=0.3050 mIoU=0.5174 mDice~=0.6002 MASD=17.6529 NSD=0.4932
[epoch 64] train_loss=0.0485 val_loss=0.3061 mIoU=0.5138 mDice~=0.5993 MASD=18.4096 NSD=0.4879
[epoch 65] train_loss=0.0484 val_loss=0.3049 mIoU=0.5142 mDice~=0.5992 MASD=17.8516 NSD=0.4882
[epoch 66] train_loss=0.0488 val_loss=0.3096 mIoU=0.5117 mDice~=0.5952 MASD=17.7350 NSD=0.4868
[epoch 67] train_loss=0.0480 val_loss=0.3125 mIoU=0.5077 mDice~=0.5887 MASD=17.0731 NSD=0.4814
[epoch 68] train_loss=0.0475 val_loss=0.3113 mIoU=0.5094 mDice~=0.5914 MASD=17.7888 NSD=0.4841
[epoch 69] train_loss=0.0469 val_loss=0.3138 mIoU=0.5046 mDice~=0.5869 MASD=17.8565 NSD=0.4784
[epoch 70] train_loss=0.0468 val_loss=0.3046 mIoU=0.5171 mDice~=0.6021 MASD=17.3917 NSD=0.4916
[epoch 71] train_loss=0.0465 val_loss=0.3074 mIoU=0.5153 mDice~=0.5982 MASD=17.8581 NSD=0.4895
[epoch 72] train_loss=0.0464 val_loss=0.3030 mIoU=0.5198 mDice~=0.6059 MASD=17.2302 NSD=0.4922
[epoch 73] train_loss=0.0458 val_loss=0.3029 mIoU=0.5192 mDice~=0.6054 MASD=17.5122 NSD=0.4915
[epoch 74] train_loss=0.0461 val_loss=0.3060 mIoU=0.5156 mDice~=0.5997 MASD=18.1278 NSD=0.4878
[epoch 75] train_loss=0.0456 val_loss=0.3035 mIoU=0.5189 mDice~=0.6041 MASD=17.6632 NSD=0.4920
[epoch 76] train_loss=0.0444 val_loss=0.3042 mIoU=0.5166 mDice~=0.6020 MASD=17.5312 NSD=0.4889
[epoch 77] train_loss=0.0459 val_loss=0.3060 mIoU=0.5142 mDice~=0.5987 MASD=17.7243 NSD=0.4864
[epoch 78] train_loss=0.0466 val_loss=0.3065 mIoU=0.5160 mDice~=0.5999 MASD=17.4764 NSD=0.4896
[epoch 79] train_loss=0.0445 val_loss=0.3090 mIoU=0.5114 mDice~=0.5944 MASD=17.5373 NSD=0.4841
[epoch 80] train_loss=0.0464 val_loss=0.3051 mIoU=0.5159 mDice~=0.6002 MASD=17.4801 NSD=0.4888
Training done. Best mIoU=0.5366. Best ckpt: /home/rmosad/surgical-video-segmentation-/experiments/set3UNet/UNet_256_stomachE80/best_TriPath.ckpt
Logs saved to /home/rmosad/surgical-video-segmentation-/experiments/set3UNet/UNet_256_stomachE80/20260223-131414
