Organ: stomach
Host: gpu01
Python: /home/rmosad/.conda/envs/svs2/bin/python
GPU:
Thu Apr  9 18:04:23 2026       
+-----------------------------------------------------------------------------------------+
| NVIDIA-SMI 580.82.07              Driver Version: 580.82.07      CUDA Version: 13.0     |
+-----------------------------------------+------------------------+----------------------+
| GPU  Name                 Persistence-M | Bus-Id          Disp.A | Volatile Uncorr. ECC |
| Fan  Temp   Perf          Pwr:Usage/Cap |           Memory-Usage | GPU-Util  Compute M. |
|                                         |                        |               MIG M. |
|=========================================+========================+======================|
|   0  NVIDIA L40S                    On  |   00000000:E1:00.0 Off |                    0 |
| N/A   30C    P8             33W /  350W |       0MiB /  46068MiB |      0%      Default |
|                                         |                        |                  N/A |
+-----------------------------------------+------------------------+----------------------+

+-----------------------------------------------------------------------------------------+
| Processes:                                                                              |
|  GPU   GI   CI              PID   Type   Process name                        GPU Memory |
|        ID   ID                                                               Usage      |
|=========================================================================================|
|  No running processes found                                                             |
+-----------------------------------------------------------------------------------------+
mmcv + MiTB0Encoder + QuadPathUNetStacked import OK
Model params: 33.82M
[epoch 1] train_loss=0.9234 val_loss=0.7443 mIoU=0.3653 mDice~=0.4795 MASD=29.0469 NSD=0.2232
** New best mIoU: 0.3653. Saved to /home/rmosad/surgical-video-segmentation-/experiments/set3QuadPathStacked/QuadPathStacked_256_stomachE80/best_QuadPath.ckpt
[epoch 2] train_loss=0.6714 val_loss=0.6248 mIoU=0.4015 mDice~=0.5089 MASD=23.2532 NSD=0.2992
** New best mIoU: 0.4015. Saved to /home/rmosad/surgical-video-segmentation-/experiments/set3QuadPathStacked/QuadPathStacked_256_stomachE80/best_QuadPath.ckpt
[epoch 3] train_loss=0.5407 val_loss=0.5243 mIoU=0.4595 mDice~=0.5645 MASD=20.1851 NSD=0.3397
** New best mIoU: 0.4595. Saved to /home/rmosad/surgical-video-segmentation-/experiments/set3QuadPathStacked/QuadPathStacked_256_stomachE80/best_QuadPath.ckpt
[epoch 4] train_loss=0.4305 val_loss=0.4602 mIoU=0.4912 mDice~=0.6110 MASD=17.3327 NSD=0.3676
** New best mIoU: 0.4912. Saved to /home/rmosad/surgical-video-segmentation-/experiments/set3QuadPathStacked/QuadPathStacked_256_stomachE80/best_QuadPath.ckpt
[epoch 5] train_loss=0.3386 val_loss=0.3986 mIoU=0.5144 mDice~=0.6267 MASD=20.4622 NSD=0.4503
** New best mIoU: 0.5144. Saved to /home/rmosad/surgical-video-segmentation-/experiments/set3QuadPathStacked/QuadPathStacked_256_stomachE80/best_QuadPath.ckpt
[epoch 6] train_loss=0.2622 val_loss=0.3648 mIoU=0.5345 mDice~=0.6210 MASD=13.6751 NSD=0.4740
** New best mIoU: 0.5345. Saved to /home/rmosad/surgical-video-segmentation-/experiments/set3QuadPathStacked/QuadPathStacked_256_stomachE80/best_QuadPath.ckpt
[epoch 7] train_loss=0.2155 val_loss=0.3386 mIoU=0.5309 mDice~=0.6175 MASD=14.3664 NSD=0.4941
[epoch 8] train_loss=0.1725 val_loss=0.2970 mIoU=0.5884 mDice~=0.6834 MASD=16.0129 NSD=0.5521
** New best mIoU: 0.5884. Saved to /home/rmosad/surgical-video-segmentation-/experiments/set3QuadPathStacked/QuadPathStacked_256_stomachE80/best_QuadPath.ckpt
[epoch 9] train_loss=0.1427 val_loss=0.3211 mIoU=0.5509 mDice~=0.6423 MASD=18.3321 NSD=0.5161
[epoch 10] train_loss=0.1270 val_loss=0.3564 mIoU=0.5102 mDice~=0.5959 MASD=23.6179 NSD=0.4979
[epoch 11] train_loss=0.1103 val_loss=0.3129 mIoU=0.5457 mDice~=0.6374 MASD=16.6399 NSD=0.5208
[epoch 12] train_loss=0.0991 val_loss=0.2894 mIoU=0.5742 mDice~=0.6614 MASD=15.0098 NSD=0.5558
[epoch 13] train_loss=0.0904 val_loss=0.2974 mIoU=0.5642 mDice~=0.6507 MASD=14.7899 NSD=0.5372
[epoch 14] train_loss=0.0870 val_loss=0.2441 mIoU=0.6171 mDice~=0.7137 MASD=11.6195 NSD=0.5857
** New best mIoU: 0.6171. Saved to /home/rmosad/surgical-video-segmentation-/experiments/set3QuadPathStacked/QuadPathStacked_256_stomachE80/best_QuadPath.ckpt
[epoch 15] train_loss=0.0798 val_loss=0.2765 mIoU=0.5832 mDice~=0.6683 MASD=14.6312 NSD=0.5636
[epoch 16] train_loss=0.0734 val_loss=0.2461 mIoU=0.6130 mDice~=0.7050 MASD=13.3198 NSD=0.5858
[epoch 17] train_loss=0.0686 val_loss=0.2888 mIoU=0.5754 mDice~=0.6618 MASD=15.5183 NSD=0.5565
[epoch 18] train_loss=0.0640 val_loss=0.2675 mIoU=0.5976 mDice~=0.6872 MASD=14.2206 NSD=0.5789
[epoch 19] train_loss=0.0606 val_loss=0.3159 mIoU=0.5458 mDice~=0.6336 MASD=16.5437 NSD=0.5295
[epoch 20] train_loss=0.0595 val_loss=0.2643 mIoU=0.6095 mDice~=0.6948 MASD=13.9848 NSD=0.5890
[epoch 21] train_loss=0.0557 val_loss=0.2645 mIoU=0.6125 mDice~=0.6966 MASD=14.6908 NSD=0.5973
[epoch 22] train_loss=0.0551 val_loss=0.2371 mIoU=0.6324 mDice~=0.7211 MASD=12.8040 NSD=0.6196
** New best mIoU: 0.6324. Saved to /home/rmosad/surgical-video-segmentation-/experiments/set3QuadPathStacked/QuadPathStacked_256_stomachE80/best_QuadPath.ckpt
[epoch 23] train_loss=0.0496 val_loss=0.2629 mIoU=0.6115 mDice~=0.6990 MASD=14.3066 NSD=0.5966
[epoch 24] train_loss=0.0479 val_loss=0.2554 mIoU=0.6175 mDice~=0.7033 MASD=14.9776 NSD=0.5952
[epoch 25] train_loss=0.0462 val_loss=0.3256 mIoU=0.5618 mDice~=0.6396 MASD=16.1841 NSD=0.5523
[epoch 26] train_loss=0.0478 val_loss=0.2970 mIoU=0.5984 mDice~=0.6812 MASD=16.2464 NSD=0.5900
[epoch 27] train_loss=0.0447 val_loss=0.2809 mIoU=0.6141 mDice~=0.6952 MASD=16.2736 NSD=0.6061
[epoch 28] train_loss=0.0424 val_loss=0.2568 mIoU=0.6300 mDice~=0.7137 MASD=13.6599 NSD=0.6121
[epoch 29] train_loss=0.0400 val_loss=0.2632 mIoU=0.6209 mDice~=0.7055 MASD=15.4920 NSD=0.6065
[epoch 30] train_loss=0.0439 val_loss=0.3151 mIoU=0.5719 mDice~=0.6596 MASD=15.1383 NSD=0.5672
[epoch 31] train_loss=0.0415 val_loss=0.2778 mIoU=0.6080 mDice~=0.6978 MASD=13.8659 NSD=0.5930
[epoch 32] train_loss=0.0370 val_loss=0.2835 mIoU=0.6101 mDice~=0.6949 MASD=14.2566 NSD=0.5955
[epoch 33] train_loss=0.0376 val_loss=0.2873 mIoU=0.6103 mDice~=0.6908 MASD=13.7445 NSD=0.5993
[epoch 34] train_loss=0.0358 val_loss=0.2678 mIoU=0.6229 mDice~=0.7115 MASD=14.4117 NSD=0.6098
[epoch 35] train_loss=0.0361 val_loss=0.3203 mIoU=0.5838 mDice~=0.6629 MASD=14.2304 NSD=0.5668
[epoch 36] train_loss=0.0324 val_loss=0.2587 mIoU=0.6310 mDice~=0.7181 MASD=14.6462 NSD=0.6167
[epoch 37] train_loss=0.0347 val_loss=0.2492 mIoU=0.6351 mDice~=0.7228 MASD=12.3352 NSD=0.6162
** New best mIoU: 0.6351. Saved to /home/rmosad/surgical-video-segmentation-/experiments/set3QuadPathStacked/QuadPathStacked_256_stomachE80/best_QuadPath.ckpt
[epoch 38] train_loss=0.0369 val_loss=0.2680 mIoU=0.6216 mDice~=0.7058 MASD=12.9727 NSD=0.6054
[epoch 39] train_loss=0.0321 val_loss=0.2874 mIoU=0.6203 mDice~=0.7032 MASD=14.6135 NSD=0.6094
[epoch 40] train_loss=0.0300 val_loss=0.2379 mIoU=0.6526 mDice~=0.7428 MASD=12.0547 NSD=0.6331
** New best mIoU: 0.6526. Saved to /home/rmosad/surgical-video-segmentation-/experiments/set3QuadPathStacked/QuadPathStacked_256_stomachE80/best_QuadPath.ckpt
[epoch 41] train_loss=0.0297 val_loss=0.3043 mIoU=0.6036 mDice~=0.6852 MASD=14.7407 NSD=0.5903
[epoch 42] train_loss=0.0283 val_loss=0.2779 mIoU=0.6266 mDice~=0.7121 MASD=14.4587 NSD=0.6137
[epoch 43] train_loss=0.0296 val_loss=0.3132 mIoU=0.5987 mDice~=0.6794 MASD=15.5253 NSD=0.5886
[epoch 44] train_loss=0.0284 val_loss=0.2906 mIoU=0.6212 mDice~=0.7057 MASD=14.4661 NSD=0.6092
[epoch 45] train_loss=0.0268 val_loss=0.3023 mIoU=0.6152 mDice~=0.6985 MASD=15.1597 NSD=0.6035
[epoch 46] train_loss=0.0265 val_loss=0.3219 mIoU=0.5957 mDice~=0.6760 MASD=14.6668 NSD=0.5840
[epoch 47] train_loss=0.0278 val_loss=0.2784 mIoU=0.6299 mDice~=0.7121 MASD=14.3726 NSD=0.6163
[epoch 48] train_loss=0.0260 val_loss=0.2835 mIoU=0.6360 mDice~=0.7147 MASD=12.7777 NSD=0.6226
[epoch 49] train_loss=0.0249 val_loss=0.2862 mIoU=0.6283 mDice~=0.7078 MASD=12.8302 NSD=0.6108
[epoch 50] train_loss=0.0239 val_loss=0.3246 mIoU=0.5946 mDice~=0.6716 MASD=15.6571 NSD=0.5810
[epoch 51] train_loss=0.0250 val_loss=0.2879 mIoU=0.6283 mDice~=0.7084 MASD=14.7677 NSD=0.6122
[epoch 52] train_loss=0.0227 val_loss=0.3009 mIoU=0.6225 mDice~=0.7049 MASD=14.6533 NSD=0.6081
[epoch 53] train_loss=0.0230 val_loss=0.2936 mIoU=0.6292 mDice~=0.7128 MASD=13.0427 NSD=0.6152
[epoch 54] train_loss=0.0231 val_loss=0.2954 mIoU=0.6292 mDice~=0.7109 MASD=15.0775 NSD=0.6144
[epoch 55] train_loss=0.0221 val_loss=0.2853 mIoU=0.6341 mDice~=0.7160 MASD=12.8992 NSD=0.6200
[epoch 56] train_loss=0.0212 val_loss=0.2808 mIoU=0.6400 mDice~=0.7234 MASD=13.3729 NSD=0.6245
[epoch 57] train_loss=0.0216 val_loss=0.2914 mIoU=0.6332 mDice~=0.7130 MASD=13.2433 NSD=0.6200
[epoch 58] train_loss=0.0203 val_loss=0.2939 mIoU=0.6329 mDice~=0.7149 MASD=13.2975 NSD=0.6185
[epoch 59] train_loss=0.0206 val_loss=0.2919 mIoU=0.6339 mDice~=0.7141 MASD=13.3563 NSD=0.6189
[epoch 60] train_loss=0.0199 val_loss=0.3008 mIoU=0.6306 mDice~=0.7111 MASD=13.9124 NSD=0.6194
[epoch 61] train_loss=0.0194 val_loss=0.2918 mIoU=0.6344 mDice~=0.7187 MASD=13.4732 NSD=0.6227
[epoch 62] train_loss=0.0196 val_loss=0.3057 mIoU=0.6241 mDice~=0.7040 MASD=13.9835 NSD=0.6107
[epoch 63] train_loss=0.0200 val_loss=0.3617 mIoU=0.5864 mDice~=0.6626 MASD=16.2112 NSD=0.5764
[epoch 64] train_loss=0.0210 val_loss=0.2979 mIoU=0.6278 mDice~=0.7082 MASD=13.9778 NSD=0.6126
[epoch 65] train_loss=0.0188 val_loss=0.3242 mIoU=0.6133 mDice~=0.6922 MASD=14.1799 NSD=0.6015
[epoch 66] train_loss=0.0200 val_loss=0.2976 mIoU=0.6284 mDice~=0.7091 MASD=14.2108 NSD=0.6169
[epoch 67] train_loss=0.0189 val_loss=0.2971 mIoU=0.6306 mDice~=0.7110 MASD=13.8806 NSD=0.6196
[epoch 68] train_loss=0.0186 val_loss=0.2966 mIoU=0.6318 mDice~=0.7149 MASD=13.5952 NSD=0.6194
[epoch 69] train_loss=0.0184 val_loss=0.3017 mIoU=0.6281 mDice~=0.7094 MASD=13.3567 NSD=0.6135
[epoch 70] train_loss=0.0181 val_loss=0.3114 mIoU=0.6218 mDice~=0.7029 MASD=14.0152 NSD=0.6103
[epoch 71] train_loss=0.0185 val_loss=0.3008 mIoU=0.6288 mDice~=0.7109 MASD=13.8020 NSD=0.6162
[epoch 72] train_loss=0.0181 val_loss=0.3029 mIoU=0.6284 mDice~=0.7109 MASD=13.6855 NSD=0.6152
[epoch 73] train_loss=0.0178 val_loss=0.3064 mIoU=0.6255 mDice~=0.7064 MASD=13.9285 NSD=0.6127
[epoch 74] train_loss=0.0178 val_loss=0.3030 mIoU=0.6268 mDice~=0.7082 MASD=13.9217 NSD=0.6142
[epoch 75] train_loss=0.0175 val_loss=0.3071 mIoU=0.6256 mDice~=0.7067 MASD=14.0602 NSD=0.6124
[epoch 76] train_loss=0.0175 val_loss=0.3058 mIoU=0.6263 mDice~=0.7068 MASD=13.9986 NSD=0.6127
[epoch 77] train_loss=0.0178 val_loss=0.3046 mIoU=0.6274 mDice~=0.7082 MASD=13.8776 NSD=0.6144
[epoch 78] train_loss=0.0173 val_loss=0.3068 mIoU=0.6280 mDice~=0.7092 MASD=13.8925 NSD=0.6161
[epoch 79] train_loss=0.0177 val_loss=0.3054 mIoU=0.6273 mDice~=0.7082 MASD=14.2022 NSD=0.6138
[epoch 80] train_loss=0.0176 val_loss=0.3055 mIoU=0.6261 mDice~=0.7066 MASD=13.9369 NSD=0.6129
Training done. Best mIoU=0.6526. Best ckpt: /home/rmosad/surgical-video-segmentation-/experiments/set3QuadPathStacked/QuadPathStacked_256_stomachE80/best_QuadPath.ckpt
Logs saved to /home/rmosad/surgical-video-segmentation-/experiments/set3QuadPathStacked/QuadPathStacked_256_stomachE80/20260409-180427
