Organ: vesicular_glands
Host: gpuhuang
Python: /home/rmosad/.conda/envs/svs2/bin/python
GPU:
Thu Apr  9 19:11:47 2026       
+-----------------------------------------------------------------------------------------+
| NVIDIA-SMI 580.82.07              Driver Version: 580.82.07      CUDA Version: 13.0     |
+-----------------------------------------+------------------------+----------------------+
| GPU  Name                 Persistence-M | Bus-Id          Disp.A | Volatile Uncorr. ECC |
| Fan  Temp   Perf          Pwr:Usage/Cap |           Memory-Usage | GPU-Util  Compute M. |
|                                         |                        |               MIG M. |
|=========================================+========================+======================|
|   0  NVIDIA L40S                    On  |   00000000:0B:00.0 Off |                    0 |
| N/A   31C    P8             33W /  350W |       0MiB /  46068MiB |      0%      Default |
|                                         |                        |                  N/A |
+-----------------------------------------+------------------------+----------------------+

+-----------------------------------------------------------------------------------------+
| Processes:                                                                              |
|  GPU   GI   CI              PID   Type   Process name                        GPU Memory |
|        ID   ID                                                               Usage      |
|=========================================================================================|
|  No running processes found                                                             |
+-----------------------------------------------------------------------------------------+
mmcv + MiTB0Encoder + QuadPathUNetStacked import OK
Model params: 33.82M
[epoch 1] train_loss=0.9478 val_loss=0.7981 mIoU=0.2015 mDice~=0.2834 MASD=29.7393 NSD=0.1551
** New best mIoU: 0.2015. Saved to /home/rmosad/surgical-video-segmentation-/experiments/set3QuadPathStacked/QuadPathStacked_256_vesicular_glandsE80/best_QuadPath.ckpt
[epoch 2] train_loss=0.7431 val_loss=0.7068 mIoU=0.2908 mDice~=0.4135 MASD=26.6036 NSD=0.2040
** New best mIoU: 0.2908. Saved to /home/rmosad/surgical-video-segmentation-/experiments/set3QuadPathStacked/QuadPathStacked_256_vesicular_glandsE80/best_QuadPath.ckpt
[epoch 3] train_loss=0.6565 val_loss=0.6536 mIoU=0.2824 mDice~=0.4056 MASD=24.2875 NSD=0.1824
[epoch 4] train_loss=0.5597 val_loss=0.5932 mIoU=0.2652 mDice~=0.3640 MASD=20.0364 NSD=0.2531
[epoch 5] train_loss=0.4926 val_loss=0.5483 mIoU=0.2949 mDice~=0.4000 MASD=22.3811 NSD=0.2462
** New best mIoU: 0.2949. Saved to /home/rmosad/surgical-video-segmentation-/experiments/set3QuadPathStacked/QuadPathStacked_256_vesicular_glandsE80/best_QuadPath.ckpt
[epoch 6] train_loss=0.4358 val_loss=0.4906 mIoU=0.3491 mDice~=0.4721 MASD=20.3135 NSD=0.2945
** New best mIoU: 0.3491. Saved to /home/rmosad/surgical-video-segmentation-/experiments/set3QuadPathStacked/QuadPathStacked_256_vesicular_glandsE80/best_QuadPath.ckpt
[epoch 7] train_loss=0.3787 val_loss=0.4530 mIoU=0.3699 mDice~=0.4900 MASD=17.3671 NSD=0.3257
** New best mIoU: 0.3699. Saved to /home/rmosad/surgical-video-segmentation-/experiments/set3QuadPathStacked/QuadPathStacked_256_vesicular_glandsE80/best_QuadPath.ckpt
[epoch 8] train_loss=0.3298 val_loss=0.4454 mIoU=0.3421 mDice~=0.4546 MASD=18.9055 NSD=0.3274
[epoch 9] train_loss=0.2925 val_loss=0.4274 mIoU=0.3453 mDice~=0.4598 MASD=19.1940 NSD=0.3452
[epoch 10] train_loss=0.2531 val_loss=0.4143 mIoU=0.3452 mDice~=0.4576 MASD=18.8689 NSD=0.3335
[epoch 11] train_loss=0.2200 val_loss=0.3817 mIoU=0.3758 mDice~=0.4964 MASD=18.0368 NSD=0.3755
** New best mIoU: 0.3758. Saved to /home/rmosad/surgical-video-segmentation-/experiments/set3QuadPathStacked/QuadPathStacked_256_vesicular_glandsE80/best_QuadPath.ckpt
[epoch 12] train_loss=0.1960 val_loss=0.3857 mIoU=0.3683 mDice~=0.4923 MASD=19.0028 NSD=0.3735
[epoch 13] train_loss=0.1692 val_loss=0.3876 mIoU=0.3681 mDice~=0.4873 MASD=19.1063 NSD=0.3699
[epoch 14] train_loss=0.1511 val_loss=0.3773 mIoU=0.3585 mDice~=0.4716 MASD=19.4419 NSD=0.3644
[epoch 15] train_loss=0.1394 val_loss=0.3836 mIoU=0.3621 mDice~=0.4786 MASD=21.6691 NSD=0.3719
[epoch 16] train_loss=0.1268 val_loss=0.3702 mIoU=0.3772 mDice~=0.4911 MASD=19.6524 NSD=0.3916
** New best mIoU: 0.3772. Saved to /home/rmosad/surgical-video-segmentation-/experiments/set3QuadPathStacked/QuadPathStacked_256_vesicular_glandsE80/best_QuadPath.ckpt
[epoch 17] train_loss=0.1177 val_loss=0.4129 mIoU=0.3249 mDice~=0.4318 MASD=21.3483 NSD=0.3427
[epoch 18] train_loss=0.1134 val_loss=0.3710 mIoU=0.3737 mDice~=0.4910 MASD=18.5349 NSD=0.4001
[epoch 19] train_loss=0.1039 val_loss=0.3818 mIoU=0.3573 mDice~=0.4717 MASD=18.8868 NSD=0.3694
[epoch 20] train_loss=0.0988 val_loss=0.4119 mIoU=0.3222 mDice~=0.4270 MASD=22.1837 NSD=0.3367
[epoch 21] train_loss=0.0958 val_loss=0.4364 mIoU=0.3084 mDice~=0.4087 MASD=23.1903 NSD=0.3337
[epoch 22] train_loss=0.0934 val_loss=0.3741 mIoU=0.3779 mDice~=0.4914 MASD=18.1859 NSD=0.3916
** New best mIoU: 0.3779. Saved to /home/rmosad/surgical-video-segmentation-/experiments/set3QuadPathStacked/QuadPathStacked_256_vesicular_glandsE80/best_QuadPath.ckpt
[epoch 23] train_loss=0.0858 val_loss=0.4158 mIoU=0.3185 mDice~=0.4179 MASD=21.9564 NSD=0.3224
[epoch 24] train_loss=0.0858 val_loss=0.3786 mIoU=0.3793 mDice~=0.4961 MASD=18.7448 NSD=0.4049
** New best mIoU: 0.3793. Saved to /home/rmosad/surgical-video-segmentation-/experiments/set3QuadPathStacked/QuadPathStacked_256_vesicular_glandsE80/best_QuadPath.ckpt
[epoch 25] train_loss=0.0806 val_loss=0.3971 mIoU=0.3500 mDice~=0.4563 MASD=20.5187 NSD=0.3665
[epoch 26] train_loss=0.0781 val_loss=0.4119 mIoU=0.3353 mDice~=0.4358 MASD=20.6676 NSD=0.3463
[epoch 27] train_loss=0.0756 val_loss=0.3857 mIoU=0.3638 mDice~=0.4764 MASD=20.2394 NSD=0.3852
[epoch 28] train_loss=0.0773 val_loss=0.4219 mIoU=0.3291 mDice~=0.4331 MASD=19.1031 NSD=0.3492
[epoch 29] train_loss=0.0728 val_loss=0.4073 mIoU=0.3429 mDice~=0.4472 MASD=18.9838 NSD=0.3674
[epoch 30] train_loss=0.0688 val_loss=0.4165 mIoU=0.3265 mDice~=0.4337 MASD=19.7137 NSD=0.3495
[epoch 31] train_loss=0.0703 val_loss=0.4223 mIoU=0.3289 mDice~=0.4349 MASD=18.7104 NSD=0.3556
[epoch 32] train_loss=0.0657 val_loss=0.3959 mIoU=0.3576 mDice~=0.4641 MASD=18.9906 NSD=0.3747
[epoch 33] train_loss=0.0649 val_loss=0.4057 mIoU=0.3566 mDice~=0.4692 MASD=19.3385 NSD=0.3877
[epoch 34] train_loss=0.0627 val_loss=0.4219 mIoU=0.3262 mDice~=0.4321 MASD=20.1012 NSD=0.3483
[epoch 35] train_loss=0.0618 val_loss=0.4147 mIoU=0.3549 mDice~=0.4632 MASD=20.6740 NSD=0.3764
[epoch 36] train_loss=0.0577 val_loss=0.3824 mIoU=0.3854 mDice~=0.5023 MASD=17.6602 NSD=0.4059
** New best mIoU: 0.3854. Saved to /home/rmosad/surgical-video-segmentation-/experiments/set3QuadPathStacked/QuadPathStacked_256_vesicular_glandsE80/best_QuadPath.ckpt
[epoch 37] train_loss=0.0595 val_loss=0.4150 mIoU=0.3434 mDice~=0.4543 MASD=21.7556 NSD=0.3588
[epoch 38] train_loss=0.0585 val_loss=0.3948 mIoU=0.3706 mDice~=0.4878 MASD=18.3128 NSD=0.3969
[epoch 39] train_loss=0.0562 val_loss=0.4049 mIoU=0.3622 mDice~=0.4746 MASD=18.8518 NSD=0.3846
[epoch 40] train_loss=0.0546 val_loss=0.4146 mIoU=0.3516 mDice~=0.4595 MASD=20.4629 NSD=0.3734
[epoch 41] train_loss=0.0511 val_loss=0.4037 mIoU=0.3680 mDice~=0.4831 MASD=19.8629 NSD=0.3915
[epoch 42] train_loss=0.0498 val_loss=0.3996 mIoU=0.3739 mDice~=0.4943 MASD=17.7822 NSD=0.3925
[epoch 43] train_loss=0.0488 val_loss=0.4031 mIoU=0.3673 mDice~=0.4833 MASD=18.6319 NSD=0.3876
[epoch 44] train_loss=0.0478 val_loss=0.4153 mIoU=0.3571 mDice~=0.4691 MASD=17.2025 NSD=0.3832
[epoch 45] train_loss=0.0491 val_loss=0.4142 mIoU=0.3574 mDice~=0.4688 MASD=19.9146 NSD=0.3746
[epoch 46] train_loss=0.0485 val_loss=0.4133 mIoU=0.3546 mDice~=0.4640 MASD=18.3781 NSD=0.3742
[epoch 47] train_loss=0.0437 val_loss=0.4272 mIoU=0.3440 mDice~=0.4518 MASD=18.7582 NSD=0.3652
[epoch 48] train_loss=0.0449 val_loss=0.4101 mIoU=0.3626 mDice~=0.4734 MASD=19.3610 NSD=0.3837
[epoch 49] train_loss=0.0428 val_loss=0.4019 mIoU=0.3676 mDice~=0.4816 MASD=18.8331 NSD=0.3812
[epoch 50] train_loss=0.0411 val_loss=0.4171 mIoU=0.3555 mDice~=0.4648 MASD=17.6389 NSD=0.3737
[epoch 51] train_loss=0.0409 val_loss=0.4080 mIoU=0.3650 mDice~=0.4776 MASD=18.1687 NSD=0.3814
[epoch 52] train_loss=0.0395 val_loss=0.4165 mIoU=0.3592 mDice~=0.4696 MASD=18.1603 NSD=0.3785
[epoch 53] train_loss=0.0407 val_loss=0.4040 mIoU=0.3725 mDice~=0.4913 MASD=17.2062 NSD=0.3852
[epoch 54] train_loss=0.0382 val_loss=0.4188 mIoU=0.3602 mDice~=0.4720 MASD=17.6912 NSD=0.3783
[epoch 55] train_loss=0.0394 val_loss=0.4154 mIoU=0.3617 mDice~=0.4738 MASD=18.2252 NSD=0.3745
[epoch 56] train_loss=0.0393 val_loss=0.4086 mIoU=0.3595 mDice~=0.4726 MASD=19.1768 NSD=0.3773
[epoch 57] train_loss=0.0372 val_loss=0.4286 mIoU=0.3478 mDice~=0.4554 MASD=18.2535 NSD=0.3652
[epoch 58] train_loss=0.0351 val_loss=0.4218 mIoU=0.3563 mDice~=0.4654 MASD=18.1438 NSD=0.3735
[epoch 59] train_loss=0.0355 val_loss=0.4208 mIoU=0.3566 mDice~=0.4654 MASD=17.9783 NSD=0.3710
[epoch 60] train_loss=0.0344 val_loss=0.4306 mIoU=0.3493 mDice~=0.4581 MASD=18.0311 NSD=0.3709
[epoch 61] train_loss=0.0347 val_loss=0.4375 mIoU=0.3438 mDice~=0.4501 MASD=18.4556 NSD=0.3587
[epoch 62] train_loss=0.0352 val_loss=0.4280 mIoU=0.3548 mDice~=0.4622 MASD=17.9761 NSD=0.3700
[epoch 63] train_loss=0.0332 val_loss=0.4289 mIoU=0.3534 mDice~=0.4607 MASD=18.6648 NSD=0.3699
[epoch 64] train_loss=0.0337 val_loss=0.4328 mIoU=0.3500 mDice~=0.4562 MASD=18.1163 NSD=0.3631
[epoch 65] train_loss=0.0330 val_loss=0.4336 mIoU=0.3452 mDice~=0.4525 MASD=17.9407 NSD=0.3614
[epoch 66] train_loss=0.0331 val_loss=0.4234 mIoU=0.3579 mDice~=0.4690 MASD=17.5893 NSD=0.3756
[epoch 67] train_loss=0.0315 val_loss=0.4295 mIoU=0.3523 mDice~=0.4609 MASD=17.4461 NSD=0.3718
[epoch 68] train_loss=0.0315 val_loss=0.4264 mIoU=0.3570 mDice~=0.4667 MASD=17.5037 NSD=0.3745
[epoch 69] train_loss=0.0319 val_loss=0.4288 mIoU=0.3551 mDice~=0.4650 MASD=17.7867 NSD=0.3720
[epoch 70] train_loss=0.0316 val_loss=0.4199 mIoU=0.3600 mDice~=0.4719 MASD=17.5208 NSD=0.3784
[epoch 71] train_loss=0.0317 val_loss=0.4279 mIoU=0.3527 mDice~=0.4618 MASD=17.5091 NSD=0.3697
[epoch 72] train_loss=0.0310 val_loss=0.4280 mIoU=0.3565 mDice~=0.4666 MASD=17.4864 NSD=0.3742
[epoch 73] train_loss=0.0313 val_loss=0.4245 mIoU=0.3534 mDice~=0.4632 MASD=17.5014 NSD=0.3726
[epoch 74] train_loss=0.0309 val_loss=0.4324 mIoU=0.3529 mDice~=0.4613 MASD=17.6993 NSD=0.3703
[epoch 75] train_loss=0.0315 val_loss=0.4230 mIoU=0.3568 mDice~=0.4663 MASD=17.9177 NSD=0.3758
[epoch 76] train_loss=0.0301 val_loss=0.4293 mIoU=0.3580 mDice~=0.4682 MASD=17.5844 NSD=0.3760
[epoch 77] train_loss=0.0300 val_loss=0.4266 mIoU=0.3588 mDice~=0.4699 MASD=17.6532 NSD=0.3781
[epoch 78] train_loss=0.0304 val_loss=0.4267 mIoU=0.3572 mDice~=0.4673 MASD=17.9871 NSD=0.3747
[epoch 79] train_loss=0.0310 val_loss=0.4248 mIoU=0.3570 mDice~=0.4670 MASD=17.4595 NSD=0.3755
[epoch 80] train_loss=0.0303 val_loss=0.4298 mIoU=0.3558 mDice~=0.4657 MASD=17.7301 NSD=0.3735
Training done. Best mIoU=0.3854. Best ckpt: /home/rmosad/surgical-video-segmentation-/experiments/set3QuadPathStacked/QuadPathStacked_256_vesicular_glandsE80/best_QuadPath.ckpt
Logs saved to /home/rmosad/surgical-video-segmentation-/experiments/set3QuadPathStacked/QuadPathStacked_256_vesicular_glandsE80/20260409-191151
