Organ: pancreas
Host: gpuhuang
Python: /home/rmosad/.conda/envs/svs2/bin/python
GPU:
Thu Apr  9 17:01:53 2026       
+-----------------------------------------------------------------------------------------+
| NVIDIA-SMI 580.82.07              Driver Version: 580.82.07      CUDA Version: 13.0     |
+-----------------------------------------+------------------------+----------------------+
| GPU  Name                 Persistence-M | Bus-Id          Disp.A | Volatile Uncorr. ECC |
| Fan  Temp   Perf          Pwr:Usage/Cap |           Memory-Usage | GPU-Util  Compute M. |
|                                         |                        |               MIG M. |
|=========================================+========================+======================|
|   0  NVIDIA L40S                    On  |   00000001:0B:00.0 Off |                    0 |
| N/A   30C    P8             33W /  350W |       0MiB /  46068MiB |      0%      Default |
|                                         |                        |                  N/A |
+-----------------------------------------+------------------------+----------------------+

+-----------------------------------------------------------------------------------------+
| Processes:                                                                              |
|  GPU   GI   CI              PID   Type   Process name                        GPU Memory |
|        ID   ID                                                               Usage      |
|=========================================================================================|
|  No running processes found                                                             |
+-----------------------------------------------------------------------------------------+
mmcv + MiTB0Encoder + QuadPathUNetStacked import OK
Model params: 33.82M
[epoch 1] train_loss=0.9342 val_loss=0.8162 mIoU=0.1059 mDice~=0.1637 MASD=49.8331 NSD=0.0847
** New best mIoU: 0.1059. Saved to /home/rmosad/surgical-video-segmentation-/experiments/set3QuadPathStacked/QuadPathStacked_256_pancreasE80/best_QuadPath.ckpt
[epoch 2] train_loss=0.7386 val_loss=0.7359 mIoU=0.2016 mDice~=0.2846 MASD=46.2025 NSD=0.1669
** New best mIoU: 0.2016. Saved to /home/rmosad/surgical-video-segmentation-/experiments/set3QuadPathStacked/QuadPathStacked_256_pancreasE80/best_QuadPath.ckpt
[epoch 3] train_loss=0.6507 val_loss=0.6675 mIoU=0.1808 mDice~=0.2508 MASD=32.3839 NSD=0.1956
[epoch 4] train_loss=0.5773 val_loss=0.6304 mIoU=0.1689 mDice~=0.2340 MASD=33.5099 NSD=0.1842
[epoch 5] train_loss=0.5144 val_loss=0.5953 mIoU=0.1978 mDice~=0.2669 MASD=31.9547 NSD=0.2084
[epoch 6] train_loss=0.4591 val_loss=0.5948 mIoU=0.1465 mDice~=0.1975 MASD=31.0433 NSD=0.1615
[epoch 7] train_loss=0.4066 val_loss=0.5284 mIoU=0.2398 mDice~=0.3155 MASD=30.9876 NSD=0.2520
** New best mIoU: 0.2398. Saved to /home/rmosad/surgical-video-segmentation-/experiments/set3QuadPathStacked/QuadPathStacked_256_pancreasE80/best_QuadPath.ckpt
[epoch 8] train_loss=0.3579 val_loss=0.5271 mIoU=0.2285 mDice~=0.3045 MASD=34.9052 NSD=0.2499
[epoch 9] train_loss=0.3169 val_loss=0.5146 mIoU=0.2167 mDice~=0.2877 MASD=33.0478 NSD=0.2299
[epoch 10] train_loss=0.2679 val_loss=0.5266 mIoU=0.2060 mDice~=0.2759 MASD=33.8369 NSD=0.2271
[epoch 11] train_loss=0.2328 val_loss=0.5200 mIoU=0.2141 mDice~=0.2819 MASD=30.8970 NSD=0.2389
[epoch 12] train_loss=0.2103 val_loss=0.4836 mIoU=0.2537 mDice~=0.3378 MASD=29.0611 NSD=0.2784
** New best mIoU: 0.2537. Saved to /home/rmosad/surgical-video-segmentation-/experiments/set3QuadPathStacked/QuadPathStacked_256_pancreasE80/best_QuadPath.ckpt
[epoch 13] train_loss=0.1880 val_loss=0.4939 mIoU=0.2510 mDice~=0.3335 MASD=30.2658 NSD=0.2801
[epoch 14] train_loss=0.1671 val_loss=0.5253 mIoU=0.2049 mDice~=0.2736 MASD=34.7585 NSD=0.2195
[epoch 15] train_loss=0.1594 val_loss=0.5131 mIoU=0.2265 mDice~=0.3011 MASD=29.4442 NSD=0.2546
[epoch 16] train_loss=0.1433 val_loss=0.4993 mIoU=0.2470 mDice~=0.3299 MASD=28.4361 NSD=0.2944
[epoch 17] train_loss=0.1348 val_loss=0.5668 mIoU=0.1810 mDice~=0.2434 MASD=33.0023 NSD=0.2215
[epoch 18] train_loss=0.1310 val_loss=0.5384 mIoU=0.2024 mDice~=0.2742 MASD=28.6414 NSD=0.2402
[epoch 19] train_loss=0.1260 val_loss=0.5907 mIoU=0.1754 mDice~=0.2283 MASD=28.7593 NSD=0.2123
[epoch 20] train_loss=0.1192 val_loss=0.5174 mIoU=0.2358 mDice~=0.3128 MASD=29.0875 NSD=0.2715
[epoch 21] train_loss=0.1144 val_loss=0.5096 mIoU=0.2491 mDice~=0.3306 MASD=28.0409 NSD=0.2985
[epoch 22] train_loss=0.1104 val_loss=0.5113 mIoU=0.2462 mDice~=0.3245 MASD=27.8320 NSD=0.2764
[epoch 23] train_loss=0.1047 val_loss=0.5069 mIoU=0.2491 mDice~=0.3325 MASD=30.8872 NSD=0.2863
[epoch 24] train_loss=0.1006 val_loss=0.5332 mIoU=0.2279 mDice~=0.3012 MASD=28.9809 NSD=0.2690
[epoch 25] train_loss=0.0975 val_loss=0.5329 mIoU=0.2284 mDice~=0.3041 MASD=31.0657 NSD=0.2718
[epoch 26] train_loss=0.0960 val_loss=0.5703 mIoU=0.2060 mDice~=0.2702 MASD=31.5701 NSD=0.2396
[epoch 27] train_loss=0.0923 val_loss=0.5071 mIoU=0.2535 mDice~=0.3403 MASD=27.2745 NSD=0.2899
[epoch 28] train_loss=0.0890 val_loss=0.5718 mIoU=0.2063 mDice~=0.2721 MASD=34.5052 NSD=0.2500
[epoch 29] train_loss=0.0900 val_loss=0.5252 mIoU=0.2444 mDice~=0.3271 MASD=29.1200 NSD=0.2773
[epoch 30] train_loss=0.0872 val_loss=0.5432 mIoU=0.2293 mDice~=0.3057 MASD=29.6899 NSD=0.2736
[epoch 31] train_loss=0.0854 val_loss=0.5530 mIoU=0.2280 mDice~=0.3015 MASD=32.0045 NSD=0.2632
[epoch 32] train_loss=0.0816 val_loss=0.5442 mIoU=0.2341 mDice~=0.3106 MASD=31.1635 NSD=0.2706
[epoch 33] train_loss=0.0780 val_loss=0.5314 mIoU=0.2514 mDice~=0.3318 MASD=28.5655 NSD=0.2863
[epoch 34] train_loss=0.0791 val_loss=0.5463 mIoU=0.2328 mDice~=0.3102 MASD=30.4377 NSD=0.2716
[epoch 35] train_loss=0.0749 val_loss=0.5509 mIoU=0.2320 mDice~=0.3090 MASD=27.8821 NSD=0.2825
[epoch 36] train_loss=0.0747 val_loss=0.5494 mIoU=0.2271 mDice~=0.3032 MASD=32.0011 NSD=0.2752
[epoch 37] train_loss=0.0746 val_loss=0.5230 mIoU=0.2537 mDice~=0.3371 MASD=28.8506 NSD=0.2954
** New best mIoU: 0.2537. Saved to /home/rmosad/surgical-video-segmentation-/experiments/set3QuadPathStacked/QuadPathStacked_256_pancreasE80/best_QuadPath.ckpt
[epoch 38] train_loss=0.0709 val_loss=0.5361 mIoU=0.2401 mDice~=0.3194 MASD=27.4012 NSD=0.2794
[epoch 39] train_loss=0.0702 val_loss=0.5513 mIoU=0.2282 mDice~=0.3065 MASD=28.2902 NSD=0.2652
[epoch 40] train_loss=0.0673 val_loss=0.5401 mIoU=0.2369 mDice~=0.3180 MASD=26.4229 NSD=0.2782
[epoch 41] train_loss=0.0676 val_loss=0.5635 mIoU=0.2252 mDice~=0.2974 MASD=28.2780 NSD=0.2713
[epoch 42] train_loss=0.0642 val_loss=0.5243 mIoU=0.2537 mDice~=0.3394 MASD=27.8517 NSD=0.3024
[epoch 43] train_loss=0.0651 val_loss=0.5325 mIoU=0.2543 mDice~=0.3400 MASD=27.6628 NSD=0.3068
** New best mIoU: 0.2543. Saved to /home/rmosad/surgical-video-segmentation-/experiments/set3QuadPathStacked/QuadPathStacked_256_pancreasE80/best_QuadPath.ckpt
[epoch 44] train_loss=0.0621 val_loss=0.5250 mIoU=0.2644 mDice~=0.3509 MASD=28.0022 NSD=0.3033
** New best mIoU: 0.2644. Saved to /home/rmosad/surgical-video-segmentation-/experiments/set3QuadPathStacked/QuadPathStacked_256_pancreasE80/best_QuadPath.ckpt
[epoch 45] train_loss=0.0596 val_loss=0.5500 mIoU=0.2355 mDice~=0.3159 MASD=29.4423 NSD=0.2763
[epoch 46] train_loss=0.0592 val_loss=0.5741 mIoU=0.2223 mDice~=0.2988 MASD=28.1685 NSD=0.2687
[epoch 47] train_loss=0.0609 val_loss=0.5445 mIoU=0.2485 mDice~=0.3336 MASD=27.2181 NSD=0.2865
[epoch 48] train_loss=0.0569 val_loss=0.5273 mIoU=0.2581 mDice~=0.3445 MASD=29.2050 NSD=0.2969
[epoch 49] train_loss=0.0571 val_loss=0.5622 mIoU=0.2380 mDice~=0.3184 MASD=28.6388 NSD=0.2815
[epoch 50] train_loss=0.0554 val_loss=0.5399 mIoU=0.2527 mDice~=0.3378 MASD=28.1125 NSD=0.2949
[epoch 51] train_loss=0.0548 val_loss=0.5619 mIoU=0.2412 mDice~=0.3227 MASD=30.3101 NSD=0.2873
[epoch 52] train_loss=0.0535 val_loss=0.5466 mIoU=0.2542 mDice~=0.3402 MASD=28.8533 NSD=0.2956
[epoch 53] train_loss=0.0524 val_loss=0.5430 mIoU=0.2563 mDice~=0.3439 MASD=27.9813 NSD=0.2954
[epoch 54] train_loss=0.0510 val_loss=0.5670 mIoU=0.2409 mDice~=0.3245 MASD=28.2174 NSD=0.2875
[epoch 55] train_loss=0.0509 val_loss=0.5619 mIoU=0.2457 mDice~=0.3289 MASD=28.5519 NSD=0.2894
[epoch 56] train_loss=0.0504 val_loss=0.5667 mIoU=0.2455 mDice~=0.3279 MASD=28.4765 NSD=0.2894
[epoch 57] train_loss=0.0496 val_loss=0.5852 mIoU=0.2268 mDice~=0.3051 MASD=29.0024 NSD=0.2696
[epoch 58] train_loss=0.0486 val_loss=0.5696 mIoU=0.2419 mDice~=0.3245 MASD=27.8721 NSD=0.2864
[epoch 59] train_loss=0.0480 val_loss=0.5626 mIoU=0.2496 mDice~=0.3344 MASD=28.4590 NSD=0.2963
[epoch 60] train_loss=0.0469 val_loss=0.5779 mIoU=0.2380 mDice~=0.3188 MASD=27.8679 NSD=0.2852
[epoch 61] train_loss=0.0463 val_loss=0.5815 mIoU=0.2342 mDice~=0.3132 MASD=28.7138 NSD=0.2845
[epoch 62] train_loss=0.0471 val_loss=0.5772 mIoU=0.2396 mDice~=0.3208 MASD=28.5995 NSD=0.2896
[epoch 63] train_loss=0.0447 val_loss=0.5750 mIoU=0.2407 mDice~=0.3233 MASD=27.9853 NSD=0.2884
[epoch 64] train_loss=0.0457 val_loss=0.5862 mIoU=0.2310 mDice~=0.3096 MASD=28.3428 NSD=0.2727
[epoch 65] train_loss=0.0445 val_loss=0.5755 mIoU=0.2408 mDice~=0.3228 MASD=28.0927 NSD=0.2871
[epoch 66] train_loss=0.0447 val_loss=0.5836 mIoU=0.2361 mDice~=0.3164 MASD=27.6411 NSD=0.2827
[epoch 67] train_loss=0.0450 val_loss=0.5848 mIoU=0.2356 mDice~=0.3159 MASD=28.0181 NSD=0.2825
[epoch 68] train_loss=0.0443 val_loss=0.5763 mIoU=0.2422 mDice~=0.3247 MASD=28.2215 NSD=0.2910
[epoch 69] train_loss=0.0430 val_loss=0.5841 mIoU=0.2373 mDice~=0.3179 MASD=28.3558 NSD=0.2835
[epoch 70] train_loss=0.0427 val_loss=0.5825 mIoU=0.2366 mDice~=0.3173 MASD=27.9325 NSD=0.2824
[epoch 71] train_loss=0.0426 val_loss=0.5776 mIoU=0.2411 mDice~=0.3229 MASD=27.7098 NSD=0.2874
[epoch 72] train_loss=0.0425 val_loss=0.5877 mIoU=0.2339 mDice~=0.3144 MASD=28.2331 NSD=0.2810
[epoch 73] train_loss=0.0428 val_loss=0.5805 mIoU=0.2392 mDice~=0.3206 MASD=27.1790 NSD=0.2853
[epoch 74] train_loss=0.0422 val_loss=0.5886 mIoU=0.2333 mDice~=0.3136 MASD=27.7385 NSD=0.2807
[epoch 75] train_loss=0.0423 val_loss=0.5851 mIoU=0.2355 mDice~=0.3168 MASD=28.4668 NSD=0.2828
[epoch 76] train_loss=0.0422 val_loss=0.5860 mIoU=0.2368 mDice~=0.3179 MASD=28.5257 NSD=0.2833
[epoch 77] train_loss=0.0423 val_loss=0.5847 mIoU=0.2376 mDice~=0.3188 MASD=28.0253 NSD=0.2835
[epoch 78] train_loss=0.0420 val_loss=0.5852 mIoU=0.2364 mDice~=0.3173 MASD=27.9329 NSD=0.2822
[epoch 79] train_loss=0.0421 val_loss=0.5820 mIoU=0.2382 mDice~=0.3198 MASD=28.0194 NSD=0.2837
[epoch 80] train_loss=0.0418 val_loss=0.5785 mIoU=0.2421 mDice~=0.3249 MASD=28.9423 NSD=0.2889
Training done. Best mIoU=0.2644. Best ckpt: /home/rmosad/surgical-video-segmentation-/experiments/set3QuadPathStacked/QuadPathStacked_256_pancreasE80/best_QuadPath.ckpt
Logs saved to /home/rmosad/surgical-video-segmentation-/experiments/set3QuadPathStacked/QuadPathStacked_256_pancreasE80/20260409-170157
