Organ: ureter
Host: gpu02
Python: /home/idavis3/miniconda3/envs/svs/bin/python
GPU:
Mon Mar 16 16:02:33 2026       
+-----------------------------------------------------------------------------------------+
| NVIDIA-SMI 580.82.07              Driver Version: 580.82.07      CUDA Version: 13.0     |
+-----------------------------------------+------------------------+----------------------+
| GPU  Name                 Persistence-M | Bus-Id          Disp.A | Volatile Uncorr. ECC |
| Fan  Temp   Perf          Pwr:Usage/Cap |           Memory-Usage | GPU-Util  Compute M. |
|                                         |                        |               MIG M. |
|=========================================+========================+======================|
|   0  NVIDIA L40S                    On  |   00000000:E1:00.0 Off |                    0 |
| N/A   38C    P0             87W /  350W |       0MiB /  46068MiB |      0%      Default |
|                                         |                        |                  N/A |
+-----------------------------------------+------------------------+----------------------+

+-----------------------------------------------------------------------------------------+
| Processes:                                                                              |
|  GPU   GI   CI              PID   Type   Process name                        GPU Memory |
|        ID   ID                                                               Usage      |
|=========================================================================================|
|  No running processes found                                                             |
+-----------------------------------------------------------------------------------------+
mmcv + TriPathUNetStacked import OK
Model params: 24.99M
[epoch 1] train_loss=0.7573 val_loss=0.6772 mIoU=0.1027 mDice~=0.1642 MASD=53.9790 NSD=0.1403
** New best mIoU: 0.1027. Saved to /home/idavis3/surgical-video-segmentation-/experiments/set3TriPathStacked/TriPathStacked_256_ureterE80/best_TriPath.ckpt
[epoch 2] train_loss=0.6284 val_loss=0.6257 mIoU=0.1211 mDice~=0.1900 MASD=46.7964 NSD=0.1578
** New best mIoU: 0.1211. Saved to /home/idavis3/surgical-video-segmentation-/experiments/set3TriPathStacked/TriPathStacked_256_ureterE80/best_TriPath.ckpt
[epoch 3] train_loss=0.5677 val_loss=0.5827 mIoU=0.1058 mDice~=0.1598 MASD=53.2171 NSD=0.1245
[epoch 4] train_loss=0.5229 val_loss=0.5614 mIoU=0.1232 mDice~=0.1931 MASD=45.7838 NSD=0.1467
** New best mIoU: 0.1232. Saved to /home/idavis3/surgical-video-segmentation-/experiments/set3TriPathStacked/TriPathStacked_256_ureterE80/best_TriPath.ckpt
[epoch 5] train_loss=0.4702 val_loss=0.5546 mIoU=0.1049 mDice~=0.1582 MASD=51.9156 NSD=0.1116
[epoch 6] train_loss=0.4239 val_loss=0.5152 mIoU=0.0964 mDice~=0.1417 MASD=40.0749 NSD=0.1110
[epoch 7] train_loss=0.3753 val_loss=0.4970 mIoU=0.1128 mDice~=0.1590 MASD=46.2458 NSD=0.1350
[epoch 8] train_loss=0.3386 val_loss=0.4799 mIoU=0.1216 mDice~=0.1790 MASD=33.6706 NSD=0.1598
[epoch 9] train_loss=0.2963 val_loss=0.4789 mIoU=0.1027 mDice~=0.1393 MASD=37.2791 NSD=0.1292
[epoch 10] train_loss=0.2582 val_loss=0.4682 mIoU=0.1196 mDice~=0.1706 MASD=39.0635 NSD=0.1445
[epoch 11] train_loss=0.2354 val_loss=0.4459 mIoU=0.1489 mDice~=0.2079 MASD=37.6265 NSD=0.1791
** New best mIoU: 0.1489. Saved to /home/idavis3/surgical-video-segmentation-/experiments/set3TriPathStacked/TriPathStacked_256_ureterE80/best_TriPath.ckpt
[epoch 12] train_loss=0.2232 val_loss=0.4936 mIoU=0.0772 mDice~=0.1117 MASD=52.6746 NSD=0.0882
[epoch 13] train_loss=0.2065 val_loss=0.4096 mIoU=0.1937 mDice~=0.2552 MASD=28.5537 NSD=0.2341
** New best mIoU: 0.1937. Saved to /home/idavis3/surgical-video-segmentation-/experiments/set3TriPathStacked/TriPathStacked_256_ureterE80/best_TriPath.ckpt
[epoch 14] train_loss=0.1878 val_loss=0.4168 mIoU=0.1776 mDice~=0.2490 MASD=31.1754 NSD=0.2231
[epoch 15] train_loss=0.1754 val_loss=0.3895 mIoU=0.2330 mDice~=0.3102 MASD=31.5442 NSD=0.2722
** New best mIoU: 0.2330. Saved to /home/idavis3/surgical-video-segmentation-/experiments/set3TriPathStacked/TriPathStacked_256_ureterE80/best_TriPath.ckpt
[epoch 16] train_loss=0.1689 val_loss=0.4278 mIoU=0.1621 mDice~=0.2180 MASD=38.3919 NSD=0.1972
[epoch 17] train_loss=0.1645 val_loss=0.4052 mIoU=0.1932 mDice~=0.2575 MASD=29.1622 NSD=0.2440
[epoch 18] train_loss=0.1528 val_loss=0.4044 mIoU=0.2106 mDice~=0.2726 MASD=44.6282 NSD=0.2590
[epoch 19] train_loss=0.1499 val_loss=0.4262 mIoU=0.1608 mDice~=0.2222 MASD=38.1835 NSD=0.1973
[epoch 20] train_loss=0.1442 val_loss=0.4001 mIoU=0.2006 mDice~=0.2723 MASD=31.4418 NSD=0.2513
[epoch 21] train_loss=0.1360 val_loss=0.4317 mIoU=0.1555 mDice~=0.2140 MASD=33.0062 NSD=0.2007
[epoch 22] train_loss=0.1327 val_loss=0.3717 mIoU=0.2473 mDice~=0.3257 MASD=28.4628 NSD=0.2972
** New best mIoU: 0.2473. Saved to /home/idavis3/surgical-video-segmentation-/experiments/set3TriPathStacked/TriPathStacked_256_ureterE80/best_TriPath.ckpt
[epoch 23] train_loss=0.1245 val_loss=0.4524 mIoU=0.1281 mDice~=0.1750 MASD=34.2956 NSD=0.1616
[epoch 24] train_loss=0.1227 val_loss=0.4204 mIoU=0.1704 mDice~=0.2307 MASD=28.4957 NSD=0.2138
[epoch 25] train_loss=0.1157 val_loss=0.4293 mIoU=0.1653 mDice~=0.2211 MASD=32.1478 NSD=0.2036
[epoch 26] train_loss=0.1164 val_loss=0.4346 mIoU=0.1505 mDice~=0.2079 MASD=33.4138 NSD=0.1926
[epoch 27] train_loss=0.1131 val_loss=0.4121 mIoU=0.1807 mDice~=0.2459 MASD=29.3073 NSD=0.2305
[epoch 28] train_loss=0.1108 val_loss=0.3868 mIoU=0.2064 mDice~=0.2813 MASD=28.6790 NSD=0.2649
[epoch 29] train_loss=0.1125 val_loss=0.4152 mIoU=0.1806 mDice~=0.2419 MASD=27.5394 NSD=0.2345
[epoch 30] train_loss=0.1054 val_loss=0.3786 mIoU=0.2288 mDice~=0.3023 MASD=29.5201 NSD=0.2808
[epoch 31] train_loss=0.1005 val_loss=0.3663 mIoU=0.2501 mDice~=0.3351 MASD=26.1186 NSD=0.3170
** New best mIoU: 0.2501. Saved to /home/idavis3/surgical-video-segmentation-/experiments/set3TriPathStacked/TriPathStacked_256_ureterE80/best_TriPath.ckpt
[epoch 32] train_loss=0.0967 val_loss=0.4212 mIoU=0.1782 mDice~=0.2382 MASD=29.5752 NSD=0.2313
[epoch 33] train_loss=0.0964 val_loss=0.4207 mIoU=0.1742 mDice~=0.2390 MASD=38.4725 NSD=0.2268
[epoch 34] train_loss=0.0981 val_loss=0.3886 mIoU=0.2225 mDice~=0.2963 MASD=27.5125 NSD=0.2830
[epoch 35] train_loss=0.0938 val_loss=0.3908 mIoU=0.2136 mDice~=0.2855 MASD=27.8092 NSD=0.2695
[epoch 36] train_loss=0.0877 val_loss=0.3856 mIoU=0.2190 mDice~=0.2979 MASD=30.6255 NSD=0.2797
[epoch 37] train_loss=0.0846 val_loss=0.4321 mIoU=0.1572 mDice~=0.2131 MASD=37.2627 NSD=0.2043
[epoch 38] train_loss=0.0865 val_loss=0.3813 mIoU=0.2262 mDice~=0.3022 MASD=29.4625 NSD=0.2877
[epoch 39] train_loss=0.0838 val_loss=0.4377 mIoU=0.1493 mDice~=0.2023 MASD=33.6562 NSD=0.1897
[epoch 40] train_loss=0.0823 val_loss=0.4122 mIoU=0.1879 mDice~=0.2572 MASD=42.0203 NSD=0.2507
[epoch 41] train_loss=0.0788 val_loss=0.4070 mIoU=0.1970 mDice~=0.2639 MASD=30.5489 NSD=0.2608
[epoch 42] train_loss=0.0769 val_loss=0.3682 mIoU=0.2471 mDice~=0.3282 MASD=28.0215 NSD=0.3181
[epoch 43] train_loss=0.0771 val_loss=0.3934 mIoU=0.2216 mDice~=0.2982 MASD=35.0538 NSD=0.2804
[epoch 44] train_loss=0.0721 val_loss=0.3791 mIoU=0.2308 mDice~=0.3144 MASD=32.2121 NSD=0.2983
[epoch 45] train_loss=0.0724 val_loss=0.4173 mIoU=0.1778 mDice~=0.2381 MASD=24.5300 NSD=0.2357
[epoch 46] train_loss=0.0681 val_loss=0.3919 mIoU=0.2147 mDice~=0.2881 MASD=25.7170 NSD=0.2813
[epoch 47] train_loss=0.0663 val_loss=0.3783 mIoU=0.2342 mDice~=0.3124 MASD=26.8515 NSD=0.3070
[epoch 48] train_loss=0.0666 val_loss=0.3922 mIoU=0.2147 mDice~=0.2877 MASD=26.5066 NSD=0.2802
[epoch 49] train_loss=0.0638 val_loss=0.4167 mIoU=0.1810 mDice~=0.2461 MASD=26.3226 NSD=0.2444
[epoch 50] train_loss=0.0620 val_loss=0.4309 mIoU=0.1679 mDice~=0.2262 MASD=30.2984 NSD=0.2242
[epoch 51] train_loss=0.0605 val_loss=0.3971 mIoU=0.2092 mDice~=0.2817 MASD=30.8326 NSD=0.2742
[epoch 52] train_loss=0.0600 val_loss=0.3791 mIoU=0.2307 mDice~=0.3138 MASD=25.1775 NSD=0.3057
[epoch 53] train_loss=0.0590 val_loss=0.4026 mIoU=0.2031 mDice~=0.2753 MASD=28.9595 NSD=0.2708
[epoch 54] train_loss=0.0569 val_loss=0.3752 mIoU=0.2402 mDice~=0.3196 MASD=25.6109 NSD=0.3110
[epoch 55] train_loss=0.0564 val_loss=0.3699 mIoU=0.2498 mDice~=0.3317 MASD=28.1515 NSD=0.3227
[epoch 56] train_loss=0.0540 val_loss=0.3938 mIoU=0.2118 mDice~=0.2839 MASD=25.6271 NSD=0.2779
[epoch 57] train_loss=0.0538 val_loss=0.3974 mIoU=0.2068 mDice~=0.2787 MASD=27.9813 NSD=0.2692
[epoch 58] train_loss=0.0519 val_loss=0.3934 mIoU=0.2152 mDice~=0.2896 MASD=29.3409 NSD=0.2816
[epoch 59] train_loss=0.0515 val_loss=0.3956 mIoU=0.2108 mDice~=0.2859 MASD=30.3979 NSD=0.2810
[epoch 60] train_loss=0.0511 val_loss=0.3883 mIoU=0.2232 mDice~=0.3006 MASD=29.2856 NSD=0.2985
[epoch 61] train_loss=0.0503 val_loss=0.3830 mIoU=0.2339 mDice~=0.3134 MASD=28.5745 NSD=0.3089
[epoch 62] train_loss=0.0497 val_loss=0.4050 mIoU=0.2002 mDice~=0.2728 MASD=29.7198 NSD=0.2669
[epoch 63] train_loss=0.0483 val_loss=0.3937 mIoU=0.2160 mDice~=0.2926 MASD=26.5524 NSD=0.2861
[epoch 64] train_loss=0.0479 val_loss=0.3779 mIoU=0.2385 mDice~=0.3201 MASD=27.6864 NSD=0.3112
[epoch 65] train_loss=0.0463 val_loss=0.3939 mIoU=0.2149 mDice~=0.2900 MASD=27.3505 NSD=0.2839
[epoch 66] train_loss=0.0468 val_loss=0.3899 mIoU=0.2219 mDice~=0.2980 MASD=27.2166 NSD=0.2944
[epoch 67] train_loss=0.0460 val_loss=0.3975 mIoU=0.2102 mDice~=0.2841 MASD=27.6497 NSD=0.2791
[epoch 68] train_loss=0.0461 val_loss=0.3929 mIoU=0.2188 mDice~=0.2952 MASD=28.3259 NSD=0.2917
[epoch 69] train_loss=0.0446 val_loss=0.3942 mIoU=0.2168 mDice~=0.2919 MASD=27.2690 NSD=0.2870
[epoch 70] train_loss=0.0446 val_loss=0.3995 mIoU=0.2089 mDice~=0.2836 MASD=28.8056 NSD=0.2796
[epoch 71] train_loss=0.0447 val_loss=0.3878 mIoU=0.2259 mDice~=0.3039 MASD=27.5344 NSD=0.2990
[epoch 72] train_loss=0.0442 val_loss=0.3904 mIoU=0.2208 mDice~=0.2969 MASD=27.5390 NSD=0.2914
[epoch 73] train_loss=0.0442 val_loss=0.3982 mIoU=0.2106 mDice~=0.2833 MASD=27.5981 NSD=0.2769
[epoch 74] train_loss=0.0434 val_loss=0.3944 mIoU=0.2157 mDice~=0.2915 MASD=27.7798 NSD=0.2866
[epoch 75] train_loss=0.0437 val_loss=0.3890 mIoU=0.2237 mDice~=0.3005 MASD=26.7839 NSD=0.2958
[epoch 76] train_loss=0.0426 val_loss=0.3982 mIoU=0.2096 mDice~=0.2835 MASD=28.4948 NSD=0.2772
[epoch 77] train_loss=0.0433 val_loss=0.3939 mIoU=0.2165 mDice~=0.2924 MASD=27.7556 NSD=0.2882
[epoch 78] train_loss=0.0429 val_loss=0.3920 mIoU=0.2183 mDice~=0.2943 MASD=27.4884 NSD=0.2898
[epoch 79] train_loss=0.0432 val_loss=0.3937 mIoU=0.2162 mDice~=0.2923 MASD=27.0573 NSD=0.2870
[epoch 80] train_loss=0.0441 val_loss=0.3980 mIoU=0.2099 mDice~=0.2847 MASD=28.3454 NSD=0.2803
Training done. Best mIoU=0.2501. Best ckpt: /home/idavis3/surgical-video-segmentation-/experiments/set3TriPathStacked/TriPathStacked_256_ureterE80/best_TriPath.ckpt
Logs saved to /home/idavis3/surgical-video-segmentation-/experiments/set3TriPathStacked/TriPathStacked_256_ureterE80/20260316-160236
