Organ: ureter
Host: gpuhuang
Python: /home/rmosad/.conda/envs/svs2/bin/python
GPU:
Mon Mar  2 16:45:42 2026       
+-----------------------------------------------------------------------------------------+
| NVIDIA-SMI 575.51.03              Driver Version: 575.51.03      CUDA Version: 12.9     |
|-----------------------------------------+------------------------+----------------------+
| GPU  Name                 Persistence-M | Bus-Id          Disp.A | Volatile Uncorr. ECC |
| Fan  Temp   Perf          Pwr:Usage/Cap |           Memory-Usage | GPU-Util  Compute M. |
|                                         |                        |               MIG M. |
|=========================================+========================+======================|
|   0  NVIDIA L40S                    Off |   00000001:0B:00.0 Off |                    0 |
| N/A   31C    P8             33W /  350W |       0MiB /  46068MiB |      0%      Default |
|                                         |                        |                  N/A |
+-----------------------------------------+------------------------+----------------------+
                                                                                         
+-----------------------------------------------------------------------------------------+
| Processes:                                                                              |
|  GPU   GI   CI              PID   Type   Process name                        GPU Memory |
|        ID   ID                                                               Usage      |
|=========================================================================================|
|  No running processes found                                                             |
+-----------------------------------------------------------------------------------------+
mmcv + TriPathUNetStacked import OK
Model params: 24.99M
[epoch 1] train_loss=0.7578 val_loss=0.6654 mIoU=0.0871 mDice~=0.1353 MASD=54.5902 NSD=0.1067
** New best mIoU: 0.0871. Saved to /home/rmosad/surgical-video-segmentation-/experiments/set3TriPathStacked/TriPathStacked_256_ureterE80/best_TriPath.ckpt
[epoch 2] train_loss=0.6271 val_loss=0.6560 mIoU=0.0994 mDice~=0.1638 MASD=54.4887 NSD=0.1198
** New best mIoU: 0.0994. Saved to /home/rmosad/surgical-video-segmentation-/experiments/set3TriPathStacked/TriPathStacked_256_ureterE80/best_TriPath.ckpt
[epoch 3] train_loss=0.5679 val_loss=0.5803 mIoU=0.1499 mDice~=0.2183 MASD=48.4508 NSD=0.1569
** New best mIoU: 0.1499. Saved to /home/rmosad/surgical-video-segmentation-/experiments/set3TriPathStacked/TriPathStacked_256_ureterE80/best_TriPath.ckpt
[epoch 4] train_loss=0.5188 val_loss=0.5631 mIoU=0.1764 mDice~=0.2568 MASD=40.2415 NSD=0.2031
** New best mIoU: 0.1764. Saved to /home/rmosad/surgical-video-segmentation-/experiments/set3TriPathStacked/TriPathStacked_256_ureterE80/best_TriPath.ckpt
[epoch 5] train_loss=0.4682 val_loss=0.5544 mIoU=0.0938 mDice~=0.1468 MASD=55.6502 NSD=0.1068
[epoch 6] train_loss=0.4281 val_loss=0.4939 mIoU=0.1618 mDice~=0.2284 MASD=36.4404 NSD=0.1923
[epoch 7] train_loss=0.3829 val_loss=0.4730 mIoU=0.1694 mDice~=0.2426 MASD=39.8183 NSD=0.1972
[epoch 8] train_loss=0.3419 val_loss=0.4398 mIoU=0.2124 mDice~=0.2922 MASD=32.3516 NSD=0.2288
** New best mIoU: 0.2124. Saved to /home/rmosad/surgical-video-segmentation-/experiments/set3TriPathStacked/TriPathStacked_256_ureterE80/best_TriPath.ckpt
[epoch 9] train_loss=0.3011 val_loss=0.4542 mIoU=0.1537 mDice~=0.2056 MASD=41.1982 NSD=0.1881
[epoch 10] train_loss=0.2643 val_loss=0.4389 mIoU=0.1760 mDice~=0.2409 MASD=35.9300 NSD=0.2100
[epoch 11] train_loss=0.2357 val_loss=0.4046 mIoU=0.2195 mDice~=0.2924 MASD=34.6046 NSD=0.2519
** New best mIoU: 0.2195. Saved to /home/rmosad/surgical-video-segmentation-/experiments/set3TriPathStacked/TriPathStacked_256_ureterE80/best_TriPath.ckpt
[epoch 12] train_loss=0.2239 val_loss=0.4314 mIoU=0.1765 mDice~=0.2415 MASD=44.2712 NSD=0.1944
[epoch 13] train_loss=0.2066 val_loss=0.3887 mIoU=0.2335 mDice~=0.3048 MASD=26.9710 NSD=0.2696
** New best mIoU: 0.2335. Saved to /home/rmosad/surgical-video-segmentation-/experiments/set3TriPathStacked/TriPathStacked_256_ureterE80/best_TriPath.ckpt
[epoch 14] train_loss=0.1957 val_loss=0.3758 mIoU=0.2619 mDice~=0.3413 MASD=30.6549 NSD=0.3136
** New best mIoU: 0.2619. Saved to /home/rmosad/surgical-video-segmentation-/experiments/set3TriPathStacked/TriPathStacked_256_ureterE80/best_TriPath.ckpt
[epoch 15] train_loss=0.1813 val_loss=0.4022 mIoU=0.2022 mDice~=0.2665 MASD=32.8467 NSD=0.2383
[epoch 16] train_loss=0.1743 val_loss=0.4035 mIoU=0.2113 mDice~=0.2768 MASD=34.7308 NSD=0.2549
[epoch 17] train_loss=0.1610 val_loss=0.4364 mIoU=0.1495 mDice~=0.2015 MASD=33.5597 NSD=0.1834
[epoch 18] train_loss=0.1562 val_loss=0.4152 mIoU=0.1865 mDice~=0.2555 MASD=32.8074 NSD=0.2210
[epoch 19] train_loss=0.1518 val_loss=0.4429 mIoU=0.1419 mDice~=0.1926 MASD=37.6102 NSD=0.1837
[epoch 20] train_loss=0.1463 val_loss=0.3732 mIoU=0.2423 mDice~=0.3217 MASD=23.6066 NSD=0.2966
[epoch 21] train_loss=0.1398 val_loss=0.3882 mIoU=0.2174 mDice~=0.2943 MASD=25.9992 NSD=0.2750
[epoch 22] train_loss=0.1332 val_loss=0.3693 mIoU=0.2512 mDice~=0.3285 MASD=26.6070 NSD=0.3078
[epoch 23] train_loss=0.1319 val_loss=0.4392 mIoU=0.1498 mDice~=0.2021 MASD=30.0964 NSD=0.1886
[epoch 24] train_loss=0.1269 val_loss=0.4084 mIoU=0.1909 mDice~=0.2561 MASD=28.9132 NSD=0.2433
[epoch 25] train_loss=0.1205 val_loss=0.3932 mIoU=0.2145 mDice~=0.2871 MASD=27.8280 NSD=0.2661
[epoch 26] train_loss=0.1201 val_loss=0.4408 mIoU=0.1477 mDice~=0.1996 MASD=31.6173 NSD=0.1965
[epoch 27] train_loss=0.1133 val_loss=0.3805 mIoU=0.2288 mDice~=0.3065 MASD=28.4643 NSD=0.2883
[epoch 28] train_loss=0.1127 val_loss=0.4032 mIoU=0.1915 mDice~=0.2652 MASD=33.3154 NSD=0.2507
[epoch 29] train_loss=0.1123 val_loss=0.3690 mIoU=0.2435 mDice~=0.3224 MASD=22.7332 NSD=0.3056
[epoch 30] train_loss=0.1058 val_loss=0.4122 mIoU=0.1852 mDice~=0.2485 MASD=33.6999 NSD=0.2284
[epoch 31] train_loss=0.1012 val_loss=0.4062 mIoU=0.1946 mDice~=0.2580 MASD=25.6050 NSD=0.2440
[epoch 32] train_loss=0.0973 val_loss=0.4064 mIoU=0.1923 mDice~=0.2582 MASD=26.4462 NSD=0.2435
[epoch 33] train_loss=0.0981 val_loss=0.4117 mIoU=0.1860 mDice~=0.2463 MASD=24.8694 NSD=0.2457
[epoch 34] train_loss=0.0971 val_loss=0.3949 mIoU=0.2137 mDice~=0.2860 MASD=31.4274 NSD=0.2694
[epoch 35] train_loss=0.0935 val_loss=0.3634 mIoU=0.2549 mDice~=0.3375 MASD=25.4171 NSD=0.3212
[epoch 36] train_loss=0.0905 val_loss=0.4147 mIoU=0.1830 mDice~=0.2479 MASD=31.6477 NSD=0.2388
[epoch 37] train_loss=0.0855 val_loss=0.3698 mIoU=0.2498 mDice~=0.3256 MASD=26.0017 NSD=0.3114
[epoch 38] train_loss=0.0906 val_loss=0.4113 mIoU=0.1907 mDice~=0.2567 MASD=28.2313 NSD=0.2407
[epoch 39] train_loss=0.0853 val_loss=0.4012 mIoU=0.2050 mDice~=0.2765 MASD=32.5415 NSD=0.2694
[epoch 40] train_loss=0.0848 val_loss=0.3868 mIoU=0.2233 mDice~=0.2977 MASD=23.5111 NSD=0.2792
[epoch 41] train_loss=0.0819 val_loss=0.4070 mIoU=0.1950 mDice~=0.2602 MASD=22.6247 NSD=0.2582
[epoch 42] train_loss=0.0779 val_loss=0.3781 mIoU=0.2401 mDice~=0.3124 MASD=26.8784 NSD=0.3030
[epoch 43] train_loss=0.0787 val_loss=0.3963 mIoU=0.2132 mDice~=0.2887 MASD=32.6170 NSD=0.2737
[epoch 44] train_loss=0.0733 val_loss=0.4012 mIoU=0.2085 mDice~=0.2849 MASD=34.1433 NSD=0.2809
[epoch 45] train_loss=0.0724 val_loss=0.4235 mIoU=0.1764 mDice~=0.2365 MASD=29.1416 NSD=0.2344
[epoch 46] train_loss=0.0705 val_loss=0.4147 mIoU=0.1928 mDice~=0.2568 MASD=25.5745 NSD=0.2542
[epoch 47] train_loss=0.0670 val_loss=0.3473 mIoU=0.2887 mDice~=0.3765 MASD=21.8907 NSD=0.3716
** New best mIoU: 0.2887. Saved to /home/rmosad/surgical-video-segmentation-/experiments/set3TriPathStacked/TriPathStacked_256_ureterE80/best_TriPath.ckpt
[epoch 48] train_loss=0.0683 val_loss=0.3864 mIoU=0.2253 mDice~=0.2988 MASD=26.1761 NSD=0.2914
[epoch 49] train_loss=0.0663 val_loss=0.4073 mIoU=0.1992 mDice~=0.2656 MASD=28.7241 NSD=0.2593
[epoch 50] train_loss=0.0630 val_loss=0.4120 mIoU=0.1942 mDice~=0.2603 MASD=26.6717 NSD=0.2610
[epoch 51] train_loss=0.0624 val_loss=0.3982 mIoU=0.2078 mDice~=0.2786 MASD=26.5361 NSD=0.2760
[epoch 52] train_loss=0.0614 val_loss=0.3904 mIoU=0.2223 mDice~=0.2988 MASD=26.5095 NSD=0.2920
[epoch 53] train_loss=0.0600 val_loss=0.4068 mIoU=0.2029 mDice~=0.2718 MASD=27.2944 NSD=0.2724
[epoch 54] train_loss=0.0592 val_loss=0.3880 mIoU=0.2260 mDice~=0.3016 MASD=25.8276 NSD=0.2939
[epoch 55] train_loss=0.0580 val_loss=0.4022 mIoU=0.2067 mDice~=0.2765 MASD=26.8485 NSD=0.2715
[epoch 56] train_loss=0.0552 val_loss=0.4050 mIoU=0.2007 mDice~=0.2702 MASD=23.7933 NSD=0.2607
[epoch 57] train_loss=0.0556 val_loss=0.4099 mIoU=0.1951 mDice~=0.2628 MASD=24.5061 NSD=0.2578
[epoch 58] train_loss=0.0536 val_loss=0.4105 mIoU=0.1983 mDice~=0.2643 MASD=24.8450 NSD=0.2594
[epoch 59] train_loss=0.0527 val_loss=0.3946 mIoU=0.2143 mDice~=0.2896 MASD=24.8169 NSD=0.2880
[epoch 60] train_loss=0.0533 val_loss=0.3733 mIoU=0.2477 mDice~=0.3286 MASD=22.1222 NSD=0.3238
[epoch 61] train_loss=0.0522 val_loss=0.3864 mIoU=0.2265 mDice~=0.3040 MASD=24.9506 NSD=0.3011
[epoch 62] train_loss=0.0507 val_loss=0.4055 mIoU=0.2024 mDice~=0.2747 MASD=24.7383 NSD=0.2735
[epoch 63] train_loss=0.0493 val_loss=0.4049 mIoU=0.2043 mDice~=0.2776 MASD=26.8864 NSD=0.2721
[epoch 64] train_loss=0.0490 val_loss=0.3933 mIoU=0.2204 mDice~=0.2958 MASD=21.7874 NSD=0.2914
[epoch 65] train_loss=0.0482 val_loss=0.3968 mIoU=0.2151 mDice~=0.2889 MASD=24.2088 NSD=0.2833
[epoch 66] train_loss=0.0481 val_loss=0.3953 mIoU=0.2171 mDice~=0.2914 MASD=22.6945 NSD=0.2877
[epoch 67] train_loss=0.0470 val_loss=0.4003 mIoU=0.2107 mDice~=0.2840 MASD=22.8444 NSD=0.2812
[epoch 68] train_loss=0.0475 val_loss=0.3982 mIoU=0.2138 mDice~=0.2873 MASD=22.7506 NSD=0.2827
[epoch 69] train_loss=0.0465 val_loss=0.4028 mIoU=0.2089 mDice~=0.2813 MASD=23.3291 NSD=0.2796
[epoch 70] train_loss=0.0454 val_loss=0.4063 mIoU=0.2029 mDice~=0.2742 MASD=24.0302 NSD=0.2729
[epoch 71] train_loss=0.0460 val_loss=0.3894 mIoU=0.2264 mDice~=0.3037 MASD=25.0628 NSD=0.2990
[epoch 72] train_loss=0.0456 val_loss=0.3987 mIoU=0.2133 mDice~=0.2875 MASD=24.6323 NSD=0.2832
[epoch 73] train_loss=0.0454 val_loss=0.4005 mIoU=0.2102 mDice~=0.2842 MASD=25.0833 NSD=0.2794
[epoch 74] train_loss=0.0443 val_loss=0.4028 mIoU=0.2075 mDice~=0.2805 MASD=26.6267 NSD=0.2766
[epoch 75] train_loss=0.0444 val_loss=0.3993 mIoU=0.2127 mDice~=0.2867 MASD=25.6063 NSD=0.2830
[epoch 76] train_loss=0.0435 val_loss=0.4093 mIoU=0.1988 mDice~=0.2697 MASD=26.3531 NSD=0.2671
[epoch 77] train_loss=0.0448 val_loss=0.4087 mIoU=0.2006 mDice~=0.2714 MASD=26.6392 NSD=0.2703
[epoch 78] train_loss=0.0442 val_loss=0.4016 mIoU=0.2100 mDice~=0.2830 MASD=24.8983 NSD=0.2802
[epoch 79] train_loss=0.0445 val_loss=0.4044 mIoU=0.2056 mDice~=0.2775 MASD=25.8117 NSD=0.2750
[epoch 80] train_loss=0.0454 val_loss=0.4067 mIoU=0.2030 mDice~=0.2742 MASD=23.5548 NSD=0.2739
Training done. Best mIoU=0.2887. Best ckpt: /home/rmosad/surgical-video-segmentation-/experiments/set3TriPathStacked/TriPathStacked_256_ureterE80/best_TriPath.ckpt
Logs saved to /home/rmosad/surgical-video-segmentation-/experiments/set3TriPathStacked/TriPathStacked_256_ureterE80/20260302-164545
