Organ: pancreas
Host: gpuhuang
Python: /home/rmosad/.conda/envs/svs2/bin/python
GPU:
Mon Mar  2 15:38:47 2026       
+-----------------------------------------------------------------------------------------+
| NVIDIA-SMI 575.51.03              Driver Version: 575.51.03      CUDA Version: 12.9     |
|-----------------------------------------+------------------------+----------------------+
| GPU  Name                 Persistence-M | Bus-Id          Disp.A | Volatile Uncorr. ECC |
| Fan  Temp   Perf          Pwr:Usage/Cap |           Memory-Usage | GPU-Util  Compute M. |
|                                         |                        |               MIG M. |
|=========================================+========================+======================|
|   0  NVIDIA L40S                    Off |   00000001:0B:00.0 Off |                    0 |
| N/A   30C    P8             33W /  350W |       0MiB /  46068MiB |      0%      Default |
|                                         |                        |                  N/A |
+-----------------------------------------+------------------------+----------------------+
                                                                                         
+-----------------------------------------------------------------------------------------+
| Processes:                                                                              |
|  GPU   GI   CI              PID   Type   Process name                        GPU Memory |
|        ID   ID                                                               Usage      |
|=========================================================================================|
|  No running processes found                                                             |
+-----------------------------------------------------------------------------------------+
mmcv + TriPathUNetStacked import OK
Model params: 24.99M
[epoch 1] train_loss=0.7507 val_loss=0.6753 mIoU=0.1346 mDice~=0.1996 MASD=41.7281 NSD=0.1464
** New best mIoU: 0.1346. Saved to /home/rmosad/surgical-video-segmentation-/experiments/set3TriPathStacked/TriPathStacked_256_pancreasE80/best_TriPath.ckpt
[epoch 2] train_loss=0.5976 val_loss=0.6339 mIoU=0.1405 mDice~=0.2028 MASD=44.0441 NSD=0.1323
** New best mIoU: 0.1405. Saved to /home/rmosad/surgical-video-segmentation-/experiments/set3TriPathStacked/TriPathStacked_256_pancreasE80/best_TriPath.ckpt
[epoch 3] train_loss=0.5281 val_loss=0.5782 mIoU=0.2077 mDice~=0.2858 MASD=40.4896 NSD=0.1972
** New best mIoU: 0.2077. Saved to /home/rmosad/surgical-video-segmentation-/experiments/set3TriPathStacked/TriPathStacked_256_pancreasE80/best_TriPath.ckpt
[epoch 4] train_loss=0.4708 val_loss=0.5783 mIoU=0.1598 mDice~=0.2202 MASD=41.0049 NSD=0.1682
[epoch 5] train_loss=0.4237 val_loss=0.5319 mIoU=0.1977 mDice~=0.2819 MASD=34.6999 NSD=0.2127
[epoch 6] train_loss=0.3751 val_loss=0.5452 mIoU=0.1837 mDice~=0.2466 MASD=34.1084 NSD=0.2027
[epoch 7] train_loss=0.3483 val_loss=0.5415 mIoU=0.1807 mDice~=0.2479 MASD=36.8782 NSD=0.2005
[epoch 8] train_loss=0.2990 val_loss=0.5081 mIoU=0.2272 mDice~=0.3037 MASD=32.3881 NSD=0.2413
** New best mIoU: 0.2272. Saved to /home/rmosad/surgical-video-segmentation-/experiments/set3TriPathStacked/TriPathStacked_256_pancreasE80/best_TriPath.ckpt
[epoch 9] train_loss=0.2695 val_loss=0.5082 mIoU=0.2329 mDice~=0.3146 MASD=36.4802 NSD=0.2406
** New best mIoU: 0.2329. Saved to /home/rmosad/surgical-video-segmentation-/experiments/set3TriPathStacked/TriPathStacked_256_pancreasE80/best_TriPath.ckpt
[epoch 10] train_loss=0.2439 val_loss=0.5427 mIoU=0.1799 mDice~=0.2445 MASD=38.5229 NSD=0.2055
[epoch 11] train_loss=0.2268 val_loss=0.5089 mIoU=0.2187 mDice~=0.2963 MASD=37.1309 NSD=0.2435
[epoch 12] train_loss=0.2094 val_loss=0.5323 mIoU=0.2015 mDice~=0.2739 MASD=34.4747 NSD=0.2460
[epoch 13] train_loss=0.2013 val_loss=0.5069 mIoU=0.2347 mDice~=0.3102 MASD=34.3420 NSD=0.2621
** New best mIoU: 0.2347. Saved to /home/rmosad/surgical-video-segmentation-/experiments/set3TriPathStacked/TriPathStacked_256_pancreasE80/best_TriPath.ckpt
[epoch 14] train_loss=0.1887 val_loss=0.5092 mIoU=0.2298 mDice~=0.3114 MASD=31.2473 NSD=0.2570
[epoch 15] train_loss=0.1804 val_loss=0.5233 mIoU=0.2146 mDice~=0.2841 MASD=31.8645 NSD=0.2318
[epoch 16] train_loss=0.1715 val_loss=0.5243 mIoU=0.2270 mDice~=0.2970 MASD=35.7097 NSD=0.2681
[epoch 17] train_loss=0.1676 val_loss=0.5113 mIoU=0.2360 mDice~=0.3124 MASD=32.6619 NSD=0.2670
** New best mIoU: 0.2360. Saved to /home/rmosad/surgical-video-segmentation-/experiments/set3TriPathStacked/TriPathStacked_256_pancreasE80/best_TriPath.ckpt
[epoch 18] train_loss=0.1620 val_loss=0.5441 mIoU=0.2203 mDice~=0.2874 MASD=35.1667 NSD=0.2521
[epoch 19] train_loss=0.1542 val_loss=0.5061 mIoU=0.2513 mDice~=0.3265 MASD=32.6345 NSD=0.2757
** New best mIoU: 0.2513. Saved to /home/rmosad/surgical-video-segmentation-/experiments/set3TriPathStacked/TriPathStacked_256_pancreasE80/best_TriPath.ckpt
[epoch 20] train_loss=0.1485 val_loss=0.5409 mIoU=0.2272 mDice~=0.3000 MASD=32.1971 NSD=0.2606
[epoch 21] train_loss=0.1477 val_loss=0.5477 mIoU=0.2125 mDice~=0.2827 MASD=32.5949 NSD=0.2433
[epoch 22] train_loss=0.1449 val_loss=0.5137 mIoU=0.2462 mDice~=0.3225 MASD=30.6683 NSD=0.2658
[epoch 23] train_loss=0.1376 val_loss=0.5183 mIoU=0.2406 mDice~=0.3151 MASD=31.6877 NSD=0.2648
[epoch 24] train_loss=0.1335 val_loss=0.5020 mIoU=0.2583 mDice~=0.3363 MASD=31.4580 NSD=0.2854
** New best mIoU: 0.2583. Saved to /home/rmosad/surgical-video-segmentation-/experiments/set3TriPathStacked/TriPathStacked_256_pancreasE80/best_TriPath.ckpt
[epoch 25] train_loss=0.1248 val_loss=0.5054 mIoU=0.2574 mDice~=0.3431 MASD=29.9359 NSD=0.2972
[epoch 26] train_loss=0.1304 val_loss=0.5711 mIoU=0.2075 mDice~=0.2744 MASD=34.1420 NSD=0.2326
[epoch 27] train_loss=0.1236 val_loss=0.5690 mIoU=0.2023 mDice~=0.2714 MASD=31.3554 NSD=0.2334
[epoch 28] train_loss=0.1208 val_loss=0.5540 mIoU=0.2227 mDice~=0.2914 MASD=32.6615 NSD=0.2464
[epoch 29] train_loss=0.1135 val_loss=0.5654 mIoU=0.2108 mDice~=0.2797 MASD=31.7253 NSD=0.2427
[epoch 30] train_loss=0.1132 val_loss=0.5693 mIoU=0.2169 mDice~=0.2843 MASD=33.2015 NSD=0.2543
[epoch 31] train_loss=0.1104 val_loss=0.5111 mIoU=0.2694 mDice~=0.3521 MASD=31.4808 NSD=0.3023
** New best mIoU: 0.2694. Saved to /home/rmosad/surgical-video-segmentation-/experiments/set3TriPathStacked/TriPathStacked_256_pancreasE80/best_TriPath.ckpt
[epoch 32] train_loss=0.1107 val_loss=0.5214 mIoU=0.2601 mDice~=0.3396 MASD=30.2447 NSD=0.2897
[epoch 33] train_loss=0.1102 val_loss=0.5685 mIoU=0.2174 mDice~=0.2880 MASD=32.7471 NSD=0.2509
[epoch 34] train_loss=0.1015 val_loss=0.5527 mIoU=0.2301 mDice~=0.3049 MASD=31.4084 NSD=0.2585
[epoch 35] train_loss=0.1059 val_loss=0.5387 mIoU=0.2524 mDice~=0.3315 MASD=32.4222 NSD=0.2858
[epoch 36] train_loss=0.1015 val_loss=0.5562 mIoU=0.2376 mDice~=0.3165 MASD=32.0571 NSD=0.2831
[epoch 37] train_loss=0.1011 val_loss=0.5539 mIoU=0.2338 mDice~=0.3067 MASD=33.0024 NSD=0.2611
[epoch 38] train_loss=0.0964 val_loss=0.5588 mIoU=0.2368 mDice~=0.3149 MASD=33.5227 NSD=0.2725
[epoch 39] train_loss=0.0934 val_loss=0.5381 mIoU=0.2557 mDice~=0.3347 MASD=32.5429 NSD=0.2950
[epoch 40] train_loss=0.0889 val_loss=0.5639 mIoU=0.2406 mDice~=0.3153 MASD=32.1422 NSD=0.2777
[epoch 41] train_loss=0.0918 val_loss=0.5620 mIoU=0.2365 mDice~=0.3115 MASD=33.6692 NSD=0.2777
[epoch 42] train_loss=0.0911 val_loss=0.5506 mIoU=0.2488 mDice~=0.3266 MASD=33.8066 NSD=0.2798
[epoch 43] train_loss=0.0888 val_loss=0.5850 mIoU=0.2221 mDice~=0.2957 MASD=34.0718 NSD=0.2520
[epoch 44] train_loss=0.0847 val_loss=0.5579 mIoU=0.2461 mDice~=0.3235 MASD=33.1891 NSD=0.2820
[epoch 45] train_loss=0.0837 val_loss=0.5671 mIoU=0.2398 mDice~=0.3153 MASD=32.3754 NSD=0.2821
[epoch 46] train_loss=0.0814 val_loss=0.5633 mIoU=0.2443 mDice~=0.3217 MASD=32.6239 NSD=0.2841
[epoch 47] train_loss=0.0796 val_loss=0.5527 mIoU=0.2577 mDice~=0.3362 MASD=30.0799 NSD=0.2911
[epoch 48] train_loss=0.0782 val_loss=0.5825 mIoU=0.2308 mDice~=0.3018 MASD=33.2713 NSD=0.2663
[epoch 49] train_loss=0.0766 val_loss=0.5559 mIoU=0.2504 mDice~=0.3287 MASD=30.4358 NSD=0.2916
[epoch 50] train_loss=0.0753 val_loss=0.5711 mIoU=0.2366 mDice~=0.3114 MASD=31.6394 NSD=0.2722
[epoch 51] train_loss=0.0733 val_loss=0.5499 mIoU=0.2555 mDice~=0.3335 MASD=30.8541 NSD=0.2888
[epoch 52] train_loss=0.0729 val_loss=0.5901 mIoU=0.2252 mDice~=0.2957 MASD=32.4712 NSD=0.2584
[epoch 53] train_loss=0.0711 val_loss=0.5604 mIoU=0.2560 mDice~=0.3343 MASD=31.6587 NSD=0.2956
[epoch 54] train_loss=0.0699 val_loss=0.5616 mIoU=0.2499 mDice~=0.3274 MASD=32.2170 NSD=0.2837
[epoch 55] train_loss=0.0693 val_loss=0.5624 mIoU=0.2515 mDice~=0.3313 MASD=31.7840 NSD=0.2945
[epoch 56] train_loss=0.0685 val_loss=0.5814 mIoU=0.2380 mDice~=0.3133 MASD=32.9342 NSD=0.2766
[epoch 57] train_loss=0.0680 val_loss=0.5977 mIoU=0.2246 mDice~=0.2969 MASD=32.8445 NSD=0.2642
[epoch 58] train_loss=0.0668 val_loss=0.5994 mIoU=0.2237 mDice~=0.2950 MASD=34.0190 NSD=0.2594
[epoch 59] train_loss=0.0656 val_loss=0.5869 mIoU=0.2368 mDice~=0.3103 MASD=32.4157 NSD=0.2706
[epoch 60] train_loss=0.0634 val_loss=0.5999 mIoU=0.2229 mDice~=0.2940 MASD=33.4872 NSD=0.2579
[epoch 61] train_loss=0.0643 val_loss=0.5842 mIoU=0.2399 mDice~=0.3151 MASD=32.8552 NSD=0.2754
[epoch 62] train_loss=0.0631 val_loss=0.5929 mIoU=0.2330 mDice~=0.3052 MASD=32.4852 NSD=0.2695
[epoch 63] train_loss=0.0625 val_loss=0.5812 mIoU=0.2422 mDice~=0.3177 MASD=32.7900 NSD=0.2815
[epoch 64] train_loss=0.0624 val_loss=0.5805 mIoU=0.2407 mDice~=0.3158 MASD=33.6682 NSD=0.2781
[epoch 65] train_loss=0.0622 val_loss=0.5856 mIoU=0.2417 mDice~=0.3167 MASD=33.1413 NSD=0.2786
[epoch 66] train_loss=0.0603 val_loss=0.5888 mIoU=0.2369 mDice~=0.3116 MASD=33.4101 NSD=0.2750
[epoch 67] train_loss=0.0614 val_loss=0.5893 mIoU=0.2392 mDice~=0.3143 MASD=32.6868 NSD=0.2778
[epoch 68] train_loss=0.0594 val_loss=0.5884 mIoU=0.2363 mDice~=0.3102 MASD=33.3549 NSD=0.2712
[epoch 69] train_loss=0.0588 val_loss=0.5964 mIoU=0.2316 mDice~=0.3049 MASD=33.4751 NSD=0.2686
[epoch 70] train_loss=0.0588 val_loss=0.5862 mIoU=0.2396 mDice~=0.3150 MASD=33.4134 NSD=0.2776
[epoch 71] train_loss=0.0594 val_loss=0.5836 mIoU=0.2408 mDice~=0.3167 MASD=32.9202 NSD=0.2795
[epoch 72] train_loss=0.0587 val_loss=0.5917 mIoU=0.2362 mDice~=0.3111 MASD=33.5104 NSD=0.2727
[epoch 73] train_loss=0.0585 val_loss=0.5885 mIoU=0.2369 mDice~=0.3116 MASD=33.1072 NSD=0.2728
[epoch 74] train_loss=0.0586 val_loss=0.5957 mIoU=0.2353 mDice~=0.3095 MASD=32.9731 NSD=0.2730
[epoch 75] train_loss=0.0572 val_loss=0.5882 mIoU=0.2369 mDice~=0.3120 MASD=32.6512 NSD=0.2746
[epoch 76] train_loss=0.0579 val_loss=0.5933 mIoU=0.2357 mDice~=0.3100 MASD=32.6950 NSD=0.2729
[epoch 77] train_loss=0.0562 val_loss=0.5889 mIoU=0.2377 mDice~=0.3127 MASD=31.8488 NSD=0.2748
[epoch 78] train_loss=0.0571 val_loss=0.5864 mIoU=0.2393 mDice~=0.3147 MASD=32.0042 NSD=0.2771
[epoch 79] train_loss=0.0575 val_loss=0.5962 mIoU=0.2337 mDice~=0.3076 MASD=33.6305 NSD=0.2705
[epoch 80] train_loss=0.0574 val_loss=0.5893 mIoU=0.2374 mDice~=0.3127 MASD=33.0971 NSD=0.2744
Training done. Best mIoU=0.2694. Best ckpt: /home/rmosad/surgical-video-segmentation-/experiments/set3TriPathStacked/TriPathStacked_256_pancreasE80/best_TriPath.ckpt
Logs saved to /home/rmosad/surgical-video-segmentation-/experiments/set3TriPathStacked/TriPathStacked_256_pancreasE80/20260302-153850
