Organ: colon
Host: gpu03
Python: /home/rmosad/.conda/envs/svs2/bin/python
GPU:
Mon Mar  2 14:38:40 2026       
+-----------------------------------------------------------------------------------------+
| NVIDIA-SMI 575.51.03              Driver Version: 575.51.03      CUDA Version: 12.9     |
|-----------------------------------------+------------------------+----------------------+
| GPU  Name                 Persistence-M | Bus-Id          Disp.A | Volatile Uncorr. ECC |
| Fan  Temp   Perf          Pwr:Usage/Cap |           Memory-Usage | GPU-Util  Compute M. |
|                                         |                        |               MIG M. |
|=========================================+========================+======================|
|   0  NVIDIA L40S                    Off |   00000000:E1:00.0 Off |                    0 |
| N/A   23C    P8             32W /  350W |       0MiB /  46068MiB |      0%      Default |
|                                         |                        |                  N/A |
+-----------------------------------------+------------------------+----------------------+
                                                                                         
+-----------------------------------------------------------------------------------------+
| Processes:                                                                              |
|  GPU   GI   CI              PID   Type   Process name                        GPU Memory |
|        ID   ID                                                               Usage      |
|=========================================================================================|
|  No running processes found                                                             |
+-----------------------------------------------------------------------------------------+
mmcv + TriPathUNetStacked import OK
Model params: 24.99M
[epoch 1] train_loss=0.6395 val_loss=0.6321 mIoU=0.4035 mDice~=0.5064 MASD=31.3856 NSD=0.2924
** New best mIoU: 0.4035. Saved to /home/rmosad/surgical-video-segmentation-/experiments/set3TriPathStacked/TriPathStacked_256_colonE80/best_TriPath.ckpt
[epoch 2] train_loss=0.4551 val_loss=0.5349 mIoU=0.4967 mDice~=0.6174 MASD=20.2288 NSD=0.3608
** New best mIoU: 0.4967. Saved to /home/rmosad/surgical-video-segmentation-/experiments/set3TriPathStacked/TriPathStacked_256_colonE80/best_TriPath.ckpt
[epoch 3] train_loss=0.3680 val_loss=0.5195 mIoU=0.4719 mDice~=0.5855 MASD=23.3373 NSD=0.3736
[epoch 4] train_loss=0.3241 val_loss=0.4738 mIoU=0.5132 mDice~=0.6221 MASD=19.1556 NSD=0.4059
** New best mIoU: 0.5132. Saved to /home/rmosad/surgical-video-segmentation-/experiments/set3TriPathStacked/TriPathStacked_256_colonE80/best_TriPath.ckpt
[epoch 5] train_loss=0.2916 val_loss=0.4851 mIoU=0.4521 mDice~=0.5679 MASD=24.5604 NSD=0.3724
[epoch 6] train_loss=0.2585 val_loss=0.4372 mIoU=0.5246 mDice~=0.6369 MASD=18.0773 NSD=0.4368
** New best mIoU: 0.5246. Saved to /home/rmosad/surgical-video-segmentation-/experiments/set3TriPathStacked/TriPathStacked_256_colonE80/best_TriPath.ckpt
[epoch 7] train_loss=0.2345 val_loss=0.4419 mIoU=0.5115 mDice~=0.6230 MASD=21.3092 NSD=0.4232
[epoch 8] train_loss=0.2206 val_loss=0.4248 mIoU=0.5142 mDice~=0.6264 MASD=18.8248 NSD=0.4301
[epoch 9] train_loss=0.2062 val_loss=0.4616 mIoU=0.5261 mDice~=0.6387 MASD=20.6254 NSD=0.4374
** New best mIoU: 0.5261. Saved to /home/rmosad/surgical-video-segmentation-/experiments/set3TriPathStacked/TriPathStacked_256_colonE80/best_TriPath.ckpt
[epoch 10] train_loss=0.1962 val_loss=0.4307 mIoU=0.5665 mDice~=0.6765 MASD=16.5927 NSD=0.4934
** New best mIoU: 0.5665. Saved to /home/rmosad/surgical-video-segmentation-/experiments/set3TriPathStacked/TriPathStacked_256_colonE80/best_TriPath.ckpt
[epoch 11] train_loss=0.1787 val_loss=0.4247 mIoU=0.5373 mDice~=0.6421 MASD=18.4727 NSD=0.4602
[epoch 12] train_loss=0.1784 val_loss=0.4137 mIoU=0.5456 mDice~=0.6571 MASD=17.1212 NSD=0.4569
[epoch 13] train_loss=0.1729 val_loss=0.4223 mIoU=0.5493 mDice~=0.6522 MASD=18.3568 NSD=0.4801
[epoch 14] train_loss=0.1592 val_loss=0.4000 mIoU=0.5713 mDice~=0.6797 MASD=17.4187 NSD=0.4990
** New best mIoU: 0.5713. Saved to /home/rmosad/surgical-video-segmentation-/experiments/set3TriPathStacked/TriPathStacked_256_colonE80/best_TriPath.ckpt
[epoch 15] train_loss=0.1553 val_loss=0.3712 mIoU=0.5711 mDice~=0.6820 MASD=14.8227 NSD=0.5033
[epoch 16] train_loss=0.1482 val_loss=0.3654 mIoU=0.5905 mDice~=0.7022 MASD=14.8727 NSD=0.5125
** New best mIoU: 0.5905. Saved to /home/rmosad/surgical-video-segmentation-/experiments/set3TriPathStacked/TriPathStacked_256_colonE80/best_TriPath.ckpt
[epoch 17] train_loss=0.1422 val_loss=0.3738 mIoU=0.5901 mDice~=0.6946 MASD=15.8370 NSD=0.5133
[epoch 18] train_loss=0.1341 val_loss=0.3496 mIoU=0.5947 mDice~=0.7095 MASD=14.2297 NSD=0.5240
** New best mIoU: 0.5947. Saved to /home/rmosad/surgical-video-segmentation-/experiments/set3TriPathStacked/TriPathStacked_256_colonE80/best_TriPath.ckpt
[epoch 19] train_loss=0.1328 val_loss=0.3963 mIoU=0.5859 mDice~=0.6926 MASD=14.9864 NSD=0.5170
[epoch 20] train_loss=0.1259 val_loss=0.3479 mIoU=0.6161 mDice~=0.7251 MASD=13.7402 NSD=0.5394
** New best mIoU: 0.6161. Saved to /home/rmosad/surgical-video-segmentation-/experiments/set3TriPathStacked/TriPathStacked_256_colonE80/best_TriPath.ckpt
[epoch 21] train_loss=0.1233 val_loss=0.3501 mIoU=0.6091 mDice~=0.7209 MASD=14.1417 NSD=0.5442
[epoch 22] train_loss=0.1194 val_loss=0.3443 mIoU=0.6305 mDice~=0.7396 MASD=13.3235 NSD=0.5609
** New best mIoU: 0.6305. Saved to /home/rmosad/surgical-video-segmentation-/experiments/set3TriPathStacked/TriPathStacked_256_colonE80/best_TriPath.ckpt
[epoch 23] train_loss=0.1234 val_loss=0.4162 mIoU=0.5763 mDice~=0.6868 MASD=16.8348 NSD=0.5046
[epoch 24] train_loss=0.1151 val_loss=0.4225 mIoU=0.5628 mDice~=0.6670 MASD=17.0413 NSD=0.5077
[epoch 25] train_loss=0.1138 val_loss=0.3793 mIoU=0.6200 mDice~=0.7327 MASD=12.4678 NSD=0.5326
[epoch 26] train_loss=0.1066 val_loss=0.3894 mIoU=0.6225 mDice~=0.7365 MASD=13.2477 NSD=0.5533
[epoch 27] train_loss=0.0981 val_loss=0.3520 mIoU=0.6417 mDice~=0.7510 MASD=11.9135 NSD=0.5630
** New best mIoU: 0.6417. Saved to /home/rmosad/surgical-video-segmentation-/experiments/set3TriPathStacked/TriPathStacked_256_colonE80/best_TriPath.ckpt
[epoch 28] train_loss=0.1023 val_loss=0.3726 mIoU=0.6190 mDice~=0.7286 MASD=13.3778 NSD=0.5496
[epoch 29] train_loss=0.0992 val_loss=0.4697 mIoU=0.5539 mDice~=0.6561 MASD=17.9576 NSD=0.5021
[epoch 30] train_loss=0.0960 val_loss=0.4711 mIoU=0.5380 mDice~=0.6411 MASD=18.6133 NSD=0.4909
[epoch 31] train_loss=0.0951 val_loss=0.3902 mIoU=0.6206 mDice~=0.7266 MASD=13.5350 NSD=0.5529
[epoch 32] train_loss=0.0846 val_loss=0.4544 mIoU=0.5570 mDice~=0.6596 MASD=18.1836 NSD=0.5001
[epoch 33] train_loss=0.0859 val_loss=0.3818 mIoU=0.6076 mDice~=0.7155 MASD=13.0998 NSD=0.5471
[epoch 34] train_loss=0.0838 val_loss=0.3858 mIoU=0.6312 mDice~=0.7374 MASD=12.5300 NSD=0.5726
[epoch 35] train_loss=0.0815 val_loss=0.4444 mIoU=0.5936 mDice~=0.6980 MASD=15.6891 NSD=0.5445
[epoch 36] train_loss=0.0813 val_loss=0.4177 mIoU=0.5842 mDice~=0.6914 MASD=15.3152 NSD=0.5257
[epoch 37] train_loss=0.0776 val_loss=0.4197 mIoU=0.6206 mDice~=0.7250 MASD=13.6455 NSD=0.5587
[epoch 38] train_loss=0.0729 val_loss=0.4588 mIoU=0.5902 mDice~=0.6935 MASD=14.5044 NSD=0.5436
[epoch 39] train_loss=0.0741 val_loss=0.3788 mIoU=0.6396 mDice~=0.7448 MASD=13.0689 NSD=0.5740
[epoch 40] train_loss=0.0727 val_loss=0.3748 mIoU=0.6384 mDice~=0.7453 MASD=12.4273 NSD=0.5731
[epoch 41] train_loss=0.0689 val_loss=0.4160 mIoU=0.6299 mDice~=0.7371 MASD=13.0476 NSD=0.5663
[epoch 42] train_loss=0.0678 val_loss=0.4125 mIoU=0.6315 mDice~=0.7379 MASD=12.4980 NSD=0.5724
[epoch 43] train_loss=0.0662 val_loss=0.3889 mIoU=0.6229 mDice~=0.7311 MASD=12.1519 NSD=0.5629
[epoch 44] train_loss=0.0650 val_loss=0.4075 mIoU=0.6294 mDice~=0.7366 MASD=12.3482 NSD=0.5686
[epoch 45] train_loss=0.0643 val_loss=0.4396 mIoU=0.6069 mDice~=0.7121 MASD=14.1426 NSD=0.5481
[epoch 46] train_loss=0.0620 val_loss=0.4422 mIoU=0.6045 mDice~=0.7119 MASD=14.0666 NSD=0.5443
[epoch 47] train_loss=0.0624 val_loss=0.4597 mIoU=0.6012 mDice~=0.7060 MASD=14.5966 NSD=0.5473
[epoch 48] train_loss=0.0587 val_loss=0.3950 mIoU=0.6401 mDice~=0.7464 MASD=12.5789 NSD=0.5724
[epoch 49] train_loss=0.0584 val_loss=0.4264 mIoU=0.6254 mDice~=0.7337 MASD=12.8256 NSD=0.5619
[epoch 50] train_loss=0.0566 val_loss=0.4336 mIoU=0.6077 mDice~=0.7184 MASD=13.3105 NSD=0.5521
[epoch 51] train_loss=0.0545 val_loss=0.4277 mIoU=0.6340 mDice~=0.7397 MASD=12.8527 NSD=0.5674
[epoch 52] train_loss=0.0536 val_loss=0.4296 mIoU=0.6281 mDice~=0.7338 MASD=12.3161 NSD=0.5645
[epoch 53] train_loss=0.0529 val_loss=0.4523 mIoU=0.6243 mDice~=0.7290 MASD=12.8185 NSD=0.5645
[epoch 54] train_loss=0.0519 val_loss=0.4568 mIoU=0.6134 mDice~=0.7202 MASD=13.7236 NSD=0.5553
[epoch 55] train_loss=0.0518 val_loss=0.4248 mIoU=0.6271 mDice~=0.7352 MASD=12.5372 NSD=0.5649
[epoch 56] train_loss=0.0512 val_loss=0.4411 mIoU=0.6197 mDice~=0.7259 MASD=13.7181 NSD=0.5581
[epoch 57] train_loss=0.0503 val_loss=0.4243 mIoU=0.6259 mDice~=0.7346 MASD=13.2392 NSD=0.5651
[epoch 58] train_loss=0.0496 val_loss=0.4461 mIoU=0.6164 mDice~=0.7253 MASD=12.8156 NSD=0.5520
[epoch 59] train_loss=0.0492 val_loss=0.4364 mIoU=0.6219 mDice~=0.7314 MASD=12.4988 NSD=0.5544
[epoch 60] train_loss=0.0475 val_loss=0.4236 mIoU=0.6370 mDice~=0.7433 MASD=12.2487 NSD=0.5701
[epoch 61] train_loss=0.0469 val_loss=0.4570 mIoU=0.6186 mDice~=0.7269 MASD=12.5238 NSD=0.5517
[epoch 62] train_loss=0.0466 val_loss=0.4401 mIoU=0.6284 mDice~=0.7356 MASD=12.0778 NSD=0.5646
[epoch 63] train_loss=0.0458 val_loss=0.4737 mIoU=0.6023 mDice~=0.7118 MASD=13.1789 NSD=0.5453
[epoch 64] train_loss=0.0457 val_loss=0.4610 mIoU=0.6208 mDice~=0.7286 MASD=13.1523 NSD=0.5539
[epoch 65] train_loss=0.0446 val_loss=0.4701 mIoU=0.6167 mDice~=0.7243 MASD=13.0577 NSD=0.5506
[epoch 66] train_loss=0.0439 val_loss=0.4532 mIoU=0.6279 mDice~=0.7358 MASD=12.2780 NSD=0.5623
[epoch 67] train_loss=0.0437 val_loss=0.4499 mIoU=0.6292 mDice~=0.7381 MASD=12.6121 NSD=0.5610
[epoch 68] train_loss=0.0435 val_loss=0.4521 mIoU=0.6238 mDice~=0.7314 MASD=13.5072 NSD=0.5566
[epoch 69] train_loss=0.0431 val_loss=0.4548 mIoU=0.6210 mDice~=0.7297 MASD=12.5301 NSD=0.5525
[epoch 70] train_loss=0.0434 val_loss=0.4425 mIoU=0.6345 mDice~=0.7422 MASD=12.0638 NSD=0.5647
[epoch 71] train_loss=0.0427 val_loss=0.4582 mIoU=0.6189 mDice~=0.7275 MASD=12.6774 NSD=0.5530
[epoch 72] train_loss=0.0424 val_loss=0.4570 mIoU=0.6301 mDice~=0.7371 MASD=12.8448 NSD=0.5620
[epoch 73] train_loss=0.0421 val_loss=0.4686 mIoU=0.6172 mDice~=0.7260 MASD=12.8349 NSD=0.5507
[epoch 74] train_loss=0.0424 val_loss=0.4557 mIoU=0.6324 mDice~=0.7406 MASD=12.1186 NSD=0.5634
[epoch 75] train_loss=0.0421 val_loss=0.4559 mIoU=0.6245 mDice~=0.7327 MASD=12.4742 NSD=0.5552
[epoch 76] train_loss=0.0421 val_loss=0.4573 mIoU=0.6196 mDice~=0.7287 MASD=12.4454 NSD=0.5532
[epoch 77] train_loss=0.0420 val_loss=0.4643 mIoU=0.6207 mDice~=0.7284 MASD=12.9309 NSD=0.5535
[epoch 78] train_loss=0.0419 val_loss=0.4546 mIoU=0.6262 mDice~=0.7342 MASD=12.4685 NSD=0.5573
[epoch 79] train_loss=0.0419 val_loss=0.4482 mIoU=0.6271 mDice~=0.7349 MASD=13.0518 NSD=0.5572
[epoch 80] train_loss=0.0419 val_loss=0.4536 mIoU=0.6299 mDice~=0.7372 MASD=12.8816 NSD=0.5594
Training done. Best mIoU=0.6417. Best ckpt: /home/rmosad/surgical-video-segmentation-/experiments/set3TriPathStacked/TriPathStacked_256_colonE80/best_TriPath.ckpt
Logs saved to /home/rmosad/surgical-video-segmentation-/experiments/set3TriPathStacked/TriPathStacked_256_colonE80/20260302-143843
