Organ: inferior_mesenteric_artery
Host: gpuhuang
Python: /home/rmosad/.conda/envs/svs2/bin/python
GPU:
Mon Mar  2 14:38:40 2026       
+-----------------------------------------------------------------------------------------+
| NVIDIA-SMI 575.51.03              Driver Version: 575.51.03      CUDA Version: 12.9     |
|-----------------------------------------+------------------------+----------------------+
| GPU  Name                 Persistence-M | Bus-Id          Disp.A | Volatile Uncorr. ECC |
| Fan  Temp   Perf          Pwr:Usage/Cap |           Memory-Usage | GPU-Util  Compute M. |
|                                         |                        |               MIG M. |
|=========================================+========================+======================|
|   0  NVIDIA L40S                    Off |   00000000:0B:00.0 Off |                    0 |
| N/A   24C    P8             33W /  350W |       0MiB /  46068MiB |      0%      Default |
|                                         |                        |                  N/A |
+-----------------------------------------+------------------------+----------------------+
                                                                                         
+-----------------------------------------------------------------------------------------+
| Processes:                                                                              |
|  GPU   GI   CI              PID   Type   Process name                        GPU Memory |
|        ID   ID                                                               Usage      |
|=========================================================================================|
|  No running processes found                                                             |
+-----------------------------------------------------------------------------------------+
mmcv + TriPathUNetStacked import OK
Model params: 24.99M
[epoch 1] train_loss=0.7577 val_loss=0.6520 mIoU=0.2143 mDice~=0.3123 MASD=24.7409 NSD=0.1801
** New best mIoU: 0.2143. Saved to /home/rmosad/surgical-video-segmentation-/experiments/set3TriPathStacked/TriPathStacked_256_inferior_mesenteric_arteryE80/best_TriPath.ckpt
[epoch 2] train_loss=0.5875 val_loss=0.6357 mIoU=0.2238 mDice~=0.3366 MASD=27.3797 NSD=0.1906
** New best mIoU: 0.2238. Saved to /home/rmosad/surgical-video-segmentation-/experiments/set3TriPathStacked/TriPathStacked_256_inferior_mesenteric_arteryE80/best_TriPath.ckpt
[epoch 3] train_loss=0.5099 val_loss=0.5397 mIoU=0.2811 mDice~=0.3966 MASD=19.3500 NSD=0.2504
** New best mIoU: 0.2811. Saved to /home/rmosad/surgical-video-segmentation-/experiments/set3TriPathStacked/TriPathStacked_256_inferior_mesenteric_arteryE80/best_TriPath.ckpt
[epoch 4] train_loss=0.4432 val_loss=0.5066 mIoU=0.2872 mDice~=0.4128 MASD=18.5880 NSD=0.2412
** New best mIoU: 0.2872. Saved to /home/rmosad/surgical-video-segmentation-/experiments/set3TriPathStacked/TriPathStacked_256_inferior_mesenteric_arteryE80/best_TriPath.ckpt
[epoch 5] train_loss=0.3905 val_loss=0.5066 mIoU=0.1819 mDice~=0.2659 MASD=23.1543 NSD=0.1721
[epoch 6] train_loss=0.3421 val_loss=0.4447 mIoU=0.2905 mDice~=0.3982 MASD=18.9584 NSD=0.2744
** New best mIoU: 0.2905. Saved to /home/rmosad/surgical-video-segmentation-/experiments/set3TriPathStacked/TriPathStacked_256_inferior_mesenteric_arteryE80/best_TriPath.ckpt
[epoch 7] train_loss=0.3049 val_loss=0.4793 mIoU=0.1801 mDice~=0.2628 MASD=24.4021 NSD=0.1922
[epoch 8] train_loss=0.2719 val_loss=0.4123 mIoU=0.3017 mDice~=0.4189 MASD=18.7499 NSD=0.2705
** New best mIoU: 0.3017. Saved to /home/rmosad/surgical-video-segmentation-/experiments/set3TriPathStacked/TriPathStacked_256_inferior_mesenteric_arteryE80/best_TriPath.ckpt
[epoch 9] train_loss=0.2496 val_loss=0.4143 mIoU=0.2726 mDice~=0.3875 MASD=19.0821 NSD=0.2609
[epoch 10] train_loss=0.2226 val_loss=0.3655 mIoU=0.3457 mDice~=0.4717 MASD=15.9063 NSD=0.3339
** New best mIoU: 0.3457. Saved to /home/rmosad/surgical-video-segmentation-/experiments/set3TriPathStacked/TriPathStacked_256_inferior_mesenteric_arteryE80/best_TriPath.ckpt
[epoch 11] train_loss=0.2043 val_loss=0.3770 mIoU=0.3091 mDice~=0.4229 MASD=17.7415 NSD=0.2963
[epoch 12] train_loss=0.1908 val_loss=0.3924 mIoU=0.2815 mDice~=0.3985 MASD=18.3785 NSD=0.2812
[epoch 13] train_loss=0.1752 val_loss=0.3752 mIoU=0.3001 mDice~=0.4172 MASD=16.6949 NSD=0.3110
[epoch 14] train_loss=0.1683 val_loss=0.3642 mIoU=0.3139 mDice~=0.4411 MASD=17.4135 NSD=0.3191
[epoch 15] train_loss=0.1559 val_loss=0.3662 mIoU=0.3124 mDice~=0.4268 MASD=17.8422 NSD=0.3227
[epoch 16] train_loss=0.1510 val_loss=0.3892 mIoU=0.2730 mDice~=0.3758 MASD=17.5006 NSD=0.2865
[epoch 17] train_loss=0.1403 val_loss=0.3646 mIoU=0.3157 mDice~=0.4263 MASD=17.8639 NSD=0.3261
[epoch 18] train_loss=0.1288 val_loss=0.3591 mIoU=0.3151 mDice~=0.4303 MASD=16.5170 NSD=0.3202
[epoch 19] train_loss=0.1257 val_loss=0.3616 mIoU=0.3129 mDice~=0.4247 MASD=15.8792 NSD=0.3197
[epoch 20] train_loss=0.1255 val_loss=0.4145 mIoU=0.2316 mDice~=0.3237 MASD=22.9102 NSD=0.2462
[epoch 21] train_loss=0.1177 val_loss=0.3931 mIoU=0.2614 mDice~=0.3627 MASD=22.8472 NSD=0.2773
[epoch 22] train_loss=0.1147 val_loss=0.3871 mIoU=0.2695 mDice~=0.3726 MASD=19.7812 NSD=0.2897
[epoch 23] train_loss=0.1055 val_loss=0.3823 mIoU=0.2732 mDice~=0.3776 MASD=16.3301 NSD=0.2908
[epoch 24] train_loss=0.1011 val_loss=0.3750 mIoU=0.2876 mDice~=0.3902 MASD=15.5223 NSD=0.2986
[epoch 25] train_loss=0.1030 val_loss=0.3519 mIoU=0.3262 mDice~=0.4398 MASD=16.8500 NSD=0.3393
[epoch 26] train_loss=0.0972 val_loss=0.3455 mIoU=0.3382 mDice~=0.4553 MASD=15.3247 NSD=0.3496
[epoch 27] train_loss=0.0987 val_loss=0.3460 mIoU=0.3361 mDice~=0.4497 MASD=14.3571 NSD=0.3542
[epoch 28] train_loss=0.0956 val_loss=0.3632 mIoU=0.3116 mDice~=0.4226 MASD=14.3527 NSD=0.3194
[epoch 29] train_loss=0.0881 val_loss=0.3451 mIoU=0.3375 mDice~=0.4547 MASD=16.4816 NSD=0.3513
[epoch 30] train_loss=0.0865 val_loss=0.3570 mIoU=0.3223 mDice~=0.4314 MASD=17.9538 NSD=0.3309
[epoch 31] train_loss=0.0834 val_loss=0.3789 mIoU=0.2921 mDice~=0.3995 MASD=15.2586 NSD=0.3113
[epoch 32] train_loss=0.0811 val_loss=0.3867 mIoU=0.2820 mDice~=0.3864 MASD=17.1000 NSD=0.2947
[epoch 33] train_loss=0.0763 val_loss=0.3679 mIoU=0.3093 mDice~=0.4194 MASD=14.1765 NSD=0.3244
[epoch 34] train_loss=0.0747 val_loss=0.3878 mIoU=0.2828 mDice~=0.3865 MASD=15.2575 NSD=0.3055
[epoch 35] train_loss=0.0740 val_loss=0.3568 mIoU=0.3230 mDice~=0.4347 MASD=15.8650 NSD=0.3388
[epoch 36] train_loss=0.0712 val_loss=0.3829 mIoU=0.2883 mDice~=0.3956 MASD=16.3537 NSD=0.3040
[epoch 37] train_loss=0.0715 val_loss=0.3509 mIoU=0.3416 mDice~=0.4644 MASD=14.7125 NSD=0.3638
[epoch 38] train_loss=0.0656 val_loss=0.3551 mIoU=0.3307 mDice~=0.4461 MASD=13.8621 NSD=0.3533
[epoch 39] train_loss=0.0653 val_loss=0.3642 mIoU=0.3232 mDice~=0.4357 MASD=15.9423 NSD=0.3402
[epoch 40] train_loss=0.0644 val_loss=0.3685 mIoU=0.3147 mDice~=0.4251 MASD=16.3963 NSD=0.3265
[epoch 41] train_loss=0.0643 val_loss=0.3779 mIoU=0.2943 mDice~=0.4040 MASD=15.3404 NSD=0.3153
[epoch 42] train_loss=0.0616 val_loss=0.3604 mIoU=0.3259 mDice~=0.4421 MASD=14.7868 NSD=0.3466
[epoch 43] train_loss=0.0574 val_loss=0.3579 mIoU=0.3332 mDice~=0.4451 MASD=14.8994 NSD=0.3467
[epoch 44] train_loss=0.0568 val_loss=0.3601 mIoU=0.3292 mDice~=0.4437 MASD=14.8474 NSD=0.3485
[epoch 45] train_loss=0.0554 val_loss=0.3735 mIoU=0.3102 mDice~=0.4213 MASD=15.3866 NSD=0.3317
[epoch 46] train_loss=0.0530 val_loss=0.3570 mIoU=0.3366 mDice~=0.4550 MASD=14.6144 NSD=0.3603
[epoch 47] train_loss=0.0523 val_loss=0.3643 mIoU=0.3273 mDice~=0.4423 MASD=14.8662 NSD=0.3427
[epoch 48] train_loss=0.0499 val_loss=0.3638 mIoU=0.3285 mDice~=0.4381 MASD=14.4145 NSD=0.3397
[epoch 49] train_loss=0.0492 val_loss=0.3721 mIoU=0.3174 mDice~=0.4279 MASD=14.6290 NSD=0.3296
[epoch 50] train_loss=0.0472 val_loss=0.3546 mIoU=0.3414 mDice~=0.4592 MASD=14.5293 NSD=0.3555
[epoch 51] train_loss=0.0460 val_loss=0.3569 mIoU=0.3412 mDice~=0.4580 MASD=14.5508 NSD=0.3580
[epoch 52] train_loss=0.0445 val_loss=0.3543 mIoU=0.3448 mDice~=0.4614 MASD=14.7563 NSD=0.3628
[epoch 53] train_loss=0.0433 val_loss=0.3676 mIoU=0.3295 mDice~=0.4444 MASD=14.5007 NSD=0.3467
[epoch 54] train_loss=0.0430 val_loss=0.3601 mIoU=0.3411 mDice~=0.4557 MASD=14.2853 NSD=0.3569
[epoch 55] train_loss=0.0426 val_loss=0.3599 mIoU=0.3421 mDice~=0.4558 MASD=14.3423 NSD=0.3552
[epoch 56] train_loss=0.0403 val_loss=0.3604 mIoU=0.3395 mDice~=0.4543 MASD=14.9229 NSD=0.3561
[epoch 57] train_loss=0.0404 val_loss=0.3757 mIoU=0.3220 mDice~=0.4340 MASD=15.3998 NSD=0.3422
[epoch 58] train_loss=0.0383 val_loss=0.3626 mIoU=0.3405 mDice~=0.4566 MASD=14.7788 NSD=0.3589
[epoch 59] train_loss=0.0380 val_loss=0.3708 mIoU=0.3285 mDice~=0.4431 MASD=14.7816 NSD=0.3471
[epoch 60] train_loss=0.0373 val_loss=0.3708 mIoU=0.3306 mDice~=0.4456 MASD=14.6985 NSD=0.3502
[epoch 61] train_loss=0.0362 val_loss=0.3733 mIoU=0.3256 mDice~=0.4388 MASD=14.5986 NSD=0.3454
[epoch 62] train_loss=0.0347 val_loss=0.3669 mIoU=0.3333 mDice~=0.4500 MASD=14.5008 NSD=0.3533
[epoch 63] train_loss=0.0349 val_loss=0.3725 mIoU=0.3293 mDice~=0.4436 MASD=14.8346 NSD=0.3455
[epoch 64] train_loss=0.0341 val_loss=0.3669 mIoU=0.3351 mDice~=0.4507 MASD=14.2605 NSD=0.3560
[epoch 65] train_loss=0.0343 val_loss=0.3680 mIoU=0.3369 mDice~=0.4530 MASD=15.7257 NSD=0.3575
[epoch 66] train_loss=0.0332 val_loss=0.3720 mIoU=0.3321 mDice~=0.4484 MASD=14.9697 NSD=0.3518
[epoch 67] train_loss=0.0326 val_loss=0.3787 mIoU=0.3248 mDice~=0.4375 MASD=15.3174 NSD=0.3416
[epoch 68] train_loss=0.0320 val_loss=0.3766 mIoU=0.3272 mDice~=0.4416 MASD=14.7997 NSD=0.3443
[epoch 69] train_loss=0.0323 val_loss=0.3759 mIoU=0.3289 mDice~=0.4429 MASD=15.1636 NSD=0.3476
[epoch 70] train_loss=0.0315 val_loss=0.3720 mIoU=0.3340 mDice~=0.4488 MASD=13.9628 NSD=0.3530
[epoch 71] train_loss=0.0310 val_loss=0.3704 mIoU=0.3368 mDice~=0.4528 MASD=14.8830 NSD=0.3557
[epoch 72] train_loss=0.0313 val_loss=0.3715 mIoU=0.3364 mDice~=0.4525 MASD=14.7281 NSD=0.3557
[epoch 73] train_loss=0.0308 val_loss=0.3744 mIoU=0.3317 mDice~=0.4465 MASD=14.7763 NSD=0.3500
[epoch 74] train_loss=0.0302 val_loss=0.3704 mIoU=0.3363 mDice~=0.4526 MASD=14.6031 NSD=0.3560
[epoch 75] train_loss=0.0302 val_loss=0.3743 mIoU=0.3322 mDice~=0.4475 MASD=14.7068 NSD=0.3496
[epoch 76] train_loss=0.0299 val_loss=0.3744 mIoU=0.3336 mDice~=0.4497 MASD=14.8384 NSD=0.3527
[epoch 77] train_loss=0.0301 val_loss=0.3722 mIoU=0.3356 mDice~=0.4520 MASD=14.8548 NSD=0.3529
[epoch 78] train_loss=0.0303 val_loss=0.3734 mIoU=0.3359 mDice~=0.4519 MASD=15.3753 NSD=0.3524
[epoch 79] train_loss=0.0300 val_loss=0.3721 mIoU=0.3353 mDice~=0.4511 MASD=15.3357 NSD=0.3521
[epoch 80] train_loss=0.0297 val_loss=0.3722 mIoU=0.3371 mDice~=0.4532 MASD=14.8304 NSD=0.3537
Training done. Best mIoU=0.3457. Best ckpt: /home/rmosad/surgical-video-segmentation-/experiments/set3TriPathStacked/TriPathStacked_256_inferior_mesenteric_arteryE80/best_TriPath.ckpt
Logs saved to /home/rmosad/surgical-video-segmentation-/experiments/set3TriPathStacked/TriPathStacked_256_inferior_mesenteric_arteryE80/20260302-143843
