Organ: intestinal_veins
Host: gpuhuang
Python: /home/rmosad/.conda/envs/svs2/bin/python
GPU:
Mon Mar  2 14:38:40 2026       
+-----------------------------------------------------------------------------------------+
| NVIDIA-SMI 575.51.03              Driver Version: 575.51.03      CUDA Version: 12.9     |
|-----------------------------------------+------------------------+----------------------+
| GPU  Name                 Persistence-M | Bus-Id          Disp.A | Volatile Uncorr. ECC |
| Fan  Temp   Perf          Pwr:Usage/Cap |           Memory-Usage | GPU-Util  Compute M. |
|                                         |                        |               MIG M. |
|=========================================+========================+======================|
|   0  NVIDIA L40S                    Off |   00000001:0B:00.0 Off |                    0 |
| N/A   23C    P8             32W /  350W |       0MiB /  46068MiB |      0%      Default |
|                                         |                        |                  N/A |
+-----------------------------------------+------------------------+----------------------+
                                                                                         
+-----------------------------------------------------------------------------------------+
| Processes:                                                                              |
|  GPU   GI   CI              PID   Type   Process name                        GPU Memory |
|        ID   ID                                                               Usage      |
|=========================================================================================|
|  No running processes found                                                             |
+-----------------------------------------------------------------------------------------+
mmcv + TriPathUNetStacked import OK
Model params: 24.99M
[epoch 1] train_loss=0.7720 val_loss=0.6755 mIoU=0.1213 mDice~=0.1845 MASD=35.7003 NSD=0.1279
** New best mIoU: 0.1213. Saved to /home/rmosad/surgical-video-segmentation-/experiments/set3TriPathStacked/TriPathStacked_256_intestinal_veinsE80/best_TriPath.ckpt
[epoch 2] train_loss=0.6296 val_loss=0.5861 mIoU=0.2734 mDice~=0.3828 MASD=33.9411 NSD=0.2976
** New best mIoU: 0.2734. Saved to /home/rmosad/surgical-video-segmentation-/experiments/set3TriPathStacked/TriPathStacked_256_intestinal_veinsE80/best_TriPath.ckpt
[epoch 3] train_loss=0.5601 val_loss=0.5546 mIoU=0.2924 mDice~=0.4085 MASD=31.7927 NSD=0.3271
** New best mIoU: 0.2924. Saved to /home/rmosad/surgical-video-segmentation-/experiments/set3TriPathStacked/TriPathStacked_256_intestinal_veinsE80/best_TriPath.ckpt
[epoch 4] train_loss=0.5059 val_loss=0.5095 mIoU=0.3148 mDice~=0.4303 MASD=24.9240 NSD=0.3557
** New best mIoU: 0.3148. Saved to /home/rmosad/surgical-video-segmentation-/experiments/set3TriPathStacked/TriPathStacked_256_intestinal_veinsE80/best_TriPath.ckpt
[epoch 5] train_loss=0.4556 val_loss=0.4716 mIoU=0.3356 mDice~=0.4515 MASD=22.0620 NSD=0.3786
** New best mIoU: 0.3356. Saved to /home/rmosad/surgical-video-segmentation-/experiments/set3TriPathStacked/TriPathStacked_256_intestinal_veinsE80/best_TriPath.ckpt
[epoch 6] train_loss=0.4097 val_loss=0.4344 mIoU=0.3742 mDice~=0.4904 MASD=20.0028 NSD=0.4267
** New best mIoU: 0.3742. Saved to /home/rmosad/surgical-video-segmentation-/experiments/set3TriPathStacked/TriPathStacked_256_intestinal_veinsE80/best_TriPath.ckpt
[epoch 7] train_loss=0.3687 val_loss=0.4232 mIoU=0.3381 mDice~=0.4439 MASD=17.5408 NSD=0.4016
[epoch 8] train_loss=0.3198 val_loss=0.3871 mIoU=0.3696 mDice~=0.4945 MASD=21.0002 NSD=0.4453
[epoch 9] train_loss=0.2840 val_loss=0.3710 mIoU=0.3425 mDice~=0.4498 MASD=19.6515 NSD=0.3734
[epoch 10] train_loss=0.2501 val_loss=0.3411 mIoU=0.3938 mDice~=0.5068 MASD=18.8865 NSD=0.4652
** New best mIoU: 0.3938. Saved to /home/rmosad/surgical-video-segmentation-/experiments/set3TriPathStacked/TriPathStacked_256_intestinal_veinsE80/best_TriPath.ckpt
[epoch 11] train_loss=0.2161 val_loss=0.3338 mIoU=0.3790 mDice~=0.4856 MASD=13.8387 NSD=0.4519
[epoch 12] train_loss=0.1973 val_loss=0.3239 mIoU=0.3775 mDice~=0.4807 MASD=17.2526 NSD=0.4427
[epoch 13] train_loss=0.1832 val_loss=0.3071 mIoU=0.3999 mDice~=0.5108 MASD=19.5220 NSD=0.4816
** New best mIoU: 0.3999. Saved to /home/rmosad/surgical-video-segmentation-/experiments/set3TriPathStacked/TriPathStacked_256_intestinal_veinsE80/best_TriPath.ckpt
[epoch 14] train_loss=0.1689 val_loss=0.3201 mIoU=0.3632 mDice~=0.4583 MASD=17.7036 NSD=0.4339
[epoch 15] train_loss=0.1594 val_loss=0.3224 mIoU=0.3622 mDice~=0.4580 MASD=22.3532 NSD=0.4218
[epoch 16] train_loss=0.1457 val_loss=0.3426 mIoU=0.3243 mDice~=0.4231 MASD=17.6470 NSD=0.3981
[epoch 17] train_loss=0.1355 val_loss=0.3031 mIoU=0.3796 mDice~=0.4865 MASD=17.4716 NSD=0.4582
[epoch 18] train_loss=0.1297 val_loss=0.3473 mIoU=0.3161 mDice~=0.4151 MASD=24.2183 NSD=0.3824
[epoch 19] train_loss=0.1230 val_loss=0.3432 mIoU=0.3266 mDice~=0.4259 MASD=15.5557 NSD=0.4084
[epoch 20] train_loss=0.1195 val_loss=0.3215 mIoU=0.3500 mDice~=0.4425 MASD=15.3560 NSD=0.4107
[epoch 21] train_loss=0.1149 val_loss=0.3284 mIoU=0.3436 mDice~=0.4368 MASD=15.4390 NSD=0.4143
[epoch 22] train_loss=0.1064 val_loss=0.3270 mIoU=0.3412 mDice~=0.4370 MASD=17.3456 NSD=0.4162
[epoch 23] train_loss=0.1057 val_loss=0.3419 mIoU=0.3183 mDice~=0.4140 MASD=16.1004 NSD=0.3860
[epoch 24] train_loss=0.1006 val_loss=0.3454 mIoU=0.3160 mDice~=0.4028 MASD=19.3631 NSD=0.3872
[epoch 25] train_loss=0.1013 val_loss=0.2945 mIoU=0.3898 mDice~=0.4905 MASD=19.8882 NSD=0.4636
[epoch 26] train_loss=0.1011 val_loss=0.3272 mIoU=0.3368 mDice~=0.4347 MASD=14.2693 NSD=0.4129
[epoch 27] train_loss=0.0923 val_loss=0.3077 mIoU=0.3747 mDice~=0.4718 MASD=14.2488 NSD=0.4601
[epoch 28] train_loss=0.0887 val_loss=0.3409 mIoU=0.3226 mDice~=0.4119 MASD=16.8815 NSD=0.3896
[epoch 29] train_loss=0.0867 val_loss=0.3281 mIoU=0.3442 mDice~=0.4367 MASD=16.9559 NSD=0.4139
[epoch 30] train_loss=0.0853 val_loss=0.3000 mIoU=0.3845 mDice~=0.4837 MASD=18.6024 NSD=0.4641
[epoch 31] train_loss=0.0861 val_loss=0.2840 mIoU=0.4048 mDice~=0.5109 MASD=13.1128 NSD=0.4887
** New best mIoU: 0.4048. Saved to /home/rmosad/surgical-video-segmentation-/experiments/set3TriPathStacked/TriPathStacked_256_intestinal_veinsE80/best_TriPath.ckpt
[epoch 32] train_loss=0.0833 val_loss=0.2895 mIoU=0.3968 mDice~=0.5021 MASD=15.5359 NSD=0.4765
[epoch 33] train_loss=0.0789 val_loss=0.3116 mIoU=0.3666 mDice~=0.4606 MASD=16.6002 NSD=0.4324
[epoch 34] train_loss=0.0762 val_loss=0.3059 mIoU=0.3739 mDice~=0.4779 MASD=16.9047 NSD=0.4559
[epoch 35] train_loss=0.0769 val_loss=0.3258 mIoU=0.3503 mDice~=0.4454 MASD=18.6335 NSD=0.4268
[epoch 36] train_loss=0.0741 val_loss=0.3036 mIoU=0.3782 mDice~=0.4770 MASD=16.2293 NSD=0.4596
[epoch 37] train_loss=0.0746 val_loss=0.3038 mIoU=0.3770 mDice~=0.4812 MASD=14.6645 NSD=0.4588
[epoch 38] train_loss=0.0728 val_loss=0.3447 mIoU=0.3274 mDice~=0.4166 MASD=12.3411 NSD=0.4027
[epoch 39] train_loss=0.0698 val_loss=0.3104 mIoU=0.3727 mDice~=0.4721 MASD=15.9753 NSD=0.4580
[epoch 40] train_loss=0.0681 val_loss=0.3151 mIoU=0.3649 mDice~=0.4622 MASD=15.9687 NSD=0.4401
[epoch 41] train_loss=0.0652 val_loss=0.3059 mIoU=0.3766 mDice~=0.4739 MASD=14.8564 NSD=0.4520
[epoch 42] train_loss=0.0646 val_loss=0.3230 mIoU=0.3535 mDice~=0.4440 MASD=16.3154 NSD=0.4237
[epoch 43] train_loss=0.0644 val_loss=0.3271 mIoU=0.3465 mDice~=0.4418 MASD=16.4451 NSD=0.4232
[epoch 44] train_loss=0.0619 val_loss=0.3259 mIoU=0.3514 mDice~=0.4445 MASD=13.1450 NSD=0.4260
[epoch 45] train_loss=0.0602 val_loss=0.3142 mIoU=0.3695 mDice~=0.4649 MASD=15.7667 NSD=0.4457
[epoch 46] train_loss=0.0597 val_loss=0.3136 mIoU=0.3686 mDice~=0.4663 MASD=13.2562 NSD=0.4483
[epoch 47] train_loss=0.0575 val_loss=0.3217 mIoU=0.3621 mDice~=0.4575 MASD=15.8424 NSD=0.4358
[epoch 48] train_loss=0.0572 val_loss=0.3146 mIoU=0.3706 mDice~=0.4712 MASD=14.6843 NSD=0.4589
[epoch 49] train_loss=0.0552 val_loss=0.3210 mIoU=0.3637 mDice~=0.4593 MASD=14.1699 NSD=0.4432
[epoch 50] train_loss=0.0552 val_loss=0.3265 mIoU=0.3527 mDice~=0.4484 MASD=15.0637 NSD=0.4310
[epoch 51] train_loss=0.0528 val_loss=0.3251 mIoU=0.3549 mDice~=0.4511 MASD=16.3679 NSD=0.4311
[epoch 52] train_loss=0.0514 val_loss=0.3507 mIoU=0.3204 mDice~=0.4102 MASD=16.9458 NSD=0.3921
[epoch 53] train_loss=0.0512 val_loss=0.3262 mIoU=0.3541 mDice~=0.4530 MASD=17.2712 NSD=0.4418
[epoch 54] train_loss=0.0504 val_loss=0.3217 mIoU=0.3644 mDice~=0.4621 MASD=17.1009 NSD=0.4504
[epoch 55] train_loss=0.0503 val_loss=0.3319 mIoU=0.3494 mDice~=0.4450 MASD=15.8131 NSD=0.4324
[epoch 56] train_loss=0.0483 val_loss=0.3292 mIoU=0.3537 mDice~=0.4526 MASD=14.6350 NSD=0.4342
[epoch 57] train_loss=0.0474 val_loss=0.3261 mIoU=0.3591 mDice~=0.4521 MASD=16.2639 NSD=0.4369
[epoch 58] train_loss=0.0467 val_loss=0.3380 mIoU=0.3441 mDice~=0.4387 MASD=16.2968 NSD=0.4216
[epoch 59] train_loss=0.0450 val_loss=0.3369 mIoU=0.3420 mDice~=0.4318 MASD=16.1889 NSD=0.4093
[epoch 60] train_loss=0.0443 val_loss=0.3414 mIoU=0.3374 mDice~=0.4299 MASD=17.1386 NSD=0.4134
[epoch 61] train_loss=0.0439 val_loss=0.3354 mIoU=0.3499 mDice~=0.4441 MASD=16.6673 NSD=0.4302
[epoch 62] train_loss=0.0435 val_loss=0.3482 mIoU=0.3297 mDice~=0.4234 MASD=16.1065 NSD=0.4094
[epoch 63] train_loss=0.0426 val_loss=0.3455 mIoU=0.3338 mDice~=0.4283 MASD=15.1233 NSD=0.4127
[epoch 64] train_loss=0.0419 val_loss=0.3473 mIoU=0.3316 mDice~=0.4251 MASD=17.4950 NSD=0.4076
[epoch 65] train_loss=0.0415 val_loss=0.3392 mIoU=0.3417 mDice~=0.4362 MASD=15.3680 NSD=0.4217
[epoch 66] train_loss=0.0407 val_loss=0.3470 mIoU=0.3330 mDice~=0.4253 MASD=16.4464 NSD=0.4094
[epoch 67] train_loss=0.0407 val_loss=0.3394 mIoU=0.3444 mDice~=0.4387 MASD=15.7876 NSD=0.4247
[epoch 68] train_loss=0.0402 val_loss=0.3409 mIoU=0.3426 mDice~=0.4385 MASD=15.6583 NSD=0.4245
[epoch 69] train_loss=0.0396 val_loss=0.3334 mIoU=0.3524 mDice~=0.4482 MASD=15.5275 NSD=0.4317
[epoch 70] train_loss=0.0392 val_loss=0.3322 mIoU=0.3545 mDice~=0.4500 MASD=15.9811 NSD=0.4343
[epoch 71] train_loss=0.0389 val_loss=0.3400 mIoU=0.3443 mDice~=0.4394 MASD=15.8309 NSD=0.4249
[epoch 72] train_loss=0.0388 val_loss=0.3402 mIoU=0.3433 mDice~=0.4373 MASD=16.3076 NSD=0.4185
[epoch 73] train_loss=0.0383 val_loss=0.3384 mIoU=0.3473 mDice~=0.4419 MASD=16.5511 NSD=0.4277
[epoch 74] train_loss=0.0384 val_loss=0.3441 mIoU=0.3368 mDice~=0.4313 MASD=15.5960 NSD=0.4138
[epoch 75] train_loss=0.0386 val_loss=0.3396 mIoU=0.3456 mDice~=0.4404 MASD=15.9195 NSD=0.4281
[epoch 76] train_loss=0.0379 val_loss=0.3349 mIoU=0.3511 mDice~=0.4465 MASD=15.7933 NSD=0.4318
[epoch 77] train_loss=0.0384 val_loss=0.3346 mIoU=0.3535 mDice~=0.4501 MASD=15.3436 NSD=0.4357
[epoch 78] train_loss=0.0379 val_loss=0.3416 mIoU=0.3414 mDice~=0.4352 MASD=15.3966 NSD=0.4183
[epoch 79] train_loss=0.0382 val_loss=0.3402 mIoU=0.3437 mDice~=0.4366 MASD=15.3526 NSD=0.4209
[epoch 80] train_loss=0.0384 val_loss=0.3407 mIoU=0.3426 mDice~=0.4371 MASD=16.2015 NSD=0.4199
Training done. Best mIoU=0.4048. Best ckpt: /home/rmosad/surgical-video-segmentation-/experiments/set3TriPathStacked/TriPathStacked_256_intestinal_veinsE80/best_TriPath.ckpt
Logs saved to /home/rmosad/surgical-video-segmentation-/experiments/set3TriPathStacked/TriPathStacked_256_intestinal_veinsE80/20260302-143843
