Organ: inferior_mesenteric_artery
Host: gpu01
Python: /home/idavis3/miniconda3/envs/svs/bin/python
GPU:
Mon Apr 27 04:40:30 2026       
+-----------------------------------------------------------------------------------------+
| NVIDIA-SMI 580.82.07              Driver Version: 580.82.07      CUDA Version: 13.0     |
+-----------------------------------------+------------------------+----------------------+
| GPU  Name                 Persistence-M | Bus-Id          Disp.A | Volatile Uncorr. ECC |
| Fan  Temp   Perf          Pwr:Usage/Cap |           Memory-Usage | GPU-Util  Compute M. |
|                                         |                        |               MIG M. |
|=========================================+========================+======================|
|   0  NVIDIA L40S                    On  |   00000000:E1:00.0 Off |                    0 |
| N/A   29C    P8             33W /  350W |       0MiB /  46068MiB |      0%      Default |
|                                         |                        |                  N/A |
+-----------------------------------------+------------------------+----------------------+

+-----------------------------------------------------------------------------------------+
| Processes:                                                                              |
|  GPU   GI   CI              PID   Type   Process name                        GPU Memory |
|        ID   ID                                                               Usage      |
|=========================================================================================|
|  No running processes found                                                             |
+-----------------------------------------------------------------------------------------+
ViTSolo import OK
Model params: 33.82M
[epoch 1] train_loss=0.9312 val_loss=0.7988 mIoU=0.2622 mDice~=0.3782 MASD=22.4000 NSD=0.2047
** New best mIoU: 0.2622. Saved to /home/idavis3/surgical-video-segmentation-/experiments/set3ViTSolo/ViTSolo_256_inferior_mesenteric_arteryE80/best_QuadPath.ckpt
[epoch 2] train_loss=0.7198 val_loss=0.7268 mIoU=0.2701 mDice~=0.3963 MASD=25.1141 NSD=0.1988
** New best mIoU: 0.2701. Saved to /home/idavis3/surgical-video-segmentation-/experiments/set3ViTSolo/ViTSolo_256_inferior_mesenteric_arteryE80/best_QuadPath.ckpt
[epoch 3] train_loss=0.6215 val_loss=0.6436 mIoU=0.2967 mDice~=0.4247 MASD=25.0430 NSD=0.2179
** New best mIoU: 0.2967. Saved to /home/idavis3/surgical-video-segmentation-/experiments/set3ViTSolo/ViTSolo_256_inferior_mesenteric_arteryE80/best_QuadPath.ckpt
[epoch 4] train_loss=0.5359 val_loss=0.5781 mIoU=0.3083 mDice~=0.4286 MASD=17.7549 NSD=0.2452
** New best mIoU: 0.3083. Saved to /home/idavis3/surgical-video-segmentation-/experiments/set3ViTSolo/ViTSolo_256_inferior_mesenteric_arteryE80/best_QuadPath.ckpt
[epoch 5] train_loss=0.4604 val_loss=0.5102 mIoU=0.3846 mDice~=0.5159 MASD=13.7906 NSD=0.3649
** New best mIoU: 0.3846. Saved to /home/idavis3/surgical-video-segmentation-/experiments/set3ViTSolo/ViTSolo_256_inferior_mesenteric_arteryE80/best_QuadPath.ckpt
[epoch 6] train_loss=0.3940 val_loss=0.4948 mIoU=0.3314 mDice~=0.4581 MASD=18.2773 NSD=0.3164
[epoch 7] train_loss=0.3324 val_loss=0.4504 mIoU=0.3683 mDice~=0.4938 MASD=15.0231 NSD=0.3520
[epoch 8] train_loss=0.2757 val_loss=0.4031 mIoU=0.3930 mDice~=0.5170 MASD=16.5664 NSD=0.3657
** New best mIoU: 0.3930. Saved to /home/idavis3/surgical-video-segmentation-/experiments/set3ViTSolo/ViTSolo_256_inferior_mesenteric_arteryE80/best_QuadPath.ckpt
[epoch 9] train_loss=0.2359 val_loss=0.3832 mIoU=0.3908 mDice~=0.5106 MASD=16.0562 NSD=0.3834
[epoch 10] train_loss=0.2059 val_loss=0.3614 mIoU=0.4007 mDice~=0.5240 MASD=14.4634 NSD=0.4047
** New best mIoU: 0.4007. Saved to /home/idavis3/surgical-video-segmentation-/experiments/set3ViTSolo/ViTSolo_256_inferior_mesenteric_arteryE80/best_QuadPath.ckpt
[epoch 11] train_loss=0.1767 val_loss=0.3629 mIoU=0.3746 mDice~=0.4932 MASD=14.1399 NSD=0.3796
[epoch 12] train_loss=0.1580 val_loss=0.3439 mIoU=0.3854 mDice~=0.5133 MASD=14.4106 NSD=0.3779
[epoch 13] train_loss=0.1370 val_loss=0.3540 mIoU=0.3676 mDice~=0.4887 MASD=14.3595 NSD=0.3747
[epoch 14] train_loss=0.1242 val_loss=0.3471 mIoU=0.3731 mDice~=0.4881 MASD=14.5606 NSD=0.3873
[epoch 15] train_loss=0.1141 val_loss=0.3161 mIoU=0.4106 mDice~=0.5412 MASD=13.5543 NSD=0.4178
** New best mIoU: 0.4106. Saved to /home/idavis3/surgical-video-segmentation-/experiments/set3ViTSolo/ViTSolo_256_inferior_mesenteric_arteryE80/best_QuadPath.ckpt
[epoch 16] train_loss=0.1067 val_loss=0.3192 mIoU=0.3999 mDice~=0.5266 MASD=12.3872 NSD=0.4141
[epoch 17] train_loss=0.1008 val_loss=0.3033 mIoU=0.4235 mDice~=0.5539 MASD=12.1934 NSD=0.4276
** New best mIoU: 0.4235. Saved to /home/idavis3/surgical-video-segmentation-/experiments/set3ViTSolo/ViTSolo_256_inferior_mesenteric_arteryE80/best_QuadPath.ckpt
[epoch 18] train_loss=0.0952 val_loss=0.3235 mIoU=0.3850 mDice~=0.5074 MASD=13.6309 NSD=0.4039
[epoch 19] train_loss=0.0905 val_loss=0.3144 mIoU=0.3944 mDice~=0.5179 MASD=12.6277 NSD=0.4051
[epoch 20] train_loss=0.0869 val_loss=0.3083 mIoU=0.4044 mDice~=0.5364 MASD=13.0286 NSD=0.4249
[epoch 21] train_loss=0.0803 val_loss=0.3103 mIoU=0.3948 mDice~=0.5148 MASD=13.7179 NSD=0.4184
[epoch 22] train_loss=0.0775 val_loss=0.3325 mIoU=0.3656 mDice~=0.4847 MASD=14.2451 NSD=0.3832
[epoch 23] train_loss=0.0741 val_loss=0.3377 mIoU=0.3631 mDice~=0.4786 MASD=14.4501 NSD=0.3815
[epoch 24] train_loss=0.0712 val_loss=0.3174 mIoU=0.3889 mDice~=0.5078 MASD=12.9740 NSD=0.4042
[epoch 25] train_loss=0.0700 val_loss=0.3034 mIoU=0.4049 mDice~=0.5339 MASD=12.9278 NSD=0.4274
[epoch 26] train_loss=0.0666 val_loss=0.3171 mIoU=0.3875 mDice~=0.5128 MASD=14.5522 NSD=0.4065
[epoch 27] train_loss=0.0623 val_loss=0.3250 mIoU=0.3709 mDice~=0.4924 MASD=14.1800 NSD=0.3833
[epoch 28] train_loss=0.0620 val_loss=0.3041 mIoU=0.4088 mDice~=0.5322 MASD=12.7677 NSD=0.4268
[epoch 29] train_loss=0.0584 val_loss=0.3220 mIoU=0.3845 mDice~=0.5053 MASD=15.2853 NSD=0.4042
[epoch 30] train_loss=0.0598 val_loss=0.3189 mIoU=0.3861 mDice~=0.5045 MASD=13.7034 NSD=0.4097
[epoch 31] train_loss=0.0541 val_loss=0.3196 mIoU=0.3778 mDice~=0.4976 MASD=14.4047 NSD=0.3907
[epoch 32] train_loss=0.0532 val_loss=0.3073 mIoU=0.4132 mDice~=0.5374 MASD=12.2674 NSD=0.4347
[epoch 33] train_loss=0.0518 val_loss=0.3151 mIoU=0.3908 mDice~=0.5157 MASD=12.9915 NSD=0.4077
[epoch 34] train_loss=0.0492 val_loss=0.3152 mIoU=0.3945 mDice~=0.5210 MASD=13.7324 NSD=0.4186
[epoch 35] train_loss=0.0484 val_loss=0.3031 mIoU=0.4106 mDice~=0.5352 MASD=12.6409 NSD=0.4277
[epoch 36] train_loss=0.0507 val_loss=0.3117 mIoU=0.3973 mDice~=0.5296 MASD=13.8430 NSD=0.4194
[epoch 37] train_loss=0.0483 val_loss=0.3107 mIoU=0.4001 mDice~=0.5290 MASD=12.4661 NSD=0.4226
[epoch 38] train_loss=0.0455 val_loss=0.3253 mIoU=0.3799 mDice~=0.5013 MASD=13.4695 NSD=0.4035
[epoch 39] train_loss=0.0440 val_loss=0.3345 mIoU=0.3646 mDice~=0.4840 MASD=14.4074 NSD=0.3860
[epoch 40] train_loss=0.0444 val_loss=0.3132 mIoU=0.3979 mDice~=0.5228 MASD=12.4981 NSD=0.4217
[epoch 41] train_loss=0.0414 val_loss=0.3029 mIoU=0.4193 mDice~=0.5428 MASD=13.7863 NSD=0.4370
[epoch 42] train_loss=0.0398 val_loss=0.3323 mIoU=0.3759 mDice~=0.5003 MASD=13.9112 NSD=0.3969
[epoch 43] train_loss=0.0392 val_loss=0.3072 mIoU=0.4137 mDice~=0.5385 MASD=11.6468 NSD=0.4364
[epoch 44] train_loss=0.0377 val_loss=0.3086 mIoU=0.4092 mDice~=0.5337 MASD=11.7532 NSD=0.4290
[epoch 45] train_loss=0.0367 val_loss=0.3320 mIoU=0.3710 mDice~=0.4876 MASD=12.2987 NSD=0.3883
[epoch 46] train_loss=0.0363 val_loss=0.3179 mIoU=0.3923 mDice~=0.5181 MASD=13.1204 NSD=0.4108
[epoch 47] train_loss=0.0345 val_loss=0.3194 mIoU=0.3943 mDice~=0.5161 MASD=12.1935 NSD=0.4179
[epoch 48] train_loss=0.0336 val_loss=0.3339 mIoU=0.3729 mDice~=0.4931 MASD=12.8602 NSD=0.3947
[epoch 49] train_loss=0.0333 val_loss=0.3200 mIoU=0.3951 mDice~=0.5180 MASD=13.4891 NSD=0.4196
[epoch 50] train_loss=0.0316 val_loss=0.3260 mIoU=0.3876 mDice~=0.5089 MASD=12.6259 NSD=0.4065
[epoch 51] train_loss=0.0311 val_loss=0.3258 mIoU=0.3866 mDice~=0.5092 MASD=12.0473 NSD=0.4089
[epoch 52] train_loss=0.0311 val_loss=0.3279 mIoU=0.3863 mDice~=0.5093 MASD=12.8881 NSD=0.4096
[epoch 53] train_loss=0.0293 val_loss=0.3340 mIoU=0.3777 mDice~=0.4991 MASD=12.8474 NSD=0.3977
[epoch 54] train_loss=0.0292 val_loss=0.3352 mIoU=0.3768 mDice~=0.4965 MASD=12.9217 NSD=0.3995
[epoch 55] train_loss=0.0275 val_loss=0.3316 mIoU=0.3836 mDice~=0.5063 MASD=13.6027 NSD=0.4057
[epoch 56] train_loss=0.0271 val_loss=0.3322 mIoU=0.3822 mDice~=0.5044 MASD=12.9914 NSD=0.4021
[epoch 57] train_loss=0.0262 val_loss=0.3353 mIoU=0.3816 mDice~=0.5033 MASD=13.0121 NSD=0.4018
[epoch 58] train_loss=0.0260 val_loss=0.3324 mIoU=0.3842 mDice~=0.5088 MASD=12.8524 NSD=0.4055
[epoch 59] train_loss=0.0259 val_loss=0.3273 mIoU=0.3910 mDice~=0.5151 MASD=12.4207 NSD=0.4135
[epoch 60] train_loss=0.0251 val_loss=0.3311 mIoU=0.3878 mDice~=0.5120 MASD=12.9975 NSD=0.4045
[epoch 61] train_loss=0.0243 val_loss=0.3254 mIoU=0.3953 mDice~=0.5201 MASD=12.8259 NSD=0.4166
[epoch 62] train_loss=0.0238 val_loss=0.3272 mIoU=0.3957 mDice~=0.5200 MASD=12.4828 NSD=0.4156
[epoch 63] train_loss=0.0239 val_loss=0.3291 mIoU=0.3915 mDice~=0.5146 MASD=13.0437 NSD=0.4104
[epoch 64] train_loss=0.0231 val_loss=0.3315 mIoU=0.3899 mDice~=0.5137 MASD=13.4499 NSD=0.4093
[epoch 65] train_loss=0.0233 val_loss=0.3333 mIoU=0.3867 mDice~=0.5107 MASD=12.9865 NSD=0.4075
[epoch 66] train_loss=0.0228 val_loss=0.3353 mIoU=0.3860 mDice~=0.5090 MASD=12.8605 NSD=0.4096
[epoch 67] train_loss=0.0223 val_loss=0.3323 mIoU=0.3893 mDice~=0.5135 MASD=12.7056 NSD=0.4117
[epoch 68] train_loss=0.0223 val_loss=0.3356 mIoU=0.3848 mDice~=0.5081 MASD=13.3926 NSD=0.4076
[epoch 69] train_loss=0.0215 val_loss=0.3299 mIoU=0.3929 mDice~=0.5178 MASD=12.4879 NSD=0.4168
[epoch 70] train_loss=0.0216 val_loss=0.3450 mIoU=0.3728 mDice~=0.4951 MASD=13.4938 NSD=0.3959
[epoch 71] train_loss=0.0225 val_loss=0.3385 mIoU=0.3818 mDice~=0.5059 MASD=13.3627 NSD=0.4064
[epoch 72] train_loss=0.0218 val_loss=0.3340 mIoU=0.3897 mDice~=0.5144 MASD=13.1157 NSD=0.4133
[epoch 73] train_loss=0.0214 val_loss=0.3318 mIoU=0.3896 mDice~=0.5138 MASD=12.5670 NSD=0.4119
[epoch 74] train_loss=0.0205 val_loss=0.3329 mIoU=0.3899 mDice~=0.5147 MASD=13.0750 NSD=0.4130
[epoch 75] train_loss=0.0205 val_loss=0.3336 mIoU=0.3889 mDice~=0.5137 MASD=12.8602 NSD=0.4109
[epoch 76] train_loss=0.0209 val_loss=0.3338 mIoU=0.3897 mDice~=0.5145 MASD=12.4713 NSD=0.4111
[epoch 77] train_loss=0.0210 val_loss=0.3354 mIoU=0.3843 mDice~=0.5079 MASD=13.1069 NSD=0.4060
[epoch 78] train_loss=0.0203 val_loss=0.3349 mIoU=0.3865 mDice~=0.5108 MASD=12.6747 NSD=0.4080
[epoch 79] train_loss=0.0203 val_loss=0.3355 mIoU=0.3854 mDice~=0.5092 MASD=12.9533 NSD=0.4069
[epoch 80] train_loss=0.0206 val_loss=0.3351 mIoU=0.3856 mDice~=0.5096 MASD=12.8256 NSD=0.4075
Training done. Best mIoU=0.4235. Best ckpt: /home/idavis3/surgical-video-segmentation-/experiments/set3ViTSolo/ViTSolo_256_inferior_mesenteric_arteryE80/best_QuadPath.ckpt
Logs saved to /home/idavis3/surgical-video-segmentation-/experiments/set3ViTSolo/ViTSolo_256_inferior_mesenteric_arteryE80/20260427-044033
