Organ: spleen
Host: gpu03
Python: /home/idavis3/miniconda3/envs/svs/bin/python
GPU:
Mon Apr 27 21:58:45 2026       
+-----------------------------------------------------------------------------------------+
| NVIDIA-SMI 580.82.07              Driver Version: 580.82.07      CUDA Version: 13.0     |
+-----------------------------------------+------------------------+----------------------+
| GPU  Name                 Persistence-M | Bus-Id          Disp.A | Volatile Uncorr. ECC |
| Fan  Temp   Perf          Pwr:Usage/Cap |           Memory-Usage | GPU-Util  Compute M. |
|                                         |                        |               MIG M. |
|=========================================+========================+======================|
|   0  NVIDIA L40S                    On  |   00000000:61:00.0 Off |                    0 |
| N/A   25C    P8             33W /  350W |       0MiB /  46068MiB |      0%      Default |
|                                         |                        |                  N/A |
+-----------------------------------------+------------------------+----------------------+

+-----------------------------------------------------------------------------------------+
| Processes:                                                                              |
|  GPU   GI   CI              PID   Type   Process name                        GPU Memory |
|        ID   ID                                                               Usage      |
|=========================================================================================|
|  No running processes found                                                             |
+-----------------------------------------------------------------------------------------+
ViTSolo import OK
Model params: 33.82M
[epoch 1] train_loss=0.9029 val_loss=0.7724 mIoU=0.4330 mDice~=0.5400 MASD=28.4759 NSD=0.3122
** New best mIoU: 0.4330. Saved to /home/idavis3/surgical-video-segmentation-/experiments/set3ViTSolo/ViTSolo_256_spleenE80/best_QuadPath.ckpt
[epoch 2] train_loss=0.6849 val_loss=0.6560 mIoU=0.5720 mDice~=0.6844 MASD=13.8036 NSD=0.4900
** New best mIoU: 0.5720. Saved to /home/idavis3/surgical-video-segmentation-/experiments/set3ViTSolo/ViTSolo_256_spleenE80/best_QuadPath.ckpt
[epoch 3] train_loss=0.5714 val_loss=0.5597 mIoU=0.6112 mDice~=0.7088 MASD=9.5821 NSD=0.5669
** New best mIoU: 0.6112. Saved to /home/idavis3/surgical-video-segmentation-/experiments/set3ViTSolo/ViTSolo_256_spleenE80/best_QuadPath.ckpt
[epoch 4] train_loss=0.4875 val_loss=0.5004 mIoU=0.6124 mDice~=0.7081 MASD=10.1735 NSD=0.5861
** New best mIoU: 0.6124. Saved to /home/idavis3/surgical-video-segmentation-/experiments/set3ViTSolo/ViTSolo_256_spleenE80/best_QuadPath.ckpt
[epoch 5] train_loss=0.4102 val_loss=0.4454 mIoU=0.6164 mDice~=0.7090 MASD=12.8741 NSD=0.5967
** New best mIoU: 0.6164. Saved to /home/idavis3/surgical-video-segmentation-/experiments/set3ViTSolo/ViTSolo_256_spleenE80/best_QuadPath.ckpt
[epoch 6] train_loss=0.3412 val_loss=0.3891 mIoU=0.6564 mDice~=0.7392 MASD=8.5643 NSD=0.6556
** New best mIoU: 0.6564. Saved to /home/idavis3/surgical-video-segmentation-/experiments/set3ViTSolo/ViTSolo_256_spleenE80/best_QuadPath.ckpt
[epoch 7] train_loss=0.2754 val_loss=0.3494 mIoU=0.6276 mDice~=0.7214 MASD=12.1125 NSD=0.6371
[epoch 8] train_loss=0.2270 val_loss=0.2985 mIoU=0.6536 mDice~=0.7304 MASD=11.7311 NSD=0.6702
[epoch 9] train_loss=0.1926 val_loss=0.2626 mIoU=0.6746 mDice~=0.7567 MASD=10.1157 NSD=0.6891
** New best mIoU: 0.6746. Saved to /home/idavis3/surgical-video-segmentation-/experiments/set3ViTSolo/ViTSolo_256_spleenE80/best_QuadPath.ckpt
[epoch 10] train_loss=0.1611 val_loss=0.2503 mIoU=0.6595 mDice~=0.7491 MASD=11.0689 NSD=0.6778
[epoch 11] train_loss=0.1323 val_loss=0.2366 mIoU=0.6602 mDice~=0.7438 MASD=10.7119 NSD=0.6650
[epoch 12] train_loss=0.1167 val_loss=0.2023 mIoU=0.7024 mDice~=0.7786 MASD=5.6345 NSD=0.7261
** New best mIoU: 0.7024. Saved to /home/idavis3/surgical-video-segmentation-/experiments/set3ViTSolo/ViTSolo_256_spleenE80/best_QuadPath.ckpt
[epoch 13] train_loss=0.1042 val_loss=0.1930 mIoU=0.6806 mDice~=0.7537 MASD=8.7155 NSD=0.7145
[epoch 14] train_loss=0.0865 val_loss=0.1827 mIoU=0.6791 mDice~=0.7641 MASD=9.1411 NSD=0.6968
[epoch 15] train_loss=0.0797 val_loss=0.1939 mIoU=0.6724 mDice~=0.7420 MASD=7.6819 NSD=0.7015
[epoch 16] train_loss=0.0724 val_loss=0.1771 mIoU=0.6841 mDice~=0.7578 MASD=5.7338 NSD=0.7185
[epoch 17] train_loss=0.0639 val_loss=0.1507 mIoU=0.7204 mDice~=0.7867 MASD=4.7318 NSD=0.7547
** New best mIoU: 0.7204. Saved to /home/idavis3/surgical-video-segmentation-/experiments/set3ViTSolo/ViTSolo_256_spleenE80/best_QuadPath.ckpt
[epoch 18] train_loss=0.0632 val_loss=0.1628 mIoU=0.6894 mDice~=0.7635 MASD=4.4624 NSD=0.7282
[epoch 19] train_loss=0.0549 val_loss=0.1411 mIoU=0.7237 mDice~=0.7891 MASD=4.7065 NSD=0.7575
** New best mIoU: 0.7237. Saved to /home/idavis3/surgical-video-segmentation-/experiments/set3ViTSolo/ViTSolo_256_spleenE80/best_QuadPath.ckpt
[epoch 20] train_loss=0.0497 val_loss=0.1459 mIoU=0.7121 mDice~=0.7820 MASD=5.6017 NSD=0.7485
[epoch 21] train_loss=0.0498 val_loss=0.1469 mIoU=0.7021 mDice~=0.7694 MASD=6.0453 NSD=0.7350
[epoch 22] train_loss=0.0477 val_loss=0.1438 mIoU=0.7041 mDice~=0.7789 MASD=6.8937 NSD=0.7443
[epoch 23] train_loss=0.0470 val_loss=0.1439 mIoU=0.7055 mDice~=0.7728 MASD=4.1851 NSD=0.7445
[epoch 24] train_loss=0.0422 val_loss=0.1482 mIoU=0.6912 mDice~=0.7712 MASD=7.9246 NSD=0.7238
[epoch 25] train_loss=0.0406 val_loss=0.1418 mIoU=0.7030 mDice~=0.7726 MASD=4.1745 NSD=0.7441
[epoch 26] train_loss=0.0378 val_loss=0.1243 mIoU=0.7312 mDice~=0.8013 MASD=6.3989 NSD=0.7655
** New best mIoU: 0.7312. Saved to /home/idavis3/surgical-video-segmentation-/experiments/set3ViTSolo/ViTSolo_256_spleenE80/best_QuadPath.ckpt
[epoch 27] train_loss=0.0393 val_loss=0.1379 mIoU=0.6982 mDice~=0.7671 MASD=4.3173 NSD=0.7290
[epoch 28] train_loss=0.0437 val_loss=0.1607 mIoU=0.6566 mDice~=0.7293 MASD=7.5157 NSD=0.6934
[epoch 29] train_loss=0.0386 val_loss=0.1603 mIoU=0.6700 mDice~=0.7335 MASD=6.8783 NSD=0.7102
[epoch 30] train_loss=0.0348 val_loss=0.1350 mIoU=0.7064 mDice~=0.7749 MASD=4.5241 NSD=0.7452
[epoch 31] train_loss=0.0325 val_loss=0.1361 mIoU=0.7066 mDice~=0.7808 MASD=6.9843 NSD=0.7489
[epoch 32] train_loss=0.0317 val_loss=0.1440 mIoU=0.7034 mDice~=0.7785 MASD=7.2139 NSD=0.7453
[epoch 33] train_loss=0.0305 val_loss=0.1212 mIoU=0.7250 mDice~=0.7908 MASD=4.9925 NSD=0.7567
[epoch 34] train_loss=0.0301 val_loss=0.1311 mIoU=0.7198 mDice~=0.7878 MASD=5.1902 NSD=0.7572
[epoch 35] train_loss=0.0286 val_loss=0.1515 mIoU=0.6900 mDice~=0.7495 MASD=6.1716 NSD=0.7327
[epoch 36] train_loss=0.0292 val_loss=0.1374 mIoU=0.7016 mDice~=0.7653 MASD=4.7127 NSD=0.7351
[epoch 37] train_loss=0.0272 val_loss=0.1168 mIoU=0.7390 mDice~=0.8015 MASD=4.2592 NSD=0.7726
** New best mIoU: 0.7390. Saved to /home/idavis3/surgical-video-segmentation-/experiments/set3ViTSolo/ViTSolo_256_spleenE80/best_QuadPath.ckpt
[epoch 38] train_loss=0.0294 val_loss=0.1194 mIoU=0.7364 mDice~=0.8006 MASD=4.6514 NSD=0.7774
[epoch 39] train_loss=0.0297 val_loss=0.1281 mIoU=0.7232 mDice~=0.7914 MASD=4.6388 NSD=0.7576
[epoch 40] train_loss=0.0269 val_loss=0.1353 mIoU=0.7164 mDice~=0.7813 MASD=5.3283 NSD=0.7560
[epoch 41] train_loss=0.0263 val_loss=0.1396 mIoU=0.7113 mDice~=0.7772 MASD=5.7012 NSD=0.7491
[epoch 42] train_loss=0.0249 val_loss=0.1199 mIoU=0.7384 mDice~=0.8042 MASD=4.5811 NSD=0.7781
[epoch 43] train_loss=0.0268 val_loss=0.1416 mIoU=0.6983 mDice~=0.7623 MASD=4.4744 NSD=0.7376
[epoch 44] train_loss=0.0246 val_loss=0.1434 mIoU=0.7146 mDice~=0.7888 MASD=6.0754 NSD=0.7550
[epoch 45] train_loss=0.0231 val_loss=0.1360 mIoU=0.7036 mDice~=0.7660 MASD=5.5784 NSD=0.7438
[epoch 46] train_loss=0.0230 val_loss=0.1533 mIoU=0.6954 mDice~=0.7640 MASD=5.9523 NSD=0.7426
[epoch 47] train_loss=0.0219 val_loss=0.1395 mIoU=0.7168 mDice~=0.7854 MASD=6.0373 NSD=0.7616
[epoch 48] train_loss=0.0213 val_loss=0.1372 mIoU=0.7143 mDice~=0.7793 MASD=5.9413 NSD=0.7543
[epoch 49] train_loss=0.0220 val_loss=0.1237 mIoU=0.7273 mDice~=0.7886 MASD=5.8750 NSD=0.7622
[epoch 50] train_loss=0.0203 val_loss=0.1269 mIoU=0.7253 mDice~=0.7866 MASD=4.5316 NSD=0.7627
[epoch 51] train_loss=0.0208 val_loss=0.1299 mIoU=0.7235 mDice~=0.7876 MASD=4.7901 NSD=0.7597
[epoch 52] train_loss=0.0209 val_loss=0.1417 mIoU=0.7214 mDice~=0.7873 MASD=6.2835 NSD=0.7613
[epoch 53] train_loss=0.0197 val_loss=0.1361 mIoU=0.7287 mDice~=0.7944 MASD=6.1712 NSD=0.7674
[epoch 54] train_loss=0.0195 val_loss=0.1190 mIoU=0.7297 mDice~=0.7934 MASD=4.0990 NSD=0.7694
[epoch 55] train_loss=0.0180 val_loss=0.1182 mIoU=0.7347 mDice~=0.7986 MASD=3.6040 NSD=0.7735
[epoch 56] train_loss=0.0186 val_loss=0.1186 mIoU=0.7296 mDice~=0.7933 MASD=5.5286 NSD=0.7667
[epoch 57] train_loss=0.0188 val_loss=0.1171 mIoU=0.7364 mDice~=0.8061 MASD=3.8601 NSD=0.7747
[epoch 58] train_loss=0.0181 val_loss=0.1156 mIoU=0.7381 mDice~=0.8046 MASD=3.5544 NSD=0.7774
[epoch 59] train_loss=0.0173 val_loss=0.1172 mIoU=0.7382 mDice~=0.8035 MASD=3.4321 NSD=0.7766
[epoch 60] train_loss=0.0173 val_loss=0.1211 mIoU=0.7342 mDice~=0.7991 MASD=3.8342 NSD=0.7736
[epoch 61] train_loss=0.0171 val_loss=0.1240 mIoU=0.7333 mDice~=0.7990 MASD=3.8668 NSD=0.7692
[epoch 62] train_loss=0.0171 val_loss=0.1193 mIoU=0.7353 mDice~=0.8022 MASD=3.7985 NSD=0.7717
[epoch 63] train_loss=0.0162 val_loss=0.1200 mIoU=0.7347 mDice~=0.8016 MASD=3.7926 NSD=0.7734
[epoch 64] train_loss=0.0156 val_loss=0.1222 mIoU=0.7341 mDice~=0.8005 MASD=3.9312 NSD=0.7732
[epoch 65] train_loss=0.0163 val_loss=0.1238 mIoU=0.7303 mDice~=0.7984 MASD=4.0926 NSD=0.7695
[epoch 66] train_loss=0.0158 val_loss=0.1232 mIoU=0.7322 mDice~=0.8008 MASD=4.0050 NSD=0.7723
[epoch 67] train_loss=0.0161 val_loss=0.1224 mIoU=0.7319 mDice~=0.8008 MASD=3.8942 NSD=0.7737
[epoch 68] train_loss=0.0155 val_loss=0.1185 mIoU=0.7350 mDice~=0.8026 MASD=3.8324 NSD=0.7757
[epoch 69] train_loss=0.0150 val_loss=0.1216 mIoU=0.7334 mDice~=0.8012 MASD=3.9565 NSD=0.7739
[epoch 70] train_loss=0.0151 val_loss=0.1204 mIoU=0.7361 mDice~=0.8041 MASD=3.8959 NSD=0.7774
[epoch 71] train_loss=0.0151 val_loss=0.1185 mIoU=0.7342 mDice~=0.8019 MASD=4.0171 NSD=0.7746
[epoch 72] train_loss=0.0150 val_loss=0.1200 mIoU=0.7338 mDice~=0.8022 MASD=3.8872 NSD=0.7731
[epoch 73] train_loss=0.0151 val_loss=0.1208 mIoU=0.7336 mDice~=0.8010 MASD=3.9203 NSD=0.7741
[epoch 74] train_loss=0.0150 val_loss=0.1216 mIoU=0.7336 mDice~=0.8010 MASD=3.9290 NSD=0.7748
[epoch 75] train_loss=0.0154 val_loss=0.1234 mIoU=0.7328 mDice~=0.8004 MASD=3.9662 NSD=0.7731
[epoch 76] train_loss=0.0150 val_loss=0.1236 mIoU=0.7319 mDice~=0.7992 MASD=3.9880 NSD=0.7719
[epoch 77] train_loss=0.0149 val_loss=0.1221 mIoU=0.7340 mDice~=0.8013 MASD=3.9430 NSD=0.7750
[epoch 78] train_loss=0.0150 val_loss=0.1240 mIoU=0.7328 mDice~=0.8003 MASD=4.0160 NSD=0.7728
[epoch 79] train_loss=0.0149 val_loss=0.1229 mIoU=0.7317 mDice~=0.7995 MASD=3.9787 NSD=0.7723
[epoch 80] train_loss=0.0145 val_loss=0.1218 mIoU=0.7335 mDice~=0.8013 MASD=3.9856 NSD=0.7739
Training done. Best mIoU=0.7390. Best ckpt: /home/idavis3/surgical-video-segmentation-/experiments/set3ViTSolo/ViTSolo_256_spleenE80/best_QuadPath.ckpt
Logs saved to /home/idavis3/surgical-video-segmentation-/experiments/set3ViTSolo/ViTSolo_256_spleenE80/20260427-215850
