Organ: pancreas
Host: gpu01
Python: /home/idavis3/miniconda3/envs/svs/bin/python
GPU:
Mon Apr 27 07:56:30 2026       
+-----------------------------------------------------------------------------------------+
| NVIDIA-SMI 580.82.07              Driver Version: 580.82.07      CUDA Version: 13.0     |
+-----------------------------------------+------------------------+----------------------+
| GPU  Name                 Persistence-M | Bus-Id          Disp.A | Volatile Uncorr. ECC |
| Fan  Temp   Perf          Pwr:Usage/Cap |           Memory-Usage | GPU-Util  Compute M. |
|                                         |                        |               MIG M. |
|=========================================+========================+======================|
|   0  NVIDIA L40S                    On  |   00000000:E1:00.0 Off |                    0 |
| N/A   27C    P8             33W /  350W |       0MiB /  46068MiB |      0%      Default |
|                                         |                        |                  N/A |
+-----------------------------------------+------------------------+----------------------+

+-----------------------------------------------------------------------------------------+
| Processes:                                                                              |
|  GPU   GI   CI              PID   Type   Process name                        GPU Memory |
|        ID   ID                                                               Usage      |
|=========================================================================================|
|  No running processes found                                                             |
+-----------------------------------------------------------------------------------------+
ViTSolo import OK
Model params: 33.82M
[epoch 1] train_loss=0.9358 val_loss=0.8200 mIoU=0.0865 mDice~=0.1375 MASD=52.0584 NSD=0.0632
** New best mIoU: 0.0865. Saved to /home/idavis3/surgical-video-segmentation-/experiments/set3ViTSolo/ViTSolo_256_pancreasE80/best_QuadPath.ckpt
[epoch 2] train_loss=0.7447 val_loss=0.7226 mIoU=0.2167 mDice~=0.3022 MASD=39.0315 NSD=0.1924
** New best mIoU: 0.2167. Saved to /home/idavis3/surgical-video-segmentation-/experiments/set3ViTSolo/ViTSolo_256_pancreasE80/best_QuadPath.ckpt
[epoch 3] train_loss=0.6549 val_loss=0.6657 mIoU=0.2009 mDice~=0.2822 MASD=40.2342 NSD=0.2032
[epoch 4] train_loss=0.5841 val_loss=0.6208 mIoU=0.1911 mDice~=0.2660 MASD=37.4311 NSD=0.1979
[epoch 5] train_loss=0.5205 val_loss=0.5913 mIoU=0.1833 mDice~=0.2473 MASD=41.0577 NSD=0.2011
[epoch 6] train_loss=0.4665 val_loss=0.5548 mIoU=0.2114 mDice~=0.2853 MASD=34.7524 NSD=0.2102
[epoch 7] train_loss=0.4186 val_loss=0.5141 mIoU=0.2617 mDice~=0.3501 MASD=30.0647 NSD=0.2705
** New best mIoU: 0.2617. Saved to /home/idavis3/surgical-video-segmentation-/experiments/set3ViTSolo/ViTSolo_256_pancreasE80/best_QuadPath.ckpt
[epoch 8] train_loss=0.3698 val_loss=0.5314 mIoU=0.2054 mDice~=0.2759 MASD=32.2806 NSD=0.2276
[epoch 9] train_loss=0.3243 val_loss=0.5524 mIoU=0.1694 mDice~=0.2266 MASD=32.9185 NSD=0.1923
[epoch 10] train_loss=0.2822 val_loss=0.5355 mIoU=0.1924 mDice~=0.2584 MASD=30.7413 NSD=0.2209
[epoch 11] train_loss=0.2506 val_loss=0.5002 mIoU=0.2362 mDice~=0.3136 MASD=33.7526 NSD=0.2672
[epoch 12] train_loss=0.2226 val_loss=0.5193 mIoU=0.2159 mDice~=0.2855 MASD=34.2546 NSD=0.2463
[epoch 13] train_loss=0.2014 val_loss=0.5582 mIoU=0.1753 mDice~=0.2322 MASD=31.8165 NSD=0.2124
[epoch 14] train_loss=0.1779 val_loss=0.5165 mIoU=0.2146 mDice~=0.2890 MASD=27.2143 NSD=0.2523
[epoch 15] train_loss=0.1639 val_loss=0.4613 mIoU=0.2849 mDice~=0.3785 MASD=30.1093 NSD=0.3044
** New best mIoU: 0.2849. Saved to /home/idavis3/surgical-video-segmentation-/experiments/set3ViTSolo/ViTSolo_256_pancreasE80/best_QuadPath.ckpt
[epoch 16] train_loss=0.1578 val_loss=0.5298 mIoU=0.2141 mDice~=0.2849 MASD=30.4573 NSD=0.2598
[epoch 17] train_loss=0.1410 val_loss=0.5620 mIoU=0.1902 mDice~=0.2488 MASD=30.6748 NSD=0.2242
[epoch 18] train_loss=0.1387 val_loss=0.5422 mIoU=0.2066 mDice~=0.2795 MASD=31.8399 NSD=0.2408
[epoch 19] train_loss=0.1290 val_loss=0.5420 mIoU=0.2208 mDice~=0.2946 MASD=34.4253 NSD=0.2593
[epoch 20] train_loss=0.1240 val_loss=0.5399 mIoU=0.2202 mDice~=0.2906 MASD=29.9488 NSD=0.2639
[epoch 21] train_loss=0.1204 val_loss=0.4897 mIoU=0.2776 mDice~=0.3653 MASD=28.2643 NSD=0.3201
[epoch 22] train_loss=0.1171 val_loss=0.5490 mIoU=0.2119 mDice~=0.2835 MASD=26.2149 NSD=0.2566
[epoch 23] train_loss=0.1102 val_loss=0.5197 mIoU=0.2406 mDice~=0.3189 MASD=29.1833 NSD=0.2776
[epoch 24] train_loss=0.1035 val_loss=0.5277 mIoU=0.2309 mDice~=0.3089 MASD=29.4302 NSD=0.2793
[epoch 25] train_loss=0.1005 val_loss=0.5361 mIoU=0.2280 mDice~=0.3026 MASD=30.5273 NSD=0.2652
[epoch 26] train_loss=0.0995 val_loss=0.5344 mIoU=0.2364 mDice~=0.3097 MASD=32.1881 NSD=0.2600
[epoch 27] train_loss=0.0956 val_loss=0.5493 mIoU=0.2308 mDice~=0.3029 MASD=29.1953 NSD=0.2664
[epoch 28] train_loss=0.0920 val_loss=0.5385 mIoU=0.2366 mDice~=0.3120 MASD=29.3843 NSD=0.2797
[epoch 29] train_loss=0.0919 val_loss=0.5624 mIoU=0.2179 mDice~=0.2880 MASD=29.2679 NSD=0.2576
[epoch 30] train_loss=0.0886 val_loss=0.5524 mIoU=0.2224 mDice~=0.2956 MASD=30.0449 NSD=0.2626
[epoch 31] train_loss=0.0850 val_loss=0.5507 mIoU=0.2291 mDice~=0.3048 MASD=27.0117 NSD=0.2749
[epoch 32] train_loss=0.0843 val_loss=0.5522 mIoU=0.2306 mDice~=0.3052 MASD=28.1090 NSD=0.2656
[epoch 33] train_loss=0.0823 val_loss=0.5410 mIoU=0.2411 mDice~=0.3158 MASD=29.6523 NSD=0.2796
[epoch 34] train_loss=0.0834 val_loss=0.5506 mIoU=0.2372 mDice~=0.3160 MASD=28.0426 NSD=0.2838
[epoch 35] train_loss=0.0791 val_loss=0.5474 mIoU=0.2376 mDice~=0.3139 MASD=29.3706 NSD=0.2841
[epoch 36] train_loss=0.0767 val_loss=0.5413 mIoU=0.2420 mDice~=0.3204 MASD=27.4094 NSD=0.2879
[epoch 37] train_loss=0.0760 val_loss=0.5641 mIoU=0.2270 mDice~=0.3020 MASD=31.6510 NSD=0.2760
[epoch 38] train_loss=0.0726 val_loss=0.5448 mIoU=0.2475 mDice~=0.3274 MASD=27.1077 NSD=0.2945
[epoch 39] train_loss=0.0736 val_loss=0.5832 mIoU=0.2032 mDice~=0.2736 MASD=28.1409 NSD=0.2485
[epoch 40] train_loss=0.0702 val_loss=0.5559 mIoU=0.2396 mDice~=0.3141 MASD=29.0973 NSD=0.2870
[epoch 41] train_loss=0.0699 val_loss=0.5548 mIoU=0.2358 mDice~=0.3142 MASD=27.7182 NSD=0.2770
[epoch 42] train_loss=0.0670 val_loss=0.5486 mIoU=0.2414 mDice~=0.3235 MASD=28.2961 NSD=0.2871
[epoch 43] train_loss=0.0668 val_loss=0.5593 mIoU=0.2396 mDice~=0.3176 MASD=30.3059 NSD=0.2893
[epoch 44] train_loss=0.0649 val_loss=0.5497 mIoU=0.2424 mDice~=0.3219 MASD=28.0315 NSD=0.2821
[epoch 45] train_loss=0.0627 val_loss=0.5721 mIoU=0.2244 mDice~=0.2963 MASD=28.9496 NSD=0.2613
[epoch 46] train_loss=0.0614 val_loss=0.5584 mIoU=0.2377 mDice~=0.3147 MASD=29.2131 NSD=0.2838
[epoch 47] train_loss=0.0635 val_loss=0.5881 mIoU=0.2133 mDice~=0.2841 MASD=31.2275 NSD=0.2642
[epoch 48] train_loss=0.0588 val_loss=0.5725 mIoU=0.2264 mDice~=0.3020 MASD=30.7842 NSD=0.2746
[epoch 49] train_loss=0.0592 val_loss=0.5928 mIoU=0.2127 mDice~=0.2823 MASD=29.1530 NSD=0.2513
[epoch 50] train_loss=0.0581 val_loss=0.5610 mIoU=0.2405 mDice~=0.3201 MASD=28.6906 NSD=0.2863
[epoch 51] train_loss=0.0581 val_loss=0.5724 mIoU=0.2325 mDice~=0.3091 MASD=28.6749 NSD=0.2813
[epoch 52] train_loss=0.0564 val_loss=0.5807 mIoU=0.2332 mDice~=0.3090 MASD=29.1200 NSD=0.2827
[epoch 53] train_loss=0.0549 val_loss=0.5786 mIoU=0.2290 mDice~=0.3034 MASD=30.1333 NSD=0.2704
[epoch 54] train_loss=0.0539 val_loss=0.5861 mIoU=0.2262 mDice~=0.3007 MASD=29.9535 NSD=0.2686
[epoch 55] train_loss=0.0530 val_loss=0.5837 mIoU=0.2325 mDice~=0.3102 MASD=30.3879 NSD=0.2799
[epoch 56] train_loss=0.0531 val_loss=0.5879 mIoU=0.2189 mDice~=0.2921 MASD=30.9421 NSD=0.2615
[epoch 57] train_loss=0.0519 val_loss=0.5860 mIoU=0.2260 mDice~=0.3014 MASD=28.8540 NSD=0.2724
[epoch 58] train_loss=0.0506 val_loss=0.5902 mIoU=0.2288 mDice~=0.3057 MASD=30.6294 NSD=0.2774
[epoch 59] train_loss=0.0506 val_loss=0.6089 mIoU=0.2102 mDice~=0.2825 MASD=30.7465 NSD=0.2587
[epoch 60] train_loss=0.0496 val_loss=0.5936 mIoU=0.2244 mDice~=0.2996 MASD=29.3514 NSD=0.2731
[epoch 61] train_loss=0.0488 val_loss=0.5838 mIoU=0.2329 mDice~=0.3110 MASD=28.8511 NSD=0.2824
[epoch 62] train_loss=0.0493 val_loss=0.5942 mIoU=0.2270 mDice~=0.3033 MASD=29.3965 NSD=0.2740
[epoch 63] train_loss=0.0471 val_loss=0.6052 mIoU=0.2176 mDice~=0.2898 MASD=31.0331 NSD=0.2636
[epoch 64] train_loss=0.0481 val_loss=0.5994 mIoU=0.2216 mDice~=0.2959 MASD=30.4618 NSD=0.2654
[epoch 65] train_loss=0.0463 val_loss=0.5975 mIoU=0.2257 mDice~=0.3001 MASD=30.3939 NSD=0.2689
[epoch 66] train_loss=0.0470 val_loss=0.6070 mIoU=0.2168 mDice~=0.2909 MASD=31.1818 NSD=0.2642
[epoch 67] train_loss=0.0474 val_loss=0.6019 mIoU=0.2241 mDice~=0.2991 MASD=30.0576 NSD=0.2690
[epoch 68] train_loss=0.0463 val_loss=0.5870 mIoU=0.2341 mDice~=0.3136 MASD=28.5033 NSD=0.2802
[epoch 69] train_loss=0.0452 val_loss=0.5976 mIoU=0.2267 mDice~=0.3038 MASD=30.0191 NSD=0.2693
[epoch 70] train_loss=0.0453 val_loss=0.6014 mIoU=0.2227 mDice~=0.2986 MASD=30.4771 NSD=0.2669
[epoch 71] train_loss=0.0455 val_loss=0.6018 mIoU=0.2224 mDice~=0.2976 MASD=29.7338 NSD=0.2666
[epoch 72] train_loss=0.0451 val_loss=0.5974 mIoU=0.2266 mDice~=0.3034 MASD=29.7716 NSD=0.2690
[epoch 73] train_loss=0.0444 val_loss=0.6039 mIoU=0.2218 mDice~=0.2970 MASD=29.9288 NSD=0.2654
[epoch 74] train_loss=0.0443 val_loss=0.6028 mIoU=0.2217 mDice~=0.2972 MASD=30.1693 NSD=0.2655
[epoch 75] train_loss=0.0448 val_loss=0.6033 mIoU=0.2238 mDice~=0.2995 MASD=29.5435 NSD=0.2679
[epoch 76] train_loss=0.0449 val_loss=0.6064 mIoU=0.2218 mDice~=0.2969 MASD=29.9651 NSD=0.2662
[epoch 77] train_loss=0.0446 val_loss=0.6054 mIoU=0.2219 mDice~=0.2969 MASD=29.4829 NSD=0.2663
[epoch 78] train_loss=0.0449 val_loss=0.6039 mIoU=0.2224 mDice~=0.2980 MASD=29.9729 NSD=0.2664
[epoch 79] train_loss=0.0448 val_loss=0.6057 mIoU=0.2209 mDice~=0.2957 MASD=29.9059 NSD=0.2655
[epoch 80] train_loss=0.0443 val_loss=0.5994 mIoU=0.2255 mDice~=0.3020 MASD=30.4186 NSD=0.2696
Training done. Best mIoU=0.2849. Best ckpt: /home/idavis3/surgical-video-segmentation-/experiments/set3ViTSolo/ViTSolo_256_pancreasE80/best_QuadPath.ckpt
Logs saved to /home/idavis3/surgical-video-segmentation-/experiments/set3ViTSolo/ViTSolo_256_pancreasE80/20260427-075633
