Organ: abdominal_wall
Host: gpu01
Python: /home/idavis3/miniconda3/envs/svs/bin/python
GPU:
Mon Apr 27 01:54:59 2026       
+-----------------------------------------------------------------------------------------+
| NVIDIA-SMI 580.82.07              Driver Version: 580.82.07      CUDA Version: 13.0     |
+-----------------------------------------+------------------------+----------------------+
| GPU  Name                 Persistence-M | Bus-Id          Disp.A | Volatile Uncorr. ECC |
| Fan  Temp   Perf          Pwr:Usage/Cap |           Memory-Usage | GPU-Util  Compute M. |
|                                         |                        |               MIG M. |
|=========================================+========================+======================|
|   0  NVIDIA L40S                    On  |   00000000:E1:00.0 Off |                    0 |
| N/A   37C    P8             34W /  350W |       0MiB /  46068MiB |      0%      Default |
|                                         |                        |                  N/A |
+-----------------------------------------+------------------------+----------------------+

+-----------------------------------------------------------------------------------------+
| Processes:                                                                              |
|  GPU   GI   CI              PID   Type   Process name                        GPU Memory |
|        ID   ID                                                               Usage      |
|=========================================================================================|
|  No running processes found                                                             |
+-----------------------------------------------------------------------------------------+
ViTSolo import OK
Model params: 33.82M
[epoch 1] train_loss=0.5885 val_loss=0.4556 mIoU=0.7392 mDice~=0.8344 MASD=7.5833 NSD=0.6131
** New best mIoU: 0.7392. Saved to /home/idavis3/surgical-video-segmentation-/experiments/set3ViTSolo/ViTSolo_256_abdominal_wallE80/best_QuadPath.ckpt
[epoch 2] train_loss=0.3685 val_loss=0.3758 mIoU=0.7450 mDice~=0.8380 MASD=6.7755 NSD=0.6349
** New best mIoU: 0.7450. Saved to /home/idavis3/surgical-video-segmentation-/experiments/set3ViTSolo/ViTSolo_256_abdominal_wallE80/best_QuadPath.ckpt
[epoch 3] train_loss=0.2935 val_loss=0.3243 mIoU=0.7529 mDice~=0.8431 MASD=6.5697 NSD=0.6512
** New best mIoU: 0.7529. Saved to /home/idavis3/surgical-video-segmentation-/experiments/set3ViTSolo/ViTSolo_256_abdominal_wallE80/best_QuadPath.ckpt
[epoch 4] train_loss=0.2283 val_loss=0.2886 mIoU=0.7775 mDice~=0.8641 MASD=6.0767 NSD=0.6789
** New best mIoU: 0.7775. Saved to /home/idavis3/surgical-video-segmentation-/experiments/set3ViTSolo/ViTSolo_256_abdominal_wallE80/best_QuadPath.ckpt
[epoch 5] train_loss=0.1911 val_loss=0.2622 mIoU=0.7669 mDice~=0.8538 MASD=6.0101 NSD=0.6811
[epoch 6] train_loss=0.1643 val_loss=0.2599 mIoU=0.7849 mDice~=0.8698 MASD=5.2128 NSD=0.6926
** New best mIoU: 0.7849. Saved to /home/idavis3/surgical-video-segmentation-/experiments/set3ViTSolo/ViTSolo_256_abdominal_wallE80/best_QuadPath.ckpt
[epoch 7] train_loss=0.1400 val_loss=0.2211 mIoU=0.7987 mDice~=0.8780 MASD=5.3562 NSD=0.7252
** New best mIoU: 0.7987. Saved to /home/idavis3/surgical-video-segmentation-/experiments/set3ViTSolo/ViTSolo_256_abdominal_wallE80/best_QuadPath.ckpt
[epoch 8] train_loss=0.1252 val_loss=0.2318 mIoU=0.7975 mDice~=0.8775 MASD=5.2630 NSD=0.7292
[epoch 9] train_loss=0.1130 val_loss=0.2148 mIoU=0.7877 mDice~=0.8705 MASD=5.4900 NSD=0.7202
[epoch 10] train_loss=0.1004 val_loss=0.1965 mIoU=0.8113 mDice~=0.8878 MASD=4.6494 NSD=0.7406
** New best mIoU: 0.8113. Saved to /home/idavis3/surgical-video-segmentation-/experiments/set3ViTSolo/ViTSolo_256_abdominal_wallE80/best_QuadPath.ckpt
[epoch 11] train_loss=0.0942 val_loss=0.2173 mIoU=0.7736 mDice~=0.8613 MASD=5.9356 NSD=0.7045
[epoch 12] train_loss=0.0864 val_loss=0.2085 mIoU=0.7990 mDice~=0.8794 MASD=5.2181 NSD=0.7367
[epoch 13] train_loss=0.0762 val_loss=0.2148 mIoU=0.7981 mDice~=0.8780 MASD=5.0280 NSD=0.7341
[epoch 14] train_loss=0.0733 val_loss=0.2128 mIoU=0.7955 mDice~=0.8758 MASD=5.9601 NSD=0.7349
[epoch 15] train_loss=0.0732 val_loss=0.1942 mIoU=0.8115 mDice~=0.8861 MASD=4.8626 NSD=0.7487
** New best mIoU: 0.8115. Saved to /home/idavis3/surgical-video-segmentation-/experiments/set3ViTSolo/ViTSolo_256_abdominal_wallE80/best_QuadPath.ckpt
[epoch 16] train_loss=0.0675 val_loss=0.1968 mIoU=0.8045 mDice~=0.8823 MASD=5.0360 NSD=0.7394
[epoch 17] train_loss=0.0618 val_loss=0.1907 mIoU=0.8142 mDice~=0.8875 MASD=4.7584 NSD=0.7565
** New best mIoU: 0.8142. Saved to /home/idavis3/surgical-video-segmentation-/experiments/set3ViTSolo/ViTSolo_256_abdominal_wallE80/best_QuadPath.ckpt
[epoch 18] train_loss=0.0578 val_loss=0.1849 mIoU=0.8162 mDice~=0.8892 MASD=4.7069 NSD=0.7577
** New best mIoU: 0.8162. Saved to /home/idavis3/surgical-video-segmentation-/experiments/set3ViTSolo/ViTSolo_256_abdominal_wallE80/best_QuadPath.ckpt
[epoch 19] train_loss=0.0575 val_loss=0.1854 mIoU=0.8169 mDice~=0.8898 MASD=4.6890 NSD=0.7577
** New best mIoU: 0.8169. Saved to /home/idavis3/surgical-video-segmentation-/experiments/set3ViTSolo/ViTSolo_256_abdominal_wallE80/best_QuadPath.ckpt
[epoch 20] train_loss=0.0588 val_loss=0.2010 mIoU=0.8053 mDice~=0.8819 MASD=4.9170 NSD=0.7473
[epoch 21] train_loss=0.0572 val_loss=0.2035 mIoU=0.8108 mDice~=0.8863 MASD=4.7517 NSD=0.7507
[epoch 22] train_loss=0.0536 val_loss=0.1993 mIoU=0.8157 mDice~=0.8905 MASD=4.7496 NSD=0.7573
[epoch 23] train_loss=0.0475 val_loss=0.1833 mIoU=0.8185 mDice~=0.8913 MASD=4.4735 NSD=0.7640
** New best mIoU: 0.8185. Saved to /home/idavis3/surgical-video-segmentation-/experiments/set3ViTSolo/ViTSolo_256_abdominal_wallE80/best_QuadPath.ckpt
[epoch 24] train_loss=0.0476 val_loss=0.1917 mIoU=0.8175 mDice~=0.8903 MASD=4.5059 NSD=0.7608
[epoch 25] train_loss=0.0481 val_loss=0.2065 mIoU=0.8099 mDice~=0.8860 MASD=5.1989 NSD=0.7502
[epoch 26] train_loss=0.0456 val_loss=0.1947 mIoU=0.8240 mDice~=0.8957 MASD=4.4211 NSD=0.7683
** New best mIoU: 0.8240. Saved to /home/idavis3/surgical-video-segmentation-/experiments/set3ViTSolo/ViTSolo_256_abdominal_wallE80/best_QuadPath.ckpt
[epoch 27] train_loss=0.0449 val_loss=0.1919 mIoU=0.8225 mDice~=0.8943 MASD=4.7965 NSD=0.7670
[epoch 28] train_loss=0.0441 val_loss=0.2082 mIoU=0.8174 mDice~=0.8906 MASD=4.7196 NSD=0.7625
[epoch 29] train_loss=0.0408 val_loss=0.1974 mIoU=0.8160 mDice~=0.8900 MASD=4.6593 NSD=0.7592
[epoch 30] train_loss=0.0405 val_loss=0.2094 mIoU=0.8122 mDice~=0.8874 MASD=4.9561 NSD=0.7562
[epoch 31] train_loss=0.0412 val_loss=0.2174 mIoU=0.8166 mDice~=0.8901 MASD=4.6919 NSD=0.7627
[epoch 32] train_loss=0.0398 val_loss=0.2280 mIoU=0.8081 mDice~=0.8838 MASD=5.0038 NSD=0.7544
[epoch 33] train_loss=0.0369 val_loss=0.2118 mIoU=0.8197 mDice~=0.8926 MASD=4.4973 NSD=0.7665
[epoch 34] train_loss=0.0368 val_loss=0.2015 mIoU=0.8168 mDice~=0.8906 MASD=4.7564 NSD=0.7607
[epoch 35] train_loss=0.0361 val_loss=0.2173 mIoU=0.8134 mDice~=0.8871 MASD=4.8293 NSD=0.7599
[epoch 36] train_loss=0.0339 val_loss=0.2117 mIoU=0.8191 mDice~=0.8912 MASD=4.6629 NSD=0.7666
[epoch 37] train_loss=0.0326 val_loss=0.2127 mIoU=0.8210 mDice~=0.8932 MASD=4.4256 NSD=0.7661
[epoch 38] train_loss=0.0322 val_loss=0.2096 mIoU=0.8253 mDice~=0.8960 MASD=4.4836 NSD=0.7722
** New best mIoU: 0.8253. Saved to /home/idavis3/surgical-video-segmentation-/experiments/set3ViTSolo/ViTSolo_256_abdominal_wallE80/best_QuadPath.ckpt
[epoch 39] train_loss=0.0331 val_loss=0.2252 mIoU=0.8187 mDice~=0.8920 MASD=4.5055 NSD=0.7608
[epoch 40] train_loss=0.0333 val_loss=0.2347 mIoU=0.8048 mDice~=0.8813 MASD=5.2869 NSD=0.7507
[epoch 41] train_loss=0.0313 val_loss=0.2297 mIoU=0.8116 mDice~=0.8869 MASD=4.7634 NSD=0.7554
[epoch 42] train_loss=0.0351 val_loss=0.2204 mIoU=0.8115 mDice~=0.8868 MASD=4.7872 NSD=0.7487
[epoch 43] train_loss=0.0312 val_loss=0.2194 mIoU=0.8167 mDice~=0.8905 MASD=4.7993 NSD=0.7626
[epoch 44] train_loss=0.0293 val_loss=0.2157 mIoU=0.8211 mDice~=0.8931 MASD=4.6202 NSD=0.7630
[epoch 45] train_loss=0.0289 val_loss=0.2303 mIoU=0.8151 mDice~=0.8887 MASD=4.6768 NSD=0.7604
[epoch 46] train_loss=0.0291 val_loss=0.2277 mIoU=0.8162 mDice~=0.8899 MASD=4.7091 NSD=0.7585
[epoch 47] train_loss=0.0272 val_loss=0.2279 mIoU=0.8237 mDice~=0.8948 MASD=4.4762 NSD=0.7677
[epoch 48] train_loss=0.0267 val_loss=0.2268 mIoU=0.8172 mDice~=0.8904 MASD=4.6344 NSD=0.7613
[epoch 49] train_loss=0.0270 val_loss=0.2243 mIoU=0.8202 mDice~=0.8924 MASD=4.5549 NSD=0.7617
[epoch 50] train_loss=0.0274 val_loss=0.2339 mIoU=0.8178 mDice~=0.8902 MASD=4.5774 NSD=0.7629
[epoch 51] train_loss=0.0257 val_loss=0.2231 mIoU=0.8214 mDice~=0.8936 MASD=4.6390 NSD=0.7595
[epoch 52] train_loss=0.0259 val_loss=0.2271 mIoU=0.8174 mDice~=0.8910 MASD=4.6197 NSD=0.7575
[epoch 53] train_loss=0.0253 val_loss=0.2337 mIoU=0.8187 mDice~=0.8915 MASD=4.6011 NSD=0.7641
[epoch 54] train_loss=0.0250 val_loss=0.2375 mIoU=0.8146 mDice~=0.8881 MASD=4.6734 NSD=0.7595
[epoch 55] train_loss=0.0246 val_loss=0.2326 mIoU=0.8153 mDice~=0.8893 MASD=4.7348 NSD=0.7570
[epoch 56] train_loss=0.0242 val_loss=0.2266 mIoU=0.8170 mDice~=0.8904 MASD=4.5928 NSD=0.7572
[epoch 57] train_loss=0.0233 val_loss=0.2290 mIoU=0.8196 mDice~=0.8922 MASD=4.5487 NSD=0.7616
[epoch 58] train_loss=0.0237 val_loss=0.2301 mIoU=0.8176 mDice~=0.8907 MASD=4.6199 NSD=0.7581
[epoch 59] train_loss=0.0235 val_loss=0.2348 mIoU=0.8159 mDice~=0.8899 MASD=4.5445 NSD=0.7544
[epoch 60] train_loss=0.0233 val_loss=0.2390 mIoU=0.8169 mDice~=0.8904 MASD=4.6083 NSD=0.7562
[epoch 61] train_loss=0.0236 val_loss=0.2401 mIoU=0.8189 mDice~=0.8919 MASD=4.5692 NSD=0.7621
[epoch 62] train_loss=0.0224 val_loss=0.2386 mIoU=0.8195 mDice~=0.8921 MASD=4.4900 NSD=0.7629
[epoch 63] train_loss=0.0221 val_loss=0.2414 mIoU=0.8190 mDice~=0.8918 MASD=4.6381 NSD=0.7590
[epoch 64] train_loss=0.0229 val_loss=0.2403 mIoU=0.8191 mDice~=0.8920 MASD=4.5588 NSD=0.7606
[epoch 65] train_loss=0.0221 val_loss=0.2400 mIoU=0.8210 mDice~=0.8931 MASD=4.5385 NSD=0.7629
[epoch 66] train_loss=0.0217 val_loss=0.2384 mIoU=0.8203 mDice~=0.8929 MASD=4.5555 NSD=0.7618
[epoch 67] train_loss=0.0212 val_loss=0.2407 mIoU=0.8205 mDice~=0.8930 MASD=4.5621 NSD=0.7613
[epoch 68] train_loss=0.0217 val_loss=0.2423 mIoU=0.8196 mDice~=0.8923 MASD=4.5851 NSD=0.7604
[epoch 69] train_loss=0.0214 val_loss=0.2414 mIoU=0.8212 mDice~=0.8933 MASD=4.5122 NSD=0.7621
[epoch 70] train_loss=0.0212 val_loss=0.2402 mIoU=0.8206 mDice~=0.8930 MASD=4.4804 NSD=0.7605
[epoch 71] train_loss=0.0216 val_loss=0.2390 mIoU=0.8201 mDice~=0.8926 MASD=4.5827 NSD=0.7597
[epoch 72] train_loss=0.0207 val_loss=0.2433 mIoU=0.8213 mDice~=0.8934 MASD=4.5529 NSD=0.7602
[epoch 73] train_loss=0.0208 val_loss=0.2422 mIoU=0.8213 mDice~=0.8934 MASD=4.5591 NSD=0.7615
[epoch 74] train_loss=0.0211 val_loss=0.2429 mIoU=0.8206 mDice~=0.8929 MASD=4.5699 NSD=0.7603
[epoch 75] train_loss=0.0207 val_loss=0.2423 mIoU=0.8200 mDice~=0.8925 MASD=4.5841 NSD=0.7605
[epoch 76] train_loss=0.0208 val_loss=0.2393 mIoU=0.8203 mDice~=0.8927 MASD=4.5601 NSD=0.7601
[epoch 77] train_loss=0.0210 val_loss=0.2407 mIoU=0.8202 mDice~=0.8927 MASD=4.5473 NSD=0.7598
[epoch 78] train_loss=0.0211 val_loss=0.2409 mIoU=0.8203 mDice~=0.8928 MASD=4.5539 NSD=0.7595
[epoch 79] train_loss=0.0207 val_loss=0.2410 mIoU=0.8212 mDice~=0.8934 MASD=4.5500 NSD=0.7610
[epoch 80] train_loss=0.0212 val_loss=0.2394 mIoU=0.8204 mDice~=0.8929 MASD=4.5442 NSD=0.7600
Training done. Best mIoU=0.8253. Best ckpt: /home/idavis3/surgical-video-segmentation-/experiments/set3ViTSolo/ViTSolo_256_abdominal_wallE80/best_QuadPath.ckpt
Logs saved to /home/idavis3/surgical-video-segmentation-/experiments/set3ViTSolo/ViTSolo_256_abdominal_wallE80/20260427-015503
