Organ: spleen
Host: gpu01
Python: /home/rmosad/.conda/envs/svs2/bin/python
GPU:
Thu Apr  9 18:02:47 2026       
+-----------------------------------------------------------------------------------------+
| NVIDIA-SMI 580.82.07              Driver Version: 580.82.07      CUDA Version: 13.0     |
+-----------------------------------------+------------------------+----------------------+
| GPU  Name                 Persistence-M | Bus-Id          Disp.A | Volatile Uncorr. ECC |
| Fan  Temp   Perf          Pwr:Usage/Cap |           Memory-Usage | GPU-Util  Compute M. |
|                                         |                        |               MIG M. |
|=========================================+========================+======================|
|   0  NVIDIA L40S                    On  |   00000000:61:00.0 Off |                    0 |
| N/A   32C    P8             33W /  350W |       0MiB /  46068MiB |      0%      Default |
|                                         |                        |                  N/A |
+-----------------------------------------+------------------------+----------------------+

+-----------------------------------------------------------------------------------------+
| Processes:                                                                              |
|  GPU   GI   CI              PID   Type   Process name                        GPU Memory |
|        ID   ID                                                               Usage      |
|=========================================================================================|
|  No running processes found                                                             |
+-----------------------------------------------------------------------------------------+
mmcv + MiTB0Encoder + QuadPathUNetStacked import OK
Model params: 33.82M
[epoch 1] train_loss=0.9061 val_loss=0.7802 mIoU=0.4251 mDice~=0.5347 MASD=27.5586 NSD=0.3106
** New best mIoU: 0.4251. Saved to /home/rmosad/surgical-video-segmentation-/experiments/set3QuadPathStacked/QuadPathStacked_256_spleenE80/best_QuadPath.ckpt
[epoch 2] train_loss=0.6839 val_loss=0.6652 mIoU=0.5306 mDice~=0.6455 MASD=16.6137 NSD=0.4452
** New best mIoU: 0.5306. Saved to /home/rmosad/surgical-video-segmentation-/experiments/set3QuadPathStacked/QuadPathStacked_256_spleenE80/best_QuadPath.ckpt
[epoch 3] train_loss=0.5714 val_loss=0.5816 mIoU=0.5329 mDice~=0.6344 MASD=16.4627 NSD=0.5101
** New best mIoU: 0.5329. Saved to /home/rmosad/surgical-video-segmentation-/experiments/set3QuadPathStacked/QuadPathStacked_256_spleenE80/best_QuadPath.ckpt
[epoch 4] train_loss=0.4862 val_loss=0.5065 mIoU=0.6254 mDice~=0.7176 MASD=9.9828 NSD=0.6178
** New best mIoU: 0.6254. Saved to /home/rmosad/surgical-video-segmentation-/experiments/set3QuadPathStacked/QuadPathStacked_256_spleenE80/best_QuadPath.ckpt
[epoch 5] train_loss=0.4041 val_loss=0.4336 mIoU=0.6401 mDice~=0.7257 MASD=8.4223 NSD=0.6261
** New best mIoU: 0.6401. Saved to /home/rmosad/surgical-video-segmentation-/experiments/set3QuadPathStacked/QuadPathStacked_256_spleenE80/best_QuadPath.ckpt
[epoch 6] train_loss=0.3320 val_loss=0.3994 mIoU=0.6053 mDice~=0.6962 MASD=15.6551 NSD=0.6141
[epoch 7] train_loss=0.2754 val_loss=0.3762 mIoU=0.6032 mDice~=0.7016 MASD=14.4527 NSD=0.5880
[epoch 8] train_loss=0.2259 val_loss=0.2989 mIoU=0.6361 mDice~=0.7248 MASD=12.2678 NSD=0.6310
[epoch 9] train_loss=0.1873 val_loss=0.2762 mIoU=0.6722 mDice~=0.7529 MASD=8.9040 NSD=0.6968
** New best mIoU: 0.6722. Saved to /home/rmosad/surgical-video-segmentation-/experiments/set3QuadPathStacked/QuadPathStacked_256_spleenE80/best_QuadPath.ckpt
[epoch 10] train_loss=0.1678 val_loss=0.2971 mIoU=0.5939 mDice~=0.6709 MASD=14.6077 NSD=0.6246
[epoch 11] train_loss=0.1347 val_loss=0.2861 mIoU=0.6002 mDice~=0.6738 MASD=11.5599 NSD=0.6188
[epoch 12] train_loss=0.1152 val_loss=0.2265 mIoU=0.6590 mDice~=0.7305 MASD=8.3319 NSD=0.6980
[epoch 13] train_loss=0.1041 val_loss=0.2285 mIoU=0.6492 mDice~=0.7216 MASD=12.6627 NSD=0.6889
[epoch 14] train_loss=0.0899 val_loss=0.2168 mIoU=0.6557 mDice~=0.7290 MASD=13.0777 NSD=0.6847
[epoch 15] train_loss=0.0789 val_loss=0.2086 mIoU=0.6622 mDice~=0.7354 MASD=11.0336 NSD=0.6901
[epoch 16] train_loss=0.0715 val_loss=0.1893 mIoU=0.6572 mDice~=0.7284 MASD=7.2102 NSD=0.6911
[epoch 17] train_loss=0.0683 val_loss=0.1996 mIoU=0.6562 mDice~=0.7279 MASD=8.2178 NSD=0.6950
[epoch 18] train_loss=0.0670 val_loss=0.1536 mIoU=0.7010 mDice~=0.7699 MASD=4.6681 NSD=0.7304
** New best mIoU: 0.7010. Saved to /home/rmosad/surgical-video-segmentation-/experiments/set3QuadPathStacked/QuadPathStacked_256_spleenE80/best_QuadPath.ckpt
[epoch 19] train_loss=0.0587 val_loss=0.1495 mIoU=0.7075 mDice~=0.7794 MASD=6.5822 NSD=0.7412
** New best mIoU: 0.7075. Saved to /home/rmosad/surgical-video-segmentation-/experiments/set3QuadPathStacked/QuadPathStacked_256_spleenE80/best_QuadPath.ckpt
[epoch 20] train_loss=0.0519 val_loss=0.1511 mIoU=0.7005 mDice~=0.7813 MASD=6.9716 NSD=0.7382
[epoch 21] train_loss=0.0536 val_loss=0.1451 mIoU=0.7171 mDice~=0.7864 MASD=6.3337 NSD=0.7617
** New best mIoU: 0.7171. Saved to /home/rmosad/surgical-video-segmentation-/experiments/set3QuadPathStacked/QuadPathStacked_256_spleenE80/best_QuadPath.ckpt
[epoch 22] train_loss=0.0488 val_loss=0.1337 mIoU=0.7215 mDice~=0.7985 MASD=5.9840 NSD=0.7444
** New best mIoU: 0.7215. Saved to /home/rmosad/surgical-video-segmentation-/experiments/set3QuadPathStacked/QuadPathStacked_256_spleenE80/best_QuadPath.ckpt
[epoch 23] train_loss=0.0520 val_loss=0.1364 mIoU=0.7252 mDice~=0.7974 MASD=7.9206 NSD=0.7550
** New best mIoU: 0.7252. Saved to /home/rmosad/surgical-video-segmentation-/experiments/set3QuadPathStacked/QuadPathStacked_256_spleenE80/best_QuadPath.ckpt
[epoch 24] train_loss=0.0424 val_loss=0.1388 mIoU=0.7062 mDice~=0.7772 MASD=6.2452 NSD=0.7395
[epoch 25] train_loss=0.0420 val_loss=0.1609 mIoU=0.6769 mDice~=0.7501 MASD=6.0561 NSD=0.7057
[epoch 26] train_loss=0.0409 val_loss=0.1391 mIoU=0.7158 mDice~=0.7854 MASD=9.9831 NSD=0.7509
[epoch 27] train_loss=0.0406 val_loss=0.1476 mIoU=0.6923 mDice~=0.7589 MASD=5.3676 NSD=0.7275
[epoch 28] train_loss=0.0359 val_loss=0.1213 mIoU=0.7327 mDice~=0.8040 MASD=5.0929 NSD=0.7679
** New best mIoU: 0.7327. Saved to /home/rmosad/surgical-video-segmentation-/experiments/set3QuadPathStacked/QuadPathStacked_256_spleenE80/best_QuadPath.ckpt
[epoch 29] train_loss=0.0349 val_loss=0.1247 mIoU=0.7240 mDice~=0.7982 MASD=5.3248 NSD=0.7545
[epoch 30] train_loss=0.0329 val_loss=0.1276 mIoU=0.7164 mDice~=0.7852 MASD=4.6615 NSD=0.7508
[epoch 31] train_loss=0.0346 val_loss=0.1519 mIoU=0.6938 mDice~=0.7631 MASD=6.8578 NSD=0.7330
[epoch 32] train_loss=0.0319 val_loss=0.1630 mIoU=0.7008 mDice~=0.7693 MASD=7.1798 NSD=0.7394
[epoch 33] train_loss=0.0307 val_loss=0.1256 mIoU=0.7268 mDice~=0.7942 MASD=5.2072 NSD=0.7638
[epoch 34] train_loss=0.0324 val_loss=0.1391 mIoU=0.7089 mDice~=0.7816 MASD=6.0742 NSD=0.7415
[epoch 35] train_loss=0.0308 val_loss=0.1403 mIoU=0.7046 mDice~=0.7702 MASD=6.0752 NSD=0.7430
[epoch 36] train_loss=0.0297 val_loss=0.1555 mIoU=0.6900 mDice~=0.7578 MASD=7.0422 NSD=0.7276
[epoch 37] train_loss=0.0285 val_loss=0.1234 mIoU=0.7214 mDice~=0.7893 MASD=4.2195 NSD=0.7522
[epoch 38] train_loss=0.0305 val_loss=0.1445 mIoU=0.6992 mDice~=0.7761 MASD=5.6306 NSD=0.7383
[epoch 39] train_loss=0.0287 val_loss=0.1306 mIoU=0.7225 mDice~=0.7919 MASD=5.1217 NSD=0.7563
[epoch 40] train_loss=0.0260 val_loss=0.1565 mIoU=0.6797 mDice~=0.7472 MASD=7.6821 NSD=0.7138
[epoch 41] train_loss=0.0265 val_loss=0.1420 mIoU=0.7117 mDice~=0.7825 MASD=6.8345 NSD=0.7499
[epoch 42] train_loss=0.0245 val_loss=0.1303 mIoU=0.7241 mDice~=0.7929 MASD=6.3865 NSD=0.7624
[epoch 43] train_loss=0.0256 val_loss=0.1493 mIoU=0.7024 mDice~=0.7776 MASD=7.5219 NSD=0.7472
[epoch 44] train_loss=0.0238 val_loss=0.1218 mIoU=0.7318 mDice~=0.7998 MASD=6.3087 NSD=0.7732
[epoch 45] train_loss=0.0229 val_loss=0.1463 mIoU=0.7082 mDice~=0.7798 MASD=7.3663 NSD=0.7494
[epoch 46] train_loss=0.0229 val_loss=0.1184 mIoU=0.7271 mDice~=0.7942 MASD=5.5615 NSD=0.7642
[epoch 47] train_loss=0.0222 val_loss=0.1157 mIoU=0.7417 mDice~=0.8088 MASD=7.0815 NSD=0.7777
** New best mIoU: 0.7417. Saved to /home/rmosad/surgical-video-segmentation-/experiments/set3QuadPathStacked/QuadPathStacked_256_spleenE80/best_QuadPath.ckpt
[epoch 48] train_loss=0.0216 val_loss=0.1169 mIoU=0.7370 mDice~=0.8030 MASD=6.4100 NSD=0.7755
[epoch 49] train_loss=0.0220 val_loss=0.1149 mIoU=0.7443 mDice~=0.8121 MASD=5.3002 NSD=0.7803
** New best mIoU: 0.7443. Saved to /home/rmosad/surgical-video-segmentation-/experiments/set3QuadPathStacked/QuadPathStacked_256_spleenE80/best_QuadPath.ckpt
[epoch 50] train_loss=0.0200 val_loss=0.1174 mIoU=0.7356 mDice~=0.8029 MASD=3.9570 NSD=0.7762
[epoch 51] train_loss=0.0206 val_loss=0.1249 mIoU=0.7299 mDice~=0.7975 MASD=5.5244 NSD=0.7686
[epoch 52] train_loss=0.0200 val_loss=0.1236 mIoU=0.7286 mDice~=0.7922 MASD=4.0290 NSD=0.7683
[epoch 53] train_loss=0.0194 val_loss=0.1252 mIoU=0.7272 mDice~=0.7951 MASD=5.1255 NSD=0.7646
[epoch 54] train_loss=0.0188 val_loss=0.1374 mIoU=0.7157 mDice~=0.7848 MASD=8.4125 NSD=0.7537
[epoch 55] train_loss=0.0179 val_loss=0.1367 mIoU=0.7139 mDice~=0.7830 MASD=7.4671 NSD=0.7556
[epoch 56] train_loss=0.0186 val_loss=0.1351 mIoU=0.7131 mDice~=0.7824 MASD=6.0383 NSD=0.7534
[epoch 57] train_loss=0.0183 val_loss=0.1367 mIoU=0.7104 mDice~=0.7801 MASD=7.1629 NSD=0.7490
[epoch 58] train_loss=0.0178 val_loss=0.1354 mIoU=0.7111 mDice~=0.7809 MASD=5.5749 NSD=0.7530
[epoch 59] train_loss=0.0172 val_loss=0.1329 mIoU=0.7084 mDice~=0.7795 MASD=5.6030 NSD=0.7495
[epoch 60] train_loss=0.0170 val_loss=0.1384 mIoU=0.7045 mDice~=0.7751 MASD=6.2886 NSD=0.7461
[epoch 61] train_loss=0.0167 val_loss=0.1332 mIoU=0.7144 mDice~=0.7839 MASD=5.9335 NSD=0.7532
[epoch 62] train_loss=0.0170 val_loss=0.1223 mIoU=0.7224 mDice~=0.7891 MASD=4.4561 NSD=0.7620
[epoch 63] train_loss=0.0160 val_loss=0.1195 mIoU=0.7273 mDice~=0.7949 MASD=6.3756 NSD=0.7652
[epoch 64] train_loss=0.0155 val_loss=0.1247 mIoU=0.7233 mDice~=0.7918 MASD=4.1327 NSD=0.7632
[epoch 65] train_loss=0.0161 val_loss=0.1192 mIoU=0.7316 mDice~=0.8012 MASD=6.1280 NSD=0.7671
[epoch 66] train_loss=0.0157 val_loss=0.1255 mIoU=0.7209 mDice~=0.7895 MASD=4.2829 NSD=0.7604
[epoch 67] train_loss=0.0161 val_loss=0.1241 mIoU=0.7206 mDice~=0.7889 MASD=4.8811 NSD=0.7579
[epoch 68] train_loss=0.0154 val_loss=0.1221 mIoU=0.7232 mDice~=0.7911 MASD=4.4854 NSD=0.7602
[epoch 69] train_loss=0.0148 val_loss=0.1235 mIoU=0.7223 mDice~=0.7897 MASD=4.3669 NSD=0.7617
[epoch 70] train_loss=0.0149 val_loss=0.1236 mIoU=0.7257 mDice~=0.7945 MASD=5.1286 NSD=0.7633
[epoch 71] train_loss=0.0150 val_loss=0.1219 mIoU=0.7228 mDice~=0.7910 MASD=4.5323 NSD=0.7625
[epoch 72] train_loss=0.0149 val_loss=0.1227 mIoU=0.7236 mDice~=0.7920 MASD=4.8638 NSD=0.7609
[epoch 73] train_loss=0.0149 val_loss=0.1231 mIoU=0.7243 mDice~=0.7935 MASD=4.1031 NSD=0.7622
[epoch 74] train_loss=0.0148 val_loss=0.1269 mIoU=0.7208 mDice~=0.7904 MASD=5.2478 NSD=0.7584
[epoch 75] train_loss=0.0152 val_loss=0.1261 mIoU=0.7232 mDice~=0.7935 MASD=5.3493 NSD=0.7604
[epoch 76] train_loss=0.0148 val_loss=0.1262 mIoU=0.7210 mDice~=0.7907 MASD=5.1424 NSD=0.7596
[epoch 77] train_loss=0.0147 val_loss=0.1253 mIoU=0.7230 mDice~=0.7926 MASD=5.1651 NSD=0.7620
[epoch 78] train_loss=0.0148 val_loss=0.1256 mIoU=0.7240 mDice~=0.7942 MASD=5.1817 NSD=0.7617
[epoch 79] train_loss=0.0146 val_loss=0.1253 mIoU=0.7228 mDice~=0.7933 MASD=5.2501 NSD=0.7601
[epoch 80] train_loss=0.0143 val_loss=0.1250 mIoU=0.7223 mDice~=0.7917 MASD=5.1228 NSD=0.7597
Training done. Best mIoU=0.7443. Best ckpt: /home/rmosad/surgical-video-segmentation-/experiments/set3QuadPathStacked/QuadPathStacked_256_spleenE80/best_QuadPath.ckpt
Logs saved to /home/rmosad/surgical-video-segmentation-/experiments/set3QuadPathStacked/QuadPathStacked_256_spleenE80/20260409-180251
