Organ: ureter
Host: gpuhuang
Python: /home/rmosad/.conda/envs/svs2/bin/python
GPU:
Thu Apr  9 18:16:47 2026       
+-----------------------------------------------------------------------------------------+
| NVIDIA-SMI 580.82.07              Driver Version: 580.82.07      CUDA Version: 13.0     |
+-----------------------------------------+------------------------+----------------------+
| GPU  Name                 Persistence-M | Bus-Id          Disp.A | Volatile Uncorr. ECC |
| Fan  Temp   Perf          Pwr:Usage/Cap |           Memory-Usage | GPU-Util  Compute M. |
|                                         |                        |               MIG M. |
|=========================================+========================+======================|
|   0  NVIDIA L40S                    On  |   00000001:0B:00.0 Off |                    0 |
| N/A   32C    P8             33W /  350W |       0MiB /  46068MiB |      0%      Default |
|                                         |                        |                  N/A |
+-----------------------------------------+------------------------+----------------------+

+-----------------------------------------------------------------------------------------+
| Processes:                                                                              |
|  GPU   GI   CI              PID   Type   Process name                        GPU Memory |
|        ID   ID                                                               Usage      |
|=========================================================================================|
|  No running processes found                                                             |
+-----------------------------------------------------------------------------------------+
mmcv + MiTB0Encoder + QuadPathUNetStacked import OK
Model params: 33.82M
[epoch 1] train_loss=0.9343 val_loss=0.8177 mIoU=0.0000 mDice~=0.0000 MASD=121.8287 NSD=0.0000
** New best mIoU: 0.0000. Saved to /home/rmosad/surgical-video-segmentation-/experiments/set3QuadPathStacked/QuadPathStacked_256_ureterE80/best_QuadPath.ckpt
[epoch 2] train_loss=0.7633 val_loss=0.7367 mIoU=0.0469 mDice~=0.0787 MASD=64.7302 NSD=0.0596
** New best mIoU: 0.0469. Saved to /home/rmosad/surgical-video-segmentation-/experiments/set3QuadPathStacked/QuadPathStacked_256_ureterE80/best_QuadPath.ckpt
[epoch 3] train_loss=0.6878 val_loss=0.6738 mIoU=0.1128 mDice~=0.1775 MASD=54.6159 NSD=0.1504
** New best mIoU: 0.1128. Saved to /home/rmosad/surgical-video-segmentation-/experiments/set3QuadPathStacked/QuadPathStacked_256_ureterE80/best_QuadPath.ckpt
[epoch 4] train_loss=0.6111 val_loss=0.6176 mIoU=0.1696 mDice~=0.2629 MASD=45.3829 NSD=0.1689
** New best mIoU: 0.1696. Saved to /home/rmosad/surgical-video-segmentation-/experiments/set3QuadPathStacked/QuadPathStacked_256_ureterE80/best_QuadPath.ckpt
[epoch 5] train_loss=0.5460 val_loss=0.5570 mIoU=0.2083 mDice~=0.3063 MASD=34.4641 NSD=0.2255
** New best mIoU: 0.2083. Saved to /home/rmosad/surgical-video-segmentation-/experiments/set3QuadPathStacked/QuadPathStacked_256_ureterE80/best_QuadPath.ckpt
[epoch 6] train_loss=0.4859 val_loss=0.5171 mIoU=0.2519 mDice~=0.3471 MASD=25.6886 NSD=0.2880
** New best mIoU: 0.2519. Saved to /home/rmosad/surgical-video-segmentation-/experiments/set3QuadPathStacked/QuadPathStacked_256_ureterE80/best_QuadPath.ckpt
[epoch 7] train_loss=0.4254 val_loss=0.4831 mIoU=0.2604 mDice~=0.3582 MASD=26.0016 NSD=0.2781
** New best mIoU: 0.2604. Saved to /home/rmosad/surgical-video-segmentation-/experiments/set3QuadPathStacked/QuadPathStacked_256_ureterE80/best_QuadPath.ckpt
[epoch 8] train_loss=0.3737 val_loss=0.4332 mIoU=0.3293 mDice~=0.4420 MASD=22.0804 NSD=0.3654
** New best mIoU: 0.3293. Saved to /home/rmosad/surgical-video-segmentation-/experiments/set3QuadPathStacked/QuadPathStacked_256_ureterE80/best_QuadPath.ckpt
[epoch 9] train_loss=0.3145 val_loss=0.4023 mIoU=0.3397 mDice~=0.4542 MASD=19.9598 NSD=0.3781
** New best mIoU: 0.3397. Saved to /home/rmosad/surgical-video-segmentation-/experiments/set3QuadPathStacked/QuadPathStacked_256_ureterE80/best_QuadPath.ckpt
[epoch 10] train_loss=0.2712 val_loss=0.4144 mIoU=0.2497 mDice~=0.3369 MASD=22.9883 NSD=0.3102
[epoch 11] train_loss=0.2330 val_loss=0.3858 mIoU=0.2845 mDice~=0.3881 MASD=23.5128 NSD=0.3544
[epoch 12] train_loss=0.2099 val_loss=0.3595 mIoU=0.2972 mDice~=0.3973 MASD=18.6010 NSD=0.3596
[epoch 13] train_loss=0.1781 val_loss=0.3256 mIoU=0.3577 mDice~=0.4646 MASD=18.3103 NSD=0.4369
** New best mIoU: 0.3577. Saved to /home/rmosad/surgical-video-segmentation-/experiments/set3QuadPathStacked/QuadPathStacked_256_ureterE80/best_QuadPath.ckpt
[epoch 14] train_loss=0.1620 val_loss=0.3889 mIoU=0.2305 mDice~=0.3097 MASD=19.8339 NSD=0.2860
[epoch 15] train_loss=0.1540 val_loss=0.3673 mIoU=0.2600 mDice~=0.3463 MASD=20.7248 NSD=0.3168
[epoch 16] train_loss=0.1384 val_loss=0.3442 mIoU=0.2915 mDice~=0.3865 MASD=22.0006 NSD=0.3615
[epoch 17] train_loss=0.1283 val_loss=0.3246 mIoU=0.3186 mDice~=0.4160 MASD=15.6086 NSD=0.3884
[epoch 18] train_loss=0.1266 val_loss=0.3096 mIoU=0.3464 mDice~=0.4508 MASD=17.1928 NSD=0.4241
[epoch 19] train_loss=0.1165 val_loss=0.3753 mIoU=0.2422 mDice~=0.3112 MASD=18.6342 NSD=0.2877
[epoch 20] train_loss=0.1122 val_loss=0.3273 mIoU=0.3148 mDice~=0.4061 MASD=21.2581 NSD=0.3861
[epoch 21] train_loss=0.1056 val_loss=0.3300 mIoU=0.3008 mDice~=0.3895 MASD=17.5812 NSD=0.3737
[epoch 22] train_loss=0.1001 val_loss=0.3275 mIoU=0.3045 mDice~=0.3970 MASD=18.8627 NSD=0.3761
[epoch 23] train_loss=0.0988 val_loss=0.3275 mIoU=0.3105 mDice~=0.4002 MASD=18.5258 NSD=0.3850
[epoch 24] train_loss=0.0931 val_loss=0.2791 mIoU=0.3879 mDice~=0.4997 MASD=17.1503 NSD=0.4697
** New best mIoU: 0.3879. Saved to /home/rmosad/surgical-video-segmentation-/experiments/set3QuadPathStacked/QuadPathStacked_256_ureterE80/best_QuadPath.ckpt
[epoch 25] train_loss=0.0920 val_loss=0.2727 mIoU=0.3904 mDice~=0.5012 MASD=13.9365 NSD=0.4738
** New best mIoU: 0.3904. Saved to /home/rmosad/surgical-video-segmentation-/experiments/set3QuadPathStacked/QuadPathStacked_256_ureterE80/best_QuadPath.ckpt
[epoch 26] train_loss=0.0904 val_loss=0.3327 mIoU=0.3018 mDice~=0.3887 MASD=17.0075 NSD=0.3744
[epoch 27] train_loss=0.0880 val_loss=0.3557 mIoU=0.2671 mDice~=0.3477 MASD=19.6694 NSD=0.3357
[epoch 28] train_loss=0.0834 val_loss=0.3041 mIoU=0.3400 mDice~=0.4416 MASD=18.7456 NSD=0.4192
[epoch 29] train_loss=0.0789 val_loss=0.2755 mIoU=0.3926 mDice~=0.4978 MASD=16.0646 NSD=0.4880
** New best mIoU: 0.3926. Saved to /home/rmosad/surgical-video-segmentation-/experiments/set3QuadPathStacked/QuadPathStacked_256_ureterE80/best_QuadPath.ckpt
[epoch 30] train_loss=0.0806 val_loss=0.2972 mIoU=0.3556 mDice~=0.4539 MASD=16.9456 NSD=0.4352
[epoch 31] train_loss=0.0755 val_loss=0.3051 mIoU=0.3390 mDice~=0.4420 MASD=18.2506 NSD=0.4156
[epoch 32] train_loss=0.0752 val_loss=0.3065 mIoU=0.3372 mDice~=0.4296 MASD=18.2404 NSD=0.4186
[epoch 33] train_loss=0.0761 val_loss=0.2689 mIoU=0.3997 mDice~=0.5128 MASD=14.9958 NSD=0.4933
** New best mIoU: 0.3997. Saved to /home/rmosad/surgical-video-segmentation-/experiments/set3QuadPathStacked/QuadPathStacked_256_ureterE80/best_QuadPath.ckpt
[epoch 34] train_loss=0.0721 val_loss=0.3205 mIoU=0.3134 mDice~=0.4059 MASD=16.2410 NSD=0.3951
[epoch 35] train_loss=0.0729 val_loss=0.2914 mIoU=0.3588 mDice~=0.4647 MASD=14.8480 NSD=0.4465
[epoch 36] train_loss=0.0696 val_loss=0.2769 mIoU=0.3833 mDice~=0.4951 MASD=16.8296 NSD=0.4796
[epoch 37] train_loss=0.0653 val_loss=0.3025 mIoU=0.3391 mDice~=0.4415 MASD=16.1974 NSD=0.4300
[epoch 38] train_loss=0.0640 val_loss=0.3054 mIoU=0.3316 mDice~=0.4309 MASD=16.1158 NSD=0.4030
[epoch 39] train_loss=0.0620 val_loss=0.3028 mIoU=0.3364 mDice~=0.4409 MASD=17.4041 NSD=0.4224
[epoch 40] train_loss=0.0622 val_loss=0.3202 mIoU=0.3141 mDice~=0.4079 MASD=15.5927 NSD=0.3902
[epoch 41] train_loss=0.0580 val_loss=0.2979 mIoU=0.3493 mDice~=0.4530 MASD=15.5891 NSD=0.4351
[epoch 42] train_loss=0.0577 val_loss=0.3037 mIoU=0.3360 mDice~=0.4376 MASD=16.6165 NSD=0.4296
[epoch 43] train_loss=0.0570 val_loss=0.3135 mIoU=0.3210 mDice~=0.4205 MASD=15.4897 NSD=0.4034
[epoch 44] train_loss=0.0572 val_loss=0.2987 mIoU=0.3481 mDice~=0.4508 MASD=15.0658 NSD=0.4402
[epoch 45] train_loss=0.0534 val_loss=0.3140 mIoU=0.3218 mDice~=0.4221 MASD=15.5135 NSD=0.4118
[epoch 46] train_loss=0.0526 val_loss=0.3001 mIoU=0.3451 mDice~=0.4490 MASD=16.3738 NSD=0.4380
[epoch 47] train_loss=0.0503 val_loss=0.3197 mIoU=0.3152 mDice~=0.4139 MASD=18.9581 NSD=0.3969
[epoch 48] train_loss=0.0504 val_loss=0.3116 mIoU=0.3307 mDice~=0.4311 MASD=18.1009 NSD=0.4180
[epoch 49] train_loss=0.0486 val_loss=0.3092 mIoU=0.3333 mDice~=0.4330 MASD=16.7598 NSD=0.4160
[epoch 50] train_loss=0.0477 val_loss=0.2993 mIoU=0.3480 mDice~=0.4500 MASD=15.4965 NSD=0.4393
[epoch 51] train_loss=0.0463 val_loss=0.3132 mIoU=0.3263 mDice~=0.4251 MASD=17.3428 NSD=0.4114
[epoch 52] train_loss=0.0460 val_loss=0.3086 mIoU=0.3322 mDice~=0.4332 MASD=17.5630 NSD=0.4200
[epoch 53] train_loss=0.0444 val_loss=0.3138 mIoU=0.3252 mDice~=0.4221 MASD=17.1301 NSD=0.4107
[epoch 54] train_loss=0.0429 val_loss=0.3067 mIoU=0.3362 mDice~=0.4366 MASD=18.3520 NSD=0.4233
[epoch 55] train_loss=0.0419 val_loss=0.3239 mIoU=0.3103 mDice~=0.4055 MASD=17.1734 NSD=0.3937
[epoch 56] train_loss=0.0437 val_loss=0.3139 mIoU=0.3257 mDice~=0.4248 MASD=19.3853 NSD=0.4142
[epoch 57] train_loss=0.0408 val_loss=0.3137 mIoU=0.3277 mDice~=0.4249 MASD=16.9642 NSD=0.4132
[epoch 58] train_loss=0.0401 val_loss=0.3028 mIoU=0.3438 mDice~=0.4475 MASD=17.5202 NSD=0.4330
[epoch 59] train_loss=0.0403 val_loss=0.3137 mIoU=0.3260 mDice~=0.4231 MASD=18.8453 NSD=0.4094
[epoch 60] train_loss=0.0403 val_loss=0.3096 mIoU=0.3320 mDice~=0.4314 MASD=17.5982 NSD=0.4176
[epoch 61] train_loss=0.0390 val_loss=0.3103 mIoU=0.3329 mDice~=0.4327 MASD=17.3549 NSD=0.4229
[epoch 62] train_loss=0.0379 val_loss=0.3058 mIoU=0.3395 mDice~=0.4422 MASD=17.5692 NSD=0.4293
[epoch 63] train_loss=0.0370 val_loss=0.3132 mIoU=0.3278 mDice~=0.4277 MASD=17.3930 NSD=0.4154
[epoch 64] train_loss=0.0376 val_loss=0.3056 mIoU=0.3390 mDice~=0.4424 MASD=17.2310 NSD=0.4308
[epoch 65] train_loss=0.0359 val_loss=0.3166 mIoU=0.3239 mDice~=0.4221 MASD=17.8214 NSD=0.4122
[epoch 66] train_loss=0.0356 val_loss=0.3090 mIoU=0.3351 mDice~=0.4360 MASD=18.1753 NSD=0.4271
[epoch 67] train_loss=0.0357 val_loss=0.3034 mIoU=0.3451 mDice~=0.4477 MASD=17.6575 NSD=0.4370
[epoch 68] train_loss=0.0353 val_loss=0.3153 mIoU=0.3259 mDice~=0.4251 MASD=17.8596 NSD=0.4175
[epoch 69] train_loss=0.0354 val_loss=0.3100 mIoU=0.3347 mDice~=0.4367 MASD=18.0585 NSD=0.4263
[epoch 70] train_loss=0.0360 val_loss=0.3073 mIoU=0.3391 mDice~=0.4412 MASD=17.7922 NSD=0.4316
[epoch 71] train_loss=0.0347 val_loss=0.3104 mIoU=0.3349 mDice~=0.4358 MASD=18.0799 NSD=0.4261
[epoch 72] train_loss=0.0340 val_loss=0.3052 mIoU=0.3433 mDice~=0.4463 MASD=18.3235 NSD=0.4349
[epoch 73] train_loss=0.0351 val_loss=0.3089 mIoU=0.3367 mDice~=0.4382 MASD=18.5838 NSD=0.4293
[epoch 74] train_loss=0.0337 val_loss=0.3069 mIoU=0.3403 mDice~=0.4431 MASD=17.2886 NSD=0.4321
[epoch 75] train_loss=0.0339 val_loss=0.3070 mIoU=0.3399 mDice~=0.4424 MASD=17.6840 NSD=0.4310
[epoch 76] train_loss=0.0337 val_loss=0.3086 mIoU=0.3367 mDice~=0.4384 MASD=18.4234 NSD=0.4283
[epoch 77] train_loss=0.0333 val_loss=0.3091 mIoU=0.3365 mDice~=0.4384 MASD=17.0230 NSD=0.4284
[epoch 78] train_loss=0.0335 val_loss=0.3070 mIoU=0.3399 mDice~=0.4418 MASD=18.6345 NSD=0.4305
[epoch 79] train_loss=0.0333 val_loss=0.3108 mIoU=0.3342 mDice~=0.4354 MASD=18.0029 NSD=0.4250
[epoch 80] train_loss=0.0343 val_loss=0.3104 mIoU=0.3347 mDice~=0.4361 MASD=16.8047 NSD=0.4255
Training done. Best mIoU=0.3997. Best ckpt: /home/rmosad/surgical-video-segmentation-/experiments/set3QuadPathStacked/QuadPathStacked_256_ureterE80/best_QuadPath.ckpt
Logs saved to /home/rmosad/surgical-video-segmentation-/experiments/set3QuadPathStacked/QuadPathStacked_256_ureterE80/20260409-181651
