Organ: colon
Host: gpuhuang
Python: /home/rmosad/.conda/envs/svs2/bin/python
GPU:
Thu Apr  9 15:31:23 2026       
+-----------------------------------------------------------------------------------------+
| NVIDIA-SMI 580.82.07              Driver Version: 580.82.07      CUDA Version: 13.0     |
+-----------------------------------------+------------------------+----------------------+
| GPU  Name                 Persistence-M | Bus-Id          Disp.A | Volatile Uncorr. ECC |
| Fan  Temp   Perf          Pwr:Usage/Cap |           Memory-Usage | GPU-Util  Compute M. |
|                                         |                        |               MIG M. |
|=========================================+========================+======================|
|   0  NVIDIA L40S                    On  |   00000001:0B:00.0 Off |                    0 |
| N/A   36C    P8             34W /  350W |       0MiB /  46068MiB |      0%      Default |
|                                         |                        |                  N/A |
+-----------------------------------------+------------------------+----------------------+

+-----------------------------------------------------------------------------------------+
| Processes:                                                                              |
|  GPU   GI   CI              PID   Type   Process name                        GPU Memory |
|        ID   ID                                                               Usage      |
|=========================================================================================|
|  No running processes found                                                             |
+-----------------------------------------------------------------------------------------+
mmcv + MiTB0Encoder + QuadPathUNetStacked import OK
Model params: 33.82M
[epoch 1] train_loss=0.7981 val_loss=0.6673 mIoU=0.4867 mDice~=0.6035 MASD=21.2722 NSD=0.3416
** New best mIoU: 0.4867. Saved to /home/rmosad/surgical-video-segmentation-/experiments/set3QuadPathStacked/QuadPathStacked_256_colonE80/best_QuadPath.ckpt
[epoch 2] train_loss=0.5375 val_loss=0.5410 mIoU=0.5406 mDice~=0.6598 MASD=17.1383 NSD=0.3953
** New best mIoU: 0.5406. Saved to /home/rmosad/surgical-video-segmentation-/experiments/set3QuadPathStacked/QuadPathStacked_256_colonE80/best_QuadPath.ckpt
[epoch 3] train_loss=0.4041 val_loss=0.5019 mIoU=0.5123 mDice~=0.6259 MASD=19.2145 NSD=0.3975
[epoch 4] train_loss=0.3133 val_loss=0.3990 mIoU=0.6181 mDice~=0.7294 MASD=13.8323 NSD=0.4911
** New best mIoU: 0.6181. Saved to /home/rmosad/surgical-video-segmentation-/experiments/set3QuadPathStacked/QuadPathStacked_256_colonE80/best_QuadPath.ckpt
[epoch 5] train_loss=0.2478 val_loss=0.4333 mIoU=0.5544 mDice~=0.6607 MASD=18.4106 NSD=0.4686
[epoch 6] train_loss=0.2042 val_loss=0.3698 mIoU=0.6258 mDice~=0.7344 MASD=14.1746 NSD=0.5406
** New best mIoU: 0.6258. Saved to /home/rmosad/surgical-video-segmentation-/experiments/set3QuadPathStacked/QuadPathStacked_256_colonE80/best_QuadPath.ckpt
[epoch 7] train_loss=0.1800 val_loss=0.3195 mIoU=0.6423 mDice~=0.7450 MASD=11.3851 NSD=0.5575
** New best mIoU: 0.6423. Saved to /home/rmosad/surgical-video-segmentation-/experiments/set3QuadPathStacked/QuadPathStacked_256_colonE80/best_QuadPath.ckpt
[epoch 8] train_loss=0.1604 val_loss=0.3512 mIoU=0.6089 mDice~=0.7133 MASD=15.3857 NSD=0.5037
[epoch 9] train_loss=0.1414 val_loss=0.3137 mIoU=0.6426 mDice~=0.7460 MASD=14.2569 NSD=0.5614
** New best mIoU: 0.6426. Saved to /home/rmosad/surgical-video-segmentation-/experiments/set3QuadPathStacked/QuadPathStacked_256_colonE80/best_QuadPath.ckpt
[epoch 10] train_loss=0.1277 val_loss=0.3319 mIoU=0.6205 mDice~=0.7228 MASD=14.1486 NSD=0.5560
[epoch 11] train_loss=0.1143 val_loss=0.2915 mIoU=0.6687 mDice~=0.7673 MASD=12.4584 NSD=0.5828
** New best mIoU: 0.6687. Saved to /home/rmosad/surgical-video-segmentation-/experiments/set3QuadPathStacked/QuadPathStacked_256_colonE80/best_QuadPath.ckpt
[epoch 12] train_loss=0.1070 val_loss=0.3330 mIoU=0.6485 mDice~=0.7486 MASD=13.3438 NSD=0.5816
[epoch 13] train_loss=0.1043 val_loss=0.3310 mIoU=0.6569 mDice~=0.7536 MASD=12.8772 NSD=0.5862
[epoch 14] train_loss=0.0954 val_loss=0.3090 mIoU=0.6578 mDice~=0.7573 MASD=13.1478 NSD=0.5851
[epoch 15] train_loss=0.0877 val_loss=0.2736 mIoU=0.6883 mDice~=0.7836 MASD=10.8041 NSD=0.6129
** New best mIoU: 0.6883. Saved to /home/rmosad/surgical-video-segmentation-/experiments/set3QuadPathStacked/QuadPathStacked_256_colonE80/best_QuadPath.ckpt
[epoch 16] train_loss=0.0873 val_loss=0.3496 mIoU=0.6614 mDice~=0.7609 MASD=11.5891 NSD=0.5966
[epoch 17] train_loss=0.0849 val_loss=0.2982 mIoU=0.6696 mDice~=0.7668 MASD=10.8080 NSD=0.6019
[epoch 18] train_loss=0.0810 val_loss=0.2706 mIoU=0.6750 mDice~=0.7766 MASD=11.4723 NSD=0.6098
[epoch 19] train_loss=0.0778 val_loss=0.3018 mIoU=0.6872 mDice~=0.7843 MASD=11.0693 NSD=0.6219
[epoch 20] train_loss=0.0751 val_loss=0.3283 mIoU=0.6787 mDice~=0.7780 MASD=11.8654 NSD=0.6149
[epoch 21] train_loss=0.0706 val_loss=0.2975 mIoU=0.6824 mDice~=0.7776 MASD=11.4794 NSD=0.6143
[epoch 22] train_loss=0.0732 val_loss=0.2645 mIoU=0.7005 mDice~=0.7984 MASD=10.1271 NSD=0.6284
** New best mIoU: 0.7005. Saved to /home/rmosad/surgical-video-segmentation-/experiments/set3QuadPathStacked/QuadPathStacked_256_colonE80/best_QuadPath.ckpt
[epoch 23] train_loss=0.0649 val_loss=0.2713 mIoU=0.6948 mDice~=0.7902 MASD=10.4145 NSD=0.6248
[epoch 24] train_loss=0.0622 val_loss=0.2917 mIoU=0.7015 mDice~=0.7955 MASD=10.6219 NSD=0.6350
** New best mIoU: 0.7015. Saved to /home/rmosad/surgical-video-segmentation-/experiments/set3QuadPathStacked/QuadPathStacked_256_colonE80/best_QuadPath.ckpt
[epoch 25] train_loss=0.0629 val_loss=0.3557 mIoU=0.6651 mDice~=0.7645 MASD=12.0490 NSD=0.6086
[epoch 26] train_loss=0.0671 val_loss=0.2995 mIoU=0.6899 mDice~=0.7875 MASD=9.7860 NSD=0.6254
[epoch 27] train_loss=0.0641 val_loss=0.3109 mIoU=0.6895 mDice~=0.7849 MASD=10.5422 NSD=0.6212
[epoch 28] train_loss=0.0589 val_loss=0.3204 mIoU=0.6861 mDice~=0.7806 MASD=11.1612 NSD=0.6311
[epoch 29] train_loss=0.0614 val_loss=0.2947 mIoU=0.6912 mDice~=0.7886 MASD=10.1972 NSD=0.6271
[epoch 30] train_loss=0.0559 val_loss=0.3554 mIoU=0.6408 mDice~=0.7346 MASD=13.9638 NSD=0.5826
[epoch 31] train_loss=0.0568 val_loss=0.3151 mIoU=0.6986 mDice~=0.7932 MASD=10.0230 NSD=0.6349
[epoch 32] train_loss=0.0515 val_loss=0.2923 mIoU=0.6888 mDice~=0.7846 MASD=10.1309 NSD=0.6199
[epoch 33] train_loss=0.0500 val_loss=0.3302 mIoU=0.6639 mDice~=0.7607 MASD=12.3260 NSD=0.6009
[epoch 34] train_loss=0.0522 val_loss=0.3231 mIoU=0.6748 mDice~=0.7726 MASD=10.7924 NSD=0.6162
[epoch 35] train_loss=0.0491 val_loss=0.2877 mIoU=0.6989 mDice~=0.7960 MASD=9.3453 NSD=0.6413
[epoch 36] train_loss=0.0519 val_loss=0.3104 mIoU=0.6855 mDice~=0.7836 MASD=9.5937 NSD=0.6134
[epoch 37] train_loss=0.0475 val_loss=0.3310 mIoU=0.6807 mDice~=0.7769 MASD=9.9540 NSD=0.6148
[epoch 38] train_loss=0.0452 val_loss=0.3382 mIoU=0.6780 mDice~=0.7731 MASD=10.2085 NSD=0.6163
[epoch 39] train_loss=0.0440 val_loss=0.3239 mIoU=0.7003 mDice~=0.7940 MASD=9.6833 NSD=0.6385
[epoch 40] train_loss=0.0435 val_loss=0.3025 mIoU=0.7025 mDice~=0.7972 MASD=9.7208 NSD=0.6348
** New best mIoU: 0.7025. Saved to /home/rmosad/surgical-video-segmentation-/experiments/set3QuadPathStacked/QuadPathStacked_256_colonE80/best_QuadPath.ckpt
[epoch 41] train_loss=0.0431 val_loss=0.3349 mIoU=0.6887 mDice~=0.7838 MASD=9.9423 NSD=0.6261
[epoch 42] train_loss=0.0439 val_loss=0.3246 mIoU=0.6948 mDice~=0.7909 MASD=10.5125 NSD=0.6344
[epoch 43] train_loss=0.0428 val_loss=0.3206 mIoU=0.6981 mDice~=0.7933 MASD=10.5759 NSD=0.6351
[epoch 44] train_loss=0.0400 val_loss=0.3343 mIoU=0.7026 mDice~=0.7979 MASD=10.4963 NSD=0.6390
** New best mIoU: 0.7026. Saved to /home/rmosad/surgical-video-segmentation-/experiments/set3QuadPathStacked/QuadPathStacked_256_colonE80/best_QuadPath.ckpt
