Organ: liver
Host: gpu03
Python: /home/idavis3/miniconda3/envs/svs/bin/python
GPU:
Mon Mar 16 15:14:02 2026       
+-----------------------------------------------------------------------------------------+
| NVIDIA-SMI 580.82.07              Driver Version: 580.82.07      CUDA Version: 13.0     |
+-----------------------------------------+------------------------+----------------------+
| GPU  Name                 Persistence-M | Bus-Id          Disp.A | Volatile Uncorr. ECC |
| Fan  Temp   Perf          Pwr:Usage/Cap |           Memory-Usage | GPU-Util  Compute M. |
|                                         |                        |               MIG M. |
|=========================================+========================+======================|
|   0  NVIDIA L40S                    On  |   00000000:61:00.0 Off |                    0 |
| N/A   26C    P8             33W /  350W |       0MiB /  46068MiB |      0%      Default |
|                                         |                        |                  N/A |
+-----------------------------------------+------------------------+----------------------+

+-----------------------------------------------------------------------------------------+
| Processes:                                                                              |
|  GPU   GI   CI              PID   Type   Process name                        GPU Memory |
|        ID   ID                                                               Usage      |
|=========================================================================================|
|  No running processes found                                                             |
+-----------------------------------------------------------------------------------------+
mmcv + TriPathUNetStacked import OK
Model params: 24.99M
[epoch 1] train_loss=0.6698 val_loss=0.6235 mIoU=0.3372 mDice~=0.4376 MASD=48.4945 NSD=0.2524
** New best mIoU: 0.3372. Saved to /home/idavis3/surgical-video-segmentation-/experiments/set3TriPathStacked/TriPathStacked_256_liverE80/best_TriPath.ckpt
[epoch 2] train_loss=0.4477 val_loss=0.6103 mIoU=0.3242 mDice~=0.4215 MASD=54.5804 NSD=0.2552
[epoch 3] train_loss=0.3511 val_loss=0.5076 mIoU=0.4159 mDice~=0.5195 MASD=47.9252 NSD=0.3363
** New best mIoU: 0.4159. Saved to /home/idavis3/surgical-video-segmentation-/experiments/set3TriPathStacked/TriPathStacked_256_liverE80/best_TriPath.ckpt
[epoch 4] train_loss=0.2816 val_loss=0.5171 mIoU=0.3913 mDice~=0.5032 MASD=45.2130 NSD=0.3173
[epoch 5] train_loss=0.2476 val_loss=0.5011 mIoU=0.3242 mDice~=0.3875 MASD=40.4509 NSD=0.2518
[epoch 6] train_loss=0.2184 val_loss=0.4238 mIoU=0.4820 mDice~=0.5829 MASD=27.9200 NSD=0.4152
** New best mIoU: 0.4820. Saved to /home/idavis3/surgical-video-segmentation-/experiments/set3TriPathStacked/TriPathStacked_256_liverE80/best_TriPath.ckpt
[epoch 7] train_loss=0.1883 val_loss=0.4212 mIoU=0.4515 mDice~=0.5456 MASD=39.3295 NSD=0.3775
[epoch 8] train_loss=0.1656 val_loss=0.4158 mIoU=0.4091 mDice~=0.4860 MASD=35.7561 NSD=0.3461
[epoch 9] train_loss=0.1625 val_loss=0.4082 mIoU=0.4492 mDice~=0.5373 MASD=31.3554 NSD=0.3680
[epoch 10] train_loss=0.1355 val_loss=0.4243 mIoU=0.3803 mDice~=0.4500 MASD=43.1971 NSD=0.3170
[epoch 11] train_loss=0.1296 val_loss=0.3690 mIoU=0.4920 mDice~=0.5838 MASD=39.1206 NSD=0.4273
** New best mIoU: 0.4920. Saved to /home/idavis3/surgical-video-segmentation-/experiments/set3TriPathStacked/TriPathStacked_256_liverE80/best_TriPath.ckpt
[epoch 12] train_loss=0.1363 val_loss=0.3638 mIoU=0.4729 mDice~=0.5528 MASD=23.3957 NSD=0.4076
[epoch 13] train_loss=0.1136 val_loss=0.3769 mIoU=0.4903 mDice~=0.5982 MASD=37.8103 NSD=0.4286
[epoch 14] train_loss=0.1099 val_loss=0.3716 mIoU=0.4850 mDice~=0.5787 MASD=37.9038 NSD=0.4342
[epoch 15] train_loss=0.1067 val_loss=0.3653 mIoU=0.4564 mDice~=0.5401 MASD=24.4908 NSD=0.3815
[epoch 16] train_loss=0.1019 val_loss=0.3601 mIoU=0.4838 mDice~=0.5737 MASD=26.5421 NSD=0.4233
[epoch 17] train_loss=0.0900 val_loss=0.3579 mIoU=0.4632 mDice~=0.5455 MASD=24.7075 NSD=0.4174
[epoch 18] train_loss=0.0818 val_loss=0.4026 mIoU=0.4916 mDice~=0.5923 MASD=42.1971 NSD=0.4413
[epoch 19] train_loss=0.0778 val_loss=0.3570 mIoU=0.4824 mDice~=0.5630 MASD=28.2931 NSD=0.4248
[epoch 20] train_loss=0.0806 val_loss=0.3418 mIoU=0.5048 mDice~=0.5867 MASD=30.6459 NSD=0.4521
** New best mIoU: 0.5048. Saved to /home/idavis3/surgical-video-segmentation-/experiments/set3TriPathStacked/TriPathStacked_256_liverE80/best_TriPath.ckpt
[epoch 21] train_loss=0.0739 val_loss=0.3673 mIoU=0.4850 mDice~=0.5728 MASD=37.3555 NSD=0.4376
[epoch 22] train_loss=0.0764 val_loss=0.3624 mIoU=0.5042 mDice~=0.5983 MASD=30.9889 NSD=0.4497
[epoch 23] train_loss=0.0661 val_loss=0.3900 mIoU=0.5093 mDice~=0.6025 MASD=30.8971 NSD=0.4574
** New best mIoU: 0.5093. Saved to /home/idavis3/surgical-video-segmentation-/experiments/set3TriPathStacked/TriPathStacked_256_liverE80/best_TriPath.ckpt
[epoch 24] train_loss=0.0704 val_loss=0.3536 mIoU=0.5210 mDice~=0.6180 MASD=27.1673 NSD=0.4640
** New best mIoU: 0.5210. Saved to /home/idavis3/surgical-video-segmentation-/experiments/set3TriPathStacked/TriPathStacked_256_liverE80/best_TriPath.ckpt
[epoch 25] train_loss=0.0674 val_loss=0.2940 mIoU=0.5572 mDice~=0.6466 MASD=16.8334 NSD=0.5084
** New best mIoU: 0.5572. Saved to /home/idavis3/surgical-video-segmentation-/experiments/set3TriPathStacked/TriPathStacked_256_liverE80/best_TriPath.ckpt
[epoch 26] train_loss=0.0585 val_loss=0.3559 mIoU=0.5197 mDice~=0.6221 MASD=33.4613 NSD=0.4549
[epoch 27] train_loss=0.0632 val_loss=0.3480 mIoU=0.5251 mDice~=0.6189 MASD=27.9708 NSD=0.4772
[epoch 28] train_loss=0.0585 val_loss=0.3621 mIoU=0.4907 mDice~=0.5798 MASD=30.1283 NSD=0.4538
[epoch 29] train_loss=0.0586 val_loss=0.3455 mIoU=0.5041 mDice~=0.5904 MASD=23.4826 NSD=0.4649
[epoch 30] train_loss=0.0555 val_loss=0.3202 mIoU=0.5434 mDice~=0.6352 MASD=15.2241 NSD=0.4853
[epoch 31] train_loss=0.0525 val_loss=0.3090 mIoU=0.5432 mDice~=0.6254 MASD=21.5717 NSD=0.4917
[epoch 32] train_loss=0.0512 val_loss=0.3128 mIoU=0.5594 mDice~=0.6496 MASD=16.7152 NSD=0.5070
** New best mIoU: 0.5594. Saved to /home/idavis3/surgical-video-segmentation-/experiments/set3TriPathStacked/TriPathStacked_256_liverE80/best_TriPath.ckpt
[epoch 33] train_loss=0.0485 val_loss=0.3641 mIoU=0.4934 mDice~=0.5831 MASD=31.9937 NSD=0.4421
[epoch 34] train_loss=0.0493 val_loss=0.3277 mIoU=0.5353 mDice~=0.6184 MASD=30.9428 NSD=0.4837
[epoch 35] train_loss=0.0472 val_loss=0.3015 mIoU=0.5653 mDice~=0.6594 MASD=22.8337 NSD=0.5081
** New best mIoU: 0.5653. Saved to /home/idavis3/surgical-video-segmentation-/experiments/set3TriPathStacked/TriPathStacked_256_liverE80/best_TriPath.ckpt
[epoch 36] train_loss=0.0465 val_loss=0.3306 mIoU=0.5204 mDice~=0.6007 MASD=26.3691 NSD=0.4760
[epoch 37] train_loss=0.0500 val_loss=0.3334 mIoU=0.5116 mDice~=0.5925 MASD=36.0038 NSD=0.4637
[epoch 38] train_loss=0.0432 val_loss=0.3111 mIoU=0.5502 mDice~=0.6434 MASD=32.6044 NSD=0.4980
[epoch 39] train_loss=0.0418 val_loss=0.3024 mIoU=0.5565 mDice~=0.6390 MASD=20.8508 NSD=0.4994
[epoch 40] train_loss=0.0434 val_loss=0.3248 mIoU=0.5417 mDice~=0.6307 MASD=26.6031 NSD=0.4839
[epoch 41] train_loss=0.0397 val_loss=0.3209 mIoU=0.5502 mDice~=0.6345 MASD=20.1695 NSD=0.4910
[epoch 42] train_loss=0.0368 val_loss=0.2884 mIoU=0.5765 mDice~=0.6690 MASD=16.7844 NSD=0.5231
** New best mIoU: 0.5765. Saved to /home/idavis3/surgical-video-segmentation-/experiments/set3TriPathStacked/TriPathStacked_256_liverE80/best_TriPath.ckpt
[epoch 43] train_loss=0.0380 val_loss=0.3053 mIoU=0.5652 mDice~=0.6515 MASD=26.6936 NSD=0.5047
[epoch 44] train_loss=0.0366 val_loss=0.2932 mIoU=0.5748 mDice~=0.6619 MASD=18.5262 NSD=0.5155
[epoch 45] train_loss=0.0372 val_loss=0.3167 mIoU=0.5683 mDice~=0.6575 MASD=21.1011 NSD=0.5055
[epoch 46] train_loss=0.0353 val_loss=0.2914 mIoU=0.5754 mDice~=0.6621 MASD=20.9103 NSD=0.5149
[epoch 47] train_loss=0.0347 val_loss=0.3186 mIoU=0.5469 mDice~=0.6342 MASD=22.7615 NSD=0.4931
[epoch 48] train_loss=0.0356 val_loss=0.3315 mIoU=0.5344 mDice~=0.6249 MASD=25.1616 NSD=0.4828
[epoch 49] train_loss=0.0338 val_loss=0.3187 mIoU=0.5597 mDice~=0.6444 MASD=21.4897 NSD=0.5088
[epoch 50] train_loss=0.0317 val_loss=0.3424 mIoU=0.5447 mDice~=0.6343 MASD=27.6782 NSD=0.4855
[epoch 51] train_loss=0.0307 val_loss=0.3388 mIoU=0.5357 mDice~=0.6206 MASD=29.7111 NSD=0.4765
[epoch 52] train_loss=0.0315 val_loss=0.3154 mIoU=0.5570 mDice~=0.6469 MASD=28.0759 NSD=0.4945
[epoch 53] train_loss=0.0294 val_loss=0.3165 mIoU=0.5556 mDice~=0.6433 MASD=26.1586 NSD=0.4890
[epoch 54] train_loss=0.0296 val_loss=0.3087 mIoU=0.5700 mDice~=0.6566 MASD=25.0782 NSD=0.5102
[epoch 55] train_loss=0.0289 val_loss=0.3285 mIoU=0.5414 mDice~=0.6270 MASD=26.7306 NSD=0.4796
[epoch 56] train_loss=0.0294 val_loss=0.3043 mIoU=0.5693 mDice~=0.6540 MASD=20.0485 NSD=0.5018
[epoch 57] train_loss=0.0281 val_loss=0.3120 mIoU=0.5671 mDice~=0.6516 MASD=18.2508 NSD=0.5073
[epoch 58] train_loss=0.0283 val_loss=0.3144 mIoU=0.5587 mDice~=0.6422 MASD=21.8936 NSD=0.4975
[epoch 59] train_loss=0.0273 val_loss=0.3109 mIoU=0.5685 mDice~=0.6529 MASD=19.7098 NSD=0.5012
[epoch 60] train_loss=0.0267 val_loss=0.3196 mIoU=0.5598 mDice~=0.6433 MASD=18.1646 NSD=0.4973
[epoch 61] train_loss=0.0276 val_loss=0.3186 mIoU=0.5606 mDice~=0.6462 MASD=20.9804 NSD=0.5019
[epoch 62] train_loss=0.0264 val_loss=0.3398 mIoU=0.5469 mDice~=0.6287 MASD=25.9464 NSD=0.4837
[epoch 63] train_loss=0.0255 val_loss=0.3211 mIoU=0.5622 mDice~=0.6470 MASD=22.9021 NSD=0.4972
[epoch 64] train_loss=0.0255 val_loss=0.3281 mIoU=0.5564 mDice~=0.6422 MASD=24.8805 NSD=0.4976
[epoch 65] train_loss=0.0250 val_loss=0.3223 mIoU=0.5606 mDice~=0.6471 MASD=20.3093 NSD=0.4992
[epoch 66] train_loss=0.0254 val_loss=0.3297 mIoU=0.5588 mDice~=0.6447 MASD=21.8718 NSD=0.4974
[epoch 67] train_loss=0.0249 val_loss=0.3226 mIoU=0.5630 mDice~=0.6492 MASD=20.5397 NSD=0.5019
[epoch 68] train_loss=0.0243 val_loss=0.3290 mIoU=0.5599 mDice~=0.6460 MASD=22.2233 NSD=0.4988
[epoch 69] train_loss=0.0243 val_loss=0.3230 mIoU=0.5695 mDice~=0.6562 MASD=22.0132 NSD=0.5034
[epoch 70] train_loss=0.0242 val_loss=0.3256 mIoU=0.5650 mDice~=0.6518 MASD=21.8503 NSD=0.5009
[epoch 71] train_loss=0.0242 val_loss=0.3232 mIoU=0.5630 mDice~=0.6494 MASD=21.3885 NSD=0.4994
[epoch 72] train_loss=0.0245 val_loss=0.3253 mIoU=0.5594 mDice~=0.6459 MASD=21.5138 NSD=0.4967
[epoch 73] train_loss=0.0233 val_loss=0.3220 mIoU=0.5717 mDice~=0.6582 MASD=20.7754 NSD=0.5090
[epoch 74] train_loss=0.0233 val_loss=0.3326 mIoU=0.5572 mDice~=0.6423 MASD=22.9248 NSD=0.4965
[epoch 75] train_loss=0.0235 val_loss=0.3278 mIoU=0.5639 mDice~=0.6511 MASD=20.9703 NSD=0.5020
[epoch 76] train_loss=0.0235 val_loss=0.3273 mIoU=0.5620 mDice~=0.6479 MASD=21.4950 NSD=0.4999
[epoch 77] train_loss=0.0229 val_loss=0.3282 mIoU=0.5643 mDice~=0.6508 MASD=21.3162 NSD=0.5023
[epoch 78] train_loss=0.0235 val_loss=0.3292 mIoU=0.5622 mDice~=0.6477 MASD=22.7109 NSD=0.5002
[epoch 79] train_loss=0.0232 val_loss=0.3244 mIoU=0.5681 mDice~=0.6544 MASD=21.6335 NSD=0.5047
[epoch 80] train_loss=0.0234 val_loss=0.3340 mIoU=0.5644 mDice~=0.6528 MASD=22.9967 NSD=0.5045
Training done. Best mIoU=0.5765. Best ckpt: /home/idavis3/surgical-video-segmentation-/experiments/set3TriPathStacked/TriPathStacked_256_liverE80/best_TriPath.ckpt
Logs saved to /home/idavis3/surgical-video-segmentation-/experiments/set3TriPathStacked/TriPathStacked_256_liverE80/20260316-151407
