Organ: small_intestine
Host: gpuhuang
Python: /home/rmosad/.conda/envs/svs2/bin/python
GPU:
Mon Mar  2 15:40:10 2026       
+-----------------------------------------------------------------------------------------+
| NVIDIA-SMI 575.51.03              Driver Version: 575.51.03      CUDA Version: 12.9     |
|-----------------------------------------+------------------------+----------------------+
| GPU  Name                 Persistence-M | Bus-Id          Disp.A | Volatile Uncorr. ECC |
| Fan  Temp   Perf          Pwr:Usage/Cap |           Memory-Usage | GPU-Util  Compute M. |
|                                         |                        |               MIG M. |
|=========================================+========================+======================|
|   0  NVIDIA L40S                    Off |   00000000:0B:00.0 Off |                    0 |
| N/A   31C    P8             34W /  350W |       0MiB /  46068MiB |      0%      Default |
|                                         |                        |                  N/A |
+-----------------------------------------+------------------------+----------------------+
                                                                                         
+-----------------------------------------------------------------------------------------+
| Processes:                                                                              |
|  GPU   GI   CI              PID   Type   Process name                        GPU Memory |
|        ID   ID                                                               Usage      |
|=========================================================================================|
|  No running processes found                                                             |
+-----------------------------------------------------------------------------------------+
mmcv + TriPathUNetStacked import OK
Model params: 24.99M
[epoch 1] train_loss=0.5765 val_loss=0.5010 mIoU=0.5947 mDice~=0.7151 MASD=16.5359 NSD=0.4660
** New best mIoU: 0.5947. Saved to /home/rmosad/surgical-video-segmentation-/experiments/set3TriPathStacked/TriPathStacked_256_small_intestineE80/best_TriPath.ckpt
[epoch 2] train_loss=0.3879 val_loss=0.4742 mIoU=0.5822 mDice~=0.7057 MASD=18.6575 NSD=0.4659
[epoch 3] train_loss=0.3303 val_loss=0.4136 mIoU=0.6168 mDice~=0.7271 MASD=17.0888 NSD=0.5192
** New best mIoU: 0.6168. Saved to /home/rmosad/surgical-video-segmentation-/experiments/set3TriPathStacked/TriPathStacked_256_small_intestineE80/best_TriPath.ckpt
[epoch 4] train_loss=0.2712 val_loss=0.3642 mIoU=0.6391 mDice~=0.7542 MASD=15.5726 NSD=0.5523
** New best mIoU: 0.6391. Saved to /home/rmosad/surgical-video-segmentation-/experiments/set3TriPathStacked/TriPathStacked_256_small_intestineE80/best_TriPath.ckpt
[epoch 5] train_loss=0.2376 val_loss=0.3883 mIoU=0.6199 mDice~=0.7351 MASD=18.4307 NSD=0.5265
[epoch 6] train_loss=0.2162 val_loss=0.3176 mIoU=0.6782 mDice~=0.7824 MASD=11.7958 NSD=0.5998
** New best mIoU: 0.6782. Saved to /home/rmosad/surgical-video-segmentation-/experiments/set3TriPathStacked/TriPathStacked_256_small_intestineE80/best_TriPath.ckpt
[epoch 7] train_loss=0.2064 val_loss=0.3333 mIoU=0.6508 mDice~=0.7600 MASD=15.3533 NSD=0.5881
[epoch 8] train_loss=0.1797 val_loss=0.3100 mIoU=0.6719 mDice~=0.7650 MASD=12.2385 NSD=0.6194
[epoch 9] train_loss=0.1636 val_loss=0.3273 mIoU=0.6514 mDice~=0.7455 MASD=12.7954 NSD=0.6102
[epoch 10] train_loss=0.1516 val_loss=0.2665 mIoU=0.7130 mDice~=0.8089 MASD=11.1542 NSD=0.6518
** New best mIoU: 0.7130. Saved to /home/rmosad/surgical-video-segmentation-/experiments/set3TriPathStacked/TriPathStacked_256_small_intestineE80/best_TriPath.ckpt
[epoch 11] train_loss=0.1475 val_loss=0.2587 mIoU=0.7172 mDice~=0.8129 MASD=10.0254 NSD=0.6561
** New best mIoU: 0.7172. Saved to /home/rmosad/surgical-video-segmentation-/experiments/set3TriPathStacked/TriPathStacked_256_small_intestineE80/best_TriPath.ckpt
[epoch 12] train_loss=0.1352 val_loss=0.2745 mIoU=0.7164 mDice~=0.8033 MASD=10.3180 NSD=0.6709
[epoch 13] train_loss=0.1282 val_loss=0.3460 mIoU=0.6479 mDice~=0.7510 MASD=12.6665 NSD=0.6058
[epoch 14] train_loss=0.1304 val_loss=0.2673 mIoU=0.7110 mDice~=0.8046 MASD=10.4702 NSD=0.6637
[epoch 15] train_loss=0.1249 val_loss=0.3053 mIoU=0.6938 mDice~=0.7840 MASD=11.9271 NSD=0.6528
[epoch 16] train_loss=0.1085 val_loss=0.3079 mIoU=0.6921 mDice~=0.7821 MASD=12.1394 NSD=0.6582
[epoch 17] train_loss=0.1052 val_loss=0.2555 mIoU=0.7175 mDice~=0.8077 MASD=9.4062 NSD=0.6845
** New best mIoU: 0.7175. Saved to /home/rmosad/surgical-video-segmentation-/experiments/set3TriPathStacked/TriPathStacked_256_small_intestineE80/best_TriPath.ckpt
[epoch 18] train_loss=0.1071 val_loss=0.3471 mIoU=0.6401 mDice~=0.7306 MASD=14.2665 NSD=0.6165
[epoch 19] train_loss=0.0978 val_loss=0.3284 mIoU=0.6897 mDice~=0.7870 MASD=12.6158 NSD=0.6485
[epoch 20] train_loss=0.0967 val_loss=0.2580 mIoU=0.7331 mDice~=0.8228 MASD=9.3009 NSD=0.6860
** New best mIoU: 0.7331. Saved to /home/rmosad/surgical-video-segmentation-/experiments/set3TriPathStacked/TriPathStacked_256_small_intestineE80/best_TriPath.ckpt
[epoch 21] train_loss=0.0911 val_loss=0.2840 mIoU=0.6979 mDice~=0.7882 MASD=10.3577 NSD=0.6694
[epoch 22] train_loss=0.0868 val_loss=0.2765 mIoU=0.7111 mDice~=0.8010 MASD=10.6916 NSD=0.6782
[epoch 23] train_loss=0.0870 val_loss=0.2641 mIoU=0.7199 mDice~=0.8080 MASD=9.2604 NSD=0.6870
[epoch 24] train_loss=0.0823 val_loss=0.2669 mIoU=0.7382 mDice~=0.8234 MASD=8.2119 NSD=0.7114
** New best mIoU: 0.7382. Saved to /home/rmosad/surgical-video-segmentation-/experiments/set3TriPathStacked/TriPathStacked_256_small_intestineE80/best_TriPath.ckpt
[epoch 25] train_loss=0.0799 val_loss=0.2888 mIoU=0.7222 mDice~=0.8107 MASD=10.2334 NSD=0.6953
[epoch 26] train_loss=0.0807 val_loss=0.3073 mIoU=0.7008 mDice~=0.7945 MASD=11.2818 NSD=0.6672
[epoch 27] train_loss=0.0749 val_loss=0.2573 mIoU=0.7331 mDice~=0.8196 MASD=9.0016 NSD=0.7083
[epoch 28] train_loss=0.0697 val_loss=0.2860 mIoU=0.7198 mDice~=0.8055 MASD=10.0133 NSD=0.6894
[epoch 29] train_loss=0.0709 val_loss=0.2704 mIoU=0.7193 mDice~=0.8068 MASD=9.0823 NSD=0.6926
[epoch 30] train_loss=0.0649 val_loss=0.3158 mIoU=0.7131 mDice~=0.7970 MASD=11.8951 NSD=0.6889
[epoch 31] train_loss=0.0631 val_loss=0.2591 mIoU=0.7404 mDice~=0.8294 MASD=9.5803 NSD=0.7030
** New best mIoU: 0.7404. Saved to /home/rmosad/surgical-video-segmentation-/experiments/set3TriPathStacked/TriPathStacked_256_small_intestineE80/best_TriPath.ckpt
[epoch 32] train_loss=0.0620 val_loss=0.2287 mIoU=0.7680 mDice~=0.8510 MASD=8.1278 NSD=0.7343
** New best mIoU: 0.7680. Saved to /home/rmosad/surgical-video-segmentation-/experiments/set3TriPathStacked/TriPathStacked_256_small_intestineE80/best_TriPath.ckpt
[epoch 33] train_loss=0.0596 val_loss=0.2832 mIoU=0.7301 mDice~=0.8197 MASD=10.3612 NSD=0.7011
[epoch 34] train_loss=0.0567 val_loss=0.2631 mIoU=0.7362 mDice~=0.8261 MASD=8.8598 NSD=0.7096
[epoch 35] train_loss=0.0566 val_loss=0.2587 mIoU=0.7412 mDice~=0.8289 MASD=9.3140 NSD=0.7091
[epoch 36] train_loss=0.0584 val_loss=0.2976 mIoU=0.7270 mDice~=0.8147 MASD=9.7549 NSD=0.7072
[epoch 37] train_loss=0.0559 val_loss=0.3093 mIoU=0.7182 mDice~=0.8077 MASD=10.2761 NSD=0.6926
[epoch 38] train_loss=0.0519 val_loss=0.3266 mIoU=0.7041 mDice~=0.7912 MASD=10.5179 NSD=0.6860
[epoch 39] train_loss=0.0556 val_loss=0.2754 mIoU=0.7433 mDice~=0.8319 MASD=9.2438 NSD=0.7103
[epoch 40] train_loss=0.0491 val_loss=0.3000 mIoU=0.7201 mDice~=0.8095 MASD=10.3885 NSD=0.6968
[epoch 41] train_loss=0.0483 val_loss=0.2375 mIoU=0.7746 mDice~=0.8583 MASD=7.0143 NSD=0.7443
** New best mIoU: 0.7746. Saved to /home/rmosad/surgical-video-segmentation-/experiments/set3TriPathStacked/TriPathStacked_256_small_intestineE80/best_TriPath.ckpt
[epoch 42] train_loss=0.0469 val_loss=0.2919 mIoU=0.7337 mDice~=0.8196 MASD=9.4658 NSD=0.7141
[epoch 43] train_loss=0.0469 val_loss=0.3527 mIoU=0.6971 mDice~=0.7858 MASD=11.6422 NSD=0.6801
[epoch 44] train_loss=0.0455 val_loss=0.2801 mIoU=0.7479 mDice~=0.8353 MASD=9.3878 NSD=0.7212
[epoch 45] train_loss=0.0439 val_loss=0.3300 mIoU=0.7286 mDice~=0.8134 MASD=9.9260 NSD=0.7098
[epoch 46] train_loss=0.0426 val_loss=0.3131 mIoU=0.7304 mDice~=0.8163 MASD=10.1949 NSD=0.7131
[epoch 47] train_loss=0.0427 val_loss=0.2774 mIoU=0.7551 mDice~=0.8395 MASD=8.4057 NSD=0.7305
[epoch 48] train_loss=0.0413 val_loss=0.3063 mIoU=0.7416 mDice~=0.8279 MASD=9.1356 NSD=0.7199
[epoch 49] train_loss=0.0416 val_loss=0.2896 mIoU=0.7485 mDice~=0.8337 MASD=9.1590 NSD=0.7213
[epoch 50] train_loss=0.0400 val_loss=0.3307 mIoU=0.7242 mDice~=0.8094 MASD=9.7293 NSD=0.7121
[epoch 51] train_loss=0.0381 val_loss=0.3170 mIoU=0.7346 mDice~=0.8216 MASD=8.6993 NSD=0.7132
[epoch 52] train_loss=0.0385 val_loss=0.3280 mIoU=0.7287 mDice~=0.8190 MASD=9.6116 NSD=0.7102
[epoch 53] train_loss=0.0390 val_loss=0.3076 mIoU=0.7479 mDice~=0.8366 MASD=9.1158 NSD=0.7234
[epoch 54] train_loss=0.0380 val_loss=0.3085 mIoU=0.7368 mDice~=0.8242 MASD=8.4760 NSD=0.7176
[epoch 55] train_loss=0.0364 val_loss=0.3220 mIoU=0.7369 mDice~=0.8242 MASD=8.8448 NSD=0.7146
[epoch 56] train_loss=0.0359 val_loss=0.3066 mIoU=0.7448 mDice~=0.8314 MASD=8.5636 NSD=0.7200
[epoch 57] train_loss=0.0350 val_loss=0.3078 mIoU=0.7454 mDice~=0.8308 MASD=8.8944 NSD=0.7182
[epoch 58] train_loss=0.0347 val_loss=0.3149 mIoU=0.7419 mDice~=0.8267 MASD=9.6365 NSD=0.7171
[epoch 59] train_loss=0.0344 val_loss=0.3223 mIoU=0.7389 mDice~=0.8232 MASD=9.0244 NSD=0.7189
[epoch 60] train_loss=0.0343 val_loss=0.3077 mIoU=0.7481 mDice~=0.8337 MASD=8.7783 NSD=0.7203
[epoch 61] train_loss=0.0337 val_loss=0.3272 mIoU=0.7382 mDice~=0.8242 MASD=9.0616 NSD=0.7144
[epoch 62] train_loss=0.0332 val_loss=0.3250 mIoU=0.7374 mDice~=0.8230 MASD=9.3471 NSD=0.7147
[epoch 63] train_loss=0.0331 val_loss=0.3115 mIoU=0.7445 mDice~=0.8310 MASD=9.0225 NSD=0.7163
[epoch 64] train_loss=0.0329 val_loss=0.3051 mIoU=0.7486 mDice~=0.8346 MASD=8.6810 NSD=0.7203
[epoch 65] train_loss=0.0324 val_loss=0.3214 mIoU=0.7395 mDice~=0.8254 MASD=8.7249 NSD=0.7124
[epoch 66] train_loss=0.0321 val_loss=0.3209 mIoU=0.7393 mDice~=0.8250 MASD=9.6785 NSD=0.7128
[epoch 67] train_loss=0.0319 val_loss=0.3264 mIoU=0.7373 mDice~=0.8237 MASD=9.2049 NSD=0.7117
[epoch 68] train_loss=0.0321 val_loss=0.3237 mIoU=0.7396 mDice~=0.8261 MASD=9.1718 NSD=0.7151
[epoch 69] train_loss=0.0317 val_loss=0.3227 mIoU=0.7384 mDice~=0.8256 MASD=9.2221 NSD=0.7128
[epoch 70] train_loss=0.0313 val_loss=0.3200 mIoU=0.7443 mDice~=0.8310 MASD=8.6702 NSD=0.7159
[epoch 71] train_loss=0.0310 val_loss=0.3166 mIoU=0.7438 mDice~=0.8308 MASD=9.3148 NSD=0.7160
[epoch 72] train_loss=0.0313 val_loss=0.3383 mIoU=0.7325 mDice~=0.8199 MASD=9.0436 NSD=0.7091
[epoch 73] train_loss=0.0310 val_loss=0.3405 mIoU=0.7319 mDice~=0.8180 MASD=9.2269 NSD=0.7080
[epoch 74] train_loss=0.0313 val_loss=0.3270 mIoU=0.7404 mDice~=0.8275 MASD=9.8812 NSD=0.7113
[epoch 75] train_loss=0.0309 val_loss=0.3378 mIoU=0.7326 mDice~=0.8192 MASD=8.8276 NSD=0.7096
[epoch 76] train_loss=0.0310 val_loss=0.3280 mIoU=0.7392 mDice~=0.8256 MASD=9.6897 NSD=0.7143
[epoch 77] train_loss=0.0307 val_loss=0.3283 mIoU=0.7408 mDice~=0.8276 MASD=9.7176 NSD=0.7133
[epoch 78] train_loss=0.0306 val_loss=0.3211 mIoU=0.7419 mDice~=0.8288 MASD=8.7884 NSD=0.7126
[epoch 79] train_loss=0.0311 val_loss=0.3303 mIoU=0.7394 mDice~=0.8258 MASD=9.0880 NSD=0.7139
[epoch 80] train_loss=0.0307 val_loss=0.3254 mIoU=0.7414 mDice~=0.8278 MASD=9.1069 NSD=0.7152
Training done. Best mIoU=0.7746. Best ckpt: /home/rmosad/surgical-video-segmentation-/experiments/set3TriPathStacked/TriPathStacked_256_small_intestineE80/best_TriPath.ckpt
Logs saved to /home/rmosad/surgical-video-segmentation-/experiments/set3TriPathStacked/TriPathStacked_256_small_intestineE80/20260302-154013
