Organ: intestinal_veins
Host: gpuhuang
Python: /home/idavis3/miniconda3/envs/svs/bin/python
GPU:
Mon Mar 16 14:41:47 2026       
+-----------------------------------------------------------------------------------------+
| NVIDIA-SMI 580.82.07              Driver Version: 580.82.07      CUDA Version: 13.0     |
+-----------------------------------------+------------------------+----------------------+
| GPU  Name                 Persistence-M | Bus-Id          Disp.A | Volatile Uncorr. ECC |
| Fan  Temp   Perf          Pwr:Usage/Cap |           Memory-Usage | GPU-Util  Compute M. |
|                                         |                        |               MIG M. |
|=========================================+========================+======================|
|   0  NVIDIA L40S                    On  |   00000000:0B:00.0 Off |                    0 |
| N/A   28C    P8             33W /  350W |       0MiB /  46068MiB |      0%      Default |
|                                         |                        |                  N/A |
+-----------------------------------------+------------------------+----------------------+

+-----------------------------------------------------------------------------------------+
| Processes:                                                                              |
|  GPU   GI   CI              PID   Type   Process name                        GPU Memory |
|        ID   ID                                                               Usage      |
|=========================================================================================|
|  No running processes found                                                             |
+-----------------------------------------------------------------------------------------+
mmcv + TriPathUNetStacked import OK
Model params: 24.99M
[epoch 1] train_loss=0.7715 val_loss=0.6676 mIoU=0.0868 mDice~=0.1375 MASD=39.8575 NSD=0.0934
** New best mIoU: 0.0868. Saved to /home/idavis3/surgical-video-segmentation-/experiments/set3TriPathStacked/TriPathStacked_256_intestinal_veinsE80/best_TriPath.ckpt
[epoch 2] train_loss=0.6307 val_loss=0.5835 mIoU=0.2863 mDice~=0.3911 MASD=29.4663 NSD=0.3090
** New best mIoU: 0.2863. Saved to /home/idavis3/surgical-video-segmentation-/experiments/set3TriPathStacked/TriPathStacked_256_intestinal_veinsE80/best_TriPath.ckpt
[epoch 3] train_loss=0.5604 val_loss=0.5459 mIoU=0.2877 mDice~=0.4033 MASD=34.2245 NSD=0.2975
** New best mIoU: 0.2877. Saved to /home/idavis3/surgical-video-segmentation-/experiments/set3TriPathStacked/TriPathStacked_256_intestinal_veinsE80/best_TriPath.ckpt
[epoch 4] train_loss=0.5054 val_loss=0.5080 mIoU=0.3081 mDice~=0.4231 MASD=27.7213 NSD=0.3559
** New best mIoU: 0.3081. Saved to /home/idavis3/surgical-video-segmentation-/experiments/set3TriPathStacked/TriPathStacked_256_intestinal_veinsE80/best_TriPath.ckpt
[epoch 5] train_loss=0.4558 val_loss=0.4678 mIoU=0.3383 mDice~=0.4594 MASD=29.9592 NSD=0.3665
** New best mIoU: 0.3383. Saved to /home/idavis3/surgical-video-segmentation-/experiments/set3TriPathStacked/TriPathStacked_256_intestinal_veinsE80/best_TriPath.ckpt
[epoch 6] train_loss=0.4121 val_loss=0.4461 mIoU=0.3192 mDice~=0.4245 MASD=25.4799 NSD=0.3539
[epoch 7] train_loss=0.3662 val_loss=0.4050 mIoU=0.3824 mDice~=0.4962 MASD=17.6558 NSD=0.4396
** New best mIoU: 0.3824. Saved to /home/idavis3/surgical-video-segmentation-/experiments/set3TriPathStacked/TriPathStacked_256_intestinal_veinsE80/best_TriPath.ckpt
[epoch 8] train_loss=0.3174 val_loss=0.4024 mIoU=0.3359 mDice~=0.4425 MASD=21.6923 NSD=0.3884
[epoch 9] train_loss=0.2808 val_loss=0.3735 mIoU=0.3534 mDice~=0.4561 MASD=24.9815 NSD=0.4066
[epoch 10] train_loss=0.2490 val_loss=0.3752 mIoU=0.3286 mDice~=0.4282 MASD=19.7343 NSD=0.3814
[epoch 11] train_loss=0.2121 val_loss=0.3264 mIoU=0.3917 mDice~=0.5024 MASD=17.4087 NSD=0.4658
** New best mIoU: 0.3917. Saved to /home/idavis3/surgical-video-segmentation-/experiments/set3TriPathStacked/TriPathStacked_256_intestinal_veinsE80/best_TriPath.ckpt
[epoch 12] train_loss=0.1971 val_loss=0.3511 mIoU=0.3334 mDice~=0.4327 MASD=20.8519 NSD=0.4023
[epoch 13] train_loss=0.1776 val_loss=0.3487 mIoU=0.3359 mDice~=0.4274 MASD=29.1446 NSD=0.3930
[epoch 14] train_loss=0.1629 val_loss=0.3102 mIoU=0.3799 mDice~=0.4833 MASD=18.9856 NSD=0.4515
[epoch 15] train_loss=0.1503 val_loss=0.3268 mIoU=0.3551 mDice~=0.4544 MASD=17.5656 NSD=0.4219
[epoch 16] train_loss=0.1411 val_loss=0.3069 mIoU=0.3788 mDice~=0.4840 MASD=18.1200 NSD=0.4518
[epoch 17] train_loss=0.1372 val_loss=0.3054 mIoU=0.3795 mDice~=0.4789 MASD=15.2833 NSD=0.4526
[epoch 18] train_loss=0.1308 val_loss=0.3190 mIoU=0.3558 mDice~=0.4544 MASD=15.7776 NSD=0.4184
[epoch 19] train_loss=0.1214 val_loss=0.3668 mIoU=0.2884 mDice~=0.3850 MASD=15.2857 NSD=0.3653
[epoch 20] train_loss=0.1158 val_loss=0.3577 mIoU=0.3002 mDice~=0.3857 MASD=16.9109 NSD=0.3515
[epoch 21] train_loss=0.1155 val_loss=0.3025 mIoU=0.3799 mDice~=0.4871 MASD=21.4552 NSD=0.4592
[epoch 22] train_loss=0.1060 val_loss=0.3001 mIoU=0.3813 mDice~=0.4840 MASD=16.5643 NSD=0.4724
[epoch 23] train_loss=0.1053 val_loss=0.3694 mIoU=0.2837 mDice~=0.3642 MASD=18.2133 NSD=0.3425
[epoch 24] train_loss=0.0993 val_loss=0.2995 mIoU=0.3792 mDice~=0.4757 MASD=16.8937 NSD=0.4557
[epoch 25] train_loss=0.0984 val_loss=0.3285 mIoU=0.3368 mDice~=0.4256 MASD=21.0136 NSD=0.4076
[epoch 26] train_loss=0.0974 val_loss=0.3087 mIoU=0.3689 mDice~=0.4624 MASD=22.3502 NSD=0.4441
[epoch 27] train_loss=0.0898 val_loss=0.2875 mIoU=0.3985 mDice~=0.4971 MASD=15.3975 NSD=0.4824
** New best mIoU: 0.3985. Saved to /home/idavis3/surgical-video-segmentation-/experiments/set3TriPathStacked/TriPathStacked_256_intestinal_veinsE80/best_TriPath.ckpt
[epoch 28] train_loss=0.0903 val_loss=0.2963 mIoU=0.3856 mDice~=0.4848 MASD=13.4143 NSD=0.4714
[epoch 29] train_loss=0.0874 val_loss=0.3274 mIoU=0.3381 mDice~=0.4248 MASD=12.3783 NSD=0.4061
[epoch 30] train_loss=0.0864 val_loss=0.3268 mIoU=0.3463 mDice~=0.4389 MASD=18.6872 NSD=0.4220
[epoch 31] train_loss=0.0864 val_loss=0.3021 mIoU=0.3808 mDice~=0.4813 MASD=13.0776 NSD=0.4667
[epoch 32] train_loss=0.0816 val_loss=0.3133 mIoU=0.3558 mDice~=0.4478 MASD=16.3681 NSD=0.4293
[epoch 33] train_loss=0.0774 val_loss=0.3161 mIoU=0.3610 mDice~=0.4495 MASD=14.3885 NSD=0.4332
[epoch 34] train_loss=0.0773 val_loss=0.2955 mIoU=0.3858 mDice~=0.4850 MASD=17.7990 NSD=0.4613
[epoch 35] train_loss=0.0759 val_loss=0.3526 mIoU=0.3126 mDice~=0.3962 MASD=21.0205 NSD=0.3860
[epoch 36] train_loss=0.0728 val_loss=0.3171 mIoU=0.3600 mDice~=0.4575 MASD=14.6580 NSD=0.4420
[epoch 37] train_loss=0.0740 val_loss=0.2905 mIoU=0.3985 mDice~=0.4980 MASD=16.0622 NSD=0.4781
[epoch 38] train_loss=0.0708 val_loss=0.3534 mIoU=0.3187 mDice~=0.4101 MASD=14.1901 NSD=0.4013
[epoch 39] train_loss=0.0683 val_loss=0.2807 mIoU=0.4126 mDice~=0.5183 MASD=15.5295 NSD=0.4974
** New best mIoU: 0.4126. Saved to /home/idavis3/surgical-video-segmentation-/experiments/set3TriPathStacked/TriPathStacked_256_intestinal_veinsE80/best_TriPath.ckpt
[epoch 40] train_loss=0.0665 val_loss=0.3334 mIoU=0.3387 mDice~=0.4293 MASD=14.6013 NSD=0.4118
[epoch 41] train_loss=0.0647 val_loss=0.3233 mIoU=0.3512 mDice~=0.4474 MASD=16.2640 NSD=0.4302
[epoch 42] train_loss=0.0632 val_loss=0.3136 mIoU=0.3698 mDice~=0.4622 MASD=14.7179 NSD=0.4449
[epoch 43] train_loss=0.0620 val_loss=0.3472 mIoU=0.3256 mDice~=0.4174 MASD=17.1387 NSD=0.4034
[epoch 44] train_loss=0.0608 val_loss=0.3255 mIoU=0.3548 mDice~=0.4453 MASD=17.8276 NSD=0.4283
[epoch 45] train_loss=0.0596 val_loss=0.3123 mIoU=0.3678 mDice~=0.4652 MASD=15.5324 NSD=0.4462
[epoch 46] train_loss=0.0594 val_loss=0.3192 mIoU=0.3616 mDice~=0.4548 MASD=18.3883 NSD=0.4314
[epoch 47] train_loss=0.0566 val_loss=0.2968 mIoU=0.3953 mDice~=0.4931 MASD=16.7980 NSD=0.4755
[epoch 48] train_loss=0.0558 val_loss=0.2957 mIoU=0.3971 mDice~=0.4982 MASD=15.3531 NSD=0.4788
[epoch 49] train_loss=0.0546 val_loss=0.3127 mIoU=0.3771 mDice~=0.4708 MASD=14.9776 NSD=0.4488
[epoch 50] train_loss=0.0536 val_loss=0.3191 mIoU=0.3611 mDice~=0.4587 MASD=14.7851 NSD=0.4411
[epoch 51] train_loss=0.0512 val_loss=0.3116 mIoU=0.3728 mDice~=0.4694 MASD=17.8639 NSD=0.4491
[epoch 52] train_loss=0.0507 val_loss=0.3312 mIoU=0.3497 mDice~=0.4444 MASD=16.1577 NSD=0.4261
[epoch 53] train_loss=0.0504 val_loss=0.3152 mIoU=0.3662 mDice~=0.4636 MASD=15.3118 NSD=0.4408
[epoch 54] train_loss=0.0496 val_loss=0.3098 mIoU=0.3800 mDice~=0.4758 MASD=16.1915 NSD=0.4563
[epoch 55] train_loss=0.0494 val_loss=0.3122 mIoU=0.3783 mDice~=0.4747 MASD=15.4396 NSD=0.4551
[epoch 56] train_loss=0.0479 val_loss=0.3038 mIoU=0.3863 mDice~=0.4879 MASD=13.4633 NSD=0.4690
[epoch 57] train_loss=0.0466 val_loss=0.3193 mIoU=0.3670 mDice~=0.4621 MASD=14.9915 NSD=0.4426
[epoch 58] train_loss=0.0457 val_loss=0.3306 mIoU=0.3525 mDice~=0.4470 MASD=15.7098 NSD=0.4264
[epoch 59] train_loss=0.0440 val_loss=0.3321 mIoU=0.3454 mDice~=0.4411 MASD=15.3458 NSD=0.4248
[epoch 60] train_loss=0.0435 val_loss=0.3282 mIoU=0.3552 mDice~=0.4550 MASD=14.1093 NSD=0.4371
[epoch 61] train_loss=0.0432 val_loss=0.3086 mIoU=0.3810 mDice~=0.4834 MASD=14.1710 NSD=0.4658
[epoch 62] train_loss=0.0426 val_loss=0.3309 mIoU=0.3505 mDice~=0.4480 MASD=14.6906 NSD=0.4285
[epoch 63] train_loss=0.0411 val_loss=0.3371 mIoU=0.3417 mDice~=0.4376 MASD=15.4553 NSD=0.4173
[epoch 64] train_loss=0.0416 val_loss=0.3341 mIoU=0.3459 mDice~=0.4441 MASD=15.7319 NSD=0.4248
[epoch 65] train_loss=0.0410 val_loss=0.3313 mIoU=0.3512 mDice~=0.4475 MASD=15.5734 NSD=0.4251
[epoch 66] train_loss=0.0400 val_loss=0.3383 mIoU=0.3425 mDice~=0.4370 MASD=16.8046 NSD=0.4136
[epoch 67] train_loss=0.0399 val_loss=0.3361 mIoU=0.3473 mDice~=0.4436 MASD=14.3128 NSD=0.4227
[epoch 68] train_loss=0.0389 val_loss=0.3323 mIoU=0.3519 mDice~=0.4494 MASD=15.9091 NSD=0.4281
[epoch 69] train_loss=0.0384 val_loss=0.3314 mIoU=0.3544 mDice~=0.4521 MASD=15.0334 NSD=0.4293
[epoch 70] train_loss=0.0387 val_loss=0.3238 mIoU=0.3649 mDice~=0.4649 MASD=13.6274 NSD=0.4438
[epoch 71] train_loss=0.0384 val_loss=0.3299 mIoU=0.3565 mDice~=0.4551 MASD=14.8386 NSD=0.4332
[epoch 72] train_loss=0.0383 val_loss=0.3318 mIoU=0.3549 mDice~=0.4520 MASD=15.3436 NSD=0.4313
[epoch 73] train_loss=0.0372 val_loss=0.3216 mIoU=0.3691 mDice~=0.4684 MASD=14.3302 NSD=0.4452
[epoch 74] train_loss=0.0378 val_loss=0.3295 mIoU=0.3564 mDice~=0.4549 MASD=15.2398 NSD=0.4319
[epoch 75] train_loss=0.0371 val_loss=0.3255 mIoU=0.3634 mDice~=0.4628 MASD=15.1637 NSD=0.4376
[epoch 76] train_loss=0.0366 val_loss=0.3265 mIoU=0.3630 mDice~=0.4618 MASD=15.9371 NSD=0.4377
[epoch 77] train_loss=0.0377 val_loss=0.3229 mIoU=0.3669 mDice~=0.4676 MASD=14.8460 NSD=0.4451
[epoch 78] train_loss=0.0373 val_loss=0.3326 mIoU=0.3537 mDice~=0.4509 MASD=14.2645 NSD=0.4287
[epoch 79] train_loss=0.0370 val_loss=0.3338 mIoU=0.3534 mDice~=0.4506 MASD=14.3736 NSD=0.4296
[epoch 80] train_loss=0.0374 val_loss=0.3309 mIoU=0.3552 mDice~=0.4547 MASD=15.4685 NSD=0.4304
Training done. Best mIoU=0.4126. Best ckpt: /home/idavis3/surgical-video-segmentation-/experiments/set3TriPathStacked/TriPathStacked_256_intestinal_veinsE80/best_TriPath.ckpt
Logs saved to /home/idavis3/surgical-video-segmentation-/experiments/set3TriPathStacked/TriPathStacked_256_intestinal_veinsE80/20260316-144152
