Organ: stomach
Host: gpu02
Python: /home/idavis3/miniconda3/envs/svs/bin/python
GPU:
Mon Mar 16 15:52:02 2026       
+-----------------------------------------------------------------------------------------+
| NVIDIA-SMI 580.82.07              Driver Version: 580.82.07      CUDA Version: 13.0     |
+-----------------------------------------+------------------------+----------------------+
| GPU  Name                 Persistence-M | Bus-Id          Disp.A | Volatile Uncorr. ECC |
| Fan  Temp   Perf          Pwr:Usage/Cap |           Memory-Usage | GPU-Util  Compute M. |
|                                         |                        |               MIG M. |
|=========================================+========================+======================|
|   0  NVIDIA L40S                    On  |   00000000:61:00.0 Off |                    0 |
| N/A   33C    P8             33W /  350W |       0MiB /  46068MiB |      0%      Default |
|                                         |                        |                  N/A |
+-----------------------------------------+------------------------+----------------------+

+-----------------------------------------------------------------------------------------+
| Processes:                                                                              |
|  GPU   GI   CI              PID   Type   Process name                        GPU Memory |
|        ID   ID                                                               Usage      |
|=========================================================================================|
|  No running processes found                                                             |
+-----------------------------------------------------------------------------------------+
mmcv + TriPathUNetStacked import OK
Model params: 24.99M
[epoch 1] train_loss=0.7447 val_loss=0.6195 mIoU=0.3168 mDice~=0.4340 MASD=33.2161 NSD=0.2164
** New best mIoU: 0.3168. Saved to /home/idavis3/surgical-video-segmentation-/experiments/set3TriPathStacked/TriPathStacked_256_stomachE80/best_TriPath.ckpt
[epoch 2] train_loss=0.5801 val_loss=0.5326 mIoU=0.3676 mDice~=0.4828 MASD=24.2696 NSD=0.2797
** New best mIoU: 0.3676. Saved to /home/idavis3/surgical-video-segmentation-/experiments/set3TriPathStacked/TriPathStacked_256_stomachE80/best_TriPath.ckpt
[epoch 3] train_loss=0.4973 val_loss=0.4891 mIoU=0.3909 mDice~=0.5152 MASD=26.4893 NSD=0.2689
** New best mIoU: 0.3909. Saved to /home/idavis3/surgical-video-segmentation-/experiments/set3TriPathStacked/TriPathStacked_256_stomachE80/best_TriPath.ckpt
[epoch 4] train_loss=0.4188 val_loss=0.4556 mIoU=0.3773 mDice~=0.4817 MASD=24.7129 NSD=0.2941
[epoch 5] train_loss=0.3690 val_loss=0.4210 mIoU=0.3819 mDice~=0.5012 MASD=25.6508 NSD=0.2852
[epoch 6] train_loss=0.3190 val_loss=0.4468 mIoU=0.3470 mDice~=0.4530 MASD=21.7779 NSD=0.3139
[epoch 7] train_loss=0.2787 val_loss=0.3537 mIoU=0.4472 mDice~=0.5561 MASD=20.9051 NSD=0.3634
** New best mIoU: 0.4472. Saved to /home/idavis3/surgical-video-segmentation-/experiments/set3TriPathStacked/TriPathStacked_256_stomachE80/best_TriPath.ckpt
[epoch 8] train_loss=0.2510 val_loss=0.3777 mIoU=0.4034 mDice~=0.4980 MASD=18.8737 NSD=0.3516
[epoch 9] train_loss=0.2202 val_loss=0.3300 mIoU=0.4644 mDice~=0.5780 MASD=19.9752 NSD=0.4048
** New best mIoU: 0.4644. Saved to /home/idavis3/surgical-video-segmentation-/experiments/set3TriPathStacked/TriPathStacked_256_stomachE80/best_TriPath.ckpt
[epoch 10] train_loss=0.2019 val_loss=0.4120 mIoU=0.3659 mDice~=0.4568 MASD=20.6574 NSD=0.3363
[epoch 11] train_loss=0.1776 val_loss=0.4122 mIoU=0.3857 mDice~=0.4771 MASD=24.3628 NSD=0.3597
[epoch 12] train_loss=0.1699 val_loss=0.3706 mIoU=0.4235 mDice~=0.5210 MASD=16.9073 NSD=0.3903
[epoch 13] train_loss=0.1555 val_loss=0.3609 mIoU=0.4363 mDice~=0.5408 MASD=21.3954 NSD=0.3993
[epoch 14] train_loss=0.1437 val_loss=0.3632 mIoU=0.4411 mDice~=0.5374 MASD=21.1211 NSD=0.4025
[epoch 15] train_loss=0.1372 val_loss=0.3529 mIoU=0.4660 mDice~=0.5680 MASD=21.8658 NSD=0.4330
** New best mIoU: 0.4660. Saved to /home/idavis3/surgical-video-segmentation-/experiments/set3TriPathStacked/TriPathStacked_256_stomachE80/best_TriPath.ckpt
[epoch 16] train_loss=0.1395 val_loss=0.3669 mIoU=0.4337 mDice~=0.5190 MASD=17.4016 NSD=0.4010
[epoch 17] train_loss=0.1178 val_loss=0.3435 mIoU=0.4669 mDice~=0.5652 MASD=17.5308 NSD=0.4369
** New best mIoU: 0.4669. Saved to /home/idavis3/surgical-video-segmentation-/experiments/set3TriPathStacked/TriPathStacked_256_stomachE80/best_TriPath.ckpt
[epoch 18] train_loss=0.1178 val_loss=0.3597 mIoU=0.4438 mDice~=0.5418 MASD=16.6967 NSD=0.4286
[epoch 19] train_loss=0.1111 val_loss=0.3253 mIoU=0.4791 mDice~=0.5739 MASD=16.7435 NSD=0.4611
** New best mIoU: 0.4791. Saved to /home/idavis3/surgical-video-segmentation-/experiments/set3TriPathStacked/TriPathStacked_256_stomachE80/best_TriPath.ckpt
[epoch 20] train_loss=0.1085 val_loss=0.4001 mIoU=0.4224 mDice~=0.4998 MASD=22.1403 NSD=0.4112
[epoch 21] train_loss=0.1008 val_loss=0.2887 mIoU=0.5264 mDice~=0.6228 MASD=15.7768 NSD=0.4911
** New best mIoU: 0.5264. Saved to /home/idavis3/surgical-video-segmentation-/experiments/set3TriPathStacked/TriPathStacked_256_stomachE80/best_TriPath.ckpt
[epoch 22] train_loss=0.0949 val_loss=0.2876 mIoU=0.5411 mDice~=0.6376 MASD=14.6281 NSD=0.5080
** New best mIoU: 0.5411. Saved to /home/idavis3/surgical-video-segmentation-/experiments/set3TriPathStacked/TriPathStacked_256_stomachE80/best_TriPath.ckpt
[epoch 23] train_loss=0.0895 val_loss=0.3390 mIoU=0.4846 mDice~=0.5870 MASD=18.2708 NSD=0.4607
[epoch 24] train_loss=0.0821 val_loss=0.3455 mIoU=0.4808 mDice~=0.5722 MASD=20.2202 NSD=0.4581
[epoch 25] train_loss=0.0826 val_loss=0.3281 mIoU=0.5068 mDice~=0.6014 MASD=17.8593 NSD=0.4918
[epoch 26] train_loss=0.0843 val_loss=0.3226 mIoU=0.5126 mDice~=0.6065 MASD=19.5102 NSD=0.4869
[epoch 27] train_loss=0.0723 val_loss=0.3403 mIoU=0.4994 mDice~=0.5895 MASD=17.1228 NSD=0.4802
[epoch 28] train_loss=0.0712 val_loss=0.3064 mIoU=0.5238 mDice~=0.6196 MASD=16.0578 NSD=0.4999
[epoch 29] train_loss=0.0668 val_loss=0.2998 mIoU=0.5318 mDice~=0.6325 MASD=15.9517 NSD=0.5046
[epoch 30] train_loss=0.0651 val_loss=0.2895 mIoU=0.5491 mDice~=0.6461 MASD=16.8234 NSD=0.5217
** New best mIoU: 0.5491. Saved to /home/idavis3/surgical-video-segmentation-/experiments/set3TriPathStacked/TriPathStacked_256_stomachE80/best_TriPath.ckpt
[epoch 31] train_loss=0.0644 val_loss=0.3173 mIoU=0.5121 mDice~=0.6118 MASD=16.9614 NSD=0.4848
[epoch 32] train_loss=0.0673 val_loss=0.3449 mIoU=0.5096 mDice~=0.6133 MASD=18.8151 NSD=0.4906
[epoch 33] train_loss=0.0647 val_loss=0.3243 mIoU=0.5201 mDice~=0.6131 MASD=16.1802 NSD=0.4974
[epoch 34] train_loss=0.0586 val_loss=0.3020 mIoU=0.5407 mDice~=0.6383 MASD=15.2858 NSD=0.5164
[epoch 35] train_loss=0.0594 val_loss=0.3037 mIoU=0.5450 mDice~=0.6390 MASD=15.0326 NSD=0.5179
[epoch 36] train_loss=0.0554 val_loss=0.3494 mIoU=0.5041 mDice~=0.5928 MASD=16.6623 NSD=0.4802
[epoch 37] train_loss=0.0544 val_loss=0.3433 mIoU=0.5146 mDice~=0.6061 MASD=17.4605 NSD=0.4922
[epoch 38] train_loss=0.0507 val_loss=0.3573 mIoU=0.5043 mDice~=0.5981 MASD=20.0911 NSD=0.4859
[epoch 39] train_loss=0.0535 val_loss=0.3115 mIoU=0.5358 mDice~=0.6285 MASD=16.0493 NSD=0.5139
[epoch 40] train_loss=0.0483 val_loss=0.3638 mIoU=0.4965 mDice~=0.5835 MASD=17.7596 NSD=0.4853
[epoch 41] train_loss=0.0485 val_loss=0.3383 mIoU=0.5192 mDice~=0.6091 MASD=17.5908 NSD=0.5079
[epoch 42] train_loss=0.0492 val_loss=0.3193 mIoU=0.5362 mDice~=0.6273 MASD=16.3769 NSD=0.5140
[epoch 43] train_loss=0.0474 val_loss=0.3375 mIoU=0.5225 mDice~=0.6154 MASD=17.4576 NSD=0.5105
[epoch 44] train_loss=0.0443 val_loss=0.3288 mIoU=0.5291 mDice~=0.6249 MASD=17.4733 NSD=0.5154
[epoch 45] train_loss=0.0426 val_loss=0.3498 mIoU=0.5235 mDice~=0.6114 MASD=18.6027 NSD=0.5121
[epoch 46] train_loss=0.0411 val_loss=0.3716 mIoU=0.5042 mDice~=0.5911 MASD=18.7669 NSD=0.4901
[epoch 47] train_loss=0.0405 val_loss=0.3246 mIoU=0.5480 mDice~=0.6437 MASD=16.9895 NSD=0.5323
[epoch 48] train_loss=0.0384 val_loss=0.3308 mIoU=0.5384 mDice~=0.6292 MASD=18.0362 NSD=0.5270
[epoch 49] train_loss=0.0376 val_loss=0.3177 mIoU=0.5501 mDice~=0.6380 MASD=13.9792 NSD=0.5357
** New best mIoU: 0.5501. Saved to /home/idavis3/surgical-video-segmentation-/experiments/set3TriPathStacked/TriPathStacked_256_stomachE80/best_TriPath.ckpt
[epoch 50] train_loss=0.0368 val_loss=0.3267 mIoU=0.5387 mDice~=0.6258 MASD=14.3939 NSD=0.5222
[epoch 51] train_loss=0.0361 val_loss=0.3266 mIoU=0.5487 mDice~=0.6377 MASD=16.4367 NSD=0.5314
[epoch 52] train_loss=0.0378 val_loss=0.3233 mIoU=0.5414 mDice~=0.6285 MASD=14.1902 NSD=0.5219
[epoch 53] train_loss=0.0345 val_loss=0.3210 mIoU=0.5462 mDice~=0.6346 MASD=15.4968 NSD=0.5311
[epoch 54] train_loss=0.0342 val_loss=0.3597 mIoU=0.5233 mDice~=0.6081 MASD=18.2157 NSD=0.5048
[epoch 55] train_loss=0.0333 val_loss=0.3253 mIoU=0.5536 mDice~=0.6452 MASD=16.4531 NSD=0.5369
** New best mIoU: 0.5536. Saved to /home/idavis3/surgical-video-segmentation-/experiments/set3TriPathStacked/TriPathStacked_256_stomachE80/best_TriPath.ckpt
[epoch 56] train_loss=0.0336 val_loss=0.3289 mIoU=0.5513 mDice~=0.6429 MASD=16.3372 NSD=0.5362
[epoch 57] train_loss=0.0343 val_loss=0.3513 mIoU=0.5327 mDice~=0.6206 MASD=17.3767 NSD=0.5155
[epoch 58] train_loss=0.0322 val_loss=0.3270 mIoU=0.5474 mDice~=0.6386 MASD=16.1900 NSD=0.5331
[epoch 59] train_loss=0.0316 val_loss=0.3353 mIoU=0.5478 mDice~=0.6380 MASD=14.2973 NSD=0.5352
[epoch 60] train_loss=0.0310 val_loss=0.3100 mIoU=0.5611 mDice~=0.6501 MASD=14.5285 NSD=0.5413
** New best mIoU: 0.5611. Saved to /home/idavis3/surgical-video-segmentation-/experiments/set3TriPathStacked/TriPathStacked_256_stomachE80/best_TriPath.ckpt
[epoch 61] train_loss=0.0303 val_loss=0.2980 mIoU=0.5739 mDice~=0.6663 MASD=13.8403 NSD=0.5495
** New best mIoU: 0.5739. Saved to /home/idavis3/surgical-video-segmentation-/experiments/set3TriPathStacked/TriPathStacked_256_stomachE80/best_TriPath.ckpt
[epoch 62] train_loss=0.0300 val_loss=0.3234 mIoU=0.5512 mDice~=0.6410 MASD=14.7341 NSD=0.5321
[epoch 63] train_loss=0.0295 val_loss=0.3272 mIoU=0.5501 mDice~=0.6398 MASD=16.3201 NSD=0.5325
[epoch 64] train_loss=0.0292 val_loss=0.3323 mIoU=0.5495 mDice~=0.6390 MASD=15.6045 NSD=0.5313
[epoch 65] train_loss=0.0291 val_loss=0.3217 mIoU=0.5535 mDice~=0.6442 MASD=14.7308 NSD=0.5346
[epoch 66] train_loss=0.0288 val_loss=0.3222 mIoU=0.5557 mDice~=0.6463 MASD=15.2621 NSD=0.5361
[epoch 67] train_loss=0.0284 val_loss=0.3257 mIoU=0.5533 mDice~=0.6428 MASD=15.5391 NSD=0.5341
[epoch 68] train_loss=0.0277 val_loss=0.3264 mIoU=0.5534 mDice~=0.6462 MASD=15.9750 NSD=0.5355
[epoch 69] train_loss=0.0281 val_loss=0.3243 mIoU=0.5576 mDice~=0.6472 MASD=15.2265 NSD=0.5412
[epoch 70] train_loss=0.0282 val_loss=0.3290 mIoU=0.5496 mDice~=0.6377 MASD=16.3558 NSD=0.5280
[epoch 71] train_loss=0.0276 val_loss=0.3257 mIoU=0.5551 mDice~=0.6440 MASD=15.2611 NSD=0.5355
[epoch 72] train_loss=0.0273 val_loss=0.3280 mIoU=0.5539 mDice~=0.6450 MASD=16.8479 NSD=0.5359
[epoch 73] train_loss=0.0268 val_loss=0.3320 mIoU=0.5504 mDice~=0.6409 MASD=15.9854 NSD=0.5321
[epoch 74] train_loss=0.0277 val_loss=0.3284 mIoU=0.5555 mDice~=0.6458 MASD=15.9031 NSD=0.5375
[epoch 75] train_loss=0.0271 val_loss=0.3268 mIoU=0.5557 mDice~=0.6450 MASD=15.1342 NSD=0.5361
[epoch 76] train_loss=0.0268 val_loss=0.3320 mIoU=0.5498 mDice~=0.6389 MASD=15.9673 NSD=0.5322
[epoch 77] train_loss=0.0267 val_loss=0.3318 mIoU=0.5504 mDice~=0.6390 MASD=15.4795 NSD=0.5317
[epoch 78] train_loss=0.0269 val_loss=0.3282 mIoU=0.5532 mDice~=0.6430 MASD=16.1039 NSD=0.5320
[epoch 79] train_loss=0.0263 val_loss=0.3246 mIoU=0.5555 mDice~=0.6460 MASD=16.7355 NSD=0.5361
[epoch 80] train_loss=0.0265 val_loss=0.3258 mIoU=0.5568 mDice~=0.6483 MASD=16.0267 NSD=0.5395
Training done. Best mIoU=0.5739. Best ckpt: /home/idavis3/surgical-video-segmentation-/experiments/set3TriPathStacked/TriPathStacked_256_stomachE80/best_TriPath.ckpt
Logs saved to /home/idavis3/surgical-video-segmentation-/experiments/set3TriPathStacked/TriPathStacked_256_stomachE80/20260316-155206
