Organ: stomach
Host: gpu03
Python: /home/idavis3/miniconda3/envs/svs/bin/python
GPU:
Mon Apr 27 23:10:47 2026       
+-----------------------------------------------------------------------------------------+
| NVIDIA-SMI 580.82.07              Driver Version: 580.82.07      CUDA Version: 13.0     |
+-----------------------------------------+------------------------+----------------------+
| GPU  Name                 Persistence-M | Bus-Id          Disp.A | Volatile Uncorr. ECC |
| Fan  Temp   Perf          Pwr:Usage/Cap |           Memory-Usage | GPU-Util  Compute M. |
|                                         |                        |               MIG M. |
|=========================================+========================+======================|
|   0  NVIDIA L40S                    On  |   00000000:61:00.0 Off |                    0 |
| N/A   27C    P8             33W /  350W |       0MiB /  46068MiB |      0%      Default |
|                                         |                        |                  N/A |
+-----------------------------------------+------------------------+----------------------+

+-----------------------------------------------------------------------------------------+
| Processes:                                                                              |
|  GPU   GI   CI              PID   Type   Process name                        GPU Memory |
|        ID   ID                                                               Usage      |
|=========================================================================================|
|  No running processes found                                                             |
+-----------------------------------------------------------------------------------------+
ViTSolo import OK
Model params: 33.82M
[epoch 1] train_loss=0.9249 val_loss=0.7726 mIoU=0.3455 mDice~=0.4661 MASD=35.9763 NSD=0.1820
** New best mIoU: 0.3455. Saved to /home/idavis3/surgical-video-segmentation-/experiments/set3ViTSolo/ViTSolo_256_stomachE80/best_QuadPath.ckpt
[epoch 2] train_loss=0.6736 val_loss=0.6294 mIoU=0.4121 mDice~=0.5319 MASD=24.1763 NSD=0.2943
** New best mIoU: 0.4121. Saved to /home/idavis3/surgical-video-segmentation-/experiments/set3ViTSolo/ViTSolo_256_stomachE80/best_QuadPath.ckpt
[epoch 3] train_loss=0.5451 val_loss=0.5223 mIoU=0.4881 mDice~=0.5928 MASD=16.5109 NSD=0.3715
** New best mIoU: 0.4881. Saved to /home/idavis3/surgical-video-segmentation-/experiments/set3ViTSolo/ViTSolo_256_stomachE80/best_QuadPath.ckpt
[epoch 4] train_loss=0.4297 val_loss=0.4942 mIoU=0.4501 mDice~=0.5474 MASD=20.5983 NSD=0.3876
[epoch 5] train_loss=0.3424 val_loss=0.4046 mIoU=0.5141 mDice~=0.6188 MASD=18.2874 NSD=0.4379
** New best mIoU: 0.5141. Saved to /home/idavis3/surgical-video-segmentation-/experiments/set3ViTSolo/ViTSolo_256_stomachE80/best_QuadPath.ckpt
[epoch 6] train_loss=0.2671 val_loss=0.4075 mIoU=0.4731 mDice~=0.5629 MASD=18.5824 NSD=0.4208
[epoch 7] train_loss=0.2211 val_loss=0.3482 mIoU=0.5347 mDice~=0.6350 MASD=17.4737 NSD=0.4978
** New best mIoU: 0.5347. Saved to /home/idavis3/surgical-video-segmentation-/experiments/set3ViTSolo/ViTSolo_256_stomachE80/best_QuadPath.ckpt
[epoch 8] train_loss=0.1785 val_loss=0.3364 mIoU=0.5287 mDice~=0.6245 MASD=16.9158 NSD=0.4910
[epoch 9] train_loss=0.1461 val_loss=0.3241 mIoU=0.5430 mDice~=0.6383 MASD=17.9087 NSD=0.5211
** New best mIoU: 0.5430. Saved to /home/idavis3/surgical-video-segmentation-/experiments/set3ViTSolo/ViTSolo_256_stomachE80/best_QuadPath.ckpt
[epoch 10] train_loss=0.1299 val_loss=0.3085 mIoU=0.5601 mDice~=0.6528 MASD=14.5199 NSD=0.5300
** New best mIoU: 0.5601. Saved to /home/idavis3/surgical-video-segmentation-/experiments/set3ViTSolo/ViTSolo_256_stomachE80/best_QuadPath.ckpt
[epoch 11] train_loss=0.1068 val_loss=0.2747 mIoU=0.5876 mDice~=0.6807 MASD=13.0081 NSD=0.5617
** New best mIoU: 0.5876. Saved to /home/idavis3/surgical-video-segmentation-/experiments/set3ViTSolo/ViTSolo_256_stomachE80/best_QuadPath.ckpt
[epoch 12] train_loss=0.0986 val_loss=0.2812 mIoU=0.5753 mDice~=0.6686 MASD=13.0432 NSD=0.5539
[epoch 13] train_loss=0.0900 val_loss=0.2963 mIoU=0.5535 mDice~=0.6426 MASD=12.1878 NSD=0.5165
[epoch 14] train_loss=0.0801 val_loss=0.2978 mIoU=0.5638 mDice~=0.6545 MASD=14.0563 NSD=0.5476
[epoch 15] train_loss=0.0812 val_loss=0.3400 mIoU=0.5152 mDice~=0.5993 MASD=18.8903 NSD=0.5022
[epoch 16] train_loss=0.0715 val_loss=0.2749 mIoU=0.5963 mDice~=0.6832 MASD=13.3069 NSD=0.5808
** New best mIoU: 0.5963. Saved to /home/idavis3/surgical-video-segmentation-/experiments/set3ViTSolo/ViTSolo_256_stomachE80/best_QuadPath.ckpt
[epoch 17] train_loss=0.0689 val_loss=0.2927 mIoU=0.5782 mDice~=0.6593 MASD=13.6922 NSD=0.5659
[epoch 18] train_loss=0.0618 val_loss=0.2766 mIoU=0.5968 mDice~=0.6869 MASD=12.9756 NSD=0.5892
** New best mIoU: 0.5968. Saved to /home/idavis3/surgical-video-segmentation-/experiments/set3ViTSolo/ViTSolo_256_stomachE80/best_QuadPath.ckpt
[epoch 19] train_loss=0.0598 val_loss=0.2473 mIoU=0.6195 mDice~=0.7065 MASD=12.7223 NSD=0.6012
** New best mIoU: 0.6195. Saved to /home/idavis3/surgical-video-segmentation-/experiments/set3ViTSolo/ViTSolo_256_stomachE80/best_QuadPath.ckpt
[epoch 20] train_loss=0.0558 val_loss=0.3067 mIoU=0.5726 mDice~=0.6507 MASD=15.5694 NSD=0.5683
[epoch 21] train_loss=0.0592 val_loss=0.3146 mIoU=0.5674 mDice~=0.6491 MASD=14.3673 NSD=0.5594
[epoch 22] train_loss=0.0536 val_loss=0.2520 mIoU=0.6292 mDice~=0.7172 MASD=12.7502 NSD=0.6146
** New best mIoU: 0.6292. Saved to /home/idavis3/surgical-video-segmentation-/experiments/set3ViTSolo/ViTSolo_256_stomachE80/best_QuadPath.ckpt
[epoch 23] train_loss=0.0521 val_loss=0.2744 mIoU=0.6013 mDice~=0.6904 MASD=13.8623 NSD=0.5844
[epoch 24] train_loss=0.0525 val_loss=0.2992 mIoU=0.5679 mDice~=0.6521 MASD=13.0316 NSD=0.5511
[epoch 25] train_loss=0.0496 val_loss=0.2395 mIoU=0.6351 mDice~=0.7218 MASD=11.3132 NSD=0.6165
** New best mIoU: 0.6351. Saved to /home/idavis3/surgical-video-segmentation-/experiments/set3ViTSolo/ViTSolo_256_stomachE80/best_QuadPath.ckpt
[epoch 26] train_loss=0.0566 val_loss=0.2699 mIoU=0.6175 mDice~=0.7042 MASD=13.6159 NSD=0.6032
[epoch 27] train_loss=0.0447 val_loss=0.2696 mIoU=0.6174 mDice~=0.7046 MASD=11.9828 NSD=0.6019
[epoch 28] train_loss=0.0424 val_loss=0.2556 mIoU=0.6260 mDice~=0.7130 MASD=12.5632 NSD=0.6113
[epoch 29] train_loss=0.0399 val_loss=0.2596 mIoU=0.6250 mDice~=0.7096 MASD=12.7998 NSD=0.6082
[epoch 30] train_loss=0.0439 val_loss=0.3026 mIoU=0.5791 mDice~=0.6604 MASD=15.5170 NSD=0.5774
[epoch 31] train_loss=0.0448 val_loss=0.2773 mIoU=0.5964 mDice~=0.6832 MASD=14.3291 NSD=0.5873
[epoch 32] train_loss=0.0381 val_loss=0.2986 mIoU=0.5949 mDice~=0.6806 MASD=14.4728 NSD=0.5877
[epoch 33] train_loss=0.0374 val_loss=0.2800 mIoU=0.6134 mDice~=0.6945 MASD=13.5097 NSD=0.6015
[epoch 34] train_loss=0.0361 val_loss=0.2935 mIoU=0.6025 mDice~=0.6816 MASD=12.2852 NSD=0.5906
[epoch 35] train_loss=0.0373 val_loss=0.3113 mIoU=0.5805 mDice~=0.6638 MASD=15.7405 NSD=0.5681
[epoch 36] train_loss=0.0363 val_loss=0.2808 mIoU=0.6175 mDice~=0.7010 MASD=13.2790 NSD=0.6016
[epoch 37] train_loss=0.0362 val_loss=0.2463 mIoU=0.6317 mDice~=0.7172 MASD=11.6012 NSD=0.6107
[epoch 38] train_loss=0.0380 val_loss=0.2838 mIoU=0.5988 mDice~=0.6795 MASD=15.5014 NSD=0.5863
[epoch 39] train_loss=0.0344 val_loss=0.2865 mIoU=0.5952 mDice~=0.6756 MASD=10.9509 NSD=0.5786
[epoch 40] train_loss=0.0317 val_loss=0.2373 mIoU=0.6394 mDice~=0.7258 MASD=10.5555 NSD=0.6218
** New best mIoU: 0.6394. Saved to /home/idavis3/surgical-video-segmentation-/experiments/set3ViTSolo/ViTSolo_256_stomachE80/best_QuadPath.ckpt
[epoch 41] train_loss=0.0300 val_loss=0.2603 mIoU=0.6290 mDice~=0.7134 MASD=11.5758 NSD=0.6132
[epoch 42] train_loss=0.0297 val_loss=0.3011 mIoU=0.6015 mDice~=0.6848 MASD=12.1306 NSD=0.5908
[epoch 43] train_loss=0.0284 val_loss=0.2655 mIoU=0.6341 mDice~=0.7173 MASD=10.9737 NSD=0.6242
[epoch 44] train_loss=0.0290 val_loss=0.2848 mIoU=0.6271 mDice~=0.7119 MASD=12.8169 NSD=0.6163
[epoch 45] train_loss=0.0277 val_loss=0.2756 mIoU=0.6244 mDice~=0.7060 MASD=12.2056 NSD=0.6099
[epoch 46] train_loss=0.0269 val_loss=0.2942 mIoU=0.6113 mDice~=0.6907 MASD=11.4057 NSD=0.5976
[epoch 47] train_loss=0.0261 val_loss=0.2845 mIoU=0.6130 mDice~=0.6972 MASD=12.7407 NSD=0.6044
[epoch 48] train_loss=0.0261 val_loss=0.2777 mIoU=0.6232 mDice~=0.7064 MASD=13.7703 NSD=0.6125
[epoch 49] train_loss=0.0254 val_loss=0.2806 mIoU=0.6105 mDice~=0.6927 MASD=12.5295 NSD=0.5946
[epoch 50] train_loss=0.0249 val_loss=0.2964 mIoU=0.6051 mDice~=0.6916 MASD=13.2618 NSD=0.5922
[epoch 51] train_loss=0.0249 val_loss=0.2640 mIoU=0.6357 mDice~=0.7197 MASD=11.1934 NSD=0.6143
[epoch 52] train_loss=0.0240 val_loss=0.3021 mIoU=0.6106 mDice~=0.6930 MASD=12.6652 NSD=0.6003
[epoch 53] train_loss=0.0244 val_loss=0.2622 mIoU=0.6422 mDice~=0.7255 MASD=11.4556 NSD=0.6271
** New best mIoU: 0.6422. Saved to /home/idavis3/surgical-video-segmentation-/experiments/set3ViTSolo/ViTSolo_256_stomachE80/best_QuadPath.ckpt
[epoch 54] train_loss=0.0232 val_loss=0.2633 mIoU=0.6441 mDice~=0.7281 MASD=12.0365 NSD=0.6256
** New best mIoU: 0.6441. Saved to /home/idavis3/surgical-video-segmentation-/experiments/set3ViTSolo/ViTSolo_256_stomachE80/best_QuadPath.ckpt
[epoch 55] train_loss=0.0224 val_loss=0.2753 mIoU=0.6319 mDice~=0.7142 MASD=11.9317 NSD=0.6136
[epoch 56] train_loss=0.0219 val_loss=0.2618 mIoU=0.6460 mDice~=0.7316 MASD=11.9671 NSD=0.6252
** New best mIoU: 0.6460. Saved to /home/idavis3/surgical-video-segmentation-/experiments/set3ViTSolo/ViTSolo_256_stomachE80/best_QuadPath.ckpt
[epoch 57] train_loss=0.0222 val_loss=0.2658 mIoU=0.6425 mDice~=0.7278 MASD=11.2232 NSD=0.6197
[epoch 58] train_loss=0.0214 val_loss=0.3017 mIoU=0.6097 mDice~=0.6915 MASD=12.5189 NSD=0.5984
[epoch 59] train_loss=0.0218 val_loss=0.3180 mIoU=0.6010 mDice~=0.6820 MASD=13.3980 NSD=0.5909
[epoch 60] train_loss=0.0206 val_loss=0.3374 mIoU=0.5935 mDice~=0.6719 MASD=14.2184 NSD=0.5879
[epoch 61] train_loss=0.0200 val_loss=0.3197 mIoU=0.6031 mDice~=0.6831 MASD=14.2665 NSD=0.5943
[epoch 62] train_loss=0.0202 val_loss=0.2890 mIoU=0.6258 mDice~=0.7103 MASD=12.3675 NSD=0.6130
[epoch 63] train_loss=0.0197 val_loss=0.2919 mIoU=0.6237 mDice~=0.7077 MASD=12.7461 NSD=0.6061
[epoch 64] train_loss=0.0199 val_loss=0.2744 mIoU=0.6379 mDice~=0.7217 MASD=11.7764 NSD=0.6203
[epoch 65] train_loss=0.0193 val_loss=0.2811 mIoU=0.6351 mDice~=0.7192 MASD=11.7344 NSD=0.6187
[epoch 66] train_loss=0.0189 val_loss=0.2852 mIoU=0.6337 mDice~=0.7178 MASD=12.4043 NSD=0.6180
[epoch 67] train_loss=0.0191 val_loss=0.2738 mIoU=0.6400 mDice~=0.7244 MASD=11.4950 NSD=0.6232
[epoch 68] train_loss=0.0193 val_loss=0.2727 mIoU=0.6434 mDice~=0.7272 MASD=11.7102 NSD=0.6248
[epoch 69] train_loss=0.0190 val_loss=0.2789 mIoU=0.6354 mDice~=0.7210 MASD=12.3827 NSD=0.6148
[epoch 70] train_loss=0.0184 val_loss=0.2742 mIoU=0.6410 mDice~=0.7253 MASD=11.9365 NSD=0.6204
[epoch 71] train_loss=0.0188 val_loss=0.2764 mIoU=0.6390 mDice~=0.7235 MASD=11.9936 NSD=0.6215
[epoch 72] train_loss=0.0190 val_loss=0.2805 mIoU=0.6376 mDice~=0.7227 MASD=12.2899 NSD=0.6194
[epoch 73] train_loss=0.0182 val_loss=0.2793 mIoU=0.6379 mDice~=0.7222 MASD=12.0949 NSD=0.6193
[epoch 74] train_loss=0.0185 val_loss=0.2784 mIoU=0.6366 mDice~=0.7208 MASD=12.1867 NSD=0.6181
[epoch 75] train_loss=0.0178 val_loss=0.2791 mIoU=0.6371 mDice~=0.7218 MASD=12.6052 NSD=0.6176
[epoch 76] train_loss=0.0178 val_loss=0.2782 mIoU=0.6372 mDice~=0.7214 MASD=12.5195 NSD=0.6191
[epoch 77] train_loss=0.0180 val_loss=0.2802 mIoU=0.6365 mDice~=0.7208 MASD=12.2723 NSD=0.6180
[epoch 78] train_loss=0.0187 val_loss=0.2813 mIoU=0.6377 mDice~=0.7221 MASD=12.3033 NSD=0.6186
[epoch 79] train_loss=0.0184 val_loss=0.2805 mIoU=0.6368 mDice~=0.7212 MASD=12.2890 NSD=0.6184
[epoch 80] train_loss=0.0181 val_loss=0.2826 mIoU=0.6331 mDice~=0.7173 MASD=12.2782 NSD=0.6154
Training done. Best mIoU=0.6460. Best ckpt: /home/idavis3/surgical-video-segmentation-/experiments/set3ViTSolo/ViTSolo_256_stomachE80/best_QuadPath.ckpt
Logs saved to /home/idavis3/surgical-video-segmentation-/experiments/set3ViTSolo/ViTSolo_256_stomachE80/20260427-231050
