Organ: vesicular_glands
Host: gpu02
Python: /home/idavis3/miniconda3/envs/svs/bin/python
GPU:
Mon Apr 27 23:14:17 2026       
+-----------------------------------------------------------------------------------------+
| NVIDIA-SMI 580.82.07              Driver Version: 580.82.07      CUDA Version: 13.0     |
+-----------------------------------------+------------------------+----------------------+
| GPU  Name                 Persistence-M | Bus-Id          Disp.A | Volatile Uncorr. ECC |
| Fan  Temp   Perf          Pwr:Usage/Cap |           Memory-Usage | GPU-Util  Compute M. |
|                                         |                        |               MIG M. |
|=========================================+========================+======================|
|   0  NVIDIA L40S                    On  |   00000000:E1:00.0 Off |                    0 |
| N/A   41C    P8             36W /  350W |       0MiB /  46068MiB |      0%      Default |
|                                         |                        |                  N/A |
+-----------------------------------------+------------------------+----------------------+

+-----------------------------------------------------------------------------------------+
| Processes:                                                                              |
|  GPU   GI   CI              PID   Type   Process name                        GPU Memory |
|        ID   ID                                                               Usage      |
|=========================================================================================|
|  No running processes found                                                             |
+-----------------------------------------------------------------------------------------+
ViTSolo import OK
Model params: 33.82M
[epoch 1] train_loss=0.9483 val_loss=0.8130 mIoU=0.2126 mDice~=0.3109 MASD=34.5581 NSD=0.1414
** New best mIoU: 0.2126. Saved to /home/idavis3/surgical-video-segmentation-/experiments/set3ViTSolo/ViTSolo_256_vesicular_glandsE80/best_QuadPath.ckpt
[epoch 2] train_loss=0.7402 val_loss=0.6953 mIoU=0.3017 mDice~=0.4216 MASD=25.1305 NSD=0.2095
** New best mIoU: 0.3017. Saved to /home/idavis3/surgical-video-segmentation-/experiments/set3ViTSolo/ViTSolo_256_vesicular_glandsE80/best_QuadPath.ckpt
[epoch 3] train_loss=0.6527 val_loss=0.6382 mIoU=0.2855 mDice~=0.4101 MASD=38.1891 NSD=0.1743
[epoch 4] train_loss=0.5599 val_loss=0.6104 mIoU=0.2021 mDice~=0.2809 MASD=26.0428 NSD=0.1961
[epoch 5] train_loss=0.4922 val_loss=0.5440 mIoU=0.3223 mDice~=0.4417 MASD=20.9262 NSD=0.2452
** New best mIoU: 0.3223. Saved to /home/idavis3/surgical-video-segmentation-/experiments/set3ViTSolo/ViTSolo_256_vesicular_glandsE80/best_QuadPath.ckpt
[epoch 6] train_loss=0.4307 val_loss=0.5018 mIoU=0.3399 mDice~=0.4559 MASD=20.6366 NSD=0.2924
** New best mIoU: 0.3399. Saved to /home/idavis3/surgical-video-segmentation-/experiments/set3ViTSolo/ViTSolo_256_vesicular_glandsE80/best_QuadPath.ckpt
[epoch 7] train_loss=0.3796 val_loss=0.4571 mIoU=0.3529 mDice~=0.4766 MASD=20.2449 NSD=0.2895
** New best mIoU: 0.3529. Saved to /home/idavis3/surgical-video-segmentation-/experiments/set3ViTSolo/ViTSolo_256_vesicular_glandsE80/best_QuadPath.ckpt
[epoch 8] train_loss=0.3288 val_loss=0.4455 mIoU=0.3410 mDice~=0.4538 MASD=20.8143 NSD=0.3206
[epoch 9] train_loss=0.2879 val_loss=0.4219 mIoU=0.3595 mDice~=0.4746 MASD=20.2418 NSD=0.3315
** New best mIoU: 0.3595. Saved to /home/idavis3/surgical-video-segmentation-/experiments/set3ViTSolo/ViTSolo_256_vesicular_glandsE80/best_QuadPath.ckpt
[epoch 10] train_loss=0.2529 val_loss=0.4102 mIoU=0.3431 mDice~=0.4536 MASD=19.7429 NSD=0.3352
[epoch 11] train_loss=0.2188 val_loss=0.3973 mIoU=0.3605 mDice~=0.4740 MASD=21.0519 NSD=0.3595
** New best mIoU: 0.3605. Saved to /home/idavis3/surgical-video-segmentation-/experiments/set3ViTSolo/ViTSolo_256_vesicular_glandsE80/best_QuadPath.ckpt
[epoch 12] train_loss=0.1967 val_loss=0.4193 mIoU=0.3117 mDice~=0.4130 MASD=22.5451 NSD=0.3087
[epoch 13] train_loss=0.1727 val_loss=0.3899 mIoU=0.3547 mDice~=0.4628 MASD=17.4911 NSD=0.3422
[epoch 14] train_loss=0.1536 val_loss=0.3783 mIoU=0.3570 mDice~=0.4624 MASD=19.2843 NSD=0.3609
[epoch 15] train_loss=0.1406 val_loss=0.3862 mIoU=0.3522 mDice~=0.4626 MASD=20.7970 NSD=0.3566
[epoch 16] train_loss=0.1353 val_loss=0.3756 mIoU=0.3609 mDice~=0.4747 MASD=18.8267 NSD=0.3685
** New best mIoU: 0.3609. Saved to /home/idavis3/surgical-video-segmentation-/experiments/set3ViTSolo/ViTSolo_256_vesicular_glandsE80/best_QuadPath.ckpt
[epoch 17] train_loss=0.1226 val_loss=0.3952 mIoU=0.3428 mDice~=0.4468 MASD=20.1715 NSD=0.3485
[epoch 18] train_loss=0.1160 val_loss=0.4046 mIoU=0.3309 mDice~=0.4372 MASD=16.9661 NSD=0.3534
[epoch 19] train_loss=0.1086 val_loss=0.3567 mIoU=0.3833 mDice~=0.4994 MASD=18.2152 NSD=0.3784
** New best mIoU: 0.3833. Saved to /home/idavis3/surgical-video-segmentation-/experiments/set3ViTSolo/ViTSolo_256_vesicular_glandsE80/best_QuadPath.ckpt
[epoch 20] train_loss=0.1013 val_loss=0.3665 mIoU=0.3836 mDice~=0.5009 MASD=17.4458 NSD=0.3886
** New best mIoU: 0.3836. Saved to /home/idavis3/surgical-video-segmentation-/experiments/set3ViTSolo/ViTSolo_256_vesicular_glandsE80/best_QuadPath.ckpt
[epoch 21] train_loss=0.1011 val_loss=0.3856 mIoU=0.3575 mDice~=0.4681 MASD=19.4076 NSD=0.3669
[epoch 22] train_loss=0.0959 val_loss=0.3743 mIoU=0.3667 mDice~=0.4755 MASD=19.2229 NSD=0.3682
[epoch 23] train_loss=0.0894 val_loss=0.3793 mIoU=0.3626 mDice~=0.4703 MASD=17.6998 NSD=0.3660
[epoch 24] train_loss=0.0898 val_loss=0.3735 mIoU=0.3706 mDice~=0.4790 MASD=19.8592 NSD=0.3791
[epoch 25] train_loss=0.0864 val_loss=0.4014 mIoU=0.3378 mDice~=0.4405 MASD=19.9566 NSD=0.3571
[epoch 26] train_loss=0.0808 val_loss=0.4094 mIoU=0.3347 mDice~=0.4398 MASD=21.1354 NSD=0.3586
[epoch 27] train_loss=0.0778 val_loss=0.3830 mIoU=0.3636 mDice~=0.4734 MASD=20.3414 NSD=0.3733
[epoch 28] train_loss=0.0772 val_loss=0.3858 mIoU=0.3544 mDice~=0.4624 MASD=20.0806 NSD=0.3650
[epoch 29] train_loss=0.0771 val_loss=0.3816 mIoU=0.3586 mDice~=0.4657 MASD=19.2973 NSD=0.3666
[epoch 30] train_loss=0.0707 val_loss=0.3883 mIoU=0.3573 mDice~=0.4649 MASD=19.0612 NSD=0.3807
[epoch 31] train_loss=0.0700 val_loss=0.4102 mIoU=0.3314 mDice~=0.4352 MASD=23.6518 NSD=0.3498
[epoch 32] train_loss=0.0705 val_loss=0.4191 mIoU=0.3169 mDice~=0.4128 MASD=21.4750 NSD=0.3408
[epoch 33] train_loss=0.0654 val_loss=0.4046 mIoU=0.3409 mDice~=0.4453 MASD=19.3119 NSD=0.3549
[epoch 34] train_loss=0.0667 val_loss=0.4279 mIoU=0.3179 mDice~=0.4185 MASD=20.9746 NSD=0.3361
[epoch 35] train_loss=0.0646 val_loss=0.4164 mIoU=0.3354 mDice~=0.4427 MASD=22.2285 NSD=0.3505
[epoch 36] train_loss=0.0592 val_loss=0.3775 mIoU=0.3719 mDice~=0.4851 MASD=19.4340 NSD=0.3857
[epoch 37] train_loss=0.0610 val_loss=0.4010 mIoU=0.3453 mDice~=0.4510 MASD=20.6146 NSD=0.3598
[epoch 38] train_loss=0.0582 val_loss=0.4094 mIoU=0.3458 mDice~=0.4523 MASD=21.0091 NSD=0.3646
[epoch 39] train_loss=0.0579 val_loss=0.3947 mIoU=0.3669 mDice~=0.4801 MASD=19.9696 NSD=0.3882
[epoch 40] train_loss=0.0564 val_loss=0.4225 mIoU=0.3393 mDice~=0.4422 MASD=19.3097 NSD=0.3592
[epoch 41] train_loss=0.0547 val_loss=0.3952 mIoU=0.3649 mDice~=0.4754 MASD=19.3171 NSD=0.3804
[epoch 42] train_loss=0.0536 val_loss=0.4105 mIoU=0.3547 mDice~=0.4606 MASD=21.4885 NSD=0.3681
[epoch 43] train_loss=0.0516 val_loss=0.4020 mIoU=0.3561 mDice~=0.4665 MASD=18.5681 NSD=0.3706
[epoch 44] train_loss=0.0513 val_loss=0.4298 mIoU=0.3293 mDice~=0.4337 MASD=21.0163 NSD=0.3543
[epoch 45] train_loss=0.0524 val_loss=0.4150 mIoU=0.3440 mDice~=0.4486 MASD=19.4745 NSD=0.3576
[epoch 46] train_loss=0.0505 val_loss=0.4151 mIoU=0.3490 mDice~=0.4529 MASD=20.4027 NSD=0.3709
[epoch 47] train_loss=0.0484 val_loss=0.3900 mIoU=0.3723 mDice~=0.4866 MASD=17.7712 NSD=0.3928
[epoch 48] train_loss=0.0466 val_loss=0.4066 mIoU=0.3596 mDice~=0.4705 MASD=18.4841 NSD=0.3797
[epoch 49] train_loss=0.0455 val_loss=0.4030 mIoU=0.3650 mDice~=0.4754 MASD=19.2601 NSD=0.3835
[epoch 50] train_loss=0.0435 val_loss=0.4063 mIoU=0.3586 mDice~=0.4672 MASD=20.0108 NSD=0.3765
[epoch 51] train_loss=0.0422 val_loss=0.4081 mIoU=0.3602 mDice~=0.4709 MASD=18.6235 NSD=0.3836
[epoch 52] train_loss=0.0415 val_loss=0.4085 mIoU=0.3634 mDice~=0.4737 MASD=19.2860 NSD=0.3818
[epoch 53] train_loss=0.0423 val_loss=0.4196 mIoU=0.3498 mDice~=0.4563 MASD=20.1333 NSD=0.3670
[epoch 54] train_loss=0.0399 val_loss=0.4062 mIoU=0.3618 mDice~=0.4717 MASD=18.3742 NSD=0.3755
[epoch 55] train_loss=0.0403 val_loss=0.4141 mIoU=0.3576 mDice~=0.4675 MASD=17.8974 NSD=0.3789
[epoch 56] train_loss=0.0398 val_loss=0.4132 mIoU=0.3482 mDice~=0.4531 MASD=18.4731 NSD=0.3669
[epoch 57] train_loss=0.0385 val_loss=0.4289 mIoU=0.3408 mDice~=0.4475 MASD=19.0590 NSD=0.3634
[epoch 58] train_loss=0.0379 val_loss=0.4244 mIoU=0.3465 mDice~=0.4528 MASD=18.3707 NSD=0.3743
[epoch 59] train_loss=0.0371 val_loss=0.4165 mIoU=0.3556 mDice~=0.4665 MASD=17.6830 NSD=0.3748
[epoch 60] train_loss=0.0363 val_loss=0.4230 mIoU=0.3506 mDice~=0.4595 MASD=18.2466 NSD=0.3730
[epoch 61] train_loss=0.0358 val_loss=0.4153 mIoU=0.3583 mDice~=0.4693 MASD=19.4176 NSD=0.3774
[epoch 62] train_loss=0.0372 val_loss=0.4160 mIoU=0.3580 mDice~=0.4695 MASD=19.1689 NSD=0.3771
[epoch 63] train_loss=0.0345 val_loss=0.4215 mIoU=0.3533 mDice~=0.4625 MASD=18.7947 NSD=0.3703
[epoch 64] train_loss=0.0352 val_loss=0.4207 mIoU=0.3542 mDice~=0.4628 MASD=17.7282 NSD=0.3737
[epoch 65] train_loss=0.0351 val_loss=0.4246 mIoU=0.3469 mDice~=0.4559 MASD=17.9094 NSD=0.3673
[epoch 66] train_loss=0.0337 val_loss=0.4152 mIoU=0.3597 mDice~=0.4719 MASD=18.4790 NSD=0.3762
[epoch 67] train_loss=0.0330 val_loss=0.4211 mIoU=0.3542 mDice~=0.4636 MASD=18.1996 NSD=0.3700
[epoch 68] train_loss=0.0333 val_loss=0.4245 mIoU=0.3513 mDice~=0.4612 MASD=18.4698 NSD=0.3689
[epoch 69] train_loss=0.0331 val_loss=0.4176 mIoU=0.3596 mDice~=0.4707 MASD=18.1078 NSD=0.3767
[epoch 70] train_loss=0.0327 val_loss=0.4220 mIoU=0.3526 mDice~=0.4629 MASD=17.8435 NSD=0.3704
[epoch 71] train_loss=0.0325 val_loss=0.4245 mIoU=0.3494 mDice~=0.4587 MASD=18.1337 NSD=0.3674
[epoch 72] train_loss=0.0313 val_loss=0.4227 mIoU=0.3555 mDice~=0.4660 MASD=17.8788 NSD=0.3740
[epoch 73] train_loss=0.0322 val_loss=0.4242 mIoU=0.3483 mDice~=0.4578 MASD=18.5536 NSD=0.3661
[epoch 74] train_loss=0.0317 val_loss=0.4304 mIoU=0.3474 mDice~=0.4561 MASD=18.4357 NSD=0.3670
[epoch 75] train_loss=0.0326 val_loss=0.4183 mIoU=0.3543 mDice~=0.4648 MASD=18.0592 NSD=0.3726
[epoch 76] train_loss=0.0312 val_loss=0.4279 mIoU=0.3517 mDice~=0.4615 MASD=18.1695 NSD=0.3696
[epoch 77] train_loss=0.0315 val_loss=0.4238 mIoU=0.3542 mDice~=0.4649 MASD=18.1770 NSD=0.3741
[epoch 78] train_loss=0.0321 val_loss=0.4245 mIoU=0.3527 mDice~=0.4627 MASD=18.4857 NSD=0.3715
[epoch 79] train_loss=0.0322 val_loss=0.4230 mIoU=0.3517 mDice~=0.4619 MASD=17.9764 NSD=0.3694
[epoch 80] train_loss=0.0310 val_loss=0.4261 mIoU=0.3521 mDice~=0.4622 MASD=17.9105 NSD=0.3698
Training done. Best mIoU=0.3836. Best ckpt: /home/idavis3/surgical-video-segmentation-/experiments/set3ViTSolo/ViTSolo_256_vesicular_glandsE80/best_QuadPath.ckpt
Logs saved to /home/idavis3/surgical-video-segmentation-/experiments/set3ViTSolo/ViTSolo_256_vesicular_glandsE80/20260427-231421
